# JRE version: OpenJDK Runtime Environment (7.0_95) (build 1.7.0_95-b00)
# Java VM: OpenJDK 64-Bit Server VM (24.95-b01 mixed mode linux-amd64 compressed oops)
Heap
 PSYoungGen      total 300032K, used 184402K [0x00000000eaa80000, 0x00000000ffa80000, 0x0000000100000000)
  eden space 257024K, 71% used [0x00000000eaa80000,0x00000000f5e94ad0,0x00000000fa580000)
  from space 43008K, 0% used [0x00000000fd080000,0x00000000fd080000,0x00000000ffa80000)
  to   space 43520K, 0% used [0x00000000fa580000,0x00000000fa580000,0x00000000fd000000)
 ParOldGen       total 168960K, used 39819K [0x00000000c0000000, 0x00000000ca500000, 0x00000000eaa80000)
  object space 168960K, 23% used [0x00000000c0000000,0x00000000c26e2d58,0x00000000ca500000)
 PSPermGen       total 104448K, used 57107K [0x00000000b0000000, 0x00000000b6600000, 0x00000000c0000000)
  object space 104448K, 54% used [0x00000000b0000000,0x00000000b37c4d90,0x00000000b6600000)
GC Heap History (10 events):
Event: 6813,662 GC heap before
{Heap before GC invocations=25 (full 4):
 PSYoungGen      total 301568K, used 262745K [0x00000000eaa80000, 0x0000000100000000, 0x0000000100000000)
  eden space 251392K, 100% used [0x00000000eaa80000,0x00000000fa000000,0x00000000fa000000)
  from space 50176K, 22% used [0x00000000fcf00000,0x00000000fda165e0,0x0000000100000000)
  to   space 48128K, 0% used [0x00000000fa000000,0x00000000fa000000,0x00000000fcf00000)
 ParOldGen       total 168960K, used 109850K [0x00000000c0000000, 0x00000000ca500000, 0x00000000eaa80000)
  object space 168960K, 65% used [0x00000000c0000000,0x00000000c6b46aa8,0x00000000ca500000)
 PSPermGen       total 107008K, used 55784K [0x00000000b0000000, 0x00000000b6880000, 0x00000000c0000000)
  object space 107008K, 52% used [0x00000000b0000000,0x00000000b367a240,0x00000000b6880000)
Event: 6813,713 GC heap after
Heap after GC invocations=25 (full 4):
 PSYoungGen      total 257024K, used 5472K [0x00000000eaa80000, 0x00000000ffc00000, 0x0000000100000000)
  eden space 251392K, 0% used [0x00000000eaa80000,0x00000000eaa80000,0x00000000fa000000)
  from space 5632K, 97% used [0x00000000fa000000,0x00000000fa558000,0x00000000fa580000)
  to   space 47104K, 0% used [0x00000000fce00000,0x00000000fce00000,0x00000000ffc00000)
 ParOldGen       total 168960K, used 120588K [0x00000000c0000000, 0x00000000ca500000, 0x00000000eaa80000)
  object space 168960K, 71% used [0x00000000c0000000,0x00000000c75c3098,0x00000000ca500000)
 PSPermGen       total 107008K, used 55784K [0x00000000b0000000, 0x00000000b6880000, 0x00000000c0000000)
  object space 107008K, 52% used [0x00000000b0000000,0x00000000b367a240,0x00000000b6880000)
}
Event: 6813,955 GC heap before
{Heap before GC invocations=26 (full 4):
 PSYoungGen      total 257024K, used 256864K [0x00000000eaa80000, 0x00000000ffc00000, 0x0000000100000000)
  eden space 251392K, 100% used [0x00000000eaa80000,0x00000000fa000000,0x00000000fa000000)
  from space 5632K, 97% used [0x00000000fa000000,0x00000000fa558000,0x00000000fa580000)
  to   space 47104K, 0% used [0x00000000fce00000,0x00000000fce00000,0x00000000ffc00000)
 ParOldGen       total 168960K, used 120588K [0x00000000c0000000, 0x00000000ca500000, 0x00000000eaa80000)
  object space 168960K, 71% used [0x00000000c0000000,0x00000000c75c3098,0x00000000ca500000)
 PSPermGen       total 107008K, used 55791K [0x00000000b0000000, 0x00000000b6880000, 0x00000000c0000000)
  object space 107008K, 52% used [0x00000000b0000000,0x00000000b367bcb8,0x00000000b6880000)
Event: 6813,982 GC heap after
Heap after GC invocations=26 (full 4):
 PSYoungGen      total 300032K, used 6528K [0x00000000eaa80000, 0x0000000100000000, 0x0000000100000000)
  eden space 252928K, 0% used [0x00000000eaa80000,0x00000000eaa80000,0x00000000fa180000)
  from space 47104K, 13% used [0x00000000fce00000,0x00000000fd460000,0x00000000ffc00000)
  to   space 45568K, 0% used [0x00000000fa180000,0x00000000fa180000,0x00000000fce00000)
 ParOldGen       total 168960K, used 126068K [0x00000000c0000000, 0x00000000ca500000, 0x00000000eaa80000)
  object space 168960K, 74% used [0x00000000c0000000,0x00000000c7b1d098,0x00000000ca500000)
 PSPermGen       total 107008K, used 55791K [0x00000000b0000000, 0x00000000b6880000, 0x00000000c0000000)
  object space 107008K, 52% used [0x00000000b0000000,0x00000000b367bcb8,0x00000000b6880000)
}
Event: 6814,246 GC heap before
{Heap before GC invocations=27 (full 4):
 PSYoungGen      total 300032K, used 259456K [0x00000000eaa80000, 0x0000000100000000, 0x0000000100000000)
  eden space 252928K, 100% used [0x00000000eaa80000,0x00000000fa180000,0x00000000fa180000)
  from space 47104K, 13% used [0x00000000fce00000,0x00000000fd460000,0x00000000ffc00000)
  to   space 45568K, 0% used [0x00000000fa180000,0x00000000fa180000,0x00000000fce00000)
 ParOldGen       total 168960K, used 126068K [0x00000000c0000000, 0x00000000ca500000, 0x00000000eaa80000)
  object space 168960K, 74% used [0x00000000c0000000,0x00000000c7b1d098,0x00000000ca500000)
 PSPermGen       total 107008K, used 55793K [0x00000000b0000000, 0x00000000b6880000, 0x00000000c0000000)
  object space 107008K, 52% used [0x00000000b0000000,0x00000000b367c570,0x00000000b6880000)
Event: 6814,278 GC heap after
Heap after GC invocations=27 (full 4):
 PSYoungGen      total 298496K, used 6720K [0x00000000eaa80000, 0x00000000ffb80000, 0x0000000100000000)
  eden space 252928K, 0% used [0x00000000eaa80000,0x00000000eaa80000,0x00000000fa180000)
  from space 45568K, 14% used [0x00000000fa180000,0x00000000fa810000,0x00000000fce00000)
  to   space 44032K, 0% used [0x00000000fd080000,0x00000000fd080000,0x00000000ffb80000)
 ParOldGen       total 168960K, used 132604K [0x00000000c0000000, 0x00000000ca500000, 0x00000000eaa80000)
  object space 168960K, 78% used [0x00000000c0000000,0x00000000c817f098,0x00000000ca500000)
 PSPermGen       total 107008K, used 55793K [0x00000000b0000000, 0x00000000b6880000, 0x00000000c0000000)
  object space 107008K, 52% used [0x00000000b0000000,0x00000000b367c570,0x00000000b6880000)
}
Event: 6847,178 GC heap before
{Heap before GC invocations=28 (full 4):
 PSYoungGen      total 298496K, used 143859K [0x00000000eaa80000, 0x00000000ffb80000, 0x0000000100000000)
  eden space 252928K, 54% used [0x00000000eaa80000,0x00000000f306cde8,0x00000000fa180000)
  from space 45568K, 14% used [0x00000000fa180000,0x00000000fa810000,0x00000000fce00000)
  to   space 44032K, 0% used [0x00000000fd080000,0x00000000fd080000,0x00000000ffb80000)
 ParOldGen       total 168960K, used 132604K [0x00000000c0000000, 0x00000000ca500000, 0x00000000eaa80000)
  object space 168960K, 78% used [0x00000000c0000000,0x00000000c817f098,0x00000000ca500000)
 PSPermGen       total 107008K, used 56544K [0x00000000b0000000, 0x00000000b6880000, 0x00000000c0000000)
  object space 107008K, 52% used [0x00000000b0000000,0x00000000b37380b8,0x00000000b6880000)
Event: 6847,244 GC heap after
Heap after GC invocations=28 (full 4):
 PSYoungGen      total 300032K, used 1633K [0x00000000eaa80000, 0x00000000ffa80000, 0x0000000100000000)
  eden space 257024K, 0% used [0x00000000eaa80000,0x00000000eaa80000,0x00000000fa580000)
  from space 43008K, 3% used [0x00000000fd080000,0x00000000fd2187c0,0x00000000ffa80000)
  to   space 43520K, 0% used [0x00000000fa580000,0x00000000fa580000,0x00000000fd000000)
 ParOldGen       total 168960K, used 137028K [0x00000000c0000000, 0x00000000ca500000, 0x00000000eaa80000)
  object space 168960K, 81% used [0x00000000c0000000,0x00000000c85d1098,0x00000000ca500000)
 PSPermGen       total 107008K, used 56544K [0x00000000b0000000, 0x00000000b6880000, 0x00000000c0000000)
  object space 107008K, 52% used [0x00000000b0000000,0x00000000b37380b8,0x00000000b6880000)
}
Event: 6847,244 GC heap before
{Heap before GC invocations=29 (full 5):
 PSYoungGen      total 300032K, used 1633K [0x00000000eaa80000, 0x00000000ffa80000, 0x0000000100000000)
  eden space 257024K, 0% used [0x00000000eaa80000,0x00000000eaa80000,0x00000000fa580000)
  from space 43008K, 3% used [0x00000000fd080000,0x00000000fd2187c0,0x00000000ffa80000)
  to   space 43520K, 0% used [0x00000000fa580000,0x00000000fa580000,0x00000000fd000000)
 ParOldGen       total 168960K, used 137028K [0x00000000c0000000, 0x00000000ca500000, 0x00000000eaa80000)
  object space 168960K, 81% used [0x00000000c0000000,0x00000000c85d1098,0x00000000ca500000)
 PSPermGen       total 107008K, used 56544K [0x00000000b0000000, 0x00000000b6880000, 0x00000000c0000000)
  object space 107008K, 52% used [0x00000000b0000000,0x00000000b37380b8,0x00000000b6880000)
Event: 6847,838 GC heap after
Heap after GC invocations=29 (full 5):
 PSYoungGen      total 300032K, used 0K [0x00000000eaa80000, 0x00000000ffa80000, 0x0000000100000000)
  eden space 257024K, 0% used [0x00000000eaa80000,0x00000000eaa80000,0x00000000fa580000)
  from space 43008K, 0% used [0x00000000fd080000,0x00000000fd080000,0x00000000ffa80000)
  to   space 43520K, 0% used [0x00000000fa580000,0x00000000fa580000,0x00000000fd000000)
 ParOldGen       total 168960K, used 39819K [0x00000000c0000000, 0x00000000ca500000, 0x00000000eaa80000)
  object space 168960K, 23% used [0x00000000c0000000,0x00000000c26e2d58,0x00000000ca500000)
 PSPermGen       total 104448K, used 56541K [0x00000000b0000000, 0x00000000b6600000, 0x00000000c0000000)
  object space 104448K, 54% used [0x00000000b0000000,0x00000000b3737418,0x00000000b6600000)
}

