# JRE version: OpenJDK Runtime Environment (7.0_95) (build 1.7.0_95-b00)
# Java VM: OpenJDK 64-Bit Server VM (24.95-b01 mixed mode linux-amd64 compressed oops)
Heap
 PSYoungGen      total 305152K, used 79330K [0x00000000eaa80000, 0x00000000ff580000, 0x0000000100000000)
  eden space 291840K, 27% used [0x00000000eaa80000,0x00000000ef7f8940,0x00000000fc780000)
  from space 13312K, 0% used [0x00000000fc780000,0x00000000fc780000,0x00000000fd480000)
  to   space 23552K, 0% used [0x00000000fde80000,0x00000000fde80000,0x00000000ff580000)
 ParOldGen       total 83968K, used 45905K [0x00000000c0000000, 0x00000000c5200000, 0x00000000eaa80000)
  object space 83968K, 54% used [0x00000000c0000000,0x00000000c2cd44f8,0x00000000c5200000)
 PSPermGen       total 104448K, used 50410K [0x00000000b0000000, 0x00000000b6600000, 0x00000000c0000000)
  object space 104448K, 48% used [0x00000000b0000000,0x00000000b313aa30,0x00000000b6600000)
GC Heap History (10 events):
Event: 35,412 GC heap before
{Heap before GC invocations=13 (full 1):
 PSYoungGen      total 327168K, used 474K [0x00000000eaa80000, 0x0000000100000000, 0x0000000100000000)
  eden space 305664K, 0% used [0x00000000eaa80000,0x00000000eaa80000,0x00000000fd500000)
  from space 21504K, 2% used [0x00000000feb00000,0x00000000feb768e0,0x0000000100000000)
  to   space 22016K, 0% used [0x00000000fd500000,0x00000000fd500000,0x00000000fea80000)
 ParOldGen       total 83968K, used 47917K [0x00000000c0000000, 0x00000000c5200000, 0x00000000eaa80000)
  object space 83968K, 57% used [0x00000000c0000000,0x00000000c2ecb780,0x00000000c5200000)
 PSPermGen       total 44544K, used 44343K [0x00000000b0000000, 0x00000000b2b80000, 0x00000000c0000000)
  object space 44544K, 99% used [0x00000000b0000000,0x00000000b2b4dc88,0x00000000b2b80000)
Event: 36,690 GC heap after
Heap after GC invocations=13 (full 1):
 PSYoungGen      total 327168K, used 0K [0x00000000eaa80000, 0x0000000100000000, 0x0000000100000000)
  eden space 305664K, 0% used [0x00000000eaa80000,0x00000000eaa80000,0x00000000fd500000)
  from space 21504K, 0% used [0x00000000feb00000,0x00000000feb00000,0x0000000100000000)
  to   space 22016K, 0% used [0x00000000fd500000,0x00000000fd500000,0x00000000fea80000)
 ParOldGen       total 83968K, used 39034K [0x00000000c0000000, 0x00000000c5200000, 0x00000000eaa80000)
  object space 83968K, 46% used [0x00000000c0000000,0x00000000c261eb80,0x00000000c5200000)
 PSPermGen       total 89088K, used 44319K [0x00000000b0000000, 0x00000000b5700000, 0x00000000c0000000)
  object space 89088K, 49% used [0x00000000b0000000,0x00000000b2b47fd0,0x00000000b5700000)
}
Event: 93,040 GC heap before
{Heap before GC invocations=14 (full 1):
 PSYoungGen      total 327168K, used 305664K [0x00000000eaa80000, 0x0000000100000000, 0x0000000100000000)
  eden space 305664K, 100% used [0x00000000eaa80000,0x00000000fd500000,0x00000000fd500000)
  from space 21504K, 0% used [0x00000000feb00000,0x00000000feb00000,0x0000000100000000)
  to   space 22016K, 0% used [0x00000000fd500000,0x00000000fd500000,0x00000000fea80000)
 ParOldGen       total 83968K, used 39034K [0x00000000c0000000, 0x00000000c5200000, 0x00000000eaa80000)
  object space 83968K, 46% used [0x00000000c0000000,0x00000000c261eb80,0x00000000c5200000)
 PSPermGen       total 89088K, used 44857K [0x00000000b0000000, 0x00000000b5700000, 0x00000000c0000000)
  object space 89088K, 50% used [0x00000000b0000000,0x00000000b2bce478,0x00000000b5700000)
Event: 93,088 GC heap after
Heap after GC invocations=14 (full 1):
 PSYoungGen      total 325632K, used 19581K [0x00000000eaa80000, 0x0000000100000000, 0x0000000100000000)
  eden space 305664K, 0% used [0x00000000eaa80000,0x00000000eaa80000,0x00000000fd500000)
  from space 19968K, 98% used [0x00000000fd500000,0x00000000fe81f540,0x00000000fe880000)
  to   space 24064K, 0% used [0x00000000fe880000,0x00000000fe880000,0x0000000100000000)
 ParOldGen       total 83968K, used 39034K [0x00000000c0000000, 0x00000000c5200000, 0x00000000eaa80000)
  object space 83968K, 46% used [0x00000000c0000000,0x00000000c261eb80,0x00000000c5200000)
 PSPermGen       total 89088K, used 44857K [0x00000000b0000000, 0x00000000b5700000, 0x00000000c0000000)
  object space 89088K, 50% used [0x00000000b0000000,0x00000000b2bce478,0x00000000b5700000)
}
Event: 174,908 GC heap before
{Heap before GC invocations=15 (full 1):
 PSYoungGen      total 325632K, used 325245K [0x00000000eaa80000, 0x0000000100000000, 0x0000000100000000)
  eden space 305664K, 100% used [0x00000000eaa80000,0x00000000fd500000,0x00000000fd500000)
  from space 19968K, 98% used [0x00000000fd500000,0x00000000fe81f540,0x00000000fe880000)
  to   space 24064K, 0% used [0x00000000fe880000,0x00000000fe880000,0x0000000100000000)
 ParOldGen       total 83968K, used 39034K [0x00000000c0000000, 0x00000000c5200000, 0x00000000eaa80000)
  object space 83968K, 46% used [0x00000000c0000000,0x00000000c261eb80,0x00000000c5200000)
 PSPermGen       total 89088K, used 47964K [0x00000000b0000000, 0x00000000b5700000, 0x00000000c0000000)
  object space 89088K, 53% used [0x00000000b0000000,0x00000000b2ed7310,0x00000000b5700000)
Event: 174,936 GC heap after
Heap after GC invocations=15 (full 1):
 PSYoungGen      total 306176K, used 6706K [0x00000000eaa80000, 0x00000000ff680000, 0x0000000100000000)
  eden space 291840K, 0% used [0x00000000eaa80000,0x00000000eaa80000,0x00000000fc780000)
  from space 14336K, 46% used [0x00000000fe880000,0x00000000fef0caa0,0x00000000ff680000)
  to   space 24064K, 0% used [0x00000000fc780000,0x00000000fc780000,0x00000000fdf00000)
 ParOldGen       total 83968K, used 40151K [0x00000000c0000000, 0x00000000c5200000, 0x00000000eaa80000)
  object space 83968K, 47% used [0x00000000c0000000,0x00000000c2735c80,0x00000000c5200000)
 PSPermGen       total 89088K, used 47964K [0x00000000b0000000, 0x00000000b5700000, 0x00000000c0000000)
  object space 89088K, 53% used [0x00000000b0000000,0x00000000b2ed7310,0x00000000b5700000)
}
Event: 181,509 GC heap before
{Heap before GC invocations=16 (full 1):
 PSYoungGen      total 306176K, used 206803K [0x00000000eaa80000, 0x00000000ff680000, 0x0000000100000000)
  eden space 291840K, 68% used [0x00000000eaa80000,0x00000000f6de8258,0x00000000fc780000)
  from space 14336K, 46% used [0x00000000fe880000,0x00000000fef0caa0,0x00000000ff680000)
  to   space 24064K, 0% used [0x00000000fc780000,0x00000000fc780000,0x00000000fdf00000)
 ParOldGen       total 83968K, used 40151K [0x00000000c0000000, 0x00000000c5200000, 0x00000000eaa80000)
  object space 83968K, 47% used [0x00000000c0000000,0x00000000c2735c80,0x00000000c5200000)
 PSPermGen       total 89088K, used 50330K [0x00000000b0000000, 0x00000000b5700000, 0x00000000c0000000)
  object space 89088K, 56% used [0x00000000b0000000,0x00000000b3126b88,0x00000000b5700000)
Event: 181,538 GC heap after
Heap after GC invocations=16 (full 1):
 PSYoungGen      total 305152K, used 13217K [0x00000000eaa80000, 0x00000000ff580000, 0x0000000100000000)
  eden space 291840K, 0% used [0x00000000eaa80000,0x00000000eaa80000,0x00000000fc780000)
  from space 13312K, 99% used [0x00000000fc780000,0x00000000fd468480,0x00000000fd480000)
  to   space 23552K, 0% used [0x00000000fde80000,0x00000000fde80000,0x00000000ff580000)
 ParOldGen       total 83968K, used 43419K [0x00000000c0000000, 0x00000000c5200000, 0x00000000eaa80000)
  object space 83968K, 51% used [0x00000000c0000000,0x00000000c2a66f50,0x00000000c5200000)
 PSPermGen       total 89088K, used 50330K [0x00000000b0000000, 0x00000000b5700000, 0x00000000c0000000)
  object space 89088K, 56% used [0x00000000b0000000,0x00000000b3126b88,0x00000000b5700000)
}
Event: 181,538 GC heap before
{Heap before GC invocations=17 (full 2):
 PSYoungGen      total 305152K, used 13217K [0x00000000eaa80000, 0x00000000ff580000, 0x0000000100000000)
  eden space 291840K, 0% used [0x00000000eaa80000,0x00000000eaa80000,0x00000000fc780000)
  from space 13312K, 99% used [0x00000000fc780000,0x00000000fd468480,0x00000000fd480000)
  to   space 23552K, 0% used [0x00000000fde80000,0x00000000fde80000,0x00000000ff580000)
 ParOldGen       total 83968K, used 43419K [0x00000000c0000000, 0x00000000c5200000, 0x00000000eaa80000)
  object space 83968K, 51% used [0x00000000c0000000,0x00000000c2a66f50,0x00000000c5200000)
 PSPermGen       total 89088K, used 50330K [0x00000000b0000000, 0x00000000b5700000, 0x00000000c0000000)
  object space 89088K, 56% used [0x00000000b0000000,0x00000000b3126b88,0x00000000b5700000)
Event: 182,000 GC heap after
Heap after GC invocations=17 (full 2):
 PSYoungGen      total 305152K, used 0K [0x00000000eaa80000, 0x00000000ff580000, 0x0000000100000000)
  eden space 291840K, 0% used [0x00000000eaa80000,0x00000000eaa80000,0x00000000fc780000)
  from space 13312K, 0% used [0x00000000fc780000,0x00000000fc780000,0x00000000fd480000)
  to   space 23552K, 0% used [0x00000000fde80000,0x00000000fde80000,0x00000000ff580000)
 ParOldGen       total 83968K, used 45905K [0x00000000c0000000, 0x00000000c5200000, 0x00000000eaa80000)
  object space 83968K, 54% used [0x00000000c0000000,0x00000000c2cd44f8,0x00000000c5200000)
 PSPermGen       total 104448K, used 50273K [0x00000000b0000000, 0x00000000b6600000, 0x00000000c0000000)
  object space 104448K, 48% used [0x00000000b0000000,0x00000000b3118728,0x00000000b6600000)
}

