# JRE version: OpenJDK Runtime Environment (7.0_95) (build 1.7.0_95-b00)
# Java VM: OpenJDK 64-Bit Server VM (24.95-b01 mixed mode linux-amd64 compressed oops)
Heap
 PSYoungGen      total 315904K, used 151378K [0x00000000eaa80000, 0x0000000100000000, 0x0000000100000000)
  eden space 282112K, 46% used [0x00000000eaa80000,0x00000000f2a92c50,0x00000000fbe00000)
  from space 33792K, 59% used [0x00000000fdf00000,0x00000000ff2c1db0,0x0000000100000000)
  to   space 33792K, 0% used [0x00000000fbe00000,0x00000000fbe00000,0x00000000fdf00000)
 ParOldGen       total 83968K, used 54048K [0x00000000c0000000, 0x00000000c5200000, 0x00000000eaa80000)
  object space 83968K, 64% used [0x00000000c0000000,0x00000000c34c8300,0x00000000c5200000)
 PSPermGen       total 51712K, used 51274K [0x00000000b0000000, 0x00000000b3280000, 0x00000000c0000000)
  object space 51712K, 99% used [0x00000000b0000000,0x00000000b3212a70,0x00000000b3280000)
GC Heap History (10 events):
Event: 21,998 GC heap before
{Heap before GC invocations=6 (full 0):
 PSYoungGen      total 68608K, used 68608K [0x00000000eaa80000, 0x00000000f4080000, 0x0000000100000000)
  eden space 63488K, 100% used [0x00000000eaa80000,0x00000000ee880000,0x00000000ee880000)
  from space 5120K, 100% used [0x00000000ee880000,0x00000000eed80000,0x00000000eed80000)
  to   space 13312K, 0% used [0x00000000f3380000,0x00000000f3380000,0x00000000f4080000)
 ParOldGen       total 83968K, used 13699K [0x00000000c0000000, 0x00000000c5200000, 0x00000000eaa80000)
  object space 83968K, 16% used [0x00000000c0000000,0x00000000c0d60fb8,0x00000000c5200000)
 PSPermGen       total 27648K, used 27526K [0x00000000b0000000, 0x00000000b1b00000, 0x00000000c0000000)
  object space 27648K, 99% used [0x00000000b0000000,0x00000000b1ae1980,0x00000000b1b00000)
Event: 22,052 GC heap after
Heap after GC invocations=6 (full 0):
 PSYoungGen      total 140288K, used 9297K [0x00000000eaa80000, 0x00000000f4080000, 0x0000000100000000)
  eden space 126976K, 0% used [0x00000000eaa80000,0x00000000eaa80000,0x00000000f2680000)
  from space 13312K, 69% used [0x00000000f3380000,0x00000000f3c94518,0x00000000f4080000)
  to   space 13312K, 0% used [0x00000000f2680000,0x00000000f2680000,0x00000000f3380000)
 ParOldGen       total 83968K, used 13707K [0x00000000c0000000, 0x00000000c5200000, 0x00000000eaa80000)
  object space 83968K, 16% used [0x00000000c0000000,0x00000000c0d62fb8,0x00000000c5200000)
 PSPermGen       total 27648K, used 27526K [0x00000000b0000000, 0x00000000b1b00000, 0x00000000c0000000)
  object space 27648K, 99% used [0x00000000b0000000,0x00000000b1ae1980,0x00000000b1b00000)
}
Event: 27,059 GC heap before
{Heap before GC invocations=7 (full 0):
 PSYoungGen      total 140288K, used 136273K [0x00000000eaa80000, 0x00000000f4080000, 0x0000000100000000)
  eden space 126976K, 100% used [0x00000000eaa80000,0x00000000f2680000,0x00000000f2680000)
  from space 13312K, 69% used [0x00000000f3380000,0x00000000f3c94518,0x00000000f4080000)
  to   space 13312K, 0% used [0x00000000f2680000,0x00000000f2680000,0x00000000f3380000)
 ParOldGen       total 83968K, used 13707K [0x00000000c0000000, 0x00000000c5200000, 0x00000000eaa80000)
  object space 83968K, 16% used [0x00000000c0000000,0x00000000c0d62fb8,0x00000000c5200000)
 PSPermGen       total 37888K, used 37397K [0x00000000b0000000, 0x00000000b2500000, 0x00000000c0000000)
  object space 37888K, 98% used [0x00000000b0000000,0x00000000b2485668,0x00000000b2500000)
Event: 27,105 GC heap after
Heap after GC invocations=7 (full 0):
 PSYoungGen      total 140288K, used 13282K [0x00000000eaa80000, 0x00000000fcb80000, 0x0000000100000000)
  eden space 126976K, 0% used [0x00000000eaa80000,0x00000000eaa80000,0x00000000f2680000)
  from space 13312K, 99% used [0x00000000f2680000,0x00000000f3378b78,0x00000000f3380000)
  to   space 20992K, 0% used [0x00000000fb700000,0x00000000fb700000,0x00000000fcb80000)
 ParOldGen       total 83968K, used 24911K [0x00000000c0000000, 0x00000000c5200000, 0x00000000eaa80000)
  object space 83968K, 29% used [0x00000000c0000000,0x00000000c1853f48,0x00000000c5200000)
 PSPermGen       total 37888K, used 37397K [0x00000000b0000000, 0x00000000b2500000, 0x00000000c0000000)
  object space 37888K, 98% used [0x00000000b0000000,0x00000000b2485668,0x00000000b2500000)
}
Event: 32,554 GC heap before
{Heap before GC invocations=8 (full 0):
 PSYoungGen      total 140288K, used 140258K [0x00000000eaa80000, 0x00000000fcb80000, 0x0000000100000000)
  eden space 126976K, 100% used [0x00000000eaa80000,0x00000000f2680000,0x00000000f2680000)
  from space 13312K, 99% used [0x00000000f2680000,0x00000000f3378b78,0x00000000f3380000)
  to   space 20992K, 0% used [0x00000000fb700000,0x00000000fb700000,0x00000000fcb80000)
 ParOldGen       total 83968K, used 24911K [0x00000000c0000000, 0x00000000c5200000, 0x00000000eaa80000)
  object space 83968K, 29% used [0x00000000c0000000,0x00000000c1853f48,0x00000000c5200000)
 PSPermGen       total 40960K, used 40664K [0x00000000b0000000, 0x00000000b2800000, 0x00000000c0000000)
  object space 40960K, 99% used [0x00000000b0000000,0x00000000b27b6198,0x00000000b2800000)
Event: 32,644 GC heap after
Heap after GC invocations=8 (full 0):
 PSYoungGen      total 269312K, used 20985K [0x00000000eaa80000, 0x00000000fd680000, 0x0000000100000000)
  eden space 248320K, 0% used [0x00000000eaa80000,0x00000000eaa80000,0x00000000f9d00000)
  from space 20992K, 99% used [0x00000000fb700000,0x00000000fcb7e448,0x00000000fcb80000)
  to   space 26624K, 0% used [0x00000000f9d00000,0x00000000f9d00000,0x00000000fb700000)
 ParOldGen       total 83968K, used 29580K [0x00000000c0000000, 0x00000000c5200000, 0x00000000eaa80000)
  object space 83968K, 35% used [0x00000000c0000000,0x00000000c1ce3078,0x00000000c5200000)
 PSPermGen       total 40960K, used 40664K [0x00000000b0000000, 0x00000000b2800000, 0x00000000c0000000)
  object space 40960K, 99% used [0x00000000b0000000,0x00000000b27b6198,0x00000000b2800000)
}
Event: 39,937 GC heap before
{Heap before GC invocations=9 (full 0):
 PSYoungGen      total 269312K, used 269305K [0x00000000eaa80000, 0x00000000fd680000, 0x0000000100000000)
  eden space 248320K, 100% used [0x00000000eaa80000,0x00000000f9d00000,0x00000000f9d00000)
  from space 20992K, 99% used [0x00000000fb700000,0x00000000fcb7e448,0x00000000fcb80000)
  to   space 26624K, 0% used [0x00000000f9d00000,0x00000000f9d00000,0x00000000fb700000)
 ParOldGen       total 83968K, used 29580K [0x00000000c0000000, 0x00000000c5200000, 0x00000000eaa80000)
  object space 83968K, 35% used [0x00000000c0000000,0x00000000c1ce3078,0x00000000c5200000)
 PSPermGen       total 44544K, used 44362K [0x00000000b0000000, 0x00000000b2b80000, 0x00000000c0000000)
  object space 44544K, 99% used [0x00000000b0000000,0x00000000b2b52b80,0x00000000b2b80000)
Event: 40,001 GC heap after
Heap after GC invocations=9 (full 0):
 PSYoungGen      total 274944K, used 26601K [0x00000000eaa80000, 0x0000000100000000, 0x0000000100000000)
  eden space 248320K, 0% used [0x00000000eaa80000,0x00000000eaa80000,0x00000000f9d00000)
  from space 26624K, 99% used [0x00000000f9d00000,0x00000000fb6fa6a8,0x00000000fb700000)
  to   space 33792K, 0% used [0x00000000fdf00000,0x00000000fdf00000,0x0000000100000000)
 ParOldGen       total 83968K, used 36380K [0x00000000c0000000, 0x00000000c5200000, 0x00000000eaa80000)
  object space 83968K, 43% used [0x00000000c0000000,0x00000000c23872c8,0x00000000c5200000)
 PSPermGen       total 44544K, used 44362K [0x00000000b0000000, 0x00000000b2b80000, 0x00000000c0000000)
  object space 44544K, 99% used [0x00000000b0000000,0x00000000b2b52b80,0x00000000b2b80000)
}
Event: 52,949 GC heap before
{Heap before GC invocations=10 (full 0):
 PSYoungGen      total 274944K, used 274921K [0x00000000eaa80000, 0x0000000100000000, 0x0000000100000000)
  eden space 248320K, 100% used [0x00000000eaa80000,0x00000000f9d00000,0x00000000f9d00000)
  from space 26624K, 99% used [0x00000000f9d00000,0x00000000fb6fa6a8,0x00000000fb700000)
  to   space 33792K, 0% used [0x00000000fdf00000,0x00000000fdf00000,0x0000000100000000)
 ParOldGen       total 83968K, used 36380K [0x00000000c0000000, 0x00000000c5200000, 0x00000000eaa80000)
  object space 83968K, 43% used [0x00000000c0000000,0x00000000c23872c8,0x00000000c5200000)
 PSPermGen       total 49664K, used 49509K [0x00000000b0000000, 0x00000000b3080000, 0x00000000c0000000)
  object space 49664K, 99% used [0x00000000b0000000,0x00000000b3059400,0x00000000b3080000)
Event: 53,014 GC heap after
Heap after GC invocations=10 (full 0):
 PSYoungGen      total 315904K, used 20231K [0x00000000eaa80000, 0x0000000100000000, 0x0000000100000000)
  eden space 282112K, 0% used [0x00000000eaa80000,0x00000000eaa80000,0x00000000fbe00000)
  from space 33792K, 59% used [0x00000000fdf00000,0x00000000ff2c1db0,0x0000000100000000)
  to   space 33792K, 0% used [0x00000000fbe00000,0x00000000fbe00000,0x00000000fdf00000)
 ParOldGen       total 83968K, used 54048K [0x00000000c0000000, 0x00000000c5200000, 0x00000000eaa80000)
  object space 83968K, 64% used [0x00000000c0000000,0x00000000c34c8300,0x00000000c5200000)
 PSPermGen       total 49664K, used 49509K [0x00000000b0000000, 0x00000000b3080000, 0x00000000c0000000)
  object space 49664K, 99% used [0x00000000b0000000,0x00000000b3059400,0x00000000b3080000)
}

