# JRE version: OpenJDK Runtime Environment (7.0_95) (build 1.7.0_95-b00)
# Java VM: OpenJDK 64-Bit Server VM (24.95-b01 mixed mode linux-amd64 compressed oops)
Heap
 PSYoungGen      total 289792K, used 158072K [0x00000000eaa80000, 0x0000000100000000, 0x0000000100000000)
  eden space 240640K, 51% used [0x00000000eaa80000,0x00000000f22c5158,0x00000000f9580000)
  from space 49152K, 71% used [0x00000000fc980000,0x00000000feb99290,0x00000000ff980000)
  to   space 53248K, 0% used [0x00000000f9580000,0x00000000f9580000,0x00000000fc980000)
 ParOldGen       total 175104K, used 35469K [0x00000000c0000000, 0x00000000cab00000, 0x00000000eaa80000)
  object space 175104K, 20% used [0x00000000c0000000,0x00000000c22a35e8,0x00000000cab00000)
 PSPermGen       total 112640K, used 57152K [0x00000000b0000000, 0x00000000b6e00000, 0x00000000c0000000)
  object space 112640K, 50% used [0x00000000b0000000,0x00000000b37d0160,0x00000000b6e00000)
GC Heap History (10 events):
Event: 52,166 GC heap before
{Heap before GC invocations=16 (full 1):
 PSYoungGen      total 273920K, used 249152K [0x00000000eaa80000, 0x0000000100000000, 0x0000000100000000)
  eden space 243200K, 100% used [0x00000000eaa80000,0x00000000f9800000,0x00000000f9800000)
  from space 30720K, 19% used [0x00000000fe200000,0x00000000fe7d0000,0x0000000100000000)
  to   space 53248K, 0% used [0x00000000f9800000,0x00000000f9800000,0x00000000fcc00000)
 ParOldGen       total 175104K, used 113618K [0x00000000c0000000, 0x00000000cab00000, 0x00000000eaa80000)
  object space 175104K, 64% used [0x00000000c0000000,0x00000000c6ef49a8,0x00000000cab00000)
 PSPermGen       total 98816K, used 49283K [0x00000000b0000000, 0x00000000b6080000, 0x00000000c0000000)
  object space 98816K, 49% used [0x00000000b0000000,0x00000000b3020fd8,0x00000000b6080000)
Event: 52,192 GC heap after
Heap after GC invocations=16 (full 1):
 PSYoungGen      total 296448K, used 6336K [0x00000000eaa80000, 0x0000000100000000, 0x0000000100000000)
  eden space 243200K, 0% used [0x00000000eaa80000,0x00000000eaa80000,0x00000000f9800000)
  from space 53248K, 11% used [0x00000000f9800000,0x00000000f9e30000,0x00000000fcc00000)
  to   space 51712K, 0% used [0x00000000fcd80000,0x00000000fcd80000,0x0000000100000000)
 ParOldGen       total 175104K, used 119546K [0x00000000c0000000, 0x00000000cab00000, 0x00000000eaa80000)
  object space 175104K, 68% used [0x00000000c0000000,0x00000000c74be9a8,0x00000000cab00000)
 PSPermGen       total 98816K, used 49283K [0x00000000b0000000, 0x00000000b6080000, 0x00000000c0000000)
  object space 98816K, 49% used [0x00000000b0000000,0x00000000b3020fd8,0x00000000b6080000)
}
Event: 52,429 GC heap before
{Heap before GC invocations=17 (full 1):
 PSYoungGen      total 296448K, used 249536K [0x00000000eaa80000, 0x0000000100000000, 0x0000000100000000)
  eden space 243200K, 100% used [0x00000000eaa80000,0x00000000f9800000,0x00000000f9800000)
  from space 53248K, 11% used [0x00000000f9800000,0x00000000f9e30000,0x00000000fcc00000)
  to   space 51712K, 0% used [0x00000000fcd80000,0x00000000fcd80000,0x0000000100000000)
 ParOldGen       total 175104K, used 119546K [0x00000000c0000000, 0x00000000cab00000, 0x00000000eaa80000)
  object space 175104K, 68% used [0x00000000c0000000,0x00000000c74be9a8,0x00000000cab00000)
 PSPermGen       total 98816K, used 49288K [0x00000000b0000000, 0x00000000b6080000, 0x00000000c0000000)
  object space 98816K, 49% used [0x00000000b0000000,0x00000000b30222d0,0x00000000b6080000)
Event: 52,461 GC heap after
Heap after GC invocations=17 (full 1):
 PSYoungGen      total 292864K, used 6176K [0x00000000eaa80000, 0x00000000ffc80000, 0x0000000100000000)
  eden space 244736K, 0% used [0x00000000eaa80000,0x00000000eaa80000,0x00000000f9980000)
  from space 48128K, 12% used [0x00000000fcd80000,0x00000000fd388000,0x00000000ffc80000)
  to   space 50688K, 0% used [0x00000000f9980000,0x00000000f9980000,0x00000000fcb00000)
 ParOldGen       total 175104K, used 125858K [0x00000000c0000000, 0x00000000cab00000, 0x00000000eaa80000)
  object space 175104K, 71% used [0x00000000c0000000,0x00000000c7ae89a8,0x00000000cab00000)
 PSPermGen       total 98816K, used 49288K [0x00000000b0000000, 0x00000000b6080000, 0x00000000c0000000)
  object space 98816K, 49% used [0x00000000b0000000,0x00000000b30222d0,0x00000000b6080000)
}
Event: 111,699 GC heap before
{Heap before GC invocations=18 (full 1):
 PSYoungGen      total 292864K, used 238232K [0x00000000eaa80000, 0x00000000ffc80000, 0x0000000100000000)
  eden space 244736K, 94% used [0x00000000eaa80000,0x00000000f8d1e378,0x00000000f9980000)
  from space 48128K, 12% used [0x00000000fcd80000,0x00000000fd388000,0x00000000ffc80000)
  to   space 50688K, 0% used [0x00000000f9980000,0x00000000f9980000,0x00000000fcb00000)
 ParOldGen       total 175104K, used 125858K [0x00000000c0000000, 0x00000000cab00000, 0x00000000eaa80000)
  object space 175104K, 71% used [0x00000000c0000000,0x00000000c7ae89a8,0x00000000cab00000)
 PSPermGen       total 98816K, used 51534K [0x00000000b0000000, 0x00000000b6080000, 0x00000000c0000000)
  object space 98816K, 52% used [0x00000000b0000000,0x00000000b3253a78,0x00000000b6080000)
Event: 111,742 GC heap after
Heap after GC invocations=18 (full 1):
 PSYoungGen      total 248832K, used 3959K [0x00000000eaa80000, 0x00000000ff980000, 0x0000000100000000)
  eden space 244736K, 0% used [0x00000000eaa80000,0x00000000eaa80000,0x00000000f9980000)
  from space 4096K, 96% used [0x00000000f9980000,0x00000000f9d5dc10,0x00000000f9d80000)
  to   space 49152K, 0% used [0x00000000fc980000,0x00000000fc980000,0x00000000ff980000)
 ParOldGen       total 175104K, used 129898K [0x00000000c0000000, 0x00000000cab00000, 0x00000000eaa80000)
  object space 175104K, 74% used [0x00000000c0000000,0x00000000c7eda9a8,0x00000000cab00000)
 PSPermGen       total 98816K, used 51534K [0x00000000b0000000, 0x00000000b6080000, 0x00000000c0000000)
  object space 98816K, 52% used [0x00000000b0000000,0x00000000b3253a78,0x00000000b6080000)
}
Event: 111,742 GC heap before
{Heap before GC invocations=19 (full 2):
 PSYoungGen      total 248832K, used 3959K [0x00000000eaa80000, 0x00000000ff980000, 0x0000000100000000)
  eden space 244736K, 0% used [0x00000000eaa80000,0x00000000eaa80000,0x00000000f9980000)
  from space 4096K, 96% used [0x00000000f9980000,0x00000000f9d5dc10,0x00000000f9d80000)
  to   space 49152K, 0% used [0x00000000fc980000,0x00000000fc980000,0x00000000ff980000)
 ParOldGen       total 175104K, used 129898K [0x00000000c0000000, 0x00000000cab00000, 0x00000000eaa80000)
  object space 175104K, 74% used [0x00000000c0000000,0x00000000c7eda9a8,0x00000000cab00000)
 PSPermGen       total 98816K, used 51534K [0x00000000b0000000, 0x00000000b6080000, 0x00000000c0000000)
  object space 98816K, 52% used [0x00000000b0000000,0x00000000b3253a78,0x00000000b6080000)
Event: 112,040 GC heap after
Heap after GC invocations=19 (full 2):
 PSYoungGen      total 248832K, used 0K [0x00000000eaa80000, 0x00000000ff980000, 0x0000000100000000)
  eden space 244736K, 0% used [0x00000000eaa80000,0x00000000eaa80000,0x00000000f9980000)
  from space 4096K, 0% used [0x00000000f9980000,0x00000000f9980000,0x00000000f9d80000)
  to   space 49152K, 0% used [0x00000000fc980000,0x00000000fc980000,0x00000000ff980000)
 ParOldGen       total 175104K, used 35461K [0x00000000c0000000, 0x00000000cab00000, 0x00000000eaa80000)
  object space 175104K, 20% used [0x00000000c0000000,0x00000000c22a15e8,0x00000000cab00000)
 PSPermGen       total 112640K, used 51531K [0x00000000b0000000, 0x00000000b6e00000, 0x00000000c0000000)
  object space 112640K, 45% used [0x00000000b0000000,0x00000000b3252d70,0x00000000b6e00000)
}
Event: 229,003 GC heap before
{Heap before GC invocations=20 (full 2):
 PSYoungGen      total 248832K, used 244736K [0x00000000eaa80000, 0x00000000ff980000, 0x0000000100000000)
  eden space 244736K, 100% used [0x00000000eaa80000,0x00000000f9980000,0x00000000f9980000)
  from space 4096K, 0% used [0x00000000f9980000,0x00000000f9980000,0x00000000f9d80000)
  to   space 49152K, 0% used [0x00000000fc980000,0x00000000fc980000,0x00000000ff980000)
 ParOldGen       total 175104K, used 35461K [0x00000000c0000000, 0x00000000cab00000, 0x00000000eaa80000)
  object space 175104K, 20% used [0x00000000c0000000,0x00000000c22a15e8,0x00000000cab00000)
 PSPermGen       total 112640K, used 55465K [0x00000000b0000000, 0x00000000b6e00000, 0x00000000c0000000)
  object space 112640K, 49% used [0x00000000b0000000,0x00000000b362a410,0x00000000b6e00000)
Event: 229,097 GC heap after
Heap after GC invocations=20 (full 2):
 PSYoungGen      total 289792K, used 34916K [0x00000000eaa80000, 0x0000000100000000, 0x0000000100000000)
  eden space 240640K, 0% used [0x00000000eaa80000,0x00000000eaa80000,0x00000000f9580000)
  from space 49152K, 71% used [0x00000000fc980000,0x00000000feb99290,0x00000000ff980000)
  to   space 53248K, 0% used [0x00000000f9580000,0x00000000f9580000,0x00000000fc980000)
 ParOldGen       total 175104K, used 35469K [0x00000000c0000000, 0x00000000cab00000, 0x00000000eaa80000)
  object space 175104K, 20% used [0x00000000c0000000,0x00000000c22a35e8,0x00000000cab00000)
 PSPermGen       total 112640K, used 55465K [0x00000000b0000000, 0x00000000b6e00000, 0x00000000c0000000)
  object space 112640K, 49% used [0x00000000b0000000,0x00000000b362a410,0x00000000b6e00000)
}

