# JRE version: OpenJDK Runtime Environment (7.0_85-b01) (build 1.7.0_85-b01)
# Java VM: OpenJDK 64-Bit Server VM (24.85-b03 mixed mode linux-amd64 compressed oops)
Heap
 PSYoungGen      total 309248K, used 48003K [0x00000000eaa80000, 0x0000000100000000, 0x0000000100000000)
  eden space 268800K, 17% used [0x00000000eaa80000,0x00000000ed960f80,0x00000000fb100000)
  from space 40448K, 0% used [0x00000000fd880000,0x00000000fd880000,0x0000000100000000)
  to   space 40448K, 0% used [0x00000000fb100000,0x00000000fb100000,0x00000000fd880000)
 ParOldGen       total 172544K, used 38419K [0x00000000c0000000, 0x00000000ca880000, 0x00000000eaa80000)
  object space 172544K, 22% used [0x00000000c0000000,0x00000000c2584f60,0x00000000ca880000)
 PSPermGen       total 111616K, used 49781K [0x00000000b0000000, 0x00000000b6d00000, 0x00000000c0000000)
  object space 111616K, 44% used [0x00000000b0000000,0x00000000b309d538,0x00000000b6d00000)
GC Heap History (10 events):
Event: 49,235 GC heap before
{Heap before GC invocations=12 (full 0):
 PSYoungGen      total 218624K, used 207168K [0x00000000eaa80000, 0x0000000100000000, 0x0000000100000000)
  eden space 197120K, 100% used [0x00000000eaa80000,0x00000000f6b00000,0x00000000f6b00000)
  from space 21504K, 46% used [0x00000000f6b00000,0x00000000f74d0168,0x00000000f8000000)
  to   space 20480K, 0% used [0x00000000fec00000,0x00000000fec00000,0x0000000100000000)
 ParOldGen       total 83968K, used 47669K [0x00000000c0000000, 0x00000000c5200000, 0x00000000eaa80000)
  object space 83968K, 56% used [0x00000000c0000000,0x00000000c2e8d708,0x00000000c5200000)
 PSPermGen       total 49664K, used 49494K [0x00000000b0000000, 0x00000000b3080000, 0x00000000c0000000)
  object space 49664K, 99% used [0x00000000b0000000,0x00000000b3055820,0x00000000b3080000)
Event: 49,482 GC heap after
Heap after GC invocations=12 (full 0):
 PSYoungGen      total 286208K, used 20480K [0x00000000eaa80000, 0x0000000100000000, 0x0000000100000000)
  eden space 265728K, 0% used [0x00000000eaa80000,0x00000000eaa80000,0x00000000fae00000)
  from space 20480K, 100% used [0x00000000fec00000,0x0000000100000000,0x0000000100000000)
  to   space 41984K, 0% used [0x00000000fae00000,0x00000000fae00000,0x00000000fd700000)
 ParOldGen       total 98304K, used 98151K [0x00000000c0000000, 0x00000000c6000000, 0x00000000eaa80000)
  object space 98304K, 99% used [0x00000000c0000000,0x00000000c5fd9ca0,0x00000000c6000000)
 PSPermGen       total 49664K, used 49494K [0x00000000b0000000, 0x00000000b3080000, 0x00000000c0000000)
  object space 49664K, 99% used [0x00000000b0000000,0x00000000b3055820,0x00000000b3080000)
}
Event: 49,482 GC heap before
{Heap before GC invocations=13 (full 1):
 PSYoungGen      total 286208K, used 20480K [0x00000000eaa80000, 0x0000000100000000, 0x0000000100000000)
  eden space 265728K, 0% used [0x00000000eaa80000,0x00000000eaa80000,0x00000000fae00000)
  from space 20480K, 100% used [0x00000000fec00000,0x0000000100000000,0x0000000100000000)
  to   space 41984K, 0% used [0x00000000fae00000,0x00000000fae00000,0x00000000fd700000)
 ParOldGen       total 98304K, used 98151K [0x00000000c0000000, 0x00000000c6000000, 0x00000000eaa80000)
  object space 98304K, 99% used [0x00000000c0000000,0x00000000c5fd9ca0,0x00000000c6000000)
 PSPermGen       total 49664K, used 49494K [0x00000000b0000000, 0x00000000b3080000, 0x00000000c0000000)
  object space 49664K, 99% used [0x00000000b0000000,0x00000000b3055820,0x00000000b3080000)
Event: 50,643 GC heap after
Heap after GC invocations=13 (full 1):
 PSYoungGen      total 286208K, used 9198K [0x00000000eaa80000, 0x0000000100000000, 0x0000000100000000)
  eden space 265728K, 0% used [0x00000000eaa80000,0x00000000eaa80000,0x00000000fae00000)
  from space 20480K, 44% used [0x00000000fec00000,0x00000000ff4fb938,0x0000000100000000)
  to   space 41984K, 0% used [0x00000000fae00000,0x00000000fae00000,0x00000000fd700000)
 ParOldGen       total 172544K, used 98258K [0x00000000c0000000, 0x00000000ca880000, 0x00000000eaa80000)
  object space 172544K, 56% used [0x00000000c0000000,0x00000000c5ff49a0,0x00000000ca880000)
 PSPermGen       total 98304K, used 48612K [0x00000000b0000000, 0x00000000b6000000, 0x00000000c0000000)
  object space 98304K, 49% used [0x00000000b0000000,0x00000000b2f79040,0x00000000b6000000)
}
Event: 59,404 GC heap before
{Heap before GC invocations=14 (full 1):
 PSYoungGen      total 286208K, used 274926K [0x00000000eaa80000, 0x0000000100000000, 0x0000000100000000)
  eden space 265728K, 100% used [0x00000000eaa80000,0x00000000fae00000,0x00000000fae00000)
  from space 20480K, 44% used [0x00000000fec00000,0x00000000ff4fb938,0x0000000100000000)
  to   space 41984K, 0% used [0x00000000fae00000,0x00000000fae00000,0x00000000fd700000)
 ParOldGen       total 172544K, used 98258K [0x00000000c0000000, 0x00000000ca880000, 0x00000000eaa80000)
  object space 172544K, 56% used [0x00000000c0000000,0x00000000c5ff49a0,0x00000000ca880000)
 PSPermGen       total 98304K, used 49522K [0x00000000b0000000, 0x00000000b6000000, 0x00000000c0000000)
  object space 98304K, 50% used [0x00000000b0000000,0x00000000b305c9a0,0x00000000b6000000)
Event: 59,534 GC heap after
Heap after GC invocations=14 (full 1):
 PSYoungGen      total 307712K, used 12257K [0x00000000eaa80000, 0x0000000100000000, 0x0000000100000000)
  eden space 265728K, 0% used [0x00000000eaa80000,0x00000000eaa80000,0x00000000fae00000)
  from space 41984K, 29% used [0x00000000fae00000,0x00000000fb9f8670,0x00000000fd700000)
  to   space 40448K, 0% used [0x00000000fd880000,0x00000000fd880000,0x0000000100000000)
 ParOldGen       total 172544K, used 105197K [0x00000000c0000000, 0x00000000ca880000, 0x00000000eaa80000)
  object space 172544K, 60% used [0x00000000c0000000,0x00000000c66bb6f0,0x00000000ca880000)
 PSPermGen       total 98304K, used 49522K [0x00000000b0000000, 0x00000000b6000000, 0x00000000c0000000)
  object space 98304K, 50% used [0x00000000b0000000,0x00000000b305c9a0,0x00000000b6000000)
}
Event: 92,681 GC heap before
{Heap before GC invocations=15 (full 1):
 PSYoungGen      total 307712K, used 26815K [0x00000000eaa80000, 0x0000000100000000, 0x0000000100000000)
  eden space 265728K, 5% used [0x00000000eaa80000,0x00000000eb8b7858,0x00000000fae00000)
  from space 41984K, 29% used [0x00000000fae00000,0x00000000fb9f8670,0x00000000fd700000)
  to   space 40448K, 0% used [0x00000000fd880000,0x00000000fd880000,0x0000000100000000)
 ParOldGen       total 172544K, used 105197K [0x00000000c0000000, 0x00000000ca880000, 0x00000000eaa80000)
  object space 172544K, 60% used [0x00000000c0000000,0x00000000c66bb6f0,0x00000000ca880000)
 PSPermGen       total 98304K, used 49650K [0x00000000b0000000, 0x00000000b6000000, 0x00000000c0000000)
  object space 98304K, 50% used [0x00000000b0000000,0x00000000b307cae0,0x00000000b6000000)
Event: 92,717 GC heap after
Heap after GC invocations=15 (full 1):
 PSYoungGen      total 309248K, used 346K [0x00000000eaa80000, 0x0000000100000000, 0x0000000100000000)
  eden space 268800K, 0% used [0x00000000eaa80000,0x00000000eaa80000,0x00000000fb100000)
  from space 40448K, 0% used [0x00000000fd880000,0x00000000fd8d68e0,0x0000000100000000)
  to   space 40448K, 0% used [0x00000000fb100000,0x00000000fb100000,0x00000000fd880000)
 ParOldGen       total 172544K, used 116693K [0x00000000c0000000, 0x00000000ca880000, 0x00000000eaa80000)
  object space 172544K, 67% used [0x00000000c0000000,0x00000000c71f5700,0x00000000ca880000)
 PSPermGen       total 98304K, used 49650K [0x00000000b0000000, 0x00000000b6000000, 0x00000000c0000000)
  object space 98304K, 50% used [0x00000000b0000000,0x00000000b307cae0,0x00000000b6000000)
}
Event: 92,717 GC heap before
{Heap before GC invocations=16 (full 2):
 PSYoungGen      total 309248K, used 346K [0x00000000eaa80000, 0x0000000100000000, 0x0000000100000000)
  eden space 268800K, 0% used [0x00000000eaa80000,0x00000000eaa80000,0x00000000fb100000)
  from space 40448K, 0% used [0x00000000fd880000,0x00000000fd8d68e0,0x0000000100000000)
  to   space 40448K, 0% used [0x00000000fb100000,0x00000000fb100000,0x00000000fd880000)
 ParOldGen       total 172544K, used 116693K [0x00000000c0000000, 0x00000000ca880000, 0x00000000eaa80000)
  object space 172544K, 67% used [0x00000000c0000000,0x00000000c71f5700,0x00000000ca880000)
 PSPermGen       total 98304K, used 49650K [0x00000000b0000000, 0x00000000b6000000, 0x00000000c0000000)
  object space 98304K, 50% used [0x00000000b0000000,0x00000000b307cae0,0x00000000b6000000)
Event: 93,005 GC heap after
Heap after GC invocations=16 (full 2):
 PSYoungGen      total 309248K, used 0K [0x00000000eaa80000, 0x0000000100000000, 0x0000000100000000)
  eden space 268800K, 0% used [0x00000000eaa80000,0x00000000eaa80000,0x00000000fb100000)
  from space 40448K, 0% used [0x00000000fd880000,0x00000000fd880000,0x0000000100000000)
  to   space 40448K, 0% used [0x00000000fb100000,0x00000000fb100000,0x00000000fd880000)
 ParOldGen       total 172544K, used 38419K [0x00000000c0000000, 0x00000000ca880000, 0x00000000eaa80000)
  object space 172544K, 22% used [0x00000000c0000000,0x00000000c2584f60,0x00000000ca880000)
 PSPermGen       total 111616K, used 49647K [0x00000000b0000000, 0x00000000b6d00000, 0x00000000c0000000)
  object space 111616K, 44% used [0x00000000b0000000,0x00000000b307bf00,0x00000000b6d00000)
}

