# JRE version: OpenJDK Runtime Environment (7.0_95) (build 1.7.0_95-b00)
# Java VM: OpenJDK 64-Bit Server VM (24.95-b01 mixed mode linux-amd64 compressed oops)
Heap
 PSYoungGen      total 303104K, used 256384K [0x00000000eaa80000, 0x0000000100000000, 0x0000000100000000)
  eden space 256512K, 81% used [0x00000000eaa80000,0x00000000f77602b8,0x00000000fa500000)
  from space 46592K, 100% used [0x00000000fa500000,0x00000000fd280000,0x00000000fd280000)
  to   space 46592K, 0% used [0x00000000fd280000,0x00000000fd280000,0x0000000100000000)
 ParOldGen       total 231424K, used 101736K [0x00000000c0000000, 0x00000000ce200000, 0x00000000eaa80000)
  object space 231424K, 43% used [0x00000000c0000000,0x00000000c635a3f0,0x00000000ce200000)
 PSPermGen       total 113152K, used 54246K [0x00000000b0000000, 0x00000000b6e80000, 0x00000000c0000000)
  object space 113152K, 47% used [0x00000000b0000000,0x00000000b34f9ae0,0x00000000b6e80000)
GC Heap History (10 events):
Event: 60,731 GC heap before
{Heap before GC invocations=13 (full 2):
 PSYoungGen      total 307712K, used 271872K [0x00000000eaa80000, 0x0000000100000000, 0x0000000100000000)
  eden space 271872K, 100% used [0x00000000eaa80000,0x00000000fb400000,0x00000000fb400000)
  from space 35840K, 0% used [0x00000000fdd00000,0x00000000fdd00000,0x0000000100000000)
  to   space 38912K, 31% used [0x00000000fb400000,0x00000000fbff5128,0x00000000fda00000)
 ParOldGen       total 161792K, used 93412K [0x00000000c0000000, 0x00000000c9e00000, 0x00000000eaa80000)
  object space 161792K, 57% used [0x00000000c0000000,0x00000000c5b391c0,0x00000000c9e00000)
 PSPermGen       total 102912K, used 51236K [0x00000000b0000000, 0x00000000b6480000, 0x00000000c0000000)
  object space 102912K, 49% used [0x00000000b0000000,0x00000000b32093b0,0x00000000b6480000)
Event: 62,110 GC heap after
Heap after GC invocations=13 (full 2):
 PSYoungGen      total 307712K, used 0K [0x00000000eaa80000, 0x0000000100000000, 0x0000000100000000)
  eden space 271872K, 0% used [0x00000000eaa80000,0x00000000eaa80000,0x00000000fb400000)
  from space 35840K, 0% used [0x00000000fdd00000,0x00000000fdd00000,0x0000000100000000)
  to   space 38912K, 0% used [0x00000000fb400000,0x00000000fb400000,0x00000000fda00000)
 ParOldGen       total 231424K, used 116384K [0x00000000c0000000, 0x00000000ce200000, 0x00000000eaa80000)
  object space 231424K, 50% used [0x00000000c0000000,0x00000000c71a82e8,0x00000000ce200000)
 PSPermGen       total 116224K, used 51234K [0x00000000b0000000, 0x00000000b7180000, 0x00000000c0000000)
  object space 116224K, 44% used [0x00000000b0000000,0x00000000b3208b90,0x00000000b7180000)
}
Event: 109,069 GC heap before
{Heap before GC invocations=14 (full 2):
 PSYoungGen      total 307712K, used 136155K [0x00000000eaa80000, 0x0000000100000000, 0x0000000100000000)
  eden space 271872K, 50% used [0x00000000eaa80000,0x00000000f2f76cf0,0x00000000fb400000)
  from space 35840K, 0% used [0x00000000fdd00000,0x00000000fdd00000,0x0000000100000000)
  to   space 38912K, 0% used [0x00000000fb400000,0x00000000fb400000,0x00000000fda00000)
 ParOldGen       total 231424K, used 116384K [0x00000000c0000000, 0x00000000ce200000, 0x00000000eaa80000)
  object space 231424K, 50% used [0x00000000c0000000,0x00000000c71a82e8,0x00000000ce200000)
 PSPermGen       total 116224K, used 53083K [0x00000000b0000000, 0x00000000b7180000, 0x00000000c0000000)
  object space 116224K, 45% used [0x00000000b0000000,0x00000000b33d6df8,0x00000000b7180000)
Event: 109,099 GC heap after
Heap after GC invocations=14 (full 2):
 PSYoungGen      total 310784K, used 4501K [0x00000000eaa80000, 0x0000000100000000, 0x0000000100000000)
  eden space 271872K, 0% used [0x00000000eaa80000,0x00000000eaa80000,0x00000000fb400000)
  from space 38912K, 11% used [0x00000000fb400000,0x00000000fb865788,0x00000000fda00000)
  to   space 38400K, 0% used [0x00000000fda80000,0x00000000fda80000,0x0000000100000000)
 ParOldGen       total 231424K, used 116384K [0x00000000c0000000, 0x00000000ce200000, 0x00000000eaa80000)
  object space 231424K, 50% used [0x00000000c0000000,0x00000000c71a82e8,0x00000000ce200000)
 PSPermGen       total 116224K, used 53083K [0x00000000b0000000, 0x00000000b7180000, 0x00000000c0000000)
  object space 116224K, 45% used [0x00000000b0000000,0x00000000b33d6df8,0x00000000b7180000)
}
Event: 109,099 GC heap before
{Heap before GC invocations=15 (full 3):
 PSYoungGen      total 310784K, used 4501K [0x00000000eaa80000, 0x0000000100000000, 0x0000000100000000)
  eden space 271872K, 0% used [0x00000000eaa80000,0x00000000eaa80000,0x00000000fb400000)
  from space 38912K, 11% used [0x00000000fb400000,0x00000000fb865788,0x00000000fda00000)
  to   space 38400K, 0% used [0x00000000fda80000,0x00000000fda80000,0x0000000100000000)
 ParOldGen       total 231424K, used 116384K [0x00000000c0000000, 0x00000000ce200000, 0x00000000eaa80000)
  object space 231424K, 50% used [0x00000000c0000000,0x00000000c71a82e8,0x00000000ce200000)
 PSPermGen       total 116224K, used 53083K [0x00000000b0000000, 0x00000000b7180000, 0x00000000c0000000)
  object space 116224K, 45% used [0x00000000b0000000,0x00000000b33d6df8,0x00000000b7180000)
Event: 109,494 GC heap after
Heap after GC invocations=15 (full 3):
 PSYoungGen      total 310784K, used 0K [0x00000000eaa80000, 0x0000000100000000, 0x0000000100000000)
  eden space 271872K, 0% used [0x00000000eaa80000,0x00000000eaa80000,0x00000000fb400000)
  from space 38912K, 0% used [0x00000000fb400000,0x00000000fb400000,0x00000000fda00000)
  to   space 38400K, 0% used [0x00000000fda80000,0x00000000fda80000,0x0000000100000000)
 ParOldGen       total 231424K, used 39409K [0x00000000c0000000, 0x00000000ce200000, 0x00000000eaa80000)
  object space 231424K, 17% used [0x00000000c0000000,0x00000000c267c450,0x00000000ce200000)
 PSPermGen       total 113152K, used 53081K [0x00000000b0000000, 0x00000000b6e80000, 0x00000000c0000000)
  object space 113152K, 46% used [0x00000000b0000000,0x00000000b33d66c0,0x00000000b6e80000)
}
Event: 184,440 GC heap before
{Heap before GC invocations=16 (full 3):
 PSYoungGen      total 310784K, used 271872K [0x00000000eaa80000, 0x0000000100000000, 0x0000000100000000)
  eden space 271872K, 100% used [0x00000000eaa80000,0x00000000fb400000,0x00000000fb400000)
  from space 38912K, 0% used [0x00000000fb400000,0x00000000fb400000,0x00000000fda00000)
  to   space 38400K, 0% used [0x00000000fda80000,0x00000000fda80000,0x0000000100000000)
 ParOldGen       total 231424K, used 39409K [0x00000000c0000000, 0x00000000ce200000, 0x00000000eaa80000)
  object space 231424K, 17% used [0x00000000c0000000,0x00000000c267c450,0x00000000ce200000)
 PSPermGen       total 113152K, used 54178K [0x00000000b0000000, 0x00000000b6e80000, 0x00000000c0000000)
  object space 113152K, 47% used [0x00000000b0000000,0x00000000b34e8a38,0x00000000b6e80000)
Event: 184,507 GC heap after
Heap after GC invocations=16 (full 3):
 PSYoungGen      total 294912K, used 38371K [0x00000000eaa80000, 0x0000000100000000, 0x0000000100000000)
  eden space 256512K, 0% used [0x00000000eaa80000,0x00000000eaa80000,0x00000000fa500000)
  from space 38400K, 99% used [0x00000000fda80000,0x00000000ffff8e28,0x0000000100000000)
  to   space 46592K, 0% used [0x00000000fa500000,0x00000000fa500000,0x00000000fd280000)
 ParOldGen       total 231424K, used 43577K [0x00000000c0000000, 0x00000000ce200000, 0x00000000eaa80000)
  object space 231424K, 18% used [0x00000000c0000000,0x00000000c2a8e6b0,0x00000000ce200000)
 PSPermGen       total 113152K, used 54178K [0x00000000b0000000, 0x00000000b6e80000, 0x00000000c0000000)
  object space 113152K, 47% used [0x00000000b0000000,0x00000000b34e8a38,0x00000000b6e80000)
}
Event: 189,826 GC heap before
{Heap before GC invocations=17 (full 3):
 PSYoungGen      total 294912K, used 294883K [0x00000000eaa80000, 0x0000000100000000, 0x0000000100000000)
  eden space 256512K, 100% used [0x00000000eaa80000,0x00000000fa500000,0x00000000fa500000)
  from space 38400K, 99% used [0x00000000fda80000,0x00000000ffff8e28,0x0000000100000000)
  to   space 46592K, 0% used [0x00000000fa500000,0x00000000fa500000,0x00000000fd280000)
 ParOldGen       total 231424K, used 43577K [0x00000000c0000000, 0x00000000ce200000, 0x00000000eaa80000)
  object space 231424K, 18% used [0x00000000c0000000,0x00000000c2a8e6b0,0x00000000ce200000)
 PSPermGen       total 113152K, used 54242K [0x00000000b0000000, 0x00000000b6e80000, 0x00000000c0000000)
  object space 113152K, 47% used [0x00000000b0000000,0x00000000b34f8a88,0x00000000b6e80000)
Event: 189,941 GC heap after
Heap after GC invocations=17 (full 3):
 PSYoungGen      total 303104K, used 46592K [0x00000000eaa80000, 0x0000000100000000, 0x0000000100000000)
  eden space 256512K, 0% used [0x00000000eaa80000,0x00000000eaa80000,0x00000000fa500000)
  from space 46592K, 100% used [0x00000000fa500000,0x00000000fd280000,0x00000000fd280000)
  to   space 46592K, 0% used [0x00000000fd280000,0x00000000fd280000,0x0000000100000000)
 ParOldGen       total 231424K, used 101736K [0x00000000c0000000, 0x00000000ce200000, 0x00000000eaa80000)
  object space 231424K, 43% used [0x00000000c0000000,0x00000000c635a3f0,0x00000000ce200000)
 PSPermGen       total 113152K, used 54242K [0x00000000b0000000, 0x00000000b6e80000, 0x00000000c0000000)
  object space 113152K, 47% used [0x00000000b0000000,0x00000000b34f8a88,0x00000000b6e80000)
}

