# JRE version: OpenJDK Runtime Environment (7.0_95) (build 1.7.0_95-b00)
# Java VM: OpenJDK 64-Bit Server VM (24.95-b01 mixed mode linux-amd64 compressed oops)
Heap
 PSYoungGen      total 267776K, used 212883K [0x00000000eaa80000, 0x00000000fd680000, 0x0000000100000000)
  eden space 246784K, 77% used [0x00000000eaa80000,0x00000000f65e8320,0x00000000f9b80000)
  from space 20992K, 99% used [0x00000000fb600000,0x00000000fca7cb68,0x00000000fca80000)
  to   space 27136K, 0% used [0x00000000f9b80000,0x00000000f9b80000,0x00000000fb600000)
 ParOldGen       total 83968K, used 30145K [0x00000000c0000000, 0x00000000c5200000, 0x00000000eaa80000)
  object space 83968K, 35% used [0x00000000c0000000,0x00000000c1d70548,0x00000000c5200000)
 PSPermGen       total 47616K, used 47251K [0x00000000b0000000, 0x00000000b2e80000, 0x00000000c0000000)
  object space 47616K, 99% used [0x00000000b0000000,0x00000000b2e24fa8,0x00000000b2e80000)
GC Heap History (10 events):
Event: 9,360 GC heap before
{Heap before GC invocations=4 (full 0):
 PSYoungGen      total 36864K, used 36848K [0x00000000eaa80000, 0x00000000ef280000, 0x0000000100000000)
  eden space 31744K, 100% used [0x00000000eaa80000,0x00000000ec980000,0x00000000ec980000)
  from space 5120K, 99% used [0x00000000ec980000,0x00000000ece7c308,0x00000000ece80000)
  to   space 5120K, 0% used [0x00000000eed80000,0x00000000eed80000,0x00000000ef280000)
 ParOldGen       total 83968K, used 3854K [0x00000000c0000000, 0x00000000c5200000, 0x00000000eaa80000)
  object space 83968K, 4% used [0x00000000c0000000,0x00000000c03c3b98,0x00000000c5200000)
 PSPermGen       total 21504K, used 20378K [0x00000000b0000000, 0x00000000b1500000, 0x00000000c0000000)
  object space 21504K, 94% used [0x00000000b0000000,0x00000000b13e6a38,0x00000000b1500000)
Event: 9,384 GC heap after
Heap after GC invocations=4 (full 0):
 PSYoungGen      total 68608K, used 5088K [0x00000000eaa80000, 0x00000000ef280000, 0x0000000100000000)
  eden space 63488K, 0% used [0x00000000eaa80000,0x00000000eaa80000,0x00000000ee880000)
  from space 5120K, 99% used [0x00000000eed80000,0x00000000ef278040,0x00000000ef280000)
  to   space 5120K, 0% used [0x00000000ee880000,0x00000000ee880000,0x00000000eed80000)
 ParOldGen       total 83968K, used 7513K [0x00000000c0000000, 0x00000000c5200000, 0x00000000eaa80000)
  object space 83968K, 8% used [0x00000000c0000000,0x00000000c0756588,0x00000000c5200000)
 PSPermGen       total 21504K, used 20378K [0x00000000b0000000, 0x00000000b1500000, 0x00000000c0000000)
  object space 21504K, 94% used [0x00000000b0000000,0x00000000b13e6a38,0x00000000b1500000)
}
Event: 12,120 GC heap before
{Heap before GC invocations=5 (full 0):
 PSYoungGen      total 68608K, used 68576K [0x00000000eaa80000, 0x00000000ef280000, 0x0000000100000000)
  eden space 63488K, 100% used [0x00000000eaa80000,0x00000000ee880000,0x00000000ee880000)
  from space 5120K, 99% used [0x00000000eed80000,0x00000000ef278040,0x00000000ef280000)
  to   space 5120K, 0% used [0x00000000ee880000,0x00000000ee880000,0x00000000eed80000)
 ParOldGen       total 83968K, used 7513K [0x00000000c0000000, 0x00000000c5200000, 0x00000000eaa80000)
  object space 83968K, 8% used [0x00000000c0000000,0x00000000c0756588,0x00000000c5200000)
 PSPermGen       total 26624K, used 26391K [0x00000000b0000000, 0x00000000b1a00000, 0x00000000c0000000)
  object space 26624K, 99% used [0x00000000b0000000,0x00000000b19c5db8,0x00000000b1a00000)
Event: 12,160 GC heap after
Heap after GC invocations=5 (full 0):
 PSYoungGen      total 68608K, used 5120K [0x00000000eaa80000, 0x00000000f4080000, 0x0000000100000000)
  eden space 63488K, 0% used [0x00000000eaa80000,0x00000000eaa80000,0x00000000ee880000)
  from space 5120K, 100% used [0x00000000ee880000,0x00000000eed80000,0x00000000eed80000)
  to   space 13312K, 0% used [0x00000000f3380000,0x00000000f3380000,0x00000000f4080000)
 ParOldGen       total 83968K, used 13860K [0x00000000c0000000, 0x00000000c5200000, 0x00000000eaa80000)
  object space 83968K, 16% used [0x00000000c0000000,0x00000000c0d89240,0x00000000c5200000)
 PSPermGen       total 26624K, used 26391K [0x00000000b0000000, 0x00000000b1a00000, 0x00000000c0000000)
  object space 26624K, 99% used [0x00000000b0000000,0x00000000b19c5db8,0x00000000b1a00000)
}
Event: 16,742 GC heap before
{Heap before GC invocations=6 (full 0):
 PSYoungGen      total 68608K, used 68608K [0x00000000eaa80000, 0x00000000f4080000, 0x0000000100000000)
  eden space 63488K, 100% used [0x00000000eaa80000,0x00000000ee880000,0x00000000ee880000)
  from space 5120K, 100% used [0x00000000ee880000,0x00000000eed80000,0x00000000eed80000)
  to   space 13312K, 0% used [0x00000000f3380000,0x00000000f3380000,0x00000000f4080000)
 ParOldGen       total 83968K, used 13860K [0x00000000c0000000, 0x00000000c5200000, 0x00000000eaa80000)
  object space 83968K, 16% used [0x00000000c0000000,0x00000000c0d89240,0x00000000c5200000)
 PSPermGen       total 27648K, used 27637K [0x00000000b0000000, 0x00000000b1b00000, 0x00000000c0000000)
  object space 27648K, 99% used [0x00000000b0000000,0x00000000b1afd6c0,0x00000000b1b00000)
Event: 16,805 GC heap after
Heap after GC invocations=6 (full 0):
 PSYoungGen      total 139776K, used 9468K [0x00000000eaa80000, 0x00000000f4180000, 0x0000000100000000)
  eden space 126464K, 0% used [0x00000000eaa80000,0x00000000eaa80000,0x00000000f2600000)
  from space 13312K, 71% used [0x00000000f3380000,0x00000000f3cbf2a8,0x00000000f4080000)
  to   space 13824K, 0% used [0x00000000f2600000,0x00000000f2600000,0x00000000f3380000)
 ParOldGen       total 83968K, used 13868K [0x00000000c0000000, 0x00000000c5200000, 0x00000000eaa80000)
  object space 83968K, 16% used [0x00000000c0000000,0x00000000c0d8b240,0x00000000c5200000)
 PSPermGen       total 27648K, used 27637K [0x00000000b0000000, 0x00000000b1b00000, 0x00000000c0000000)
  object space 27648K, 99% used [0x00000000b0000000,0x00000000b1afd6c0,0x00000000b1b00000)
}
Event: 23,990 GC heap before
{Heap before GC invocations=7 (full 0):
 PSYoungGen      total 139776K, used 135932K [0x00000000eaa80000, 0x00000000f4180000, 0x0000000100000000)
  eden space 126464K, 100% used [0x00000000eaa80000,0x00000000f2600000,0x00000000f2600000)
  from space 13312K, 71% used [0x00000000f3380000,0x00000000f3cbf2a8,0x00000000f4080000)
  to   space 13824K, 0% used [0x00000000f2600000,0x00000000f2600000,0x00000000f3380000)
 ParOldGen       total 83968K, used 13868K [0x00000000c0000000, 0x00000000c5200000, 0x00000000eaa80000)
  object space 83968K, 16% used [0x00000000c0000000,0x00000000c0d8b240,0x00000000c5200000)
 PSPermGen       total 37888K, used 37394K [0x00000000b0000000, 0x00000000b2500000, 0x00000000c0000000)
  object space 37888K, 98% used [0x00000000b0000000,0x00000000b2484998,0x00000000b2500000)
Event: 24,040 GC heap after
Heap after GC invocations=7 (full 0):
 PSYoungGen      total 140288K, used 13811K [0x00000000eaa80000, 0x00000000fca80000, 0x0000000100000000)
  eden space 126464K, 0% used [0x00000000eaa80000,0x00000000eaa80000,0x00000000f2600000)
  from space 13824K, 99% used [0x00000000f2600000,0x00000000f337cf28,0x00000000f3380000)
  to   space 20992K, 0% used [0x00000000fb600000,0x00000000fb600000,0x00000000fca80000)
 ParOldGen       total 83968K, used 24661K [0x00000000c0000000, 0x00000000c5200000, 0x00000000eaa80000)
  object space 83968K, 29% used [0x00000000c0000000,0x00000000c18156c0,0x00000000c5200000)
 PSPermGen       total 37888K, used 37394K [0x00000000b0000000, 0x00000000b2500000, 0x00000000c0000000)
  object space 37888K, 98% used [0x00000000b0000000,0x00000000b2484998,0x00000000b2500000)
}
Event: 27,476 GC heap before
{Heap before GC invocations=8 (full 0):
 PSYoungGen      total 140288K, used 140275K [0x00000000eaa80000, 0x00000000fca80000, 0x0000000100000000)
  eden space 126464K, 100% used [0x00000000eaa80000,0x00000000f2600000,0x00000000f2600000)
  from space 13824K, 99% used [0x00000000f2600000,0x00000000f337cf28,0x00000000f3380000)
  to   space 20992K, 0% used [0x00000000fb600000,0x00000000fb600000,0x00000000fca80000)
 ParOldGen       total 83968K, used 24661K [0x00000000c0000000, 0x00000000c5200000, 0x00000000eaa80000)
  object space 83968K, 29% used [0x00000000c0000000,0x00000000c18156c0,0x00000000c5200000)
 PSPermGen       total 40448K, used 40073K [0x00000000b0000000, 0x00000000b2780000, 0x00000000c0000000)
  object space 40448K, 99% used [0x00000000b0000000,0x00000000b2722750,0x00000000b2780000)
Event: 27,542 GC heap after
Heap after GC invocations=8 (full 0):
 PSYoungGen      total 267776K, used 20978K [0x00000000eaa80000, 0x00000000fd680000, 0x0000000100000000)
  eden space 246784K, 0% used [0x00000000eaa80000,0x00000000eaa80000,0x00000000f9b80000)
  from space 20992K, 99% used [0x00000000fb600000,0x00000000fca7cb68,0x00000000fca80000)
  to   space 27136K, 0% used [0x00000000f9b80000,0x00000000f9b80000,0x00000000fb600000)
 ParOldGen       total 83968K, used 30145K [0x00000000c0000000, 0x00000000c5200000, 0x00000000eaa80000)
  object space 83968K, 35% used [0x00000000c0000000,0x00000000c1d70548,0x00000000c5200000)
 PSPermGen       total 40448K, used 40073K [0x00000000b0000000, 0x00000000b2780000, 0x00000000c0000000)
  object space 40448K, 99% used [0x00000000b0000000,0x00000000b2722750,0x00000000b2780000)
}

