# JRE version: Java(TM) SE Runtime Environment (8.0_92-b14) (build 1.8.0_92-b14)
# Java VM: Java HotSpot(TM) 64-Bit Server VM (25.92-b14 mixed mode linux-amd64 compressed oops)
Heap:
 PSYoungGen      total 273920K, used 93357K [0x00000000eab00000, 0x00000000ff380000, 0x0000000100000000)
  eden space 215552K, 43% used [0x00000000eab00000,0x00000000f062b5d0,0x00000000f7d80000)
  from space 58368K, 0% used [0x00000000fba80000,0x00000000fba80000,0x00000000ff380000)
  to   space 60416K, 0% used [0x00000000f7d80000,0x00000000f7d80000,0x00000000fb880000)
 ParOldGen       total 240128K, used 39207K [0x00000000c0000000, 0x00000000cea80000, 0x00000000eab00000)
  object space 240128K, 16% used [0x00000000c0000000,0x00000000c2649d40,0x00000000cea80000)
 Metaspace       used 57879K, capacity 59794K, committed 60672K, reserved 1101824K
  class space    used 7592K, capacity 8022K, committed 8192K, reserved 1048576K
GC Heap History (10 events):
Event: 1737,629 GC heap before
{Heap before GC invocations=41 (full 6):
 PSYoungGen      total 278528K, used 209792K [0x00000000eab00000, 0x0000000100000000, 0x0000000100000000)
  eden space 205824K, 100% used [0x00000000eab00000,0x00000000f7400000,0x00000000f7400000)
  from space 72704K, 5% used [0x00000000fb900000,0x00000000fbce0000,0x0000000100000000)
  to   space 70656K, 0% used [0x00000000f7400000,0x00000000f7400000,0x00000000fb900000)
 ParOldGen       total 240128K, used 112665K [0x00000000c0000000, 0x00000000cea80000, 0x00000000eab00000)
  object space 240128K, 46% used [0x00000000c0000000,0x00000000c6e06530,0x00000000cea80000)
 Metaspace       used 58311K, capacity 60186K, committed 60416K, reserved 1101824K
  class space    used 7655K, capacity 8066K, committed 8192K, reserved 1048576K
Event: 1737,651 GC heap after
Heap after GC invocations=41 (full 6):
 PSYoungGen      total 210944K, used 4896K [0x00000000eab00000, 0x00000000ff900000, 0x0000000100000000)
  eden space 205824K, 0% used [0x00000000eab00000,0x00000000eab00000,0x00000000f7400000)
  from space 5120K, 95% used [0x00000000f7400000,0x00000000f78c8000,0x00000000f7900000)
  to   space 68096K, 0% used [0x00000000fb680000,0x00000000fb680000,0x00000000ff900000)
 ParOldGen       total 240128K, used 116625K [0x00000000c0000000, 0x00000000cea80000, 0x00000000eab00000)
  object space 240128K, 48% used [0x00000000c0000000,0x00000000c71e4530,0x00000000cea80000)
 Metaspace       used 58311K, capacity 60186K, committed 60416K, reserved 1101824K
  class space    used 7655K, capacity 8066K, committed 8192K, reserved 1048576K
}
Event: 1737,976 GC heap before
{Heap before GC invocations=42 (full 6):
 PSYoungGen      total 210944K, used 210720K [0x00000000eab00000, 0x00000000ff900000, 0x0000000100000000)
  eden space 205824K, 100% used [0x00000000eab00000,0x00000000f7400000,0x00000000f7400000)
  from space 5120K, 95% used [0x00000000f7400000,0x00000000f78c8000,0x00000000f7900000)
  to   space 68096K, 0% used [0x00000000fb680000,0x00000000fb680000,0x00000000ff900000)
 ParOldGen       total 240128K, used 116625K [0x00000000c0000000, 0x00000000cea80000, 0x00000000eab00000)
  object space 240128K, 48% used [0x00000000c0000000,0x00000000c71e4530,0x00000000cea80000)
 Metaspace       used 58311K, capacity 60186K, committed 60416K, reserved 1101824K
  class space    used 7655K, capacity 8066K, committed 8192K, reserved 1048576K
Event: 1738,012 GC heap after
Heap after GC invocations=42 (full 6):
 PSYoungGen      total 276480K, used 5376K [0x00000000eab00000, 0x0000000100000000, 0x0000000100000000)
  eden space 208384K, 0% used [0x00000000eab00000,0x00000000eab00000,0x00000000f7680000)
  from space 68096K, 7% used [0x00000000fb680000,0x00000000fbbc0000,0x00000000ff900000)
  to   space 65536K, 0% used [0x00000000f7680000,0x00000000f7680000,0x00000000fb680000)
 ParOldGen       total 240128K, used 121481K [0x00000000c0000000, 0x00000000cea80000, 0x00000000eab00000)
  object space 240128K, 50% used [0x00000000c0000000,0x00000000c76a2530,0x00000000cea80000)
 Metaspace       used 58311K, capacity 60186K, committed 60416K, reserved 1101824K
  class space    used 7655K, capacity 8066K, committed 8192K, reserved 1048576K
}
Event: 1738,396 GC heap before
{Heap before GC invocations=43 (full 6):
 PSYoungGen      total 276480K, used 213760K [0x00000000eab00000, 0x0000000100000000, 0x0000000100000000)
  eden space 208384K, 100% used [0x00000000eab00000,0x00000000f7680000,0x00000000f7680000)
  from space 68096K, 7% used [0x00000000fb680000,0x00000000fbbc0000,0x00000000ff900000)
  to   space 65536K, 0% used [0x00000000f7680000,0x00000000f7680000,0x00000000fb680000)
 ParOldGen       total 240128K, used 121481K [0x00000000c0000000, 0x00000000cea80000, 0x00000000eab00000)
  object space 240128K, 50% used [0x00000000c0000000,0x00000000c76a2530,0x00000000cea80000)
 Metaspace       used 58312K, capacity 60186K, committed 60416K, reserved 1101824K
  class space    used 7655K, capacity 8066K, committed 8192K, reserved 1048576K
Event: 1738,445 GC heap after
Heap after GC invocations=43 (full 6):
 PSYoungGen      total 273920K, used 5600K [0x00000000eab00000, 0x00000000ff780000, 0x0000000100000000)
  eden space 208384K, 0% used [0x00000000eab00000,0x00000000eab00000,0x00000000f7680000)
  from space 65536K, 8% used [0x00000000f7680000,0x00000000f7bf8000,0x00000000fb680000)
  to   space 62464K, 0% used [0x00000000fba80000,0x00000000fba80000,0x00000000ff780000)
 ParOldGen       total 240128K, used 126841K [0x00000000c0000000, 0x00000000cea80000, 0x00000000eab00000)
  object space 240128K, 52% used [0x00000000c0000000,0x00000000c7bde530,0x00000000cea80000)
 Metaspace       used 58312K, capacity 60186K, committed 60416K, reserved 1101824K
  class space    used 7655K, capacity 8066K, committed 8192K, reserved 1048576K
}
Event: 1749,410 GC heap before
{Heap before GC invocations=44 (full 6):
 PSYoungGen      total 273920K, used 148760K [0x00000000eab00000, 0x00000000ff780000, 0x0000000100000000)
  eden space 208384K, 68% used [0x00000000eab00000,0x00000000f36ce250,0x00000000f7680000)
  from space 65536K, 8% used [0x00000000f7680000,0x00000000f7bf8000,0x00000000fb680000)
  to   space 62464K, 0% used [0x00000000fba80000,0x00000000fba80000,0x00000000ff780000)
 ParOldGen       total 240128K, used 126841K [0x00000000c0000000, 0x00000000cea80000, 0x00000000eab00000)
  object space 240128K, 52% used [0x00000000c0000000,0x00000000c7bde530,0x00000000cea80000)
 Metaspace       used 58378K, capacity 60250K, committed 60416K, reserved 1101824K
  class space    used 7661K, capacity 8066K, committed 8192K, reserved 1048576K
Event: 1749,466 GC heap after
Heap after GC invocations=44 (full 6):
 PSYoungGen      total 273920K, used 1408K [0x00000000eab00000, 0x00000000ff380000, 0x0000000100000000)
  eden space 215552K, 0% used [0x00000000eab00000,0x00000000eab00000,0x00000000f7d80000)
  from space 58368K, 2% used [0x00000000fba80000,0x00000000fbbe0000,0x00000000ff380000)
  to   space 60416K, 0% used [0x00000000f7d80000,0x00000000f7d80000,0x00000000fb880000)
 ParOldGen       total 240128K, used 130513K [0x00000000c0000000, 0x00000000cea80000, 0x00000000eab00000)
  object space 240128K, 54% used [0x00000000c0000000,0x00000000c7f74530,0x00000000cea80000)
 Metaspace       used 58378K, capacity 60250K, committed 60416K, reserved 1101824K
  class space    used 7661K, capacity 8066K, committed 8192K, reserved 1048576K
}
Event: 1749,466 GC heap before
{Heap before GC invocations=45 (full 7):
 PSYoungGen      total 273920K, used 1408K [0x00000000eab00000, 0x00000000ff380000, 0x0000000100000000)
  eden space 215552K, 0% used [0x00000000eab00000,0x00000000eab00000,0x00000000f7d80000)
  from space 58368K, 2% used [0x00000000fba80000,0x00000000fbbe0000,0x00000000ff380000)
  to   space 60416K, 0% used [0x00000000f7d80000,0x00000000f7d80000,0x00000000fb880000)
 ParOldGen       total 240128K, used 130513K [0x00000000c0000000, 0x00000000cea80000, 0x00000000eab00000)
  object space 240128K, 54% used [0x00000000c0000000,0x00000000c7f74530,0x00000000cea80000)
 Metaspace       used 58378K, capacity 60250K, committed 60416K, reserved 1101824K
  class space    used 7661K, capacity 8066K, committed 8192K, reserved 1048576K
Event: 1750,261 GC heap after
Heap after GC invocations=45 (full 7):
 PSYoungGen      total 273920K, used 0K [0x00000000eab00000, 0x00000000ff380000, 0x0000000100000000)
  eden space 215552K, 0% used [0x00000000eab00000,0x00000000eab00000,0x00000000f7d80000)
  from space 58368K, 0% used [0x00000000fba80000,0x00000000fba80000,0x00000000ff380000)
  to   space 60416K, 0% used [0x00000000f7d80000,0x00000000f7d80000,0x00000000fb880000)
 ParOldGen       total 240128K, used 39207K [0x00000000c0000000, 0x00000000cea80000, 0x00000000eab00000)
  object space 240128K, 16% used [0x00000000c0000000,0x00000000c2649d40,0x00000000cea80000)
 Metaspace       used 57577K, capacity 59426K, committed 60416K, reserved 1101824K
  class space    used 7566K, capacity 7962K, committed 8192K, reserved 1048576K
}

