# JRE version: OpenJDK Runtime Environment (7.0_95) (build 1.7.0_95-b00)
# Java VM: OpenJDK 64-Bit Server VM (24.95-b01 mixed mode linux-amd64 compressed oops)
Heap
 PSYoungGen      total 269312K, used 251743K [0x00000000eaa80000, 0x00000000fd680000, 0x0000000100000000)
  eden space 248320K, 92% used [0x00000000eaa80000,0x00000000f8bdb448,0x00000000f9d00000)
  from space 20992K, 99% used [0x00000000fb700000,0x00000000fcb7cb68,0x00000000fcb80000)
  to   space 26624K, 0% used [0x00000000f9d00000,0x00000000f9d00000,0x00000000fb700000)
 ParOldGen       total 83968K, used 30130K [0x00000000c0000000, 0x00000000c5200000, 0x00000000eaa80000)
  object space 83968K, 35% used [0x00000000c0000000,0x00000000c1d6cac0,0x00000000c5200000)
 PSPermGen       total 48128K, used 47693K [0x00000000b0000000, 0x00000000b2f00000, 0x00000000c0000000)
  object space 48128K, 99% used [0x00000000b0000000,0x00000000b2e93520,0x00000000b2f00000)
GC Heap History (10 events):
Event: 3,673 GC heap before
{Heap before GC invocations=4 (full 0):
 PSYoungGen      total 36864K, used 36848K [0x00000000eaa80000, 0x00000000ef280000, 0x0000000100000000)
  eden space 31744K, 100% used [0x00000000eaa80000,0x00000000ec980000,0x00000000ec980000)
  from space 5120K, 99% used [0x00000000ec980000,0x00000000ece7c2e8,0x00000000ece80000)
  to   space 5120K, 0% used [0x00000000eed80000,0x00000000eed80000,0x00000000ef280000)
 ParOldGen       total 83968K, used 3789K [0x00000000c0000000, 0x00000000c5200000, 0x00000000eaa80000)
  object space 83968K, 4% used [0x00000000c0000000,0x00000000c03b34a0,0x00000000c5200000)
 PSPermGen       total 21504K, used 20379K [0x00000000b0000000, 0x00000000b1500000, 0x00000000c0000000)
  object space 21504K, 94% used [0x00000000b0000000,0x00000000b13e6c48,0x00000000b1500000)
Event: 3,705 GC heap after
Heap after GC invocations=4 (full 0):
 PSYoungGen      total 68608K, used 5088K [0x00000000eaa80000, 0x00000000ef280000, 0x0000000100000000)
  eden space 63488K, 0% used [0x00000000eaa80000,0x00000000eaa80000,0x00000000ee880000)
  from space 5120K, 99% used [0x00000000eed80000,0x00000000ef278040,0x00000000ef280000)
  to   space 5120K, 0% used [0x00000000ee880000,0x00000000ee880000,0x00000000eed80000)
 ParOldGen       total 83968K, used 7464K [0x00000000c0000000, 0x00000000c5200000, 0x00000000eaa80000)
  object space 83968K, 8% used [0x00000000c0000000,0x00000000c074a268,0x00000000c5200000)
 PSPermGen       total 21504K, used 20379K [0x00000000b0000000, 0x00000000b1500000, 0x00000000c0000000)
  object space 21504K, 94% used [0x00000000b0000000,0x00000000b13e6c48,0x00000000b1500000)
}
Event: 5,998 GC heap before
{Heap before GC invocations=5 (full 0):
 PSYoungGen      total 68608K, used 68576K [0x00000000eaa80000, 0x00000000ef280000, 0x0000000100000000)
  eden space 63488K, 100% used [0x00000000eaa80000,0x00000000ee880000,0x00000000ee880000)
  from space 5120K, 99% used [0x00000000eed80000,0x00000000ef278040,0x00000000ef280000)
  to   space 5120K, 0% used [0x00000000ee880000,0x00000000ee880000,0x00000000eed80000)
 ParOldGen       total 83968K, used 7464K [0x00000000c0000000, 0x00000000c5200000, 0x00000000eaa80000)
  object space 83968K, 8% used [0x00000000c0000000,0x00000000c074a268,0x00000000c5200000)
 PSPermGen       total 26624K, used 26379K [0x00000000b0000000, 0x00000000b1a00000, 0x00000000c0000000)
  object space 26624K, 99% used [0x00000000b0000000,0x00000000b19c2c60,0x00000000b1a00000)
Event: 6,042 GC heap after
Heap after GC invocations=5 (full 0):
 PSYoungGen      total 68608K, used 5104K [0x00000000eaa80000, 0x00000000f4080000, 0x0000000100000000)
  eden space 63488K, 0% used [0x00000000eaa80000,0x00000000eaa80000,0x00000000ee880000)
  from space 5120K, 99% used [0x00000000ee880000,0x00000000eed7c010,0x00000000eed80000)
  to   space 13312K, 0% used [0x00000000f3380000,0x00000000f3380000,0x00000000f4080000)
 ParOldGen       total 83968K, used 13692K [0x00000000c0000000, 0x00000000c5200000, 0x00000000eaa80000)
  object space 83968K, 16% used [0x00000000c0000000,0x00000000c0d5f3e0,0x00000000c5200000)
 PSPermGen       total 26624K, used 26379K [0x00000000b0000000, 0x00000000b1a00000, 0x00000000c0000000)
  object space 26624K, 99% used [0x00000000b0000000,0x00000000b19c2c60,0x00000000b1a00000)
}
Event: 9,032 GC heap before
{Heap before GC invocations=6 (full 0):
 PSYoungGen      total 68608K, used 68592K [0x00000000eaa80000, 0x00000000f4080000, 0x0000000100000000)
  eden space 63488K, 100% used [0x00000000eaa80000,0x00000000ee880000,0x00000000ee880000)
  from space 5120K, 99% used [0x00000000ee880000,0x00000000eed7c010,0x00000000eed80000)
  to   space 13312K, 0% used [0x00000000f3380000,0x00000000f3380000,0x00000000f4080000)
 ParOldGen       total 83968K, used 13692K [0x00000000c0000000, 0x00000000c5200000, 0x00000000eaa80000)
  object space 83968K, 16% used [0x00000000c0000000,0x00000000c0d5f3e0,0x00000000c5200000)
 PSPermGen       total 27648K, used 27533K [0x00000000b0000000, 0x00000000b1b00000, 0x00000000c0000000)
  object space 27648K, 99% used [0x00000000b0000000,0x00000000b1ae35e0,0x00000000b1b00000)
Event: 9,076 GC heap after
Heap after GC invocations=6 (full 0):
 PSYoungGen      total 140288K, used 9251K [0x00000000eaa80000, 0x00000000f4080000, 0x0000000100000000)
  eden space 126976K, 0% used [0x00000000eaa80000,0x00000000eaa80000,0x00000000f2680000)
  from space 13312K, 69% used [0x00000000f3380000,0x00000000f3c88df8,0x00000000f4080000)
  to   space 13312K, 0% used [0x00000000f2680000,0x00000000f2680000,0x00000000f3380000)
 ParOldGen       total 83968K, used 13700K [0x00000000c0000000, 0x00000000c5200000, 0x00000000eaa80000)
  object space 83968K, 16% used [0x00000000c0000000,0x00000000c0d613e0,0x00000000c5200000)
 PSPermGen       total 27648K, used 27533K [0x00000000b0000000, 0x00000000b1b00000, 0x00000000c0000000)
  object space 27648K, 99% used [0x00000000b0000000,0x00000000b1ae35e0,0x00000000b1b00000)
}
Event: 12,912 GC heap before
{Heap before GC invocations=7 (full 0):
 PSYoungGen      total 140288K, used 136227K [0x00000000eaa80000, 0x00000000f4080000, 0x0000000100000000)
  eden space 126976K, 100% used [0x00000000eaa80000,0x00000000f2680000,0x00000000f2680000)
  from space 13312K, 69% used [0x00000000f3380000,0x00000000f3c88df8,0x00000000f4080000)
  to   space 13312K, 0% used [0x00000000f2680000,0x00000000f2680000,0x00000000f3380000)
 ParOldGen       total 83968K, used 13700K [0x00000000c0000000, 0x00000000c5200000, 0x00000000eaa80000)
  object space 83968K, 16% used [0x00000000c0000000,0x00000000c0d613e0,0x00000000c5200000)
 PSPermGen       total 37888K, used 37402K [0x00000000b0000000, 0x00000000b2500000, 0x00000000c0000000)
  object space 37888K, 98% used [0x00000000b0000000,0x00000000b24868b8,0x00000000b2500000)
Event: 12,961 GC heap after
Heap after GC invocations=7 (full 0):
 PSYoungGen      total 140288K, used 13299K [0x00000000eaa80000, 0x00000000fcb80000, 0x0000000100000000)
  eden space 126976K, 0% used [0x00000000eaa80000,0x00000000eaa80000,0x00000000f2680000)
  from space 13312K, 99% used [0x00000000f2680000,0x00000000f337cd48,0x00000000f3380000)
  to   space 20992K, 0% used [0x00000000fb700000,0x00000000fb700000,0x00000000fcb80000)
 ParOldGen       total 83968K, used 24854K [0x00000000c0000000, 0x00000000c5200000, 0x00000000eaa80000)
  object space 83968K, 29% used [0x00000000c0000000,0x00000000c18459d0,0x00000000c5200000)
 PSPermGen       total 37888K, used 37402K [0x00000000b0000000, 0x00000000b2500000, 0x00000000c0000000)
  object space 37888K, 98% used [0x00000000b0000000,0x00000000b24868b8,0x00000000b2500000)
}
Event: 16,441 GC heap before
{Heap before GC invocations=8 (full 0):
 PSYoungGen      total 140288K, used 140275K [0x00000000eaa80000, 0x00000000fcb80000, 0x0000000100000000)
  eden space 126976K, 100% used [0x00000000eaa80000,0x00000000f2680000,0x00000000f2680000)
  from space 13312K, 99% used [0x00000000f2680000,0x00000000f337cd48,0x00000000f3380000)
  to   space 20992K, 0% used [0x00000000fb700000,0x00000000fb700000,0x00000000fcb80000)
 ParOldGen       total 83968K, used 24854K [0x00000000c0000000, 0x00000000c5200000, 0x00000000eaa80000)
  object space 83968K, 29% used [0x00000000c0000000,0x00000000c18459d0,0x00000000c5200000)
 PSPermGen       total 40448K, used 40196K [0x00000000b0000000, 0x00000000b2780000, 0x00000000c0000000)
  object space 40448K, 99% used [0x00000000b0000000,0x00000000b2741060,0x00000000b2780000)
Event: 16,510 GC heap after
Heap after GC invocations=8 (full 0):
 PSYoungGen      total 269312K, used 20978K [0x00000000eaa80000, 0x00000000fd680000, 0x0000000100000000)
  eden space 248320K, 0% used [0x00000000eaa80000,0x00000000eaa80000,0x00000000f9d00000)
  from space 20992K, 99% used [0x00000000fb700000,0x00000000fcb7cb68,0x00000000fcb80000)
  to   space 26624K, 0% used [0x00000000f9d00000,0x00000000f9d00000,0x00000000fb700000)
 ParOldGen       total 83968K, used 30130K [0x00000000c0000000, 0x00000000c5200000, 0x00000000eaa80000)
  object space 83968K, 35% used [0x00000000c0000000,0x00000000c1d6cac0,0x00000000c5200000)
 PSPermGen       total 40448K, used 40196K [0x00000000b0000000, 0x00000000b2780000, 0x00000000c0000000)
  object space 40448K, 99% used [0x00000000b0000000,0x00000000b2741060,0x00000000b2780000)
}

