# JRE version: OpenJDK Runtime Environment (7.0_95) (build 1.7.0_95-b00)
# Java VM: OpenJDK 64-Bit Server VM (24.95-b01 mixed mode linux-amd64 compressed oops)
Heap
 PSYoungGen      total 101888K, used 37151K [0x00000000eaa80000, 0x00000000f8b80000, 0x0000000100000000)
  eden space 99840K, 37% used [0x00000000eaa80000,0x00000000ecec7e88,0x00000000f0c00000)
  from space 2048K, 0% used [0x00000000f8980000,0x00000000f8980000,0x00000000f8b80000)
  to   space 26624K, 0% used [0x00000000f5780000,0x00000000f5780000,0x00000000f7180000)
 ParOldGen       total 83968K, used 35377K [0x00000000c0000000, 0x00000000c5200000, 0x00000000eaa80000)
  object space 83968K, 42% used [0x00000000c0000000,0x00000000c228c738,0x00000000c5200000)
 PSPermGen       total 98304K, used 46751K [0x00000000b0000000, 0x00000000b6000000, 0x00000000c0000000)
  object space 98304K, 47% used [0x00000000b0000000,0x00000000b2da7d70,0x00000000b6000000)
GC Heap History (10 events):
Event: 25,872 GC heap before
{Heap before GC invocations=10 (full 1):
 PSYoungGen      total 132096K, used 22482K [0x00000000eaa80000, 0x00000000fbd80000, 0x0000000100000000)
  eden space 107520K, 0% used [0x00000000eaa80000,0x00000000eaa80000,0x00000000f1380000)
  from space 24576K, 91% used [0x00000000f1380000,0x00000000f2974ab8,0x00000000f2b80000)
  to   space 27648K, 0% used [0x00000000fa280000,0x00000000fa280000,0x00000000fbd80000)
 ParOldGen       total 83968K, used 31402K [0x00000000c0000000, 0x00000000c5200000, 0x00000000eaa80000)
  object space 83968K, 37% used [0x00000000c0000000,0x00000000c1eaaa60,0x00000000c5200000)
 PSPermGen       total 42496K, used 42354K [0x00000000b0000000, 0x00000000b2980000, 0x00000000c0000000)
  object space 42496K, 99% used [0x00000000b0000000,0x00000000b295c870,0x00000000b2980000)
Event: 26,253 GC heap after
Heap after GC invocations=10 (full 1):
 PSYoungGen      total 132096K, used 0K [0x00000000eaa80000, 0x00000000fbd80000, 0x0000000100000000)
  eden space 107520K, 0% used [0x00000000eaa80000,0x00000000eaa80000,0x00000000f1380000)
  from space 24576K, 0% used [0x00000000f1380000,0x00000000f1380000,0x00000000f2b80000)
  to   space 27648K, 0% used [0x00000000fa280000,0x00000000fa280000,0x00000000fbd80000)
 ParOldGen       total 83968K, used 34845K [0x00000000c0000000, 0x00000000c5200000, 0x00000000eaa80000)
  object space 83968K, 41% used [0x00000000c0000000,0x00000000c2207690,0x00000000c5200000)
 PSPermGen       total 84992K, used 42332K [0x00000000b0000000, 0x00000000b5300000, 0x00000000c0000000)
  object space 84992K, 49% used [0x00000000b0000000,0x00000000b2957330,0x00000000b5300000)
}
Event: 1670,876 GC heap before
{Heap before GC invocations=11 (full 1):
 PSYoungGen      total 132096K, used 107520K [0x00000000eaa80000, 0x00000000fbd80000, 0x0000000100000000)
  eden space 107520K, 100% used [0x00000000eaa80000,0x00000000f1380000,0x00000000f1380000)
  from space 24576K, 0% used [0x00000000f1380000,0x00000000f1380000,0x00000000f2b80000)
  to   space 27648K, 0% used [0x00000000fa280000,0x00000000fa280000,0x00000000fbd80000)
 ParOldGen       total 83968K, used 34845K [0x00000000c0000000, 0x00000000c5200000, 0x00000000eaa80000)
  object space 83968K, 41% used [0x00000000c0000000,0x00000000c2207690,0x00000000c5200000)
 PSPermGen       total 84992K, used 42594K [0x00000000b0000000, 0x00000000b5300000, 0x00000000c0000000)
  object space 84992K, 50% used [0x00000000b0000000,0x00000000b2998bd8,0x00000000b5300000)
Event: 1670,887 GC heap after
Heap after GC invocations=11 (full 1):
 PSYoungGen      total 109056K, used 5356K [0x00000000eaa80000, 0x00000000fa800000, 0x0000000100000000)
  eden space 103424K, 0% used [0x00000000eaa80000,0x00000000eaa80000,0x00000000f0f80000)
  from space 5632K, 95% used [0x00000000fa280000,0x00000000fa7bb0b8,0x00000000fa800000)
  to   space 27648K, 0% used [0x00000000f7200000,0x00000000f7200000,0x00000000f8d00000)
 ParOldGen       total 83968K, used 34845K [0x00000000c0000000, 0x00000000c5200000, 0x00000000eaa80000)
  object space 83968K, 41% used [0x00000000c0000000,0x00000000c2207690,0x00000000c5200000)
 PSPermGen       total 84992K, used 42594K [0x00000000b0000000, 0x00000000b5300000, 0x00000000c0000000)
  object space 84992K, 50% used [0x00000000b0000000,0x00000000b2998bd8,0x00000000b5300000)
}
Event: 1672,811 GC heap before
{Heap before GC invocations=12 (full 1):
 PSYoungGen      total 109056K, used 108780K [0x00000000eaa80000, 0x00000000fa800000, 0x0000000100000000)
  eden space 103424K, 100% used [0x00000000eaa80000,0x00000000f0f80000,0x00000000f0f80000)
  from space 5632K, 95% used [0x00000000fa280000,0x00000000fa7bb0b8,0x00000000fa800000)
  to   space 27648K, 0% used [0x00000000f7200000,0x00000000f7200000,0x00000000f8d00000)
 ParOldGen       total 83968K, used 34845K [0x00000000c0000000, 0x00000000c5200000, 0x00000000eaa80000)
  object space 83968K, 41% used [0x00000000c0000000,0x00000000c2207690,0x00000000c5200000)
 PSPermGen       total 84992K, used 46322K [0x00000000b0000000, 0x00000000b5300000, 0x00000000c0000000)
  object space 84992K, 54% used [0x00000000b0000000,0x00000000b2d3c838,0x00000000b5300000)
Event: 1672,839 GC heap after
Heap after GC invocations=12 (full 1):
 PSYoungGen      total 112640K, used 12448K [0x00000000eaa80000, 0x00000000fa300000, 0x0000000100000000)
  eden space 99840K, 0% used [0x00000000eaa80000,0x00000000eaa80000,0x00000000f0c00000)
  from space 12800K, 97% used [0x00000000f7200000,0x00000000f7e28190,0x00000000f7e80000)
  to   space 26112K, 0% used [0x00000000f8980000,0x00000000f8980000,0x00000000fa300000)
 ParOldGen       total 83968K, used 38972K [0x00000000c0000000, 0x00000000c5200000, 0x00000000eaa80000)
  object space 83968K, 46% used [0x00000000c0000000,0x00000000c260f3f0,0x00000000c5200000)
 PSPermGen       total 84992K, used 46322K [0x00000000b0000000, 0x00000000b5300000, 0x00000000c0000000)
  object space 84992K, 54% used [0x00000000b0000000,0x00000000b2d3c838,0x00000000b5300000)
}
Event: 1673,762 GC heap before
{Heap before GC invocations=13 (full 1):
 PSYoungGen      total 112640K, used 65153K [0x00000000eaa80000, 0x00000000fa300000, 0x0000000100000000)
  eden space 99840K, 52% used [0x00000000eaa80000,0x00000000eddf84e0,0x00000000f0c00000)
  from space 12800K, 97% used [0x00000000f7200000,0x00000000f7e28190,0x00000000f7e80000)
  to   space 26112K, 0% used [0x00000000f8980000,0x00000000f8980000,0x00000000fa300000)
 ParOldGen       total 83968K, used 38972K [0x00000000c0000000, 0x00000000c5200000, 0x00000000eaa80000)
  object space 83968K, 46% used [0x00000000c0000000,0x00000000c260f3f0,0x00000000c5200000)
 PSPermGen       total 84992K, used 47557K [0x00000000b0000000, 0x00000000b5300000, 0x00000000c0000000)
  object space 84992K, 55% used [0x00000000b0000000,0x00000000b2e71620,0x00000000b5300000)
Event: 1673,782 GC heap after
Heap after GC invocations=13 (full 1):
 PSYoungGen      total 101888K, used 1677K [0x00000000eaa80000, 0x00000000f8b80000, 0x0000000100000000)
  eden space 99840K, 0% used [0x00000000eaa80000,0x00000000eaa80000,0x00000000f0c00000)
  from space 2048K, 81% used [0x00000000f8980000,0x00000000f8b23460,0x00000000f8b80000)
  to   space 26624K, 0% used [0x00000000f5780000,0x00000000f5780000,0x00000000f7180000)
 ParOldGen       total 83968K, used 46110K [0x00000000c0000000, 0x00000000c5200000, 0x00000000eaa80000)
  object space 83968K, 54% used [0x00000000c0000000,0x00000000c2d07930,0x00000000c5200000)
 PSPermGen       total 84992K, used 47557K [0x00000000b0000000, 0x00000000b5300000, 0x00000000c0000000)
  object space 84992K, 55% used [0x00000000b0000000,0x00000000b2e71620,0x00000000b5300000)
}
Event: 1673,782 GC heap before
{Heap before GC invocations=14 (full 2):
 PSYoungGen      total 101888K, used 1677K [0x00000000eaa80000, 0x00000000f8b80000, 0x0000000100000000)
  eden space 99840K, 0% used [0x00000000eaa80000,0x00000000eaa80000,0x00000000f0c00000)
  from space 2048K, 81% used [0x00000000f8980000,0x00000000f8b23460,0x00000000f8b80000)
  to   space 26624K, 0% used [0x00000000f5780000,0x00000000f5780000,0x00000000f7180000)
 ParOldGen       total 83968K, used 46110K [0x00000000c0000000, 0x00000000c5200000, 0x00000000eaa80000)
  object space 83968K, 54% used [0x00000000c0000000,0x00000000c2d07930,0x00000000c5200000)
 PSPermGen       total 84992K, used 47557K [0x00000000b0000000, 0x00000000b5300000, 0x00000000c0000000)
  object space 84992K, 55% used [0x00000000b0000000,0x00000000b2e71620,0x00000000b5300000)
Event: 1674,121 GC heap after
Heap after GC invocations=14 (full 2):
 PSYoungGen      total 101888K, used 0K [0x00000000eaa80000, 0x00000000f8b80000, 0x0000000100000000)
  eden space 99840K, 0% used [0x00000000eaa80000,0x00000000eaa80000,0x00000000f0c00000)
  from space 2048K, 0% used [0x00000000f8980000,0x00000000f8980000,0x00000000f8b80000)
  to   space 26624K, 0% used [0x00000000f5780000,0x00000000f5780000,0x00000000f7180000)
 ParOldGen       total 83968K, used 35377K [0x00000000c0000000, 0x00000000c5200000, 0x00000000eaa80000)
  object space 83968K, 42% used [0x00000000c0000000,0x00000000c228c738,0x00000000c5200000)
 PSPermGen       total 98304K, used 46481K [0x00000000b0000000, 0x00000000b6000000, 0x00000000c0000000)
  object space 98304K, 47% used [0x00000000b0000000,0x00000000b2d644c0,0x00000000b6000000)
}

