# JRE version: OpenJDK Runtime Environment (7.0_95) (build 1.7.0_95-b00)
# Java VM: OpenJDK 64-Bit Server VM (24.95-b01 mixed mode linux-amd64 compressed oops)
Heap
 PSYoungGen      total 210432K, used 156270K [0x00000000eaa80000, 0x00000000f9800000, 0x0000000100000000)
  eden space 188416K, 71% used [0x00000000eaa80000,0x00000000f2da3000,0x00000000f6280000)
  from space 22016K, 99% used [0x00000000f8280000,0x00000000f97f88e8,0x00000000f9800000)
  to   space 25600K, 0% used [0x00000000f6600000,0x00000000f6600000,0x00000000f7f00000)
 ParOldGen       total 83968K, used 37313K [0x00000000c0000000, 0x00000000c5200000, 0x00000000eaa80000)
  object space 83968K, 44% used [0x00000000c0000000,0x00000000c2470620,0x00000000c5200000)
 PSPermGen       total 88064K, used 49526K [0x00000000b0000000, 0x00000000b5600000, 0x00000000c0000000)
  object space 88064K, 56% used [0x00000000b0000000,0x00000000b305d978,0x00000000b5600000)
GC Heap History (10 events):
Event: 25,237 GC heap before
{Heap before GC invocations=9 (full 0):
 PSYoungGen      total 135680K, used 135668K [0x00000000eaa80000, 0x00000000f4180000, 0x0000000100000000)
  eden space 124416K, 100% used [0x00000000eaa80000,0x00000000f2400000,0x00000000f2400000)
  from space 11264K, 99% used [0x00000000f3180000,0x00000000f3c7d3c0,0x00000000f3c80000)
  to   space 13824K, 0% used [0x00000000f2400000,0x00000000f2400000,0x00000000f3180000)
 ParOldGen       total 83968K, used 15407K [0x00000000c0000000, 0x00000000c5200000, 0x00000000eaa80000)
  object space 83968K, 18% used [0x00000000c0000000,0x00000000c0f0bca8,0x00000000c5200000)
 PSPermGen       total 38912K, used 38861K [0x00000000b0000000, 0x00000000b2600000, 0x00000000c0000000)
  object space 38912K, 99% used [0x00000000b0000000,0x00000000b25f34a8,0x00000000b2600000)
Event: 25,277 GC heap after
Heap after GC invocations=9 (full 0):
 PSYoungGen      total 138240K, used 13810K [0x00000000eaa80000, 0x00000000f9300000, 0x0000000100000000)
  eden space 124416K, 0% used [0x00000000eaa80000,0x00000000eaa80000,0x00000000f2400000)
  from space 13824K, 99% used [0x00000000f2400000,0x00000000f317cb68,0x00000000f3180000)
  to   space 19456K, 0% used [0x00000000f8000000,0x00000000f8000000,0x00000000f9300000)
 ParOldGen       total 83968K, used 25179K [0x00000000c0000000, 0x00000000c5200000, 0x00000000eaa80000)
  object space 83968K, 29% used [0x00000000c0000000,0x00000000c1896e08,0x00000000c5200000)
 PSPermGen       total 38912K, used 38861K [0x00000000b0000000, 0x00000000b2600000, 0x00000000c0000000)
  object space 38912K, 99% used [0x00000000b0000000,0x00000000b25f34a8,0x00000000b2600000)
}
Event: 28,939 GC heap before
{Heap before GC invocations=10 (full 0):
 PSYoungGen      total 138240K, used 138226K [0x00000000eaa80000, 0x00000000f9300000, 0x0000000100000000)
  eden space 124416K, 100% used [0x00000000eaa80000,0x00000000f2400000,0x00000000f2400000)
  from space 13824K, 99% used [0x00000000f2400000,0x00000000f317cb68,0x00000000f3180000)
  to   space 19456K, 0% used [0x00000000f8000000,0x00000000f8000000,0x00000000f9300000)
 ParOldGen       total 83968K, used 25179K [0x00000000c0000000, 0x00000000c5200000, 0x00000000eaa80000)
  object space 83968K, 29% used [0x00000000c0000000,0x00000000c1896e08,0x00000000c5200000)
 PSPermGen       total 42496K, used 42367K [0x00000000b0000000, 0x00000000b2980000, 0x00000000c0000000)
  object space 42496K, 99% used [0x00000000b0000000,0x00000000b295fce0,0x00000000b2980000)
Event: 28,992 GC heap after
Heap after GC invocations=10 (full 0):
 PSYoungGen      total 216064K, used 18699K [0x00000000eaa80000, 0x00000000f9800000, 0x0000000100000000)
  eden space 196608K, 0% used [0x00000000eaa80000,0x00000000eaa80000,0x00000000f6a80000)
  from space 19456K, 96% used [0x00000000f8000000,0x00000000f9242e18,0x00000000f9300000)
  to   space 22016K, 0% used [0x00000000f6a80000,0x00000000f6a80000,0x00000000f8000000)
 ParOldGen       total 83968K, used 30495K [0x00000000c0000000, 0x00000000c5200000, 0x00000000eaa80000)
  object space 83968K, 36% used [0x00000000c0000000,0x00000000c1dc7fb0,0x00000000c5200000)
 PSPermGen       total 42496K, used 42367K [0x00000000b0000000, 0x00000000b2980000, 0x00000000c0000000)
  object space 42496K, 99% used [0x00000000b0000000,0x00000000b295fce0,0x00000000b2980000)
}
Event: 71,512 GC heap before
{Heap before GC invocations=11 (full 0):
 PSYoungGen      total 216064K, used 85834K [0x00000000eaa80000, 0x00000000f9800000, 0x0000000100000000)
  eden space 196608K, 34% used [0x00000000eaa80000,0x00000000eec0fba8,0x00000000f6a80000)
  from space 19456K, 96% used [0x00000000f8000000,0x00000000f9242e18,0x00000000f9300000)
  to   space 22016K, 0% used [0x00000000f6a80000,0x00000000f6a80000,0x00000000f8000000)
 ParOldGen       total 83968K, used 30495K [0x00000000c0000000, 0x00000000c5200000, 0x00000000eaa80000)
  object space 83968K, 36% used [0x00000000c0000000,0x00000000c1dc7fb0,0x00000000c5200000)
 PSPermGen       total 44032K, used 43919K [0x00000000b0000000, 0x00000000b2b00000, 0x00000000c0000000)
  object space 44032K, 99% used [0x00000000b0000000,0x00000000b2ae3fd0,0x00000000b2b00000)
Event: 71,548 GC heap after
Heap after GC invocations=11 (full 0):
 PSYoungGen      total 218624K, used 3969K [0x00000000eaa80000, 0x00000000f9800000, 0x0000000100000000)
  eden space 196608K, 0% used [0x00000000eaa80000,0x00000000eaa80000,0x00000000f6a80000)
  from space 22016K, 18% used [0x00000000f6a80000,0x00000000f6e606c0,0x00000000f8000000)
  to   space 22016K, 0% used [0x00000000f8280000,0x00000000f8280000,0x00000000f9800000)
 ParOldGen       total 83968K, used 46001K [0x00000000c0000000, 0x00000000c5200000, 0x00000000eaa80000)
  object space 83968K, 54% used [0x00000000c0000000,0x00000000c2cec438,0x00000000c5200000)
 PSPermGen       total 44032K, used 43919K [0x00000000b0000000, 0x00000000b2b00000, 0x00000000c0000000)
  object space 44032K, 99% used [0x00000000b0000000,0x00000000b2ae3fd0,0x00000000b2b00000)
}
Event: 71,548 GC heap before
{Heap before GC invocations=12 (full 1):
 PSYoungGen      total 218624K, used 3969K [0x00000000eaa80000, 0x00000000f9800000, 0x0000000100000000)
  eden space 196608K, 0% used [0x00000000eaa80000,0x00000000eaa80000,0x00000000f6a80000)
  from space 22016K, 18% used [0x00000000f6a80000,0x00000000f6e606c0,0x00000000f8000000)
  to   space 22016K, 0% used [0x00000000f8280000,0x00000000f8280000,0x00000000f9800000)
 ParOldGen       total 83968K, used 46001K [0x00000000c0000000, 0x00000000c5200000, 0x00000000eaa80000)
  object space 83968K, 54% used [0x00000000c0000000,0x00000000c2cec438,0x00000000c5200000)
 PSPermGen       total 44032K, used 43919K [0x00000000b0000000, 0x00000000b2b00000, 0x00000000c0000000)
  object space 44032K, 99% used [0x00000000b0000000,0x00000000b2ae3fd0,0x00000000b2b00000)
Event: 71,958 GC heap after
Heap after GC invocations=12 (full 1):
 PSYoungGen      total 218624K, used 0K [0x00000000eaa80000, 0x00000000f9800000, 0x0000000100000000)
  eden space 196608K, 0% used [0x00000000eaa80000,0x00000000eaa80000,0x00000000f6a80000)
  from space 22016K, 0% used [0x00000000f6a80000,0x00000000f6a80000,0x00000000f8000000)
  to   space 22016K, 0% used [0x00000000f8280000,0x00000000f8280000,0x00000000f9800000)
 ParOldGen       total 83968K, used 36522K [0x00000000c0000000, 0x00000000c5200000, 0x00000000eaa80000)
  object space 83968K, 43% used [0x00000000c0000000,0x00000000c23aa978,0x00000000c5200000)
 PSPermGen       total 88064K, used 43897K [0x00000000b0000000, 0x00000000b5600000, 0x00000000c0000000)
  object space 88064K, 49% used [0x00000000b0000000,0x00000000b2ade690,0x00000000b5600000)
}
Event: 229,430 GC heap before
{Heap before GC invocations=13 (full 1):
 PSYoungGen      total 218624K, used 196608K [0x00000000eaa80000, 0x00000000f9800000, 0x0000000100000000)
  eden space 196608K, 100% used [0x00000000eaa80000,0x00000000f6a80000,0x00000000f6a80000)
  from space 22016K, 0% used [0x00000000f6a80000,0x00000000f6a80000,0x00000000f8000000)
  to   space 22016K, 0% used [0x00000000f8280000,0x00000000f8280000,0x00000000f9800000)
 ParOldGen       total 83968K, used 36522K [0x00000000c0000000, 0x00000000c5200000, 0x00000000eaa80000)
  object space 83968K, 43% used [0x00000000c0000000,0x00000000c23aa978,0x00000000c5200000)
 PSPermGen       total 88064K, used 47624K [0x00000000b0000000, 0x00000000b5600000, 0x00000000c0000000)
  object space 88064K, 54% used [0x00000000b0000000,0x00000000b2e82260,0x00000000b5600000)
Event: 229,459 GC heap after
Heap after GC invocations=13 (full 1):
 PSYoungGen      total 210432K, used 21986K [0x00000000eaa80000, 0x00000000f9800000, 0x0000000100000000)
  eden space 188416K, 0% used [0x00000000eaa80000,0x00000000eaa80000,0x00000000f6280000)
  from space 22016K, 99% used [0x00000000f8280000,0x00000000f97f88e8,0x00000000f9800000)
  to   space 25600K, 0% used [0x00000000f6600000,0x00000000f6600000,0x00000000f7f00000)
 ParOldGen       total 83968K, used 37313K [0x00000000c0000000, 0x00000000c5200000, 0x00000000eaa80000)
  object space 83968K, 44% used [0x00000000c0000000,0x00000000c2470620,0x00000000c5200000)
 PSPermGen       total 88064K, used 47624K [0x00000000b0000000, 0x00000000b5600000, 0x00000000c0000000)
  object space 88064K, 54% used [0x00000000b0000000,0x00000000b2e82260,0x00000000b5600000)
}

