# JRE version: OpenJDK Runtime Environment (7.0_95) (build 1.7.0_95-b00)
# Java VM: OpenJDK 64-Bit Server VM (24.95-b01 mixed mode linux-amd64 compressed oops)
Heap
 PSYoungGen      total 269312K, used 100345K [0x00000000eaa80000, 0x00000000fd680000, 0x0000000100000000)
  eden space 248320K, 31% used [0x00000000eaa80000,0x00000000ef801a68,0x00000000f9d00000)
  from space 20992K, 99% used [0x00000000fb700000,0x00000000fcb7cb68,0x00000000fcb80000)
  to   space 26624K, 0% used [0x00000000f9d00000,0x00000000f9d00000,0x00000000fb700000)
 ParOldGen       total 83968K, used 29524K [0x00000000c0000000, 0x00000000c5200000, 0x00000000eaa80000)
  object space 83968K, 35% used [0x00000000c0000000,0x00000000c1cd5030,0x00000000c5200000)
 PSPermGen       total 41984K, used 41476K [0x00000000b0000000, 0x00000000b2900000, 0x00000000c0000000)
  object space 41984K, 98% used [0x00000000b0000000,0x00000000b28812e0,0x00000000b2900000)
GC Heap History (10 events):
Event: 10,534 GC heap before
{Heap before GC invocations=4 (full 0):
 PSYoungGen      total 36864K, used 36832K [0x00000000eaa80000, 0x00000000ef280000, 0x0000000100000000)
  eden space 31744K, 100% used [0x00000000eaa80000,0x00000000ec980000,0x00000000ec980000)
  from space 5120K, 99% used [0x00000000ec980000,0x00000000ece782d8,0x00000000ece80000)
  to   space 5120K, 0% used [0x00000000eed80000,0x00000000eed80000,0x00000000ef280000)
 ParOldGen       total 83968K, used 3759K [0x00000000c0000000, 0x00000000c5200000, 0x00000000eaa80000)
  object space 83968K, 4% used [0x00000000c0000000,0x00000000c03abf00,0x00000000c5200000)
 PSPermGen       total 21504K, used 20362K [0x00000000b0000000, 0x00000000b1500000, 0x00000000c0000000)
  object space 21504K, 94% used [0x00000000b0000000,0x00000000b13e2880,0x00000000b1500000)
Event: 10,572 GC heap after
Heap after GC invocations=4 (full 0):
 PSYoungGen      total 68608K, used 5104K [0x00000000eaa80000, 0x00000000ef280000, 0x0000000100000000)
  eden space 63488K, 0% used [0x00000000eaa80000,0x00000000eaa80000,0x00000000ee880000)
  from space 5120K, 99% used [0x00000000eed80000,0x00000000ef27c030,0x00000000ef280000)
  to   space 5120K, 0% used [0x00000000ee880000,0x00000000ee880000,0x00000000eed80000)
 ParOldGen       total 83968K, used 7445K [0x00000000c0000000, 0x00000000c5200000, 0x00000000eaa80000)
  object space 83968K, 8% used [0x00000000c0000000,0x00000000c07456f0,0x00000000c5200000)
 PSPermGen       total 21504K, used 20362K [0x00000000b0000000, 0x00000000b1500000, 0x00000000c0000000)
  object space 21504K, 94% used [0x00000000b0000000,0x00000000b13e2880,0x00000000b1500000)
}
Event: 13,656 GC heap before
{Heap before GC invocations=5 (full 0):
 PSYoungGen      total 68608K, used 68592K [0x00000000eaa80000, 0x00000000ef280000, 0x0000000100000000)
  eden space 63488K, 100% used [0x00000000eaa80000,0x00000000ee880000,0x00000000ee880000)
  from space 5120K, 99% used [0x00000000eed80000,0x00000000ef27c030,0x00000000ef280000)
  to   space 5120K, 0% used [0x00000000ee880000,0x00000000ee880000,0x00000000eed80000)
 ParOldGen       total 83968K, used 7445K [0x00000000c0000000, 0x00000000c5200000, 0x00000000eaa80000)
  object space 83968K, 8% used [0x00000000c0000000,0x00000000c07456f0,0x00000000c5200000)
 PSPermGen       total 26624K, used 26375K [0x00000000b0000000, 0x00000000b1a00000, 0x00000000c0000000)
  object space 26624K, 99% used [0x00000000b0000000,0x00000000b19c1d70,0x00000000b1a00000)
Event: 13,713 GC heap after
Heap after GC invocations=5 (full 0):
 PSYoungGen      total 68608K, used 5120K [0x00000000eaa80000, 0x00000000f4080000, 0x0000000100000000)
  eden space 63488K, 0% used [0x00000000eaa80000,0x00000000eaa80000,0x00000000ee880000)
  from space 5120K, 100% used [0x00000000ee880000,0x00000000eed80000,0x00000000eed80000)
  to   space 13312K, 0% used [0x00000000f3380000,0x00000000f3380000,0x00000000f4080000)
 ParOldGen       total 83968K, used 13732K [0x00000000c0000000, 0x00000000c5200000, 0x00000000eaa80000)
  object space 83968K, 16% used [0x00000000c0000000,0x00000000c0d692c0,0x00000000c5200000)
 PSPermGen       total 26624K, used 26375K [0x00000000b0000000, 0x00000000b1a00000, 0x00000000c0000000)
  object space 26624K, 99% used [0x00000000b0000000,0x00000000b19c1d70,0x00000000b1a00000)
}
Event: 19,108 GC heap before
{Heap before GC invocations=6 (full 0):
 PSYoungGen      total 68608K, used 68608K [0x00000000eaa80000, 0x00000000f4080000, 0x0000000100000000)
  eden space 63488K, 100% used [0x00000000eaa80000,0x00000000ee880000,0x00000000ee880000)
  from space 5120K, 100% used [0x00000000ee880000,0x00000000eed80000,0x00000000eed80000)
  to   space 13312K, 0% used [0x00000000f3380000,0x00000000f3380000,0x00000000f4080000)
 ParOldGen       total 83968K, used 13732K [0x00000000c0000000, 0x00000000c5200000, 0x00000000eaa80000)
  object space 83968K, 16% used [0x00000000c0000000,0x00000000c0d692c0,0x00000000c5200000)
 PSPermGen       total 27648K, used 27548K [0x00000000b0000000, 0x00000000b1b00000, 0x00000000c0000000)
  object space 27648K, 99% used [0x00000000b0000000,0x00000000b1ae7250,0x00000000b1b00000)
Event: 19,139 GC heap after
Heap after GC invocations=6 (full 0):
 PSYoungGen      total 140288K, used 9302K [0x00000000eaa80000, 0x00000000f4080000, 0x0000000100000000)
  eden space 126976K, 0% used [0x00000000eaa80000,0x00000000eaa80000,0x00000000f2680000)
  from space 13312K, 69% used [0x00000000f3380000,0x00000000f3c95bc8,0x00000000f4080000)
  to   space 13312K, 0% used [0x00000000f2680000,0x00000000f2680000,0x00000000f3380000)
 ParOldGen       total 83968K, used 13740K [0x00000000c0000000, 0x00000000c5200000, 0x00000000eaa80000)
  object space 83968K, 16% used [0x00000000c0000000,0x00000000c0d6b2c0,0x00000000c5200000)
 PSPermGen       total 27648K, used 27548K [0x00000000b0000000, 0x00000000b1b00000, 0x00000000c0000000)
  object space 27648K, 99% used [0x00000000b0000000,0x00000000b1ae7250,0x00000000b1b00000)
}
Event: 23,216 GC heap before
{Heap before GC invocations=7 (full 0):
 PSYoungGen      total 140288K, used 136278K [0x00000000eaa80000, 0x00000000f4080000, 0x0000000100000000)
  eden space 126976K, 100% used [0x00000000eaa80000,0x00000000f2680000,0x00000000f2680000)
  from space 13312K, 69% used [0x00000000f3380000,0x00000000f3c95bc8,0x00000000f4080000)
  to   space 13312K, 0% used [0x00000000f2680000,0x00000000f2680000,0x00000000f3380000)
 ParOldGen       total 83968K, used 13740K [0x00000000c0000000, 0x00000000c5200000, 0x00000000eaa80000)
  object space 83968K, 16% used [0x00000000c0000000,0x00000000c0d6b2c0,0x00000000c5200000)
 PSPermGen       total 37888K, used 37383K [0x00000000b0000000, 0x00000000b2500000, 0x00000000c0000000)
  object space 37888K, 98% used [0x00000000b0000000,0x00000000b2481d60,0x00000000b2500000)
Event: 23,259 GC heap after
Heap after GC invocations=7 (full 0):
 PSYoungGen      total 140288K, used 13287K [0x00000000eaa80000, 0x00000000fcb80000, 0x0000000100000000)
  eden space 126976K, 0% used [0x00000000eaa80000,0x00000000eaa80000,0x00000000f2680000)
  from space 13312K, 99% used [0x00000000f2680000,0x00000000f3379d58,0x00000000f3380000)
  to   space 20992K, 0% used [0x00000000fb700000,0x00000000fb700000,0x00000000fcb80000)
 ParOldGen       total 83968K, used 24789K [0x00000000c0000000, 0x00000000c5200000, 0x00000000eaa80000)
  object space 83968K, 29% used [0x00000000c0000000,0x00000000c1835428,0x00000000c5200000)
 PSPermGen       total 37888K, used 37383K [0x00000000b0000000, 0x00000000b2500000, 0x00000000c0000000)
  object space 37888K, 98% used [0x00000000b0000000,0x00000000b2481d60,0x00000000b2500000)
}
Event: 26,931 GC heap before
{Heap before GC invocations=8 (full 0):
 PSYoungGen      total 140288K, used 140263K [0x00000000eaa80000, 0x00000000fcb80000, 0x0000000100000000)
  eden space 126976K, 100% used [0x00000000eaa80000,0x00000000f2680000,0x00000000f2680000)
  from space 13312K, 99% used [0x00000000f2680000,0x00000000f3379d58,0x00000000f3380000)
  to   space 20992K, 0% used [0x00000000fb700000,0x00000000fb700000,0x00000000fcb80000)
 ParOldGen       total 83968K, used 24789K [0x00000000c0000000, 0x00000000c5200000, 0x00000000eaa80000)
  object space 83968K, 29% used [0x00000000c0000000,0x00000000c1835428,0x00000000c5200000)
 PSPermGen       total 40448K, used 40045K [0x00000000b0000000, 0x00000000b2780000, 0x00000000c0000000)
  object space 40448K, 99% used [0x00000000b0000000,0x00000000b271b668,0x00000000b2780000)
Event: 26,975 GC heap after
Heap after GC invocations=8 (full 0):
 PSYoungGen      total 269312K, used 20978K [0x00000000eaa80000, 0x00000000fd680000, 0x0000000100000000)
  eden space 248320K, 0% used [0x00000000eaa80000,0x00000000eaa80000,0x00000000f9d00000)
  from space 20992K, 99% used [0x00000000fb700000,0x00000000fcb7cb68,0x00000000fcb80000)
  to   space 26624K, 0% used [0x00000000f9d00000,0x00000000f9d00000,0x00000000fb700000)
 ParOldGen       total 83968K, used 29524K [0x00000000c0000000, 0x00000000c5200000, 0x00000000eaa80000)
  object space 83968K, 35% used [0x00000000c0000000,0x00000000c1cd5030,0x00000000c5200000)
 PSPermGen       total 40448K, used 40045K [0x00000000b0000000, 0x00000000b2780000, 0x00000000c0000000)
  object space 40448K, 99% used [0x00000000b0000000,0x00000000b271b668,0x00000000b2780000)
}

