# JRE version: OpenJDK Runtime Environment (7.0_85-b01) (build 1.7.0_85-b01)
# Java VM: OpenJDK 64-Bit Server VM (24.85-b03 mixed mode linux-amd64 compressed oops)
Heap
 PSYoungGen      total 283136K, used 228252K [0x00000000eaa80000, 0x0000000100000000, 0x0000000100000000)
  eden space 216576K, 100% used [0x00000000eaa80000,0x00000000f7e00000,0x00000000f7e00000)
  from space 66560K, 17% used [0x00000000f7e00000,0x00000000f89672f0,0x00000000fbf00000)
  to   space 64000K, 99% used [0x00000000fc180000,0x00000000ffffb328,0x0000000100000000)
 ParOldGen       total 261632K, used 63878K [0x00000000c0000000, 0x00000000cff80000, 0x00000000eaa80000)
  object space 261632K, 24% used [0x00000000c0000000,0x00000000c3e61b98,0x00000000cff80000)
 PSPermGen       total 56832K, used 56594K [0x00000000b0000000, 0x00000000b3780000, 0x00000000c0000000)
  object space 56832K, 99% used [0x00000000b0000000,0x00000000b3744938,0x00000000b3780000)
GC Heap History (10 events):
Event: 7184,341 GC heap after
Heap after GC invocations=158 (full 29):
 PSYoungGen      total 279040K, used 23691K [0x00000000eaa80000, 0x00000000ff880000, 0x0000000100000000)
  eden space 215040K, 0% used [0x00000000eaa80000,0x00000000eaa80000,0x00000000f7c80000)
  from space 64000K, 37% used [0x00000000f7c80000,0x00000000f93a2c90,0x00000000fbb00000)
  to   space 60928K, 0% used [0x00000000fbd00000,0x00000000fbd00000,0x00000000ff880000)
 ParOldGen       total 261632K, used 48207K [0x00000000c0000000, 0x00000000cff80000, 0x00000000eaa80000)
  object space 261632K, 18% used [0x00000000c0000000,0x00000000c2f13fb0,0x00000000cff80000)
 PSPermGen       total 56832K, used 54796K [0x00000000b0000000, 0x00000000b3780000, 0x00000000c0000000)
  object space 56832K, 96% used [0x00000000b0000000,0x00000000b3583268,0x00000000b3780000)
}
Event: 7186,552 GC heap before
{Heap before GC invocations=159 (full 29):
 PSYoungGen      total 279040K, used 238731K [0x00000000eaa80000, 0x00000000ff880000, 0x0000000100000000)
  eden space 215040K, 100% used [0x00000000eaa80000,0x00000000f7c80000,0x00000000f7c80000)
  from space 64000K, 37% used [0x00000000f7c80000,0x00000000f93a2c90,0x00000000fbb00000)
  to   space 60928K, 0% used [0x00000000fbd00000,0x00000000fbd00000,0x00000000ff880000)
 ParOldGen       total 261632K, used 48207K [0x00000000c0000000, 0x00000000cff80000, 0x00000000eaa80000)
  object space 261632K, 18% used [0x00000000c0000000,0x00000000c2f13fb0,0x00000000cff80000)
 PSPermGen       total 56832K, used 54829K [0x00000000b0000000, 0x00000000b3780000, 0x00000000c0000000)
  object space 56832K, 96% used [0x00000000b0000000,0x00000000b358b520,0x00000000b3780000)
Event: 7186,581 GC heap after
Heap after GC invocations=159 (full 29):
 PSYoungGen      total 282112K, used 16876K [0x00000000eaa80000, 0x00000000ff600000, 0x0000000100000000)
  eden space 223744K, 0% used [0x00000000eaa80000,0x00000000eaa80000,0x00000000f8500000)
  from space 58368K, 28% used [0x00000000fbd00000,0x00000000fcd7b088,0x00000000ff600000)
  to   space 57344K, 0% used [0x00000000f8500000,0x00000000f8500000,0x00000000fbd00000)
 ParOldGen       total 261632K, used 48207K [0x00000000c0000000, 0x00000000cff80000, 0x00000000eaa80000)
  object space 261632K, 18% used [0x00000000c0000000,0x00000000c2f13fb0,0x00000000cff80000)
 PSPermGen       total 56832K, used 54829K [0x00000000b0000000, 0x00000000b3780000, 0x00000000c0000000)
  object space 56832K, 96% used [0x00000000b0000000,0x00000000b358b520,0x00000000b3780000)
}
Event: 7197,196 GC heap before
{Heap before GC invocations=160 (full 29):
 PSYoungGen      total 282112K, used 240620K [0x00000000eaa80000, 0x00000000ff600000, 0x0000000100000000)
  eden space 223744K, 100% used [0x00000000eaa80000,0x00000000f8500000,0x00000000f8500000)
  from space 58368K, 28% used [0x00000000fbd00000,0x00000000fcd7b088,0x00000000ff600000)
  to   space 57344K, 0% used [0x00000000f8500000,0x00000000f8500000,0x00000000fbd00000)
 ParOldGen       total 261632K, used 48207K [0x00000000c0000000, 0x00000000cff80000, 0x00000000eaa80000)
  object space 261632K, 18% used [0x00000000c0000000,0x00000000c2f13fb0,0x00000000cff80000)
 PSPermGen       total 56832K, used 54845K [0x00000000b0000000, 0x00000000b3780000, 0x00000000c0000000)
  object space 56832K, 96% used [0x00000000b0000000,0x00000000b358f7f0,0x00000000b3780000)
Event: 7197,218 GC heap after
Heap after GC invocations=160 (full 29):
 PSYoungGen      total 281088K, used 14652K [0x00000000eaa80000, 0x00000000ff900000, 0x0000000100000000)
  eden space 223744K, 0% used [0x00000000eaa80000,0x00000000eaa80000,0x00000000f8500000)
  from space 57344K, 25% used [0x00000000f8500000,0x00000000f934f3b0,0x00000000fbd00000)
  to   space 54272K, 0% used [0x00000000fc400000,0x00000000fc400000,0x00000000ff900000)
 ParOldGen       total 261632K, used 48207K [0x00000000c0000000, 0x00000000cff80000, 0x00000000eaa80000)
  object space 261632K, 18% used [0x00000000c0000000,0x00000000c2f13fb0,0x00000000cff80000)
 PSPermGen       total 56832K, used 54845K [0x00000000b0000000, 0x00000000b3780000, 0x00000000c0000000)
  object space 56832K, 96% used [0x00000000b0000000,0x00000000b358f7f0,0x00000000b3780000)
}
Event: 7201,417 GC heap before
{Heap before GC invocations=161 (full 29):
 PSYoungGen      total 281088K, used 238396K [0x00000000eaa80000, 0x00000000ff900000, 0x0000000100000000)
  eden space 223744K, 100% used [0x00000000eaa80000,0x00000000f8500000,0x00000000f8500000)
  from space 57344K, 25% used [0x00000000f8500000,0x00000000f934f3b0,0x00000000fbd00000)
  to   space 54272K, 0% used [0x00000000fc400000,0x00000000fc400000,0x00000000ff900000)
 ParOldGen       total 261632K, used 48207K [0x00000000c0000000, 0x00000000cff80000, 0x00000000eaa80000)
  object space 261632K, 18% used [0x00000000c0000000,0x00000000c2f13fb0,0x00000000cff80000)
 PSPermGen       total 56832K, used 55698K [0x00000000b0000000, 0x00000000b3780000, 0x00000000c0000000)
  object space 56832K, 98% used [0x00000000b0000000,0x00000000b3664b90,0x00000000b3780000)
Event: 7201,489 GC heap after
Heap after GC invocations=161 (full 29):
 PSYoungGen      total 270848K, used 54261K [0x00000000eaa80000, 0x0000000100000000, 0x0000000100000000)
  eden space 216576K, 0% used [0x00000000eaa80000,0x00000000eaa80000,0x00000000f7e00000)
  from space 54272K, 99% used [0x00000000fc400000,0x00000000ff8fd4e0,0x00000000ff900000)
  to   space 66560K, 0% used [0x00000000f7e00000,0x00000000f7e00000,0x00000000fbf00000)
 ParOldGen       total 261632K, used 54842K [0x00000000c0000000, 0x00000000cff80000, 0x00000000eaa80000)
  object space 261632K, 20% used [0x00000000c0000000,0x00000000c358eb28,0x00000000cff80000)
 PSPermGen       total 56832K, used 55698K [0x00000000b0000000, 0x00000000b3780000, 0x00000000c0000000)
  object space 56832K, 98% used [0x00000000b0000000,0x00000000b3664b90,0x00000000b3780000)
}
Event: 7213,383 GC heap before
{Heap before GC invocations=162 (full 29):
 PSYoungGen      total 270848K, used 270837K [0x00000000eaa80000, 0x0000000100000000, 0x0000000100000000)
  eden space 216576K, 100% used [0x00000000eaa80000,0x00000000f7e00000,0x00000000f7e00000)
  from space 54272K, 99% used [0x00000000fc400000,0x00000000ff8fd4e0,0x00000000ff900000)
  to   space 66560K, 0% used [0x00000000f7e00000,0x00000000f7e00000,0x00000000fbf00000)
 ParOldGen       total 261632K, used 54842K [0x00000000c0000000, 0x00000000cff80000, 0x00000000eaa80000)
  object space 261632K, 20% used [0x00000000c0000000,0x00000000c358eb28,0x00000000cff80000)
 PSPermGen       total 56832K, used 56576K [0x00000000b0000000, 0x00000000b3780000, 0x00000000c0000000)
  object space 56832K, 99% used [0x00000000b0000000,0x00000000b3740080,0x00000000b3780000)
Event: 7213,401 GC heap after
Heap after GC invocations=162 (full 29):
 PSYoungGen      total 283136K, used 11676K [0x00000000eaa80000, 0x0000000100000000, 0x0000000100000000)
  eden space 216576K, 0% used [0x00000000eaa80000,0x00000000eaa80000,0x00000000f7e00000)
  from space 66560K, 17% used [0x00000000f7e00000,0x00000000f89672f0,0x00000000fbf00000)
  to   space 64000K, 0% used [0x00000000fc180000,0x00000000fc180000,0x0000000100000000)
 ParOldGen       total 261632K, used 55766K [0x00000000c0000000, 0x00000000cff80000, 0x00000000eaa80000)
  object space 261632K, 21% used [0x00000000c0000000,0x00000000c3675b98,0x00000000cff80000)
 PSPermGen       total 56832K, used 56576K [0x00000000b0000000, 0x00000000b3780000, 0x00000000c0000000)
  object space 56832K, 99% used [0x00000000b0000000,0x00000000b3740080,0x00000000b3780000)
}
Event: 7216,846 GC heap before
{Heap before GC invocations=163 (full 29):
 PSYoungGen      total 283136K, used 228252K [0x00000000eaa80000, 0x0000000100000000, 0x0000000100000000)
  eden space 216576K, 100% used [0x00000000eaa80000,0x00000000f7e00000,0x00000000f7e00000)
  from space 66560K, 17% used [0x00000000f7e00000,0x00000000f89672f0,0x00000000fbf00000)
  to   space 64000K, 0% used [0x00000000fc180000,0x00000000fc180000,0x0000000100000000)
 ParOldGen       total 261632K, used 55766K [0x00000000c0000000, 0x00000000cff80000, 0x00000000eaa80000)
  object space 261632K, 21% used [0x00000000c0000000,0x00000000c3675b98,0x00000000cff80000)
 PSPermGen       total 56832K, used 56594K [0x00000000b0000000, 0x00000000b3780000, 0x00000000c0000000)
  object space 56832K, 99% used [0x00000000b0000000,0x00000000b3744938,0x00000000b3780000)

