# JRE version: Java(TM) SE Runtime Environment (8.0_92-b14) (build 1.8.0_92-b14)
# Java VM: Java HotSpot(TM) 64-Bit Server VM (25.92-b14 mixed mode linux-amd64 compressed oops)
Heap:
 PSYoungGen      total 265216K, used 159295K [0x00000000eab00000, 0x0000000100000000, 0x0000000100000000)
  eden space 253952K, 62% used [0x00000000eab00000,0x00000000f468fc58,0x00000000fa300000)
  from space 11264K, 0% used [0x00000000fa300000,0x00000000fa300000,0x00000000fae00000)
  to   space 16384K, 0% used [0x00000000ff000000,0x00000000ff000000,0x0000000100000000)
 ParOldGen       total 76288K, used 24467K [0x00000000c0000000, 0x00000000c4a80000, 0x00000000eab00000)
  object space 76288K, 32% used [0x00000000c0000000,0x00000000c17e4fc0,0x00000000c4a80000)
 Metaspace       used 40637K, capacity 41654K, committed 42112K, reserved 1085440K
  class space    used 5379K, capacity 5649K, committed 5760K, reserved 1048576K
GC Heap History (10 events):
Event: 11,827 GC heap before
{Heap before GC invocations=5 (full 0):
 PSYoungGen      total 132096K, used 132088K [0x00000000eab00000, 0x00000000f3100000, 0x0000000100000000)
  eden space 126976K, 100% used [0x00000000eab00000,0x00000000f2700000,0x00000000f2700000)
  from space 5120K, 99% used [0x00000000f2c00000,0x00000000f30fe0f0,0x00000000f3100000)
  to   space 5120K, 0% used [0x00000000f2700000,0x00000000f2700000,0x00000000f2c00000)
 ParOldGen       total 84992K, used 8978K [0x00000000c0000000, 0x00000000c5300000, 0x00000000eab00000)
  object space 84992K, 10% used [0x00000000c0000000,0x00000000c08c4848,0x00000000c5300000)
 Metaspace       used 20768K, capacity 21116K, committed 21296K, reserved 1067008K
  class space    used 2720K, capacity 2855K, committed 2944K, reserved 1048576K
Event: 11,854 GC heap after
Heap after GC invocations=5 (full 0):
 PSYoungGen      total 132096K, used 5104K [0x00000000eab00000, 0x00000000fba00000, 0x0000000100000000)
  eden space 126976K, 0% used [0x00000000eab00000,0x00000000eab00000,0x00000000f2700000)
  from space 5120K, 99% used [0x00000000f2700000,0x00000000f2bfc050,0x00000000f2c00000)
  to   space 11776K, 0% used [0x00000000fae80000,0x00000000fae80000,0x00000000fba00000)
 ParOldGen       total 84992K, used 10314K [0x00000000c0000000, 0x00000000c5300000, 0x00000000eab00000)
  object space 84992K, 12% used [0x00000000c0000000,0x00000000c0a12978,0x00000000c5300000)
 Metaspace       used 20768K, capacity 21116K, committed 21296K, reserved 1067008K
  class space    used 2720K, capacity 2855K, committed 2944K, reserved 1048576K
}
Event: 11,969 GC heap before
{Heap before GC invocations=6 (full 0):
 PSYoungGen      total 132096K, used 20471K [0x00000000eab00000, 0x00000000fba00000, 0x0000000100000000)
  eden space 126976K, 12% used [0x00000000eab00000,0x00000000eba01f28,0x00000000f2700000)
  from space 5120K, 99% used [0x00000000f2700000,0x00000000f2bfc050,0x00000000f2c00000)
  to   space 11776K, 0% used [0x00000000fae80000,0x00000000fae80000,0x00000000fba00000)
 ParOldGen       total 84992K, used 10314K [0x00000000c0000000, 0x00000000c5300000, 0x00000000eab00000)
  object space 84992K, 12% used [0x00000000c0000000,0x00000000c0a12978,0x00000000c5300000)
 Metaspace       used 20783K, capacity 21116K, committed 21296K, reserved 1067008K
  class space    used 2720K, capacity 2855K, committed 2944K, reserved 1048576K
Event: 12,013 GC heap after
Heap after GC invocations=6 (full 0):
 PSYoungGen      total 264704K, used 5248K [0x00000000eab00000, 0x00000000fb900000, 0x0000000100000000)
  eden space 253952K, 0% used [0x00000000eab00000,0x00000000eab00000,0x00000000fa300000)
  from space 10752K, 48% used [0x00000000fae80000,0x00000000fb3a0060,0x00000000fb900000)
  to   space 11264K, 0% used [0x00000000fa300000,0x00000000fa300000,0x00000000fae00000)
 ParOldGen       total 84992K, used 10314K [0x00000000c0000000, 0x00000000c5300000, 0x00000000eab00000)
  object space 84992K, 12% used [0x00000000c0000000,0x00000000c0a12978,0x00000000c5300000)
 Metaspace       used 20783K, capacity 21116K, committed 21296K, reserved 1067008K
  class space    used 2720K, capacity 2855K, committed 2944K, reserved 1048576K
}
Event: 12,013 GC heap before
{Heap before GC invocations=7 (full 1):
 PSYoungGen      total 264704K, used 5248K [0x00000000eab00000, 0x00000000fb900000, 0x0000000100000000)
  eden space 253952K, 0% used [0x00000000eab00000,0x00000000eab00000,0x00000000fa300000)
  from space 10752K, 48% used [0x00000000fae80000,0x00000000fb3a0060,0x00000000fb900000)
  to   space 11264K, 0% used [0x00000000fa300000,0x00000000fa300000,0x00000000fae00000)
 ParOldGen       total 84992K, used 10314K [0x00000000c0000000, 0x00000000c5300000, 0x00000000eab00000)
  object space 84992K, 12% used [0x00000000c0000000,0x00000000c0a12978,0x00000000c5300000)
 Metaspace       used 20783K, capacity 21116K, committed 21296K, reserved 1067008K
  class space    used 2720K, capacity 2855K, committed 2944K, reserved 1048576K
Event: 12,193 GC heap after
Heap after GC invocations=7 (full 1):
 PSYoungGen      total 264704K, used 0K [0x00000000eab00000, 0x00000000fb900000, 0x0000000100000000)
  eden space 253952K, 0% used [0x00000000eab00000,0x00000000eab00000,0x00000000fa300000)
  from space 10752K, 0% used [0x00000000fae80000,0x00000000fae80000,0x00000000fb900000)
  to   space 11264K, 0% used [0x00000000fa300000,0x00000000fa300000,0x00000000fae00000)
 ParOldGen       total 56832K, used 13612K [0x00000000c0000000, 0x00000000c3780000, 0x00000000eab00000)
  object space 56832K, 23% used [0x00000000c0000000,0x00000000c0d4b320,0x00000000c3780000)
 Metaspace       used 20783K, capacity 21116K, committed 21296K, reserved 1067008K
  class space    used 2720K, capacity 2855K, committed 2944K, reserved 1048576K
}
Event: 22,434 GC heap before
{Heap before GC invocations=8 (full 1):
 PSYoungGen      total 264704K, used 194595K [0x00000000eab00000, 0x00000000fb900000, 0x0000000100000000)
  eden space 253952K, 76% used [0x00000000eab00000,0x00000000f6908f48,0x00000000fa300000)
  from space 10752K, 0% used [0x00000000fae80000,0x00000000fae80000,0x00000000fb900000)
  to   space 11264K, 0% used [0x00000000fa300000,0x00000000fa300000,0x00000000fae00000)
 ParOldGen       total 56832K, used 13612K [0x00000000c0000000, 0x00000000c3780000, 0x00000000eab00000)
  object space 56832K, 23% used [0x00000000c0000000,0x00000000c0d4b320,0x00000000c3780000)
 Metaspace       used 34465K, capacity 35270K, committed 35496K, reserved 1079296K
  class space    used 4545K, capacity 4746K, committed 4864K, reserved 1048576K
Event: 22,462 GC heap after
Heap after GC invocations=8 (full 1):
 PSYoungGen      total 265216K, used 11243K [0x00000000eab00000, 0x0000000100000000, 0x0000000100000000)
  eden space 253952K, 0% used [0x00000000eab00000,0x00000000eab00000,0x00000000fa300000)
  from space 11264K, 99% used [0x00000000fa300000,0x00000000fadfae40,0x00000000fae00000)
  to   space 16384K, 0% used [0x00000000ff000000,0x00000000ff000000,0x0000000100000000)
 ParOldGen       total 56832K, used 20376K [0x00000000c0000000, 0x00000000c3780000, 0x00000000eab00000)
  object space 56832K, 35% used [0x00000000c0000000,0x00000000c13e6170,0x00000000c3780000)
 Metaspace       used 34465K, capacity 35270K, committed 35496K, reserved 1079296K
  class space    used 4545K, capacity 4746K, committed 4864K, reserved 1048576K
}
Event: 22,462 GC heap before
{Heap before GC invocations=9 (full 2):
 PSYoungGen      total 265216K, used 11243K [0x00000000eab00000, 0x0000000100000000, 0x0000000100000000)
  eden space 253952K, 0% used [0x00000000eab00000,0x00000000eab00000,0x00000000fa300000)
  from space 11264K, 99% used [0x00000000fa300000,0x00000000fadfae40,0x00000000fae00000)
  to   space 16384K, 0% used [0x00000000ff000000,0x00000000ff000000,0x0000000100000000)
 ParOldGen       total 56832K, used 20376K [0x00000000c0000000, 0x00000000c3780000, 0x00000000eab00000)
  object space 56832K, 35% used [0x00000000c0000000,0x00000000c13e6170,0x00000000c3780000)
 Metaspace       used 34465K, capacity 35270K, committed 35496K, reserved 1079296K
  class space    used 4545K, capacity 4746K, committed 4864K, reserved 1048576K
Event: 22,591 GC heap after
Heap after GC invocations=9 (full 2):
 PSYoungGen      total 265216K, used 0K [0x00000000eab00000, 0x0000000100000000, 0x0000000100000000)
  eden space 253952K, 0% used [0x00000000eab00000,0x00000000eab00000,0x00000000fa300000)
  from space 11264K, 0% used [0x00000000fa300000,0x00000000fa300000,0x00000000fae00000)
  to   space 16384K, 0% used [0x00000000ff000000,0x00000000ff000000,0x0000000100000000)
 ParOldGen       total 76288K, used 24467K [0x00000000c0000000, 0x00000000c4a80000, 0x00000000eab00000)
  object space 76288K, 32% used [0x00000000c0000000,0x00000000c17e4fc0,0x00000000c4a80000)
 Metaspace       used 34445K, capacity 35248K, committed 35496K, reserved 1079296K
  class space    used 4539K, capacity 4740K, committed 4864K, reserved 1048576K
}

