# JRE version: OpenJDK Runtime Environment (7.0_95) (build 1.7.0_95-b00)
# Java VM: OpenJDK 64-Bit Server VM (24.95-b01 mixed mode linux-amd64 compressed oops)
Heap
 PSYoungGen      total 327168K, used 46786K [0x00000000eaa80000, 0x0000000100000000, 0x0000000100000000)
  eden space 305664K, 11% used [0x00000000eaa80000,0x00000000ece4fdc8,0x00000000fd500000)
  from space 21504K, 47% used [0x00000000fd500000,0x00000000fdee0c08,0x00000000fea00000)
  to   space 22528K, 0% used [0x00000000fea00000,0x00000000fea00000,0x0000000100000000)
 ParOldGen       total 165888K, used 91500K [0x00000000c0000000, 0x00000000ca200000, 0x00000000eaa80000)
  object space 165888K, 55% used [0x00000000c0000000,0x00000000c595b198,0x00000000ca200000)
 PSPermGen       total 101888K, used 51063K [0x00000000b0000000, 0x00000000b6380000, 0x00000000c0000000)
  object space 101888K, 50% used [0x00000000b0000000,0x00000000b31dddc0,0x00000000b6380000)
GC Heap History (10 events):
Event: 26,055 GC heap before
{Heap before GC invocations=10 (full 0):
 PSYoungGen      total 138240K, used 138214K [0x00000000eaa80000, 0x00000000f9300000, 0x0000000100000000)
  eden space 124416K, 100% used [0x00000000eaa80000,0x00000000f2400000,0x00000000f2400000)
  from space 13824K, 99% used [0x00000000f2400000,0x00000000f3179b78,0x00000000f3180000)
  to   space 19456K, 0% used [0x00000000f8000000,0x00000000f8000000,0x00000000f9300000)
 ParOldGen       total 83968K, used 25290K [0x00000000c0000000, 0x00000000c5200000, 0x00000000eaa80000)
  object space 83968K, 30% used [0x00000000c0000000,0x00000000c18b29a0,0x00000000c5200000)
 PSPermGen       total 41472K, used 41466K [0x00000000b0000000, 0x00000000b2880000, 0x00000000c0000000)
  object space 41472K, 99% used [0x00000000b0000000,0x00000000b287e998,0x00000000b2880000)
Event: 26,100 GC heap after
Heap after GC invocations=10 (full 0):
 PSYoungGen      total 216064K, used 18999K [0x00000000eaa80000, 0x00000000f9800000, 0x0000000100000000)
  eden space 196608K, 0% used [0x00000000eaa80000,0x00000000eaa80000,0x00000000f6a80000)
  from space 19456K, 97% used [0x00000000f8000000,0x00000000f928df08,0x00000000f9300000)
  to   space 22016K, 0% used [0x00000000f6a80000,0x00000000f6a80000,0x00000000f8000000)
 ParOldGen       total 83968K, used 30182K [0x00000000c0000000, 0x00000000c5200000, 0x00000000eaa80000)
  object space 83968K, 35% used [0x00000000c0000000,0x00000000c1d79a20,0x00000000c5200000)
 PSPermGen       total 41472K, used 41466K [0x00000000b0000000, 0x00000000b2880000, 0x00000000c0000000)
  object space 41472K, 99% used [0x00000000b0000000,0x00000000b287e998,0x00000000b2880000)
}
Event: 32,007 GC heap before
{Heap before GC invocations=11 (full 0):
 PSYoungGen      total 216064K, used 215607K [0x00000000eaa80000, 0x00000000f9800000, 0x0000000100000000)
  eden space 196608K, 100% used [0x00000000eaa80000,0x00000000f6a80000,0x00000000f6a80000)
  from space 19456K, 97% used [0x00000000f8000000,0x00000000f928df08,0x00000000f9300000)
  to   space 22016K, 0% used [0x00000000f6a80000,0x00000000f6a80000,0x00000000f8000000)
 ParOldGen       total 83968K, used 30182K [0x00000000c0000000, 0x00000000c5200000, 0x00000000eaa80000)
  object space 83968K, 35% used [0x00000000c0000000,0x00000000c1d79a20,0x00000000c5200000)
 PSPermGen       total 44544K, used 44127K [0x00000000b0000000, 0x00000000b2b80000, 0x00000000c0000000)
  object space 44544K, 99% used [0x00000000b0000000,0x00000000b2b17df0,0x00000000b2b80000)
Event: 32,119 GC heap after
Heap after GC invocations=11 (full 0):
 PSYoungGen      total 218624K, used 13156K [0x00000000eaa80000, 0x0000000100000000, 0x0000000100000000)
  eden space 196608K, 0% used [0x00000000eaa80000,0x00000000eaa80000,0x00000000f6a80000)
  from space 22016K, 59% used [0x00000000f6a80000,0x00000000f77591d0,0x00000000f8000000)
  to   space 22016K, 0% used [0x00000000fea80000,0x00000000fea80000,0x0000000100000000)
 ParOldGen       total 83968K, used 46470K [0x00000000c0000000, 0x00000000c5200000, 0x00000000eaa80000)
  object space 83968K, 55% used [0x00000000c0000000,0x00000000c2d61ac8,0x00000000c5200000)
 PSPermGen       total 44544K, used 44127K [0x00000000b0000000, 0x00000000b2b80000, 0x00000000c0000000)
  object space 44544K, 99% used [0x00000000b0000000,0x00000000b2b17df0,0x00000000b2b80000)
}
Event: 46,348 GC heap before
{Heap before GC invocations=12 (full 0):
 PSYoungGen      total 218624K, used 209764K [0x00000000eaa80000, 0x0000000100000000, 0x0000000100000000)
  eden space 196608K, 100% used [0x00000000eaa80000,0x00000000f6a80000,0x00000000f6a80000)
  from space 22016K, 59% used [0x00000000f6a80000,0x00000000f77591d0,0x00000000f8000000)
  to   space 22016K, 0% used [0x00000000fea80000,0x00000000fea80000,0x0000000100000000)
 ParOldGen       total 83968K, used 46470K [0x00000000c0000000, 0x00000000c5200000, 0x00000000eaa80000)
  object space 83968K, 55% used [0x00000000c0000000,0x00000000c2d61ac8,0x00000000c5200000)
 PSPermGen       total 46080K, used 45770K [0x00000000b0000000, 0x00000000b2d00000, 0x00000000c0000000)
  object space 46080K, 99% used [0x00000000b0000000,0x00000000b2cb29d8,0x00000000b2d00000)
Event: 46,368 GC heap after
Heap after GC invocations=12 (full 0):
 PSYoungGen      total 326656K, used 6487K [0x00000000eaa80000, 0x00000000fff00000, 0x0000000100000000)
  eden space 305664K, 0% used [0x00000000eaa80000,0x00000000eaa80000,0x00000000fd500000)
  from space 20992K, 30% used [0x00000000fea80000,0x00000000ff0d5d70,0x00000000fff00000)
  to   space 21504K, 0% used [0x00000000fd500000,0x00000000fd500000,0x00000000fea00000)
 ParOldGen       total 83968K, used 48674K [0x00000000c0000000, 0x00000000c5200000, 0x00000000eaa80000)
  object space 83968K, 57% used [0x00000000c0000000,0x00000000c2f88b38,0x00000000c5200000)
 PSPermGen       total 46080K, used 45770K [0x00000000b0000000, 0x00000000b2d00000, 0x00000000c0000000)
  object space 46080K, 99% used [0x00000000b0000000,0x00000000b2cb29d8,0x00000000b2d00000)
}
Event: 55,396 GC heap before
{Heap before GC invocations=13 (full 0):
 PSYoungGen      total 326656K, used 312151K [0x00000000eaa80000, 0x00000000fff00000, 0x0000000100000000)
  eden space 305664K, 100% used [0x00000000eaa80000,0x00000000fd500000,0x00000000fd500000)
  from space 20992K, 30% used [0x00000000fea80000,0x00000000ff0d5d70,0x00000000fff00000)
  to   space 21504K, 0% used [0x00000000fd500000,0x00000000fd500000,0x00000000fea00000)
 ParOldGen       total 83968K, used 48674K [0x00000000c0000000, 0x00000000c5200000, 0x00000000eaa80000)
  object space 83968K, 57% used [0x00000000c0000000,0x00000000c2f88b38,0x00000000c5200000)
 PSPermGen       total 51200K, used 50818K [0x00000000b0000000, 0x00000000b3200000, 0x00000000c0000000)
  object space 51200K, 99% used [0x00000000b0000000,0x00000000b31a09b0,0x00000000b3200000)
Event: 55,483 GC heap after
Heap after GC invocations=13 (full 0):
 PSYoungGen      total 327168K, used 21472K [0x00000000eaa80000, 0x0000000100000000, 0x0000000100000000)
  eden space 305664K, 0% used [0x00000000eaa80000,0x00000000eaa80000,0x00000000fd500000)
  from space 21504K, 99% used [0x00000000fd500000,0x00000000fe9f8320,0x00000000fea00000)
  to   space 22528K, 0% used [0x00000000fea00000,0x00000000fea00000,0x0000000100000000)
 ParOldGen       total 91648K, used 91280K [0x00000000c0000000, 0x00000000c5980000, 0x00000000eaa80000)
  object space 91648K, 99% used [0x00000000c0000000,0x00000000c59243b0,0x00000000c5980000)
 PSPermGen       total 51200K, used 50818K [0x00000000b0000000, 0x00000000b3200000, 0x00000000c0000000)
  object space 51200K, 99% used [0x00000000b0000000,0x00000000b31a09b0,0x00000000b3200000)
}
Event: 55,483 GC heap before
{Heap before GC invocations=14 (full 1):
 PSYoungGen      total 327168K, used 21472K [0x00000000eaa80000, 0x0000000100000000, 0x0000000100000000)
  eden space 305664K, 0% used [0x00000000eaa80000,0x00000000eaa80000,0x00000000fd500000)
  from space 21504K, 99% used [0x00000000fd500000,0x00000000fe9f8320,0x00000000fea00000)
  to   space 22528K, 0% used [0x00000000fea00000,0x00000000fea00000,0x0000000100000000)
 ParOldGen       total 91648K, used 91280K [0x00000000c0000000, 0x00000000c5980000, 0x00000000eaa80000)
  object space 91648K, 99% used [0x00000000c0000000,0x00000000c59243b0,0x00000000c5980000)
 PSPermGen       total 51200K, used 50818K [0x00000000b0000000, 0x00000000b3200000, 0x00000000c0000000)
  object space 51200K, 99% used [0x00000000b0000000,0x00000000b31a09b0,0x00000000b3200000)
Event: 56,237 GC heap after
Heap after GC invocations=14 (full 1):
 PSYoungGen      total 327168K, used 10115K [0x00000000eaa80000, 0x0000000100000000, 0x0000000100000000)
  eden space 305664K, 0% used [0x00000000eaa80000,0x00000000eaa80000,0x00000000fd500000)
  from space 21504K, 47% used [0x00000000fd500000,0x00000000fdee0c08,0x00000000fea00000)
  to   space 22528K, 0% used [0x00000000fea00000,0x00000000fea00000,0x0000000100000000)
 ParOldGen       total 165888K, used 91500K [0x00000000c0000000, 0x00000000ca200000, 0x00000000eaa80000)
  object space 165888K, 55% used [0x00000000c0000000,0x00000000c595b198,0x00000000ca200000)
 PSPermGen       total 101888K, used 50789K [0x00000000b0000000, 0x00000000b6380000, 0x00000000c0000000)
  object space 101888K, 49% used [0x00000000b0000000,0x00000000b3199618,0x00000000b6380000)
}

