# JRE version: OpenJDK Runtime Environment (7.0_95) (build 1.7.0_95-b00)
# Java VM: OpenJDK 64-Bit Server VM (24.95-b01 mixed mode linux-amd64 compressed oops)
Heap
 PSYoungGen      total 135680K, used 120807K [0x00000000eaa80000, 0x00000000f4180000, 0x0000000100000000)
  eden space 124416K, 88% used [0x00000000eaa80000,0x00000000f157ab90,0x00000000f2400000)
  from space 11264K, 99% used [0x00000000f3180000,0x00000000f3c7f168,0x00000000f3c80000)
  to   space 13824K, 0% used [0x00000000f2400000,0x00000000f2400000,0x00000000f3180000)
 ParOldGen       total 83968K, used 15400K [0x00000000c0000000, 0x00000000c5200000, 0x00000000eaa80000)
  object space 83968K, 18% used [0x00000000c0000000,0x00000000c0f0a018,0x00000000c5200000)
 PSPermGen       total 38400K, used 38296K [0x00000000b0000000, 0x00000000b2580000, 0x00000000c0000000)
  object space 38400K, 99% used [0x00000000b0000000,0x00000000b2566090,0x00000000b2580000)
GC Heap History (10 events):
Event: 9,662 GC heap before
{Heap before GC invocations=4 (full 0):
 PSYoungGen      total 36864K, used 36832K [0x00000000eaa80000, 0x00000000ed380000, 0x0000000100000000)
  eden space 31744K, 100% used [0x00000000eaa80000,0x00000000ec980000,0x00000000ec980000)
  from space 5120K, 99% used [0x00000000ec980000,0x00000000ece782d8,0x00000000ece80000)
  to   space 5120K, 0% used [0x00000000ece80000,0x00000000ece80000,0x00000000ed380000)
 ParOldGen       total 83968K, used 3821K [0x00000000c0000000, 0x00000000c5200000, 0x00000000eaa80000)
  object space 83968K, 4% used [0x00000000c0000000,0x00000000c03bb680,0x00000000c5200000)
 PSPermGen       total 21504K, used 20386K [0x00000000b0000000, 0x00000000b1500000, 0x00000000c0000000)
  object space 21504K, 94% used [0x00000000b0000000,0x00000000b13e8b28,0x00000000b1500000)
Event: 9,713 GC heap after
Heap after GC invocations=4 (full 0):
 PSYoungGen      total 36864K, used 5104K [0x00000000eaa80000, 0x00000000ef280000, 0x0000000100000000)
  eden space 31744K, 0% used [0x00000000eaa80000,0x00000000eaa80000,0x00000000ec980000)
  from space 5120K, 99% used [0x00000000ece80000,0x00000000ed37c030,0x00000000ed380000)
  to   space 5120K, 0% used [0x00000000ec980000,0x00000000ec980000,0x00000000ece80000)
 ParOldGen       total 83968K, used 7476K [0x00000000c0000000, 0x00000000c5200000, 0x00000000eaa80000)
  object space 83968K, 8% used [0x00000000c0000000,0x00000000c074d158,0x00000000c5200000)
 PSPermGen       total 21504K, used 20386K [0x00000000b0000000, 0x00000000b1500000, 0x00000000c0000000)
  object space 21504K, 94% used [0x00000000b0000000,0x00000000b13e8b28,0x00000000b1500000)
}
Event: 11,012 GC heap before
{Heap before GC invocations=5 (full 0):
 PSYoungGen      total 36864K, used 36833K [0x00000000eaa80000, 0x00000000ef280000, 0x0000000100000000)
  eden space 31744K, 99% used [0x00000000eaa80000,0x00000000ec97c468,0x00000000ec980000)
  from space 5120K, 99% used [0x00000000ece80000,0x00000000ed37c030,0x00000000ed380000)
  to   space 5120K, 0% used [0x00000000ec980000,0x00000000ec980000,0x00000000ece80000)
 ParOldGen       total 83968K, used 7476K [0x00000000c0000000, 0x00000000c5200000, 0x00000000eaa80000)
  object space 83968K, 8% used [0x00000000c0000000,0x00000000c074d158,0x00000000c5200000)
 PSPermGen       total 23040K, used 22608K [0x00000000b0000000, 0x00000000b1680000, 0x00000000c0000000)
  object space 23040K, 98% used [0x00000000b0000000,0x00000000b1614138,0x00000000b1680000)
Event: 11,032 GC heap after
Heap after GC invocations=5 (full 0):
 PSYoungGen      total 36864K, used 5103K [0x00000000eaa80000, 0x00000000efe80000, 0x0000000100000000)
  eden space 31744K, 0% used [0x00000000eaa80000,0x00000000eaa80000,0x00000000ec980000)
  from space 5120K, 99% used [0x00000000ec980000,0x00000000ece7bd28,0x00000000ece80000)
  to   space 11264K, 0% used [0x00000000ef380000,0x00000000ef380000,0x00000000efe80000)
 ParOldGen       total 83968K, used 10726K [0x00000000c0000000, 0x00000000c5200000, 0x00000000eaa80000)
  object space 83968K, 12% used [0x00000000c0000000,0x00000000c0a79b10,0x00000000c5200000)
 PSPermGen       total 23040K, used 22608K [0x00000000b0000000, 0x00000000b1680000, 0x00000000c0000000)
  object space 23040K, 98% used [0x00000000b0000000,0x00000000b1614138,0x00000000b1680000)
}
Event: 11,860 GC heap before
{Heap before GC invocations=6 (full 0):
 PSYoungGen      total 36864K, used 36847K [0x00000000eaa80000, 0x00000000efe80000, 0x0000000100000000)
  eden space 31744K, 100% used [0x00000000eaa80000,0x00000000ec980000,0x00000000ec980000)
  from space 5120K, 99% used [0x00000000ec980000,0x00000000ece7bd28,0x00000000ece80000)
  to   space 11264K, 0% used [0x00000000ef380000,0x00000000ef380000,0x00000000efe80000)
 ParOldGen       total 83968K, used 10726K [0x00000000c0000000, 0x00000000c5200000, 0x00000000eaa80000)
  object space 83968K, 12% used [0x00000000c0000000,0x00000000c0a79b10,0x00000000c5200000)
 PSPermGen       total 26624K, used 26415K [0x00000000b0000000, 0x00000000b1a00000, 0x00000000c0000000)
  object space 26624K, 99% used [0x00000000b0000000,0x00000000b19cbd70,0x00000000b1a00000)
Event: 11,880 GC heap after
Heap after GC invocations=6 (full 0):
 PSYoungGen      total 74752K, used 8147K [0x00000000eaa80000, 0x00000000efe80000, 0x0000000100000000)
  eden space 63488K, 0% used [0x00000000eaa80000,0x00000000eaa80000,0x00000000ee880000)
  from space 11264K, 72% used [0x00000000ef380000,0x00000000efb74e28,0x00000000efe80000)
  to   space 11264K, 0% used [0x00000000ee880000,0x00000000ee880000,0x00000000ef380000)
 ParOldGen       total 83968K, used 10790K [0x00000000c0000000, 0x00000000c5200000, 0x00000000eaa80000)
  object space 83968K, 12% used [0x00000000c0000000,0x00000000c0a89b20,0x00000000c5200000)
 PSPermGen       total 26624K, used 26415K [0x00000000b0000000, 0x00000000b1a00000, 0x00000000c0000000)
  object space 26624K, 99% used [0x00000000b0000000,0x00000000b19cbd70,0x00000000b1a00000)
}
Event: 15,274 GC heap before
{Heap before GC invocations=7 (full 0):
 PSYoungGen      total 74752K, used 71635K [0x00000000eaa80000, 0x00000000efe80000, 0x0000000100000000)
  eden space 63488K, 100% used [0x00000000eaa80000,0x00000000ee880000,0x00000000ee880000)
  from space 11264K, 72% used [0x00000000ef380000,0x00000000efb74e28,0x00000000efe80000)
  to   space 11264K, 0% used [0x00000000ee880000,0x00000000ee880000,0x00000000ef380000)
 ParOldGen       total 83968K, used 10790K [0x00000000c0000000, 0x00000000c5200000, 0x00000000eaa80000)
  object space 83968K, 12% used [0x00000000c0000000,0x00000000c0a89b20,0x00000000c5200000)
 PSPermGen       total 28160K, used 27687K [0x00000000b0000000, 0x00000000b1b80000, 0x00000000c0000000)
  object space 28160K, 98% used [0x00000000b0000000,0x00000000b1b09c28,0x00000000b1b80000)
Event: 15,319 GC heap after
Heap after GC invocations=7 (full 0):
 PSYoungGen      total 74752K, used 7868K [0x00000000eaa80000, 0x00000000f3c80000, 0x0000000100000000)
  eden space 63488K, 0% used [0x00000000eaa80000,0x00000000eaa80000,0x00000000ee880000)
  from space 11264K, 69% used [0x00000000ee880000,0x00000000ef02f0e0,0x00000000ef380000)
  to   space 11264K, 0% used [0x00000000f3180000,0x00000000f3180000,0x00000000f3c80000)
 ParOldGen       total 83968K, used 12267K [0x00000000c0000000, 0x00000000c5200000, 0x00000000eaa80000)
  object space 83968K, 14% used [0x00000000c0000000,0x00000000c0bfaf80,0x00000000c5200000)
 PSPermGen       total 28160K, used 27687K [0x00000000b0000000, 0x00000000b1b80000, 0x00000000c0000000)
  object space 28160K, 98% used [0x00000000b0000000,0x00000000b1b09c28,0x00000000b1b80000)
}
Event: 17,348 GC heap before
{Heap before GC invocations=8 (full 0):
 PSYoungGen      total 74752K, used 71356K [0x00000000eaa80000, 0x00000000f3c80000, 0x0000000100000000)
  eden space 63488K, 100% used [0x00000000eaa80000,0x00000000ee880000,0x00000000ee880000)
  from space 11264K, 69% used [0x00000000ee880000,0x00000000ef02f0e0,0x00000000ef380000)
  to   space 11264K, 0% used [0x00000000f3180000,0x00000000f3180000,0x00000000f3c80000)
 ParOldGen       total 83968K, used 12267K [0x00000000c0000000, 0x00000000c5200000, 0x00000000eaa80000)
  object space 83968K, 14% used [0x00000000c0000000,0x00000000c0bfaf80,0x00000000c5200000)
 PSPermGen       total 32256K, used 31976K [0x00000000b0000000, 0x00000000b1f80000, 0x00000000c0000000)
  object space 32256K, 99% used [0x00000000b0000000,0x00000000b1f3a200,0x00000000b1f80000)
Event: 17,412 GC heap after
Heap after GC invocations=8 (full 0):
 PSYoungGen      total 135680K, used 11260K [0x00000000eaa80000, 0x00000000f4180000, 0x0000000100000000)
  eden space 124416K, 0% used [0x00000000eaa80000,0x00000000eaa80000,0x00000000f2400000)
  from space 11264K, 99% used [0x00000000f3180000,0x00000000f3c7f168,0x00000000f3c80000)
  to   space 13824K, 0% used [0x00000000f2400000,0x00000000f2400000,0x00000000f3180000)
 ParOldGen       total 83968K, used 15400K [0x00000000c0000000, 0x00000000c5200000, 0x00000000eaa80000)
  object space 83968K, 18% used [0x00000000c0000000,0x00000000c0f0a018,0x00000000c5200000)
 PSPermGen       total 32256K, used 31976K [0x00000000b0000000, 0x00000000b1f80000, 0x00000000c0000000)
  object space 32256K, 99% used [0x00000000b0000000,0x00000000b1f3a200,0x00000000b1f80000)
}

