# JRE version: OpenJDK Runtime Environment (7.0_95) (build 1.7.0_95-b00)
# Java VM: OpenJDK 64-Bit Server VM (24.95-b01 mixed mode linux-amd64 compressed oops)
Heap
 PSYoungGen      total 234496K, used 11689K [0x00000000eaa80000, 0x00000000ff480000, 0x0000000100000000)
  eden space 230400K, 5% used [0x00000000eaa80000,0x00000000eb5ea5b8,0x00000000f8b80000)
  from space 4096K, 0% used [0x00000000f8b80000,0x00000000f8b80000,0x00000000f8f80000)
  to   space 53760K, 0% used [0x00000000fc000000,0x00000000fc000000,0x00000000ff480000)
 ParOldGen       total 148992K, used 44287K [0x00000000c0000000, 0x00000000c9180000, 0x00000000eaa80000)
  object space 148992K, 29% used [0x00000000c0000000,0x00000000c2b3ff78,0x00000000c9180000)
 PSPermGen       total 81408K, used 61506K [0x00000000b0000000, 0x00000000b4f80000, 0x00000000c0000000)
  object space 81408K, 75% used [0x00000000b0000000,0x00000000b3c10a40,0x00000000b4f80000)
GC Heap History (10 events):
Event: 4190,839 GC heap before
{Heap before GC invocations=88 (full 11):
 PSYoungGen      total 281088K, used 4032K [0x00000000eaa80000, 0x00000000fff80000, 0x0000000100000000)
  eden space 220160K, 0% used [0x00000000eaa80000,0x00000000eaa80000,0x00000000f8180000)
  from space 60928K, 6% used [0x00000000f8180000,0x00000000f8570010,0x00000000fbd00000)
  to   space 58368K, 0% used [0x00000000fc680000,0x00000000fc680000,0x00000000fff80000)
 ParOldGen       total 186368K, used 146130K [0x00000000c0000000, 0x00000000cb600000, 0x00000000eaa80000)
  object space 186368K, 78% used [0x00000000c0000000,0x00000000c8eb4838,0x00000000cb600000)
 PSPermGen       total 90624K, used 63138K [0x00000000b0000000, 0x00000000b5880000, 0x00000000c0000000)
  object space 90624K, 69% used [0x00000000b0000000,0x00000000b3da8a18,0x00000000b5880000)
Event: 4191,133 GC heap after
Heap after GC invocations=88 (full 11):
 PSYoungGen      total 281088K, used 0K [0x00000000eaa80000, 0x00000000fff80000, 0x0000000100000000)
  eden space 220160K, 0% used [0x00000000eaa80000,0x00000000eaa80000,0x00000000f8180000)
  from space 60928K, 0% used [0x00000000f8180000,0x00000000f8180000,0x00000000fbd00000)
  to   space 58368K, 0% used [0x00000000fc680000,0x00000000fc680000,0x00000000fff80000)
 ParOldGen       total 148992K, used 49665K [0x00000000c0000000, 0x00000000c9180000, 0x00000000eaa80000)
  object space 148992K, 33% used [0x00000000c0000000,0x00000000c3080688,0x00000000c9180000)
 PSPermGen       total 87040K, used 61435K [0x00000000b0000000, 0x00000000b5500000, 0x00000000c0000000)
  object space 87040K, 70% used [0x00000000b0000000,0x00000000b3bfee68,0x00000000b5500000)
}
Event: 4191,373 GC heap before
{Heap before GC invocations=89 (full 11):
 PSYoungGen      total 281088K, used 26200K [0x00000000eaa80000, 0x00000000fff80000, 0x0000000100000000)
  eden space 220160K, 11% used [0x00000000eaa80000,0x00000000ec416340,0x00000000f8180000)
  from space 60928K, 0% used [0x00000000f8180000,0x00000000f8180000,0x00000000fbd00000)
  to   space 58368K, 0% used [0x00000000fc680000,0x00000000fc680000,0x00000000fff80000)
 ParOldGen       total 148992K, used 49665K [0x00000000c0000000, 0x00000000c9180000, 0x00000000eaa80000)
  object space 148992K, 33% used [0x00000000c0000000,0x00000000c3080688,0x00000000c9180000)
 PSPermGen       total 87040K, used 61446K [0x00000000b0000000, 0x00000000b5500000, 0x00000000c0000000)
  object space 87040K, 70% used [0x00000000b0000000,0x00000000b3c01800,0x00000000b5500000)
Event: 4191,377 GC heap after
Heap after GC invocations=89 (full 11):
 PSYoungGen      total 282624K, used 384K [0x00000000eaa80000, 0x00000000ff980000, 0x0000000100000000)
  eden space 230400K, 0% used [0x00000000eaa80000,0x00000000eaa80000,0x00000000f8b80000)
  from space 52224K, 0% used [0x00000000fc680000,0x00000000fc6e0010,0x00000000ff980000)
  to   space 56320K, 0% used [0x00000000f8b80000,0x00000000f8b80000,0x00000000fc280000)
 ParOldGen       total 148992K, used 49665K [0x00000000c0000000, 0x00000000c9180000, 0x00000000eaa80000)
  object space 148992K, 33% used [0x00000000c0000000,0x00000000c3080688,0x00000000c9180000)
 PSPermGen       total 87040K, used 61446K [0x00000000b0000000, 0x00000000b5500000, 0x00000000c0000000)
  object space 87040K, 70% used [0x00000000b0000000,0x00000000b3c01800,0x00000000b5500000)
}
Event: 4191,377 GC heap before
{Heap before GC invocations=90 (full 12):
 PSYoungGen      total 282624K, used 384K [0x00000000eaa80000, 0x00000000ff980000, 0x0000000100000000)
  eden space 230400K, 0% used [0x00000000eaa80000,0x00000000eaa80000,0x00000000f8b80000)
  from space 52224K, 0% used [0x00000000fc680000,0x00000000fc6e0010,0x00000000ff980000)
  to   space 56320K, 0% used [0x00000000f8b80000,0x00000000f8b80000,0x00000000fc280000)
 ParOldGen       total 148992K, used 49665K [0x00000000c0000000, 0x00000000c9180000, 0x00000000eaa80000)
  object space 148992K, 33% used [0x00000000c0000000,0x00000000c3080688,0x00000000c9180000)
 PSPermGen       total 87040K, used 61446K [0x00000000b0000000, 0x00000000b5500000, 0x00000000c0000000)
  object space 87040K, 70% used [0x00000000b0000000,0x00000000b3c01800,0x00000000b5500000)
Event: 4192,146 GC heap after
Heap after GC invocations=90 (full 12):
 PSYoungGen      total 282624K, used 0K [0x00000000eaa80000, 0x00000000ff980000, 0x0000000100000000)
  eden space 230400K, 0% used [0x00000000eaa80000,0x00000000eaa80000,0x00000000f8b80000)
  from space 52224K, 0% used [0x00000000fc680000,0x00000000fc680000,0x00000000ff980000)
  to   space 56320K, 0% used [0x00000000f8b80000,0x00000000f8b80000,0x00000000fc280000)
 ParOldGen       total 148992K, used 41397K [0x00000000c0000000, 0x00000000c9180000, 0x00000000eaa80000)
  object space 148992K, 27% used [0x00000000c0000000,0x00000000c286d7d8,0x00000000c9180000)
 PSPermGen       total 83968K, used 61445K [0x00000000b0000000, 0x00000000b5200000, 0x00000000c0000000)
  object space 83968K, 73% used [0x00000000b0000000,0x00000000b3c016e0,0x00000000b5200000)
}
Event: 4852,545 GC heap before
{Heap before GC invocations=91 (full 12):
 PSYoungGen      total 282624K, used 174388K [0x00000000eaa80000, 0x00000000ff980000, 0x0000000100000000)
  eden space 230400K, 75% used [0x00000000eaa80000,0x00000000f54cd2d0,0x00000000f8b80000)
  from space 52224K, 0% used [0x00000000fc680000,0x00000000fc680000,0x00000000ff980000)
  to   space 56320K, 0% used [0x00000000f8b80000,0x00000000f8b80000,0x00000000fc280000)
 ParOldGen       total 148992K, used 41397K [0x00000000c0000000, 0x00000000c9180000, 0x00000000eaa80000)
  object space 148992K, 27% used [0x00000000c0000000,0x00000000c286d7d8,0x00000000c9180000)
 PSPermGen       total 83968K, used 61483K [0x00000000b0000000, 0x00000000b5200000, 0x00000000c0000000)
  object space 83968K, 73% used [0x00000000b0000000,0x00000000b3c0adf8,0x00000000b5200000)
Event: 4852,561 GC heap after
Heap after GC invocations=91 (full 12):
 PSYoungGen      total 234496K, used 3619K [0x00000000eaa80000, 0x00000000ff480000, 0x0000000100000000)
  eden space 230400K, 0% used [0x00000000eaa80000,0x00000000eaa80000,0x00000000f8b80000)
  from space 4096K, 88% used [0x00000000f8b80000,0x00000000f8f08ff0,0x00000000f8f80000)
  to   space 53760K, 0% used [0x00000000fc000000,0x00000000fc000000,0x00000000ff480000)
 ParOldGen       total 148992K, used 41397K [0x00000000c0000000, 0x00000000c9180000, 0x00000000eaa80000)
  object space 148992K, 27% used [0x00000000c0000000,0x00000000c286d7d8,0x00000000c9180000)
 PSPermGen       total 83968K, used 61483K [0x00000000b0000000, 0x00000000b5200000, 0x00000000c0000000)
  object space 83968K, 73% used [0x00000000b0000000,0x00000000b3c0adf8,0x00000000b5200000)
}
Event: 4852,561 GC heap before
{Heap before GC invocations=92 (full 13):
 PSYoungGen      total 234496K, used 3619K [0x00000000eaa80000, 0x00000000ff480000, 0x0000000100000000)
  eden space 230400K, 0% used [0x00000000eaa80000,0x00000000eaa80000,0x00000000f8b80000)
  from space 4096K, 88% used [0x00000000f8b80000,0x00000000f8f08ff0,0x00000000f8f80000)
  to   space 53760K, 0% used [0x00000000fc000000,0x00000000fc000000,0x00000000ff480000)
 ParOldGen       total 148992K, used 41397K [0x00000000c0000000, 0x00000000c9180000, 0x00000000eaa80000)
  object space 148992K, 27% used [0x00000000c0000000,0x00000000c286d7d8,0x00000000c9180000)
 PSPermGen       total 83968K, used 61483K [0x00000000b0000000, 0x00000000b5200000, 0x00000000c0000000)
  object space 83968K, 73% used [0x00000000b0000000,0x00000000b3c0adf8,0x00000000b5200000)
Event: 4853,311 GC heap after
Heap after GC invocations=92 (full 13):
 PSYoungGen      total 234496K, used 0K [0x00000000eaa80000, 0x00000000ff480000, 0x0000000100000000)
  eden space 230400K, 0% used [0x00000000eaa80000,0x00000000eaa80000,0x00000000f8b80000)
  from space 4096K, 0% used [0x00000000f8b80000,0x00000000f8b80000,0x00000000f8f80000)
  to   space 53760K, 0% used [0x00000000fc000000,0x00000000fc000000,0x00000000ff480000)
 ParOldGen       total 148992K, used 44287K [0x00000000c0000000, 0x00000000c9180000, 0x00000000eaa80000)
  object space 148992K, 29% used [0x00000000c0000000,0x00000000c2b3ff78,0x00000000c9180000)
 PSPermGen       total 81408K, used 61483K [0x00000000b0000000, 0x00000000b4f80000, 0x00000000c0000000)
  object space 81408K, 75% used [0x00000000b0000000,0x00000000b3c0adb8,0x00000000b4f80000)
}

