# JRE version: OpenJDK Runtime Environment (7.0_95) (build 1.7.0_95-b00)
# Java VM: OpenJDK 64-Bit Server VM (24.95-b01 mixed mode linux-amd64 compressed oops)
Heap
 PSYoungGen      total 286208K, used 5760K [0x00000000eaa80000, 0x00000000ffd80000, 0x0000000100000000)
  eden space 228352K, 0% used [0x00000000eaa80000,0x00000000eaa80000,0x00000000f8980000)
  from space 57856K, 9% used [0x00000000fc500000,0x00000000fcaa0000,0x00000000ffd80000)
  to   space 59392K, 0% used [0x00000000f8980000,0x00000000f8980000,0x00000000fc380000)
 ParOldGen       total 152064K, used 124615K [0x00000000c0000000, 0x00000000c9480000, 0x00000000eaa80000)
  object space 152064K, 81% used [0x00000000c0000000,0x00000000c79b1fb0,0x00000000c9480000)
 PSPermGen       total 108544K, used 53918K [0x00000000b0000000, 0x00000000b6a00000, 0x00000000c0000000)
  object space 108544K, 49% used [0x00000000b0000000,0x00000000b34a7818,0x00000000b6a00000)
GC Heap History (10 events):
Event: 68,828 GC heap after
Heap after GC invocations=11 (full 0):
 PSYoungGen      total 305664K, used 44008K [0x00000000eaa80000, 0x0000000100000000, 0x0000000100000000)
  eden space 261632K, 0% used [0x00000000eaa80000,0x00000000eaa80000,0x00000000faa00000)
  from space 44032K, 99% used [0x00000000faa00000,0x00000000fd4fa3f8,0x00000000fd500000)
  to   space 44032K, 0% used [0x00000000fd500000,0x00000000fd500000,0x0000000100000000)
 ParOldGen       total 83968K, used 75599K [0x00000000c0000000, 0x00000000c5200000, 0x00000000eaa80000)
  object space 83968K, 90% used [0x00000000c0000000,0x00000000c49d3d10,0x00000000c5200000)
 PSPermGen       total 54784K, used 54622K [0x00000000b0000000, 0x00000000b3580000, 0x00000000c0000000)
  object space 54784K, 99% used [0x00000000b0000000,0x00000000b35578d8,0x00000000b3580000)
}
Event: 68,828 GC heap before
{Heap before GC invocations=12 (full 1):
 PSYoungGen      total 305664K, used 44008K [0x00000000eaa80000, 0x0000000100000000, 0x0000000100000000)
  eden space 261632K, 0% used [0x00000000eaa80000,0x00000000eaa80000,0x00000000faa00000)
  from space 44032K, 99% used [0x00000000faa00000,0x00000000fd4fa3f8,0x00000000fd500000)
  to   space 44032K, 0% used [0x00000000fd500000,0x00000000fd500000,0x0000000100000000)
 ParOldGen       total 83968K, used 75599K [0x00000000c0000000, 0x00000000c5200000, 0x00000000eaa80000)
  object space 83968K, 90% used [0x00000000c0000000,0x00000000c49d3d10,0x00000000c5200000)
 PSPermGen       total 54784K, used 54622K [0x00000000b0000000, 0x00000000b3580000, 0x00000000c0000000)
  object space 54784K, 99% used [0x00000000b0000000,0x00000000b35578d8,0x00000000b3580000)
Event: 69,762 GC heap after
Heap after GC invocations=12 (full 1):
 PSYoungGen      total 305664K, used 1407K [0x00000000eaa80000, 0x0000000100000000, 0x0000000100000000)
  eden space 261632K, 0% used [0x00000000eaa80000,0x00000000eaa80000,0x00000000faa00000)
  from space 44032K, 3% used [0x00000000faa00000,0x00000000fab5fcb8,0x00000000fd500000)
  to   space 44032K, 0% used [0x00000000fd500000,0x00000000fd500000,0x0000000100000000)
 ParOldGen       total 152064K, used 83505K [0x00000000c0000000, 0x00000000c9480000, 0x00000000eaa80000)
  object space 152064K, 54% used [0x00000000c0000000,0x00000000c518c450,0x00000000c9480000)
 PSPermGen       total 108544K, used 53734K [0x00000000b0000000, 0x00000000b6a00000, 0x00000000c0000000)
  object space 108544K, 49% used [0x00000000b0000000,0x00000000b34799b0,0x00000000b6a00000)
}
Event: 71,174 GC heap before
{Heap before GC invocations=13 (full 1):
 PSYoungGen      total 305664K, used 263039K [0x00000000eaa80000, 0x0000000100000000, 0x0000000100000000)
  eden space 261632K, 100% used [0x00000000eaa80000,0x00000000faa00000,0x00000000faa00000)
  from space 44032K, 3% used [0x00000000faa00000,0x00000000fab5fcb8,0x00000000fd500000)
  to   space 44032K, 0% used [0x00000000fd500000,0x00000000fd500000,0x0000000100000000)
 ParOldGen       total 152064K, used 83505K [0x00000000c0000000, 0x00000000c9480000, 0x00000000eaa80000)
  object space 152064K, 54% used [0x00000000c0000000,0x00000000c518c450,0x00000000c9480000)
 PSPermGen       total 108544K, used 53907K [0x00000000b0000000, 0x00000000b6a00000, 0x00000000c0000000)
  object space 108544K, 49% used [0x00000000b0000000,0x00000000b34a4cf0,0x00000000b6a00000)
Event: 71,321 GC heap after
Heap after GC invocations=13 (full 1):
 PSYoungGen      total 271872K, used 36679K [0x00000000eaa80000, 0x0000000100000000, 0x0000000100000000)
  eden space 227840K, 0% used [0x00000000eaa80000,0x00000000eaa80000,0x00000000f8900000)
  from space 44032K, 83% used [0x00000000fd500000,0x00000000ff8d1d30,0x0000000100000000)
  to   space 60928K, 0% used [0x00000000f8900000,0x00000000f8900000,0x00000000fc480000)
 ParOldGen       total 152064K, used 84665K [0x00000000c0000000, 0x00000000c9480000, 0x00000000eaa80000)
  object space 152064K, 55% used [0x00000000c0000000,0x00000000c52ae450,0x00000000c9480000)
 PSPermGen       total 108544K, used 53907K [0x00000000b0000000, 0x00000000b6a00000, 0x00000000c0000000)
  object space 108544K, 49% used [0x00000000b0000000,0x00000000b34a4cf0,0x00000000b6a00000)
}
Event: 71,748 GC heap before
{Heap before GC invocations=14 (full 1):
 PSYoungGen      total 271872K, used 264519K [0x00000000eaa80000, 0x0000000100000000, 0x0000000100000000)
  eden space 227840K, 100% used [0x00000000eaa80000,0x00000000f8900000,0x00000000f8900000)
  from space 44032K, 83% used [0x00000000fd500000,0x00000000ff8d1d30,0x0000000100000000)
  to   space 60928K, 0% used [0x00000000f8900000,0x00000000f8900000,0x00000000fc480000)
 ParOldGen       total 152064K, used 84665K [0x00000000c0000000, 0x00000000c9480000, 0x00000000eaa80000)
  object space 152064K, 55% used [0x00000000c0000000,0x00000000c52ae450,0x00000000c9480000)
 PSPermGen       total 108544K, used 53913K [0x00000000b0000000, 0x00000000b6a00000, 0x00000000c0000000)
  object space 108544K, 49% used [0x00000000b0000000,0x00000000b34a6588,0x00000000b6a00000)
Event: 71,830 GC heap after
Heap after GC invocations=14 (full 1):
 PSYoungGen      total 288768K, used 4832K [0x00000000eaa80000, 0x0000000100000000, 0x0000000100000000)
  eden space 227840K, 0% used [0x00000000eaa80000,0x00000000eaa80000,0x00000000f8900000)
  from space 60928K, 7% used [0x00000000f8900000,0x00000000f8db8000,0x00000000fc480000)
  to   space 60416K, 0% used [0x00000000fc500000,0x00000000fc500000,0x0000000100000000)
 ParOldGen       total 152064K, used 119815K [0x00000000c0000000, 0x00000000c9480000, 0x00000000eaa80000)
  object space 152064K, 78% used [0x00000000c0000000,0x00000000c7501fb0,0x00000000c9480000)
 PSPermGen       total 108544K, used 53913K [0x00000000b0000000, 0x00000000b6a00000, 0x00000000c0000000)
  object space 108544K, 49% used [0x00000000b0000000,0x00000000b34a6588,0x00000000b6a00000)
}
Event: 72,087 GC heap before
{Heap before GC invocations=15 (full 1):
 PSYoungGen      total 288768K, used 232672K [0x00000000eaa80000, 0x0000000100000000, 0x0000000100000000)
  eden space 227840K, 100% used [0x00000000eaa80000,0x00000000f8900000,0x00000000f8900000)
  from space 60928K, 7% used [0x00000000f8900000,0x00000000f8db8000,0x00000000fc480000)
  to   space 60416K, 0% used [0x00000000fc500000,0x00000000fc500000,0x0000000100000000)
 ParOldGen       total 152064K, used 119815K [0x00000000c0000000, 0x00000000c9480000, 0x00000000eaa80000)
  object space 152064K, 78% used [0x00000000c0000000,0x00000000c7501fb0,0x00000000c9480000)
 PSPermGen       total 108544K, used 53918K [0x00000000b0000000, 0x00000000b6a00000, 0x00000000c0000000)
  object space 108544K, 49% used [0x00000000b0000000,0x00000000b34a7818,0x00000000b6a00000)
Event: 72,117 GC heap after
Heap after GC invocations=15 (full 1):
 PSYoungGen      total 286208K, used 5760K [0x00000000eaa80000, 0x00000000ffd80000, 0x0000000100000000)
  eden space 228352K, 0% used [0x00000000eaa80000,0x00000000eaa80000,0x00000000f8980000)
  from space 57856K, 9% used [0x00000000fc500000,0x00000000fcaa0000,0x00000000ffd80000)
  to   space 59392K, 0% used [0x00000000f8980000,0x00000000f8980000,0x00000000fc380000)
 ParOldGen       total 152064K, used 124615K [0x00000000c0000000, 0x00000000c9480000, 0x00000000eaa80000)
  object space 152064K, 81% used [0x00000000c0000000,0x00000000c79b1fb0,0x00000000c9480000)
 PSPermGen       total 108544K, used 53918K [0x00000000b0000000, 0x00000000b6a00000, 0x00000000c0000000)
  object space 108544K, 49% used [0x00000000b0000000,0x00000000b34a7818,0x00000000b6a00000)
}
Event: 72,117 GC heap before
{Heap before GC invocations=16 (full 2):
 PSYoungGen      total 286208K, used 5760K [0x00000000eaa80000, 0x00000000ffd80000, 0x0000000100000000)
  eden space 228352K, 0% used [0x00000000eaa80000,0x00000000eaa80000,0x00000000f8980000)
  from space 57856K, 9% used [0x00000000fc500000,0x00000000fcaa0000,0x00000000ffd80000)
  to   space 59392K, 0% used [0x00000000f8980000,0x00000000f8980000,0x00000000fc380000)
 ParOldGen       total 152064K, used 124615K [0x00000000c0000000, 0x00000000c9480000, 0x00000000eaa80000)
  object space 152064K, 81% used [0x00000000c0000000,0x00000000c79b1fb0,0x00000000c9480000)
 PSPermGen       total 108544K, used 53918K [0x00000000b0000000, 0x00000000b6a00000, 0x00000000c0000000)
  object space 108544K, 49% used [0x00000000b0000000,0x00000000b34a7818,0x00000000b6a00000)

