# JRE version: OpenJDK Runtime Environment (7.0_95) (build 1.7.0_95-b00)
# Java VM: OpenJDK 64-Bit Server VM (24.95-b01 mixed mode linux-amd64 compressed oops)
Heap
 PSYoungGen      total 203264K, used 165756K [0x00000000eaa80000, 0x00000000f9000000, 0x0000000100000000)
  eden space 180736K, 79% used [0x00000000eaa80000,0x00000000f3660530,0x00000000f5b00000)
  from space 22528K, 99% used [0x00000000f6280000,0x00000000f787eb48,0x00000000f7880000)
  to   space 24064K, 0% used [0x00000000f7880000,0x00000000f7880000,0x00000000f9000000)
 ParOldGen       total 83968K, used 35290K [0x00000000c0000000, 0x00000000c5200000, 0x00000000eaa80000)
  object space 83968K, 42% used [0x00000000c0000000,0x00000000c2276b38,0x00000000c5200000)
 PSPermGen       total 85504K, used 48647K [0x00000000b0000000, 0x00000000b5380000, 0x00000000c0000000)
  object space 85504K, 56% used [0x00000000b0000000,0x00000000b2f81df8,0x00000000b5380000)
GC Heap History (10 events):
Event: 21,529 GC heap before
{Heap before GC invocations=10 (full 0):
 PSYoungGen      total 138240K, used 138226K [0x00000000eaa80000, 0x00000000f9300000, 0x0000000100000000)
  eden space 124416K, 100% used [0x00000000eaa80000,0x00000000f2400000,0x00000000f2400000)
  from space 13824K, 99% used [0x00000000f2400000,0x00000000f317cb68,0x00000000f3180000)
  to   space 19456K, 0% used [0x00000000f8000000,0x00000000f8000000,0x00000000f9300000)
 ParOldGen       total 83968K, used 25452K [0x00000000c0000000, 0x00000000c5200000, 0x00000000eaa80000)
  object space 83968K, 30% used [0x00000000c0000000,0x00000000c18db2a0,0x00000000c5200000)
 PSPermGen       total 42496K, used 42368K [0x00000000b0000000, 0x00000000b2980000, 0x00000000c0000000)
  object space 42496K, 99% used [0x00000000b0000000,0x00000000b2960170,0x00000000b2980000)
Event: 21,567 GC heap after
Heap after GC invocations=10 (full 0):
 PSYoungGen      total 216064K, used 19240K [0x00000000eaa80000, 0x00000000f9800000, 0x0000000100000000)
  eden space 196608K, 0% used [0x00000000eaa80000,0x00000000eaa80000,0x00000000f6a80000)
  from space 19456K, 98% used [0x00000000f8000000,0x00000000f92ca048,0x00000000f9300000)
  to   space 22016K, 0% used [0x00000000f6a80000,0x00000000f6a80000,0x00000000f8000000)
 ParOldGen       total 83968K, used 30284K [0x00000000c0000000, 0x00000000c5200000, 0x00000000eaa80000)
  object space 83968K, 36% used [0x00000000c0000000,0x00000000c1d932e0,0x00000000c5200000)
 PSPermGen       total 42496K, used 42368K [0x00000000b0000000, 0x00000000b2980000, 0x00000000c0000000)
  object space 42496K, 99% used [0x00000000b0000000,0x00000000b2960170,0x00000000b2980000)
}
Event: 22,798 GC heap before
{Heap before GC invocations=11 (full 0):
 PSYoungGen      total 216064K, used 63491K [0x00000000eaa80000, 0x00000000f9800000, 0x0000000100000000)
  eden space 196608K, 22% used [0x00000000eaa80000,0x00000000ed5b6de8,0x00000000f6a80000)
  from space 19456K, 98% used [0x00000000f8000000,0x00000000f92ca048,0x00000000f9300000)
  to   space 22016K, 0% used [0x00000000f6a80000,0x00000000f6a80000,0x00000000f8000000)
 ParOldGen       total 83968K, used 30284K [0x00000000c0000000, 0x00000000c5200000, 0x00000000eaa80000)
  object space 83968K, 36% used [0x00000000c0000000,0x00000000c1d932e0,0x00000000c5200000)
 PSPermGen       total 43008K, used 42602K [0x00000000b0000000, 0x00000000b2a00000, 0x00000000c0000000)
  object space 43008K, 99% used [0x00000000b0000000,0x00000000b299a938,0x00000000b2a00000)
Event: 22,830 GC heap after
Heap after GC invocations=11 (full 0):
 PSYoungGen      total 218624K, used 2010K [0x00000000eaa80000, 0x00000000f9900000, 0x0000000100000000)
  eden space 196608K, 0% used [0x00000000eaa80000,0x00000000eaa80000,0x00000000f6a80000)
  from space 22016K, 9% used [0x00000000f6a80000,0x00000000f6c768e0,0x00000000f8000000)
  to   space 22528K, 0% used [0x00000000f8300000,0x00000000f8300000,0x00000000f9900000)
 ParOldGen       total 83968K, used 45686K [0x00000000c0000000, 0x00000000c5200000, 0x00000000eaa80000)
  object space 83968K, 54% used [0x00000000c0000000,0x00000000c2c9dae8,0x00000000c5200000)
 PSPermGen       total 43008K, used 42602K [0x00000000b0000000, 0x00000000b2a00000, 0x00000000c0000000)
  object space 43008K, 99% used [0x00000000b0000000,0x00000000b299a938,0x00000000b2a00000)
}
Event: 22,830 GC heap before
{Heap before GC invocations=12 (full 1):
 PSYoungGen      total 218624K, used 2010K [0x00000000eaa80000, 0x00000000f9900000, 0x0000000100000000)
  eden space 196608K, 0% used [0x00000000eaa80000,0x00000000eaa80000,0x00000000f6a80000)
  from space 22016K, 9% used [0x00000000f6a80000,0x00000000f6c768e0,0x00000000f8000000)
  to   space 22528K, 0% used [0x00000000f8300000,0x00000000f8300000,0x00000000f9900000)
 ParOldGen       total 83968K, used 45686K [0x00000000c0000000, 0x00000000c5200000, 0x00000000eaa80000)
  object space 83968K, 54% used [0x00000000c0000000,0x00000000c2c9dae8,0x00000000c5200000)
 PSPermGen       total 43008K, used 42602K [0x00000000b0000000, 0x00000000b2a00000, 0x00000000c0000000)
  object space 43008K, 99% used [0x00000000b0000000,0x00000000b299a938,0x00000000b2a00000)
Event: 23,200 GC heap after
Heap after GC invocations=12 (full 1):
 PSYoungGen      total 218624K, used 0K [0x00000000eaa80000, 0x00000000f9900000, 0x0000000100000000)
  eden space 196608K, 0% used [0x00000000eaa80000,0x00000000eaa80000,0x00000000f6a80000)
  from space 22016K, 0% used [0x00000000f6a80000,0x00000000f6a80000,0x00000000f8000000)
  to   space 22528K, 0% used [0x00000000f8300000,0x00000000f8300000,0x00000000f9900000)
 ParOldGen       total 83968K, used 32282K [0x00000000c0000000, 0x00000000c5200000, 0x00000000eaa80000)
  object space 83968K, 38% used [0x00000000c0000000,0x00000000c1f86948,0x00000000c5200000)
 PSPermGen       total 85504K, used 42580K [0x00000000b0000000, 0x00000000b5380000, 0x00000000c0000000)
  object space 85504K, 49% used [0x00000000b0000000,0x00000000b2995248,0x00000000b5380000)
}
Event: 4512,052 GC heap before
{Heap before GC invocations=13 (full 1):
 PSYoungGen      total 218624K, used 196608K [0x00000000eaa80000, 0x00000000f9900000, 0x0000000100000000)
  eden space 196608K, 100% used [0x00000000eaa80000,0x00000000f6a80000,0x00000000f6a80000)
  from space 22016K, 0% used [0x00000000f6a80000,0x00000000f6a80000,0x00000000f8000000)
  to   space 22528K, 0% used [0x00000000f8300000,0x00000000f8300000,0x00000000f9900000)
 ParOldGen       total 83968K, used 32282K [0x00000000c0000000, 0x00000000c5200000, 0x00000000eaa80000)
  object space 83968K, 38% used [0x00000000c0000000,0x00000000c1f86948,0x00000000c5200000)
 PSPermGen       total 85504K, used 43061K [0x00000000b0000000, 0x00000000b5380000, 0x00000000c0000000)
  object space 85504K, 50% used [0x00000000b0000000,0x00000000b2a0d500,0x00000000b5380000)
Event: 4512,060 GC heap after
Heap after GC invocations=13 (full 1):
 PSYoungGen      total 200192K, used 3231K [0x00000000eaa80000, 0x00000000f8e80000, 0x0000000100000000)
  eden space 188416K, 0% used [0x00000000eaa80000,0x00000000eaa80000,0x00000000f6280000)
  from space 11776K, 27% used [0x00000000f8300000,0x00000000f8627f90,0x00000000f8e80000)
  to   space 22528K, 0% used [0x00000000f6280000,0x00000000f6280000,0x00000000f7880000)
 ParOldGen       total 83968K, used 32282K [0x00000000c0000000, 0x00000000c5200000, 0x00000000eaa80000)
  object space 83968K, 38% used [0x00000000c0000000,0x00000000c1f86948,0x00000000c5200000)
 PSPermGen       total 85504K, used 43061K [0x00000000b0000000, 0x00000000b5380000, 0x00000000c0000000)
  object space 85504K, 50% used [0x00000000b0000000,0x00000000b2a0d500,0x00000000b5380000)
}
Event: 4517,559 GC heap before
{Heap before GC invocations=14 (full 1):
 PSYoungGen      total 200192K, used 191090K [0x00000000eaa80000, 0x00000000f8e80000, 0x0000000100000000)
  eden space 188416K, 99% used [0x00000000eaa80000,0x00000000f61f4be0,0x00000000f6280000)
  from space 11776K, 27% used [0x00000000f8300000,0x00000000f8627f90,0x00000000f8e80000)
  to   space 22528K, 0% used [0x00000000f6280000,0x00000000f6280000,0x00000000f7880000)
 ParOldGen       total 83968K, used 32282K [0x00000000c0000000, 0x00000000c5200000, 0x00000000eaa80000)
  object space 83968K, 38% used [0x00000000c0000000,0x00000000c1f86948,0x00000000c5200000)
 PSPermGen       total 85504K, used 46757K [0x00000000b0000000, 0x00000000b5380000, 0x00000000c0000000)
  object space 85504K, 54% used [0x00000000b0000000,0x00000000b2da9568,0x00000000b5380000)
Event: 4517,601 GC heap after
Heap after GC invocations=14 (full 1):
 PSYoungGen      total 203264K, used 22522K [0x00000000eaa80000, 0x00000000f9000000, 0x0000000100000000)
  eden space 180736K, 0% used [0x00000000eaa80000,0x00000000eaa80000,0x00000000f5b00000)
  from space 22528K, 99% used [0x00000000f6280000,0x00000000f787eb48,0x00000000f7880000)
  to   space 24064K, 0% used [0x00000000f7880000,0x00000000f7880000,0x00000000f9000000)
 ParOldGen       total 83968K, used 35290K [0x00000000c0000000, 0x00000000c5200000, 0x00000000eaa80000)
  object space 83968K, 42% used [0x00000000c0000000,0x00000000c2276b38,0x00000000c5200000)
 PSPermGen       total 85504K, used 46757K [0x00000000b0000000, 0x00000000b5380000, 0x00000000c0000000)
  object space 85504K, 54% used [0x00000000b0000000,0x00000000b2da9568,0x00000000b5380000)
}

