# JRE version: OpenJDK Runtime Environment (7.0_85-b01) (build 1.7.0_85-b01)
# Java VM: OpenJDK 64-Bit Server VM (24.85-b03 mixed mode linux-amd64 compressed oops)
Heap
 PSYoungGen      total 128000K, used 47432K [0x00000000eaa80000, 0x00000000f7080000, 0x0000000100000000)
  eden space 111104K, 27% used [0x00000000eaa80000,0x00000000ec857fb0,0x00000000f1700000)
  from space 16896K, 99% used [0x00000000f1700000,0x00000000f277a1d8,0x00000000f2780000)
  to   space 23552K, 0% used [0x00000000f5980000,0x00000000f5980000,0x00000000f7080000)
 ParOldGen       total 83968K, used 64379K [0x00000000c0000000, 0x00000000c5200000, 0x00000000eaa80000)
  object space 83968K, 76% used [0x00000000c0000000,0x00000000c3edef50,0x00000000c5200000)
 PSPermGen       total 45568K, used 45388K [0x00000000b0000000, 0x00000000b2c80000, 0x00000000c0000000)
  object space 45568K, 99% used [0x00000000b0000000,0x00000000b2c53288,0x00000000b2c80000)
GC Heap History (10 events):
Event: 43,685 GC heap before
{Heap before GC invocations=13 (full 0):
 PSYoungGen      total 56832K, used 48611K [0x00000000eaa80000, 0x00000000eec80000, 0x0000000100000000)
  eden space 46080K, 100% used [0x00000000eaa80000,0x00000000ed780000,0x00000000ed780000)
  from space 10752K, 23% used [0x00000000ee200000,0x00000000ee478c30,0x00000000eec80000)
  to   space 10752K, 0% used [0x00000000ed780000,0x00000000ed780000,0x00000000ee200000)
 ParOldGen       total 83968K, used 25720K [0x00000000c0000000, 0x00000000c5200000, 0x00000000eaa80000)
  object space 83968K, 30% used [0x00000000c0000000,0x00000000c191e0a8,0x00000000c5200000)
 PSPermGen       total 35840K, used 35540K [0x00000000b0000000, 0x00000000b2300000, 0x00000000c0000000)
  object space 35840K, 99% used [0x00000000b0000000,0x00000000b22b5240,0x00000000b2300000)
Event: 43,713 GC heap after
Heap after GC invocations=13 (full 0):
 PSYoungGen      total 56832K, used 6055K [0x00000000eaa80000, 0x00000000f0780000, 0x0000000100000000)
  eden space 46080K, 0% used [0x00000000eaa80000,0x00000000eaa80000,0x00000000ed780000)
  from space 10752K, 56% used [0x00000000ed780000,0x00000000edd69c38,0x00000000ee200000)
  to   space 10752K, 0% used [0x00000000efd00000,0x00000000efd00000,0x00000000f0780000)
 ParOldGen       total 83968K, used 27488K [0x00000000c0000000, 0x00000000c5200000, 0x00000000eaa80000)
  object space 83968K, 32% used [0x00000000c0000000,0x00000000c1ad80a8,0x00000000c5200000)
 PSPermGen       total 35840K, used 35540K [0x00000000b0000000, 0x00000000b2300000, 0x00000000c0000000)
  object space 35840K, 99% used [0x00000000b0000000,0x00000000b22b5240,0x00000000b2300000)
}
Event: 45,192 GC heap before
{Heap before GC invocations=14 (full 0):
 PSYoungGen      total 56832K, used 52135K [0x00000000eaa80000, 0x00000000f0780000, 0x0000000100000000)
  eden space 46080K, 100% used [0x00000000eaa80000,0x00000000ed780000,0x00000000ed780000)
  from space 10752K, 56% used [0x00000000ed780000,0x00000000edd69c38,0x00000000ee200000)
  to   space 10752K, 0% used [0x00000000efd00000,0x00000000efd00000,0x00000000f0780000)
 ParOldGen       total 83968K, used 27488K [0x00000000c0000000, 0x00000000c5200000, 0x00000000eaa80000)
  object space 83968K, 32% used [0x00000000c0000000,0x00000000c1ad80a8,0x00000000c5200000)
 PSPermGen       total 36864K, used 36592K [0x00000000b0000000, 0x00000000b2400000, 0x00000000c0000000)
  object space 36864K, 99% used [0x00000000b0000000,0x00000000b23bc1e0,0x00000000b2400000)
Event: 45,216 GC heap after
Heap after GC invocations=14 (full 0):
 PSYoungGen      total 83456K, used 4800K [0x00000000eaa80000, 0x00000000f0680000, 0x0000000100000000)
  eden space 73728K, 0% used [0x00000000eaa80000,0x00000000eaa80000,0x00000000ef280000)
  from space 9728K, 49% used [0x00000000efd00000,0x00000000f01b0000,0x00000000f0680000)
  to   space 10240K, 0% used [0x00000000ef280000,0x00000000ef280000,0x00000000efc80000)
 ParOldGen       total 83968K, used 32648K [0x00000000c0000000, 0x00000000c5200000, 0x00000000eaa80000)
  object space 83968K, 38% used [0x00000000c0000000,0x00000000c1fe2108,0x00000000c5200000)
 PSPermGen       total 36864K, used 36592K [0x00000000b0000000, 0x00000000b2400000, 0x00000000c0000000)
  object space 36864K, 99% used [0x00000000b0000000,0x00000000b23bc1e0,0x00000000b2400000)
}
Event: 48,336 GC heap before
{Heap before GC invocations=15 (full 0):
 PSYoungGen      total 83456K, used 78528K [0x00000000eaa80000, 0x00000000f0680000, 0x0000000100000000)
  eden space 73728K, 100% used [0x00000000eaa80000,0x00000000ef280000,0x00000000ef280000)
  from space 9728K, 49% used [0x00000000efd00000,0x00000000f01b0000,0x00000000f0680000)
  to   space 10240K, 0% used [0x00000000ef280000,0x00000000ef280000,0x00000000efc80000)
 ParOldGen       total 83968K, used 32648K [0x00000000c0000000, 0x00000000c5200000, 0x00000000eaa80000)
  object space 83968K, 38% used [0x00000000c0000000,0x00000000c1fe2108,0x00000000c5200000)
 PSPermGen       total 39424K, used 38964K [0x00000000b0000000, 0x00000000b2680000, 0x00000000c0000000)
  object space 39424K, 98% used [0x00000000b0000000,0x00000000b260d2f8,0x00000000b2680000)
Event: 48,354 GC heap after
Heap after GC invocations=15 (full 0):
 PSYoungGen      total 83968K, used 5123K [0x00000000eaa80000, 0x00000000f3100000, 0x0000000100000000)
  eden space 73728K, 0% used [0x00000000eaa80000,0x00000000eaa80000,0x00000000ef280000)
  from space 10240K, 50% used [0x00000000ef280000,0x00000000ef780da0,0x00000000efc80000)
  to   space 9728K, 0% used [0x00000000f2780000,0x00000000f2780000,0x00000000f3100000)
 ParOldGen       total 83968K, used 36858K [0x00000000c0000000, 0x00000000c5200000, 0x00000000eaa80000)
  object space 83968K, 43% used [0x00000000c0000000,0x00000000c23fe978,0x00000000c5200000)
 PSPermGen       total 39424K, used 38964K [0x00000000b0000000, 0x00000000b2680000, 0x00000000c0000000)
  object space 39424K, 98% used [0x00000000b0000000,0x00000000b260d2f8,0x00000000b2680000)
}
Event: 51,725 GC heap before
{Heap before GC invocations=16 (full 0):
 PSYoungGen      total 83968K, used 78851K [0x00000000eaa80000, 0x00000000f3100000, 0x0000000100000000)
  eden space 73728K, 100% used [0x00000000eaa80000,0x00000000ef280000,0x00000000ef280000)
  from space 10240K, 50% used [0x00000000ef280000,0x00000000ef780da0,0x00000000efc80000)
  to   space 9728K, 0% used [0x00000000f2780000,0x00000000f2780000,0x00000000f3100000)
 ParOldGen       total 83968K, used 36858K [0x00000000c0000000, 0x00000000c5200000, 0x00000000eaa80000)
  object space 83968K, 43% used [0x00000000c0000000,0x00000000c23fe978,0x00000000c5200000)
 PSPermGen       total 43008K, used 42749K [0x00000000b0000000, 0x00000000b2a00000, 0x00000000c0000000)
  object space 43008K, 99% used [0x00000000b0000000,0x00000000b29bf570,0x00000000b2a00000)
Event: 51,768 GC heap after
Heap after GC invocations=16 (full 0):
 PSYoungGen      total 120832K, used 9712K [0x00000000eaa80000, 0x00000000f3f00000, 0x0000000100000000)
  eden space 111104K, 0% used [0x00000000eaa80000,0x00000000eaa80000,0x00000000f1700000)
  from space 9728K, 99% used [0x00000000f2780000,0x00000000f30fc250,0x00000000f3100000)
  to   space 16896K, 0% used [0x00000000f1700000,0x00000000f1700000,0x00000000f2780000)
 ParOldGen       total 83968K, used 53208K [0x00000000c0000000, 0x00000000c5200000, 0x00000000eaa80000)
  object space 83968K, 63% used [0x00000000c0000000,0x00000000c33f63c0,0x00000000c5200000)
 PSPermGen       total 43008K, used 42749K [0x00000000b0000000, 0x00000000b2a00000, 0x00000000c0000000)
  object space 43008K, 99% used [0x00000000b0000000,0x00000000b29bf570,0x00000000b2a00000)
}
Event: 59,816 GC heap before
{Heap before GC invocations=17 (full 0):
 PSYoungGen      total 120832K, used 120816K [0x00000000eaa80000, 0x00000000f3f00000, 0x0000000100000000)
  eden space 111104K, 100% used [0x00000000eaa80000,0x00000000f1700000,0x00000000f1700000)
  from space 9728K, 99% used [0x00000000f2780000,0x00000000f30fc250,0x00000000f3100000)
  to   space 16896K, 0% used [0x00000000f1700000,0x00000000f1700000,0x00000000f2780000)
 ParOldGen       total 83968K, used 53208K [0x00000000c0000000, 0x00000000c5200000, 0x00000000eaa80000)
  object space 83968K, 63% used [0x00000000c0000000,0x00000000c33f63c0,0x00000000c5200000)
 PSPermGen       total 44544K, used 44447K [0x00000000b0000000, 0x00000000b2b80000, 0x00000000c0000000)
  object space 44544K, 99% used [0x00000000b0000000,0x00000000b2b67fe0,0x00000000b2b80000)
Event: 59,878 GC heap after
Heap after GC invocations=17 (full 0):
 PSYoungGen      total 128000K, used 16872K [0x00000000eaa80000, 0x00000000f7080000, 0x0000000100000000)
  eden space 111104K, 0% used [0x00000000eaa80000,0x00000000eaa80000,0x00000000f1700000)
  from space 16896K, 99% used [0x00000000f1700000,0x00000000f277a1d8,0x00000000f2780000)
  to   space 23552K, 0% used [0x00000000f5980000,0x00000000f5980000,0x00000000f7080000)
 ParOldGen       total 83968K, used 64379K [0x00000000c0000000, 0x00000000c5200000, 0x00000000eaa80000)
  object space 83968K, 76% used [0x00000000c0000000,0x00000000c3edef50,0x00000000c5200000)
 PSPermGen       total 44544K, used 44447K [0x00000000b0000000, 0x00000000b2b80000, 0x00000000c0000000)
  object space 44544K, 99% used [0x00000000b0000000,0x00000000b2b67fe0,0x00000000b2b80000)
}

