# JRE version: OpenJDK Runtime Environment (7.0_95) (build 1.7.0_95-b00)
# Java VM: OpenJDK 64-Bit Server VM (24.95-b01 mixed mode linux-amd64 compressed oops)
Heap
 PSYoungGen      total 219136K, used 205895K [0x00000000eaa80000, 0x0000000100000000, 0x0000000100000000)
  eden space 198144K, 94% used [0x00000000eaa80000,0x00000000f609dc28,0x00000000f6c00000)
  from space 20992K, 92% used [0x00000000f6c00000,0x00000000f7ef42a8,0x00000000f8080000)
  to   space 23552K, 0% used [0x00000000fe900000,0x00000000fe900000,0x0000000100000000)
 ParOldGen       total 83968K, used 40881K [0x00000000c0000000, 0x00000000c5200000, 0x00000000eaa80000)
  object space 83968K, 48% used [0x00000000c0000000,0x00000000c27ec6e0,0x00000000c5200000)
 PSPermGen       total 48128K, used 48000K [0x00000000b0000000, 0x00000000b2f00000, 0x00000000c0000000)
  object space 48128K, 99% used [0x00000000b0000000,0x00000000b2ee03a8,0x00000000b2f00000)
GC Heap History (10 events):
Event: 14,176 GC heap before
{Heap before GC invocations=7 (full 0):
 PSYoungGen      total 74752K, used 71890K [0x00000000eaa80000, 0x00000000efe80000, 0x0000000100000000)
  eden space 63488K, 100% used [0x00000000eaa80000,0x00000000ee880000,0x00000000ee880000)
  from space 11264K, 74% used [0x00000000ef380000,0x00000000efbb4a48,0x00000000efe80000)
  to   space 11264K, 0% used [0x00000000ee880000,0x00000000ee880000,0x00000000ef380000)
 ParOldGen       total 83968K, used 10341K [0x00000000c0000000, 0x00000000c5200000, 0x00000000eaa80000)
  object space 83968K, 12% used [0x00000000c0000000,0x00000000c0a19538,0x00000000c5200000)
 PSPermGen       total 27648K, used 27506K [0x00000000b0000000, 0x00000000b1b00000, 0x00000000c0000000)
  object space 27648K, 99% used [0x00000000b0000000,0x00000000b1adcaf8,0x00000000b1b00000)
Event: 14,205 GC heap after
Heap after GC invocations=7 (full 0):
 PSYoungGen      total 74752K, used 7497K [0x00000000eaa80000, 0x00000000f3c80000, 0x0000000100000000)
  eden space 63488K, 0% used [0x00000000eaa80000,0x00000000eaa80000,0x00000000ee880000)
  from space 11264K, 66% used [0x00000000ee880000,0x00000000eefd26a0,0x00000000ef380000)
  to   space 11264K, 0% used [0x00000000f3180000,0x00000000f3180000,0x00000000f3c80000)
 ParOldGen       total 83968K, used 11778K [0x00000000c0000000, 0x00000000c5200000, 0x00000000eaa80000)
  object space 83968K, 14% used [0x00000000c0000000,0x00000000c0b809a8,0x00000000c5200000)
 PSPermGen       total 27648K, used 27506K [0x00000000b0000000, 0x00000000b1b00000, 0x00000000c0000000)
  object space 27648K, 99% used [0x00000000b0000000,0x00000000b1adcaf8,0x00000000b1b00000)
}
Event: 15,929 GC heap before
{Heap before GC invocations=8 (full 0):
 PSYoungGen      total 74752K, used 70985K [0x00000000eaa80000, 0x00000000f3c80000, 0x0000000100000000)
  eden space 63488K, 100% used [0x00000000eaa80000,0x00000000ee880000,0x00000000ee880000)
  from space 11264K, 66% used [0x00000000ee880000,0x00000000eefd26a0,0x00000000ef380000)
  to   space 11264K, 0% used [0x00000000f3180000,0x00000000f3180000,0x00000000f3c80000)
 ParOldGen       total 83968K, used 11778K [0x00000000c0000000, 0x00000000c5200000, 0x00000000eaa80000)
  object space 83968K, 14% used [0x00000000c0000000,0x00000000c0b809a8,0x00000000c5200000)
 PSPermGen       total 31232K, used 31215K [0x00000000b0000000, 0x00000000b1e80000, 0x00000000c0000000)
  object space 31232K, 99% used [0x00000000b0000000,0x00000000b1e7bc68,0x00000000b1e80000)
Event: 15,958 GC heap after
Heap after GC invocations=8 (full 0):
 PSYoungGen      total 138240K, used 8332K [0x00000000eaa80000, 0x00000000f3c80000, 0x0000000100000000)
  eden space 126976K, 0% used [0x00000000eaa80000,0x00000000eaa80000,0x00000000f2680000)
  from space 11264K, 73% used [0x00000000f3180000,0x00000000f39a3018,0x00000000f3c80000)
  to   space 11264K, 0% used [0x00000000f2680000,0x00000000f2680000,0x00000000f3180000)
 ParOldGen       total 83968K, used 14551K [0x00000000c0000000, 0x00000000c5200000, 0x00000000eaa80000)
  object space 83968K, 17% used [0x00000000c0000000,0x00000000c0e35cc8,0x00000000c5200000)
 PSPermGen       total 31232K, used 31215K [0x00000000b0000000, 0x00000000b1e80000, 0x00000000c0000000)
  object space 31232K, 99% used [0x00000000b0000000,0x00000000b1e7bc68,0x00000000b1e80000)
}
Event: 20,022 GC heap before
{Heap before GC invocations=9 (full 0):
 PSYoungGen      total 138240K, used 135308K [0x00000000eaa80000, 0x00000000f3c80000, 0x0000000100000000)
  eden space 126976K, 100% used [0x00000000eaa80000,0x00000000f2680000,0x00000000f2680000)
  from space 11264K, 73% used [0x00000000f3180000,0x00000000f39a3018,0x00000000f3c80000)
  to   space 11264K, 0% used [0x00000000f2680000,0x00000000f2680000,0x00000000f3180000)
 ParOldGen       total 83968K, used 14551K [0x00000000c0000000, 0x00000000c5200000, 0x00000000eaa80000)
  object space 83968K, 17% used [0x00000000c0000000,0x00000000c0e35cc8,0x00000000c5200000)
 PSPermGen       total 38912K, used 38622K [0x00000000b0000000, 0x00000000b2600000, 0x00000000c0000000)
  object space 38912K, 99% used [0x00000000b0000000,0x00000000b25b78d8,0x00000000b2600000)
Event: 20,082 GC heap after
Heap after GC invocations=9 (full 0):
 PSYoungGen      total 138240K, used 11261K [0x00000000eaa80000, 0x00000000f9000000, 0x0000000100000000)
  eden space 126976K, 0% used [0x00000000eaa80000,0x00000000eaa80000,0x00000000f2680000)
  from space 11264K, 99% used [0x00000000f2680000,0x00000000f317f778,0x00000000f3180000)
  to   space 15872K, 0% used [0x00000000f8080000,0x00000000f8080000,0x00000000f9000000)
 ParOldGen       total 83968K, used 23649K [0x00000000c0000000, 0x00000000c5200000, 0x00000000eaa80000)
  object space 83968K, 28% used [0x00000000c0000000,0x00000000c1718460,0x00000000c5200000)
 PSPermGen       total 38912K, used 38622K [0x00000000b0000000, 0x00000000b2600000, 0x00000000c0000000)
  object space 38912K, 99% used [0x00000000b0000000,0x00000000b25b78d8,0x00000000b2600000)
}
Event: 22,822 GC heap before
{Heap before GC invocations=10 (full 0):
 PSYoungGen      total 138240K, used 138237K [0x00000000eaa80000, 0x00000000f9000000, 0x0000000100000000)
  eden space 126976K, 100% used [0x00000000eaa80000,0x00000000f2680000,0x00000000f2680000)
  from space 11264K, 99% used [0x00000000f2680000,0x00000000f317f778,0x00000000f3180000)
  to   space 15872K, 0% used [0x00000000f8080000,0x00000000f8080000,0x00000000f9000000)
 ParOldGen       total 83968K, used 23649K [0x00000000c0000000, 0x00000000c5200000, 0x00000000eaa80000)
  object space 83968K, 28% used [0x00000000c0000000,0x00000000c1718460,0x00000000c5200000)
 PSPermGen       total 39424K, used 38959K [0x00000000b0000000, 0x00000000b2680000, 0x00000000c0000000)
  object space 39424K, 98% used [0x00000000b0000000,0x00000000b260bf40,0x00000000b2680000)
Event: 22,901 GC heap after
Heap after GC invocations=10 (full 0):
 PSYoungGen      total 214016K, used 15845K [0x00000000eaa80000, 0x00000000f9a00000, 0x0000000100000000)
  eden space 198144K, 0% used [0x00000000eaa80000,0x00000000eaa80000,0x00000000f6c00000)
  from space 15872K, 99% used [0x00000000f8080000,0x00000000f8ff9470,0x00000000f9000000)
  to   space 20992K, 0% used [0x00000000f6c00000,0x00000000f6c00000,0x00000000f8080000)
 ParOldGen       total 83968K, used 32479K [0x00000000c0000000, 0x00000000c5200000, 0x00000000eaa80000)
  object space 83968K, 38% used [0x00000000c0000000,0x00000000c1fb7c68,0x00000000c5200000)
 PSPermGen       total 39424K, used 38959K [0x00000000b0000000, 0x00000000b2680000, 0x00000000c0000000)
  object space 39424K, 98% used [0x00000000b0000000,0x00000000b260bf40,0x00000000b2680000)
}
Event: 30,078 GC heap before
{Heap before GC invocations=11 (full 0):
 PSYoungGen      total 214016K, used 213989K [0x00000000eaa80000, 0x00000000f9a00000, 0x0000000100000000)
  eden space 198144K, 100% used [0x00000000eaa80000,0x00000000f6c00000,0x00000000f6c00000)
  from space 15872K, 99% used [0x00000000f8080000,0x00000000f8ff9470,0x00000000f9000000)
  to   space 20992K, 0% used [0x00000000f6c00000,0x00000000f6c00000,0x00000000f8080000)
 ParOldGen       total 83968K, used 32479K [0x00000000c0000000, 0x00000000c5200000, 0x00000000eaa80000)
  object space 83968K, 38% used [0x00000000c0000000,0x00000000c1fb7c68,0x00000000c5200000)
 PSPermGen       total 43520K, used 43122K [0x00000000b0000000, 0x00000000b2a80000, 0x00000000c0000000)
  object space 43520K, 99% used [0x00000000b0000000,0x00000000b2a1c8a8,0x00000000b2a80000)
Event: 30,178 GC heap after
Heap after GC invocations=11 (full 0):
 PSYoungGen      total 219136K, used 19408K [0x00000000eaa80000, 0x0000000100000000, 0x0000000100000000)
  eden space 198144K, 0% used [0x00000000eaa80000,0x00000000eaa80000,0x00000000f6c00000)
  from space 20992K, 92% used [0x00000000f6c00000,0x00000000f7ef42a8,0x00000000f8080000)
  to   space 23552K, 0% used [0x00000000fe900000,0x00000000fe900000,0x0000000100000000)
 ParOldGen       total 83968K, used 40881K [0x00000000c0000000, 0x00000000c5200000, 0x00000000eaa80000)
  object space 83968K, 48% used [0x00000000c0000000,0x00000000c27ec6e0,0x00000000c5200000)
 PSPermGen       total 43520K, used 43122K [0x00000000b0000000, 0x00000000b2a80000, 0x00000000c0000000)
  object space 43520K, 99% used [0x00000000b0000000,0x00000000b2a1c8a8,0x00000000b2a80000)
}

