# JRE version: OpenJDK Runtime Environment (7.0_95) (build 1.7.0_95-b00)
# Java VM: OpenJDK 64-Bit Server VM (24.95-b01 mixed mode linux-amd64 compressed oops)
Heap
 PSYoungGen      total 254976K, used 169472K [0x00000000eaa80000, 0x00000000ff580000, 0x0000000100000000)
  eden space 169472K, 100% used [0x00000000eaa80000,0x00000000f5000000,0x00000000f5000000)
  from space 85504K, 0% used [0x00000000f5000000,0x00000000f5000000,0x00000000fa380000)
  to   space 83968K, 12% used [0x00000000fa380000,0x00000000fadb07c0,0x00000000ff580000)
 ParOldGen       total 235520K, used 39095K [0x00000000c0000000, 0x00000000ce600000, 0x00000000eaa80000)
  object space 235520K, 16% used [0x00000000c0000000,0x00000000c262dec0,0x00000000ce600000)
 PSPermGen       total 89088K, used 55434K [0x00000000b0000000, 0x00000000b5700000, 0x00000000c0000000)
  object space 89088K, 62% used [0x00000000b0000000,0x00000000b3622af0,0x00000000b5700000)
GC Heap History (10 events):
Event: 6621,607 GC heap after
Heap after GC invocations=57 (full 7):
 PSYoungGen      total 256512K, used 19527K [0x00000000eaa80000, 0x00000000ffd80000, 0x0000000100000000)
  eden space 164352K, 0% used [0x00000000eaa80000,0x00000000eaa80000,0x00000000f4b00000)
  from space 92160K, 21% used [0x00000000fa380000,0x00000000fb691d30,0x00000000ffd80000)
  to   space 90624K, 0% used [0x00000000f4b00000,0x00000000f4b00000,0x00000000fa380000)
 ParOldGen       total 235520K, used 95784K [0x00000000c0000000, 0x00000000ce600000, 0x00000000eaa80000)
  object space 235520K, 40% used [0x00000000c0000000,0x00000000c5d8a120,0x00000000ce600000)
 PSPermGen       total 92672K, used 56133K [0x00000000b0000000, 0x00000000b5a80000, 0x00000000c0000000)
  object space 92672K, 60% used [0x00000000b0000000,0x00000000b36d15a8,0x00000000b5a80000)
}
Event: 6622,943 GC heap before
{Heap before GC invocations=58 (full 7):
 PSYoungGen      total 256512K, used 183879K [0x00000000eaa80000, 0x00000000ffd80000, 0x0000000100000000)
  eden space 164352K, 100% used [0x00000000eaa80000,0x00000000f4b00000,0x00000000f4b00000)
  from space 92160K, 21% used [0x00000000fa380000,0x00000000fb691d30,0x00000000ffd80000)
  to   space 90624K, 0% used [0x00000000f4b00000,0x00000000f4b00000,0x00000000fa380000)
 ParOldGen       total 235520K, used 95784K [0x00000000c0000000, 0x00000000ce600000, 0x00000000eaa80000)
  object space 235520K, 40% used [0x00000000c0000000,0x00000000c5d8a120,0x00000000ce600000)
 PSPermGen       total 92672K, used 56133K [0x00000000b0000000, 0x00000000b5a80000, 0x00000000c0000000)
  object space 92672K, 60% used [0x00000000b0000000,0x00000000b36d16a8,0x00000000b5a80000)
Event: 6623,015 GC heap after
Heap after GC invocations=58 (full 7):
 PSYoungGen      total 254976K, used 9472K [0x00000000eaa80000, 0x00000000ff980000, 0x0000000100000000)
  eden space 164352K, 0% used [0x00000000eaa80000,0x00000000eaa80000,0x00000000f4b00000)
  from space 90624K, 10% used [0x00000000f4b00000,0x00000000f5440000,0x00000000fa380000)
  to   space 88064K, 0% used [0x00000000fa380000,0x00000000fa380000,0x00000000ff980000)
 ParOldGen       total 235520K, used 115118K [0x00000000c0000000, 0x00000000ce600000, 0x00000000eaa80000)
  object space 235520K, 48% used [0x00000000c0000000,0x00000000c706baa0,0x00000000ce600000)
 PSPermGen       total 92672K, used 56133K [0x00000000b0000000, 0x00000000b5a80000, 0x00000000c0000000)
  object space 92672K, 60% used [0x00000000b0000000,0x00000000b36d16a8,0x00000000b5a80000)
}
Event: 6791,454 GC heap before
{Heap before GC invocations=59 (full 7):
 PSYoungGen      total 254976K, used 173824K [0x00000000eaa80000, 0x00000000ff980000, 0x0000000100000000)
  eden space 164352K, 100% used [0x00000000eaa80000,0x00000000f4b00000,0x00000000f4b00000)
  from space 90624K, 10% used [0x00000000f4b00000,0x00000000f5440000,0x00000000fa380000)
  to   space 88064K, 0% used [0x00000000fa380000,0x00000000fa380000,0x00000000ff980000)
 ParOldGen       total 235520K, used 115118K [0x00000000c0000000, 0x00000000ce600000, 0x00000000eaa80000)
  object space 235520K, 48% used [0x00000000c0000000,0x00000000c706baa0,0x00000000ce600000)
 PSPermGen       total 92672K, used 56204K [0x00000000b0000000, 0x00000000b5a80000, 0x00000000c0000000)
  object space 92672K, 60% used [0x00000000b0000000,0x00000000b36e30c0,0x00000000b5a80000)
Event: 6791,494 GC heap after
Heap after GC invocations=59 (full 7):
 PSYoungGen      total 256512K, used 7523K [0x00000000eaa80000, 0x00000000ff880000, 0x0000000100000000)
  eden space 169472K, 0% used [0x00000000eaa80000,0x00000000eaa80000,0x00000000f5000000)
  from space 87040K, 8% used [0x00000000fa380000,0x00000000faad8d28,0x00000000ff880000)
  to   space 85504K, 0% used [0x00000000f5000000,0x00000000f5000000,0x00000000fa380000)
 ParOldGen       total 235520K, used 121718K [0x00000000c0000000, 0x00000000ce600000, 0x00000000eaa80000)
  object space 235520K, 51% used [0x00000000c0000000,0x00000000c76ddaa0,0x00000000ce600000)
 PSPermGen       total 92672K, used 56204K [0x00000000b0000000, 0x00000000b5a80000, 0x00000000c0000000)
  object space 92672K, 60% used [0x00000000b0000000,0x00000000b36e30c0,0x00000000b5a80000)
}
Event: 6791,903 GC heap before
{Heap before GC invocations=60 (full 7):
 PSYoungGen      total 256512K, used 49085K [0x00000000eaa80000, 0x00000000ff880000, 0x0000000100000000)
  eden space 169472K, 24% used [0x00000000eaa80000,0x00000000ed3168c0,0x00000000f5000000)
  from space 87040K, 8% used [0x00000000fa380000,0x00000000faad8d28,0x00000000ff880000)
  to   space 85504K, 0% used [0x00000000f5000000,0x00000000f5000000,0x00000000fa380000)
 ParOldGen       total 235520K, used 121718K [0x00000000c0000000, 0x00000000ce600000, 0x00000000eaa80000)
  object space 235520K, 51% used [0x00000000c0000000,0x00000000c76ddaa0,0x00000000ce600000)
 PSPermGen       total 92672K, used 56212K [0x00000000b0000000, 0x00000000b5a80000, 0x00000000c0000000)
  object space 92672K, 60% used [0x00000000b0000000,0x00000000b36e53e0,0x00000000b5a80000)
Event: 6791,908 GC heap after
Heap after GC invocations=60 (full 7):
 PSYoungGen      total 254976K, used 290K [0x00000000eaa80000, 0x00000000ff580000, 0x0000000100000000)
  eden space 169472K, 0% used [0x00000000eaa80000,0x00000000eaa80000,0x00000000f5000000)
  from space 85504K, 0% used [0x00000000f5000000,0x00000000f50488c0,0x00000000fa380000)
  to   space 83968K, 0% used [0x00000000fa380000,0x00000000fa380000,0x00000000ff580000)
 ParOldGen       total 235520K, used 122605K [0x00000000c0000000, 0x00000000ce600000, 0x00000000eaa80000)
  object space 235520K, 52% used [0x00000000c0000000,0x00000000c77bb630,0x00000000ce600000)
 PSPermGen       total 92672K, used 56212K [0x00000000b0000000, 0x00000000b5a80000, 0x00000000c0000000)
  object space 92672K, 60% used [0x00000000b0000000,0x00000000b36e53e0,0x00000000b5a80000)
}
Event: 6791,908 GC heap before
{Heap before GC invocations=61 (full 8):
 PSYoungGen      total 254976K, used 290K [0x00000000eaa80000, 0x00000000ff580000, 0x0000000100000000)
  eden space 169472K, 0% used [0x00000000eaa80000,0x00000000eaa80000,0x00000000f5000000)
  from space 85504K, 0% used [0x00000000f5000000,0x00000000f50488c0,0x00000000fa380000)
  to   space 83968K, 0% used [0x00000000fa380000,0x00000000fa380000,0x00000000ff580000)
 ParOldGen       total 235520K, used 122605K [0x00000000c0000000, 0x00000000ce600000, 0x00000000eaa80000)
  object space 235520K, 52% used [0x00000000c0000000,0x00000000c77bb630,0x00000000ce600000)
 PSPermGen       total 92672K, used 56212K [0x00000000b0000000, 0x00000000b5a80000, 0x00000000c0000000)
  object space 92672K, 60% used [0x00000000b0000000,0x00000000b36e53e0,0x00000000b5a80000)
Event: 6792,470 GC heap after
Heap after GC invocations=61 (full 8):
 PSYoungGen      total 254976K, used 0K [0x00000000eaa80000, 0x00000000ff580000, 0x0000000100000000)
  eden space 169472K, 0% used [0x00000000eaa80000,0x00000000eaa80000,0x00000000f5000000)
  from space 85504K, 0% used [0x00000000f5000000,0x00000000f5000000,0x00000000fa380000)
  to   space 83968K, 0% used [0x00000000fa380000,0x00000000fa380000,0x00000000ff580000)
 ParOldGen       total 235520K, used 39095K [0x00000000c0000000, 0x00000000ce600000, 0x00000000eaa80000)
  object space 235520K, 16% used [0x00000000c0000000,0x00000000c262dec0,0x00000000ce600000)
 PSPermGen       total 89088K, used 55360K [0x00000000b0000000, 0x00000000b5700000, 0x00000000c0000000)
  object space 89088K, 62% used [0x00000000b0000000,0x00000000b36103b8,0x00000000b5700000)
}
Event: 7114,159 GC heap before
{Heap before GC invocations=62 (full 8):
 PSYoungGen      total 254976K, used 169472K [0x00000000eaa80000, 0x00000000ff580000, 0x0000000100000000)
  eden space 169472K, 100% used [0x00000000eaa80000,0x00000000f5000000,0x00000000f5000000)
  from space 85504K, 0% used [0x00000000f5000000,0x00000000f5000000,0x00000000fa380000)
  to   space 83968K, 0% used [0x00000000fa380000,0x00000000fa380000,0x00000000ff580000)
 ParOldGen       total 235520K, used 39095K [0x00000000c0000000, 0x00000000ce600000, 0x00000000eaa80000)
  object space 235520K, 16% used [0x00000000c0000000,0x00000000c262dec0,0x00000000ce600000)
 PSPermGen       total 89088K, used 55434K [0x00000000b0000000, 0x00000000b5700000, 0x00000000c0000000)
  object space 89088K, 62% used [0x00000000b0000000,0x00000000b3622af0,0x00000000b5700000)

