# JRE version: OpenJDK Runtime Environment (7.0_95) (build 1.7.0_95-b00)
# Java VM: OpenJDK 64-Bit Server VM (24.95-b01 mixed mode linux-amd64 compressed oops)
Heap
 PSYoungGen      total 272384K, used 70091K [0x00000000eaa80000, 0x0000000100000000, 0x0000000100000000)
  eden space 247296K, 18% used [0x00000000eaa80000,0x00000000ed679030,0x00000000f9c00000)
  from space 25088K, 99% used [0x00000000f9c00000,0x00000000fb479e60,0x00000000fb480000)
  to   space 33280K, 0% used [0x00000000fdf80000,0x00000000fdf80000,0x0000000100000000)
 ParOldGen       total 83968K, used 39644K [0x00000000c0000000, 0x00000000c5200000, 0x00000000eaa80000)
  object space 83968K, 47% used [0x00000000c0000000,0x00000000c26b7260,0x00000000c5200000)
 PSPermGen       total 44544K, used 44363K [0x00000000b0000000, 0x00000000b2b80000, 0x00000000c0000000)
  object space 44544K, 99% used [0x00000000b0000000,0x00000000b2b52db0,0x00000000b2b80000)
GC Heap History (10 events):
Event: 12,408 GC heap before
{Heap before GC invocations=5 (full 0):
 PSYoungGen      total 68608K, used 68576K [0x00000000eaa80000, 0x00000000ef280000, 0x0000000100000000)
  eden space 63488K, 100% used [0x00000000eaa80000,0x00000000ee880000,0x00000000ee880000)
  from space 5120K, 99% used [0x00000000eed80000,0x00000000ef278020,0x00000000ef280000)
  to   space 5120K, 0% used [0x00000000ee880000,0x00000000ee880000,0x00000000eed80000)
 ParOldGen       total 83968K, used 7151K [0x00000000c0000000, 0x00000000c5200000, 0x00000000eaa80000)
  object space 83968K, 8% used [0x00000000c0000000,0x00000000c06fbe28,0x00000000c5200000)
 PSPermGen       total 26624K, used 26351K [0x00000000b0000000, 0x00000000b1a00000, 0x00000000c0000000)
  object space 26624K, 98% used [0x00000000b0000000,0x00000000b19bbd98,0x00000000b1a00000)
Event: 12,460 GC heap after
Heap after GC invocations=5 (full 0):
 PSYoungGen      total 68608K, used 5108K [0x00000000eaa80000, 0x00000000f4080000, 0x0000000100000000)
  eden space 63488K, 0% used [0x00000000eaa80000,0x00000000eaa80000,0x00000000ee880000)
  from space 5120K, 99% used [0x00000000ee880000,0x00000000eed7d050,0x00000000eed80000)
  to   space 13312K, 0% used [0x00000000f3380000,0x00000000f3380000,0x00000000f4080000)
 ParOldGen       total 83968K, used 13351K [0x00000000c0000000, 0x00000000c5200000, 0x00000000eaa80000)
  object space 83968K, 15% used [0x00000000c0000000,0x00000000c0d09c00,0x00000000c5200000)
 PSPermGen       total 26624K, used 26351K [0x00000000b0000000, 0x00000000b1a00000, 0x00000000c0000000)
  object space 26624K, 98% used [0x00000000b0000000,0x00000000b19bbd98,0x00000000b1a00000)
}
Event: 18,581 GC heap before
{Heap before GC invocations=6 (full 0):
 PSYoungGen      total 68608K, used 68596K [0x00000000eaa80000, 0x00000000f4080000, 0x0000000100000000)
  eden space 63488K, 100% used [0x00000000eaa80000,0x00000000ee880000,0x00000000ee880000)
  from space 5120K, 99% used [0x00000000ee880000,0x00000000eed7d050,0x00000000eed80000)
  to   space 13312K, 0% used [0x00000000f3380000,0x00000000f3380000,0x00000000f4080000)
 ParOldGen       total 83968K, used 13351K [0x00000000c0000000, 0x00000000c5200000, 0x00000000eaa80000)
  object space 83968K, 15% used [0x00000000c0000000,0x00000000c0d09c00,0x00000000c5200000)
 PSPermGen       total 27648K, used 27400K [0x00000000b0000000, 0x00000000b1b00000, 0x00000000c0000000)
  object space 27648K, 99% used [0x00000000b0000000,0x00000000b1ac2338,0x00000000b1b00000)
Event: 18,649 GC heap after
Heap after GC invocations=6 (full 0):
 PSYoungGen      total 139264K, used 8645K [0x00000000eaa80000, 0x00000000f3f80000, 0x0000000100000000)
  eden space 126976K, 0% used [0x00000000eaa80000,0x00000000eaa80000,0x00000000f2680000)
  from space 12288K, 70% used [0x00000000f3380000,0x00000000f3bf1748,0x00000000f3f80000)
  to   space 12800K, 0% used [0x00000000f2680000,0x00000000f2680000,0x00000000f3300000)
 ParOldGen       total 83968K, used 13351K [0x00000000c0000000, 0x00000000c5200000, 0x00000000eaa80000)
  object space 83968K, 15% used [0x00000000c0000000,0x00000000c0d09c00,0x00000000c5200000)
 PSPermGen       total 27648K, used 27400K [0x00000000b0000000, 0x00000000b1b00000, 0x00000000c0000000)
  object space 27648K, 99% used [0x00000000b0000000,0x00000000b1ac2338,0x00000000b1b00000)
}
Event: 26,226 GC heap before
{Heap before GC invocations=7 (full 0):
 PSYoungGen      total 139264K, used 135621K [0x00000000eaa80000, 0x00000000f3f80000, 0x0000000100000000)
  eden space 126976K, 100% used [0x00000000eaa80000,0x00000000f2680000,0x00000000f2680000)
  from space 12288K, 70% used [0x00000000f3380000,0x00000000f3bf1748,0x00000000f3f80000)
  to   space 12800K, 0% used [0x00000000f2680000,0x00000000f2680000,0x00000000f3300000)
 ParOldGen       total 83968K, used 13351K [0x00000000c0000000, 0x00000000c5200000, 0x00000000eaa80000)
  object space 83968K, 15% used [0x00000000c0000000,0x00000000c0d09c00,0x00000000c5200000)
 PSPermGen       total 34304K, used 33879K [0x00000000b0000000, 0x00000000b2180000, 0x00000000c0000000)
  object space 34304K, 98% used [0x00000000b0000000,0x00000000b2115d60,0x00000000b2180000)
Event: 26,313 GC heap after
Heap after GC invocations=7 (full 0):
 PSYoungGen      total 139776K, used 12770K [0x00000000eaa80000, 0x00000000fc680000, 0x0000000100000000)
  eden space 126976K, 0% used [0x00000000eaa80000,0x00000000eaa80000,0x00000000f2680000)
  from space 12800K, 99% used [0x00000000f2680000,0x00000000f32f8aa8,0x00000000f3300000)
  to   space 18432K, 0% used [0x00000000fb480000,0x00000000fb480000,0x00000000fc680000)
 ParOldGen       total 83968K, used 20813K [0x00000000c0000000, 0x00000000c5200000, 0x00000000eaa80000)
  object space 83968K, 24% used [0x00000000c0000000,0x00000000c1453740,0x00000000c5200000)
 PSPermGen       total 34304K, used 33879K [0x00000000b0000000, 0x00000000b2180000, 0x00000000c0000000)
  object space 34304K, 98% used [0x00000000b0000000,0x00000000b2115d60,0x00000000b2180000)
}
Event: 32,134 GC heap before
{Heap before GC invocations=8 (full 0):
 PSYoungGen      total 139776K, used 139746K [0x00000000eaa80000, 0x00000000fc680000, 0x0000000100000000)
  eden space 126976K, 100% used [0x00000000eaa80000,0x00000000f2680000,0x00000000f2680000)
  from space 12800K, 99% used [0x00000000f2680000,0x00000000f32f8aa8,0x00000000f3300000)
  to   space 18432K, 0% used [0x00000000fb480000,0x00000000fb480000,0x00000000fc680000)
 ParOldGen       total 83968K, used 20813K [0x00000000c0000000, 0x00000000c5200000, 0x00000000eaa80000)
  object space 83968K, 24% used [0x00000000c0000000,0x00000000c1453740,0x00000000c5200000)
 PSPermGen       total 38912K, used 38857K [0x00000000b0000000, 0x00000000b2600000, 0x00000000c0000000)
  object space 38912K, 99% used [0x00000000b0000000,0x00000000b25f26f0,0x00000000b2600000)
Event: 32,216 GC heap after
Heap after GC invocations=8 (full 0):
 PSYoungGen      total 265728K, used 18422K [0x00000000eaa80000, 0x00000000fd380000, 0x0000000100000000)
  eden space 247296K, 0% used [0x00000000eaa80000,0x00000000eaa80000,0x00000000f9c00000)
  from space 18432K, 99% used [0x00000000fb480000,0x00000000fc67d908,0x00000000fc680000)
  to   space 25088K, 0% used [0x00000000f9c00000,0x00000000f9c00000,0x00000000fb480000)
 ParOldGen       total 83968K, used 28628K [0x00000000c0000000, 0x00000000c5200000, 0x00000000eaa80000)
  object space 83968K, 34% used [0x00000000c0000000,0x00000000c1bf52d8,0x00000000c5200000)
 PSPermGen       total 38912K, used 38857K [0x00000000b0000000, 0x00000000b2600000, 0x00000000c0000000)
  object space 38912K, 99% used [0x00000000b0000000,0x00000000b25f26f0,0x00000000b2600000)
}
Event: 38,544 GC heap before
{Heap before GC invocations=9 (full 0):
 PSYoungGen      total 265728K, used 265718K [0x00000000eaa80000, 0x00000000fd380000, 0x0000000100000000)
  eden space 247296K, 100% used [0x00000000eaa80000,0x00000000f9c00000,0x00000000f9c00000)
  from space 18432K, 99% used [0x00000000fb480000,0x00000000fc67d908,0x00000000fc680000)
  to   space 25088K, 0% used [0x00000000f9c00000,0x00000000f9c00000,0x00000000fb480000)
 ParOldGen       total 83968K, used 28628K [0x00000000c0000000, 0x00000000c5200000, 0x00000000eaa80000)
  object space 83968K, 34% used [0x00000000c0000000,0x00000000c1bf52d8,0x00000000c5200000)
 PSPermGen       total 43520K, used 43126K [0x00000000b0000000, 0x00000000b2a80000, 0x00000000c0000000)
  object space 43520K, 99% used [0x00000000b0000000,0x00000000b2a1da98,0x00000000b2a80000)
Event: 38,659 GC heap after
Heap after GC invocations=9 (full 0):
 PSYoungGen      total 272384K, used 25063K [0x00000000eaa80000, 0x0000000100000000, 0x0000000100000000)
  eden space 247296K, 0% used [0x00000000eaa80000,0x00000000eaa80000,0x00000000f9c00000)
  from space 25088K, 99% used [0x00000000f9c00000,0x00000000fb479e60,0x00000000fb480000)
  to   space 33280K, 0% used [0x00000000fdf80000,0x00000000fdf80000,0x0000000100000000)
 ParOldGen       total 83968K, used 39644K [0x00000000c0000000, 0x00000000c5200000, 0x00000000eaa80000)
  object space 83968K, 47% used [0x00000000c0000000,0x00000000c26b7260,0x00000000c5200000)
 PSPermGen       total 43520K, used 43126K [0x00000000b0000000, 0x00000000b2a80000, 0x00000000c0000000)
  object space 43520K, 99% used [0x00000000b0000000,0x00000000b2a1da98,0x00000000b2a80000)
}

