# JRE version: OpenJDK Runtime Environment (7.0_95) (build 1.7.0_95-b00)
# Java VM: OpenJDK 64-Bit Server VM (24.95-b01 mixed mode linux-amd64 compressed oops)
Heap
 PSYoungGen      total 285696K, used 169216K [0x00000000eaa80000, 0x00000000ffb00000, 0x0000000100000000)
  eden space 230912K, 73% used [0x00000000eaa80000,0x00000000f4fc0218,0x00000000f8c00000)
  from space 54784K, 0% used [0x00000000fc580000,0x00000000fc580000,0x00000000ffb00000)
  to   space 56832K, 0% used [0x00000000f8c00000,0x00000000f8c00000,0x00000000fc380000)
 ParOldGen       total 211456K, used 42948K [0x00000000c0000000, 0x00000000cce80000, 0x00000000eaa80000)
  object space 211456K, 20% used [0x00000000c0000000,0x00000000c29f1130,0x00000000cce80000)
 PSPermGen       total 115712K, used 56953K [0x00000000b0000000, 0x00000000b7100000, 0x00000000c0000000)
  object space 115712K, 49% used [0x00000000b0000000,0x00000000b379e4f0,0x00000000b7100000)
GC Heap History (10 events):
Event: 605,432 GC heap before
{Heap before GC invocations=34 (full 3):
 PSYoungGen      total 268800K, used 214304K [0x00000000eaa80000, 0x00000000ff780000, 0x0000000100000000)
  eden space 209920K, 100% used [0x00000000eaa80000,0x00000000f7780000,0x00000000f7780000)
  from space 58880K, 7% used [0x00000000fbe00000,0x00000000fc248000,0x00000000ff780000)
  to   space 65536K, 0% used [0x00000000f7780000,0x00000000f7780000,0x00000000fb780000)
 ParOldGen       total 211456K, used 118313K [0x00000000c0000000, 0x00000000cce80000, 0x00000000eaa80000)
  object space 211456K, 55% used [0x00000000c0000000,0x00000000c738a410,0x00000000cce80000)
 PSPermGen       total 120832K, used 57510K [0x00000000b0000000, 0x00000000b7600000, 0x00000000c0000000)
  object space 120832K, 47% used [0x00000000b0000000,0x00000000b3829908,0x00000000b7600000)
Event: 605,492 GC heap after
Heap after GC invocations=34 (full 3):
 PSYoungGen      total 275456K, used 5344K [0x00000000eaa80000, 0x0000000100000000, 0x0000000100000000)
  eden space 209920K, 0% used [0x00000000eaa80000,0x00000000eaa80000,0x00000000f7780000)
  from space 65536K, 8% used [0x00000000f7780000,0x00000000f7cb8000,0x00000000fb780000)
  to   space 63488K, 0% used [0x00000000fc200000,0x00000000fc200000,0x0000000100000000)
 ParOldGen       total 211456K, used 122657K [0x00000000c0000000, 0x00000000cce80000, 0x00000000eaa80000)
  object space 211456K, 58% used [0x00000000c0000000,0x00000000c77c8410,0x00000000cce80000)
 PSPermGen       total 120832K, used 57510K [0x00000000b0000000, 0x00000000b7600000, 0x00000000c0000000)
  object space 120832K, 47% used [0x00000000b0000000,0x00000000b3829908,0x00000000b7600000)
}
Event: 605,749 GC heap before
{Heap before GC invocations=35 (full 3):
 PSYoungGen      total 275456K, used 215264K [0x00000000eaa80000, 0x0000000100000000, 0x0000000100000000)
  eden space 209920K, 100% used [0x00000000eaa80000,0x00000000f7780000,0x00000000f7780000)
  from space 65536K, 8% used [0x00000000f7780000,0x00000000f7cb8000,0x00000000fb780000)
  to   space 63488K, 0% used [0x00000000fc200000,0x00000000fc200000,0x0000000100000000)
 ParOldGen       total 211456K, used 122657K [0x00000000c0000000, 0x00000000cce80000, 0x00000000eaa80000)
  object space 211456K, 58% used [0x00000000c0000000,0x00000000c77c8410,0x00000000cce80000)
 PSPermGen       total 120832K, used 57511K [0x00000000b0000000, 0x00000000b7600000, 0x00000000c0000000)
  object space 120832K, 47% used [0x00000000b0000000,0x00000000b3829ea0,0x00000000b7600000)
Event: 605,780 GC heap after
Heap after GC invocations=35 (full 3):
 PSYoungGen      total 278016K, used 4960K [0x00000000eaa80000, 0x00000000ffa00000, 0x0000000100000000)
  eden space 220672K, 0% used [0x00000000eaa80000,0x00000000eaa80000,0x00000000f8200000)
  from space 57344K, 8% used [0x00000000fc200000,0x00000000fc6d8000,0x00000000ffa00000)
  to   space 61440K, 0% used [0x00000000f8200000,0x00000000f8200000,0x00000000fbe00000)
 ParOldGen       total 211456K, used 127961K [0x00000000c0000000, 0x00000000cce80000, 0x00000000eaa80000)
  object space 211456K, 60% used [0x00000000c0000000,0x00000000c7cf6410,0x00000000cce80000)
 PSPermGen       total 120832K, used 57511K [0x00000000b0000000, 0x00000000b7600000, 0x00000000c0000000)
  object space 120832K, 47% used [0x00000000b0000000,0x00000000b3829ea0,0x00000000b7600000)
}
Event: 606,433 GC heap before
{Heap before GC invocations=36 (full 3):
 PSYoungGen      total 278016K, used 225632K [0x00000000eaa80000, 0x00000000ffa00000, 0x0000000100000000)
  eden space 220672K, 100% used [0x00000000eaa80000,0x00000000f8200000,0x00000000f8200000)
  from space 57344K, 8% used [0x00000000fc200000,0x00000000fc6d8000,0x00000000ffa00000)
  to   space 61440K, 0% used [0x00000000f8200000,0x00000000f8200000,0x00000000fbe00000)
 ParOldGen       total 211456K, used 127961K [0x00000000c0000000, 0x00000000cce80000, 0x00000000eaa80000)
  object space 211456K, 60% used [0x00000000c0000000,0x00000000c7cf6410,0x00000000cce80000)
 PSPermGen       total 120832K, used 57512K [0x00000000b0000000, 0x00000000b7600000, 0x00000000c0000000)
  object space 120832K, 47% used [0x00000000b0000000,0x00000000b382a018,0x00000000b7600000)
Event: 606,469 GC heap after
Heap after GC invocations=36 (full 3):
 PSYoungGen      total 282112K, used 5376K [0x00000000eaa80000, 0x00000000fff00000, 0x0000000100000000)
  eden space 220672K, 0% used [0x00000000eaa80000,0x00000000eaa80000,0x00000000f8200000)
  from space 61440K, 8% used [0x00000000f8200000,0x00000000f8740000,0x00000000fbe00000)
  to   space 58880K, 0% used [0x00000000fc580000,0x00000000fc580000,0x00000000fff00000)
 ParOldGen       total 211456K, used 132913K [0x00000000c0000000, 0x00000000cce80000, 0x00000000eaa80000)
  object space 211456K, 62% used [0x00000000c0000000,0x00000000c81cc410,0x00000000cce80000)
 PSPermGen       total 120832K, used 57512K [0x00000000b0000000, 0x00000000b7600000, 0x00000000c0000000)
  object space 120832K, 47% used [0x00000000b0000000,0x00000000b382a018,0x00000000b7600000)
}
Event: 646,929 GC heap before
{Heap before GC invocations=37 (full 3):
 PSYoungGen      total 282112K, used 100680K [0x00000000eaa80000, 0x00000000fff00000, 0x0000000100000000)
  eden space 220672K, 43% used [0x00000000eaa80000,0x00000000f0792390,0x00000000f8200000)
  from space 61440K, 8% used [0x00000000f8200000,0x00000000f8740000,0x00000000fbe00000)
  to   space 58880K, 0% used [0x00000000fc580000,0x00000000fc580000,0x00000000fff00000)
 ParOldGen       total 211456K, used 132913K [0x00000000c0000000, 0x00000000cce80000, 0x00000000eaa80000)
  object space 211456K, 62% used [0x00000000c0000000,0x00000000c81cc410,0x00000000cce80000)
 PSPermGen       total 120832K, used 57565K [0x00000000b0000000, 0x00000000b7600000, 0x00000000c0000000)
  object space 120832K, 47% used [0x00000000b0000000,0x00000000b38376d0,0x00000000b7600000)
Event: 646,963 GC heap after
Heap after GC invocations=37 (full 3):
 PSYoungGen      total 285696K, used 480K [0x00000000eaa80000, 0x00000000ffb00000, 0x0000000100000000)
  eden space 230912K, 0% used [0x00000000eaa80000,0x00000000eaa80000,0x00000000f8c00000)
  from space 54784K, 0% used [0x00000000fc580000,0x00000000fc5f8000,0x00000000ffb00000)
  to   space 56832K, 0% used [0x00000000f8c00000,0x00000000f8c00000,0x00000000fc380000)
 ParOldGen       total 211456K, used 136673K [0x00000000c0000000, 0x00000000cce80000, 0x00000000eaa80000)
  object space 211456K, 64% used [0x00000000c0000000,0x00000000c8578410,0x00000000cce80000)
 PSPermGen       total 120832K, used 57565K [0x00000000b0000000, 0x00000000b7600000, 0x00000000c0000000)
  object space 120832K, 47% used [0x00000000b0000000,0x00000000b38376d0,0x00000000b7600000)
}
Event: 646,963 GC heap before
{Heap before GC invocations=38 (full 4):
 PSYoungGen      total 285696K, used 480K [0x00000000eaa80000, 0x00000000ffb00000, 0x0000000100000000)
  eden space 230912K, 0% used [0x00000000eaa80000,0x00000000eaa80000,0x00000000f8c00000)
  from space 54784K, 0% used [0x00000000fc580000,0x00000000fc5f8000,0x00000000ffb00000)
  to   space 56832K, 0% used [0x00000000f8c00000,0x00000000f8c00000,0x00000000fc380000)
 ParOldGen       total 211456K, used 136673K [0x00000000c0000000, 0x00000000cce80000, 0x00000000eaa80000)
  object space 211456K, 64% used [0x00000000c0000000,0x00000000c8578410,0x00000000cce80000)
 PSPermGen       total 120832K, used 57565K [0x00000000b0000000, 0x00000000b7600000, 0x00000000c0000000)
  object space 120832K, 47% used [0x00000000b0000000,0x00000000b38376d0,0x00000000b7600000)
Event: 647,500 GC heap after
Heap after GC invocations=38 (full 4):
 PSYoungGen      total 285696K, used 0K [0x00000000eaa80000, 0x00000000ffb00000, 0x0000000100000000)
  eden space 230912K, 0% used [0x00000000eaa80000,0x00000000eaa80000,0x00000000f8c00000)
  from space 54784K, 0% used [0x00000000fc580000,0x00000000fc580000,0x00000000ffb00000)
  to   space 56832K, 0% used [0x00000000f8c00000,0x00000000f8c00000,0x00000000fc380000)
 ParOldGen       total 211456K, used 42948K [0x00000000c0000000, 0x00000000cce80000, 0x00000000eaa80000)
  object space 211456K, 20% used [0x00000000c0000000,0x00000000c29f1130,0x00000000cce80000)
 PSPermGen       total 115712K, used 56713K [0x00000000b0000000, 0x00000000b7100000, 0x00000000c0000000)
  object space 115712K, 49% used [0x00000000b0000000,0x00000000b3762488,0x00000000b7100000)
}

