# JRE version: OpenJDK Runtime Environment (7.0_95) (build 1.7.0_95-b00)
# Java VM: OpenJDK 64-Bit Server VM (24.95-b01 mixed mode linux-amd64 compressed oops)
Heap
 PSYoungGen      total 268288K, used 36218K [0x00000000eaa80000, 0x00000000fd580000, 0x0000000100000000)
  eden space 247296K, 6% used [0x00000000eaa80000,0x00000000eb961e28,0x00000000f9c00000)
  from space 20992K, 99% used [0x00000000fb600000,0x00000000fca7cb68,0x00000000fca80000)
  to   space 26624K, 0% used [0x00000000f9c00000,0x00000000f9c00000,0x00000000fb600000)
 ParOldGen       total 83968K, used 29636K [0x00000000c0000000, 0x00000000c5200000, 0x00000000eaa80000)
  object space 83968K, 35% used [0x00000000c0000000,0x00000000c1cf1340,0x00000000c5200000)
 PSPermGen       total 40960K, used 40686K [0x00000000b0000000, 0x00000000b2800000, 0x00000000c0000000)
  object space 40960K, 99% used [0x00000000b0000000,0x00000000b27bbae8,0x00000000b2800000)
GC Heap History (10 events):
Event: 3,530 GC heap before
{Heap before GC invocations=4 (full 0):
 PSYoungGen      total 36864K, used 36832K [0x00000000eaa80000, 0x00000000ef280000, 0x0000000100000000)
  eden space 31744K, 100% used [0x00000000eaa80000,0x00000000ec980000,0x00000000ec980000)
  from space 5120K, 99% used [0x00000000ec980000,0x00000000ece782d8,0x00000000ece80000)
  to   space 5120K, 0% used [0x00000000eed80000,0x00000000eed80000,0x00000000ef280000)
 ParOldGen       total 83968K, used 3859K [0x00000000c0000000, 0x00000000c5200000, 0x00000000eaa80000)
  object space 83968K, 4% used [0x00000000c0000000,0x00000000c03c4d10,0x00000000c5200000)
 PSPermGen       total 21504K, used 20380K [0x00000000b0000000, 0x00000000b1500000, 0x00000000c0000000)
  object space 21504K, 94% used [0x00000000b0000000,0x00000000b13e7290,0x00000000b1500000)
Event: 3,552 GC heap after
Heap after GC invocations=4 (full 0):
 PSYoungGen      total 68608K, used 5104K [0x00000000eaa80000, 0x00000000ef280000, 0x0000000100000000)
  eden space 63488K, 0% used [0x00000000eaa80000,0x00000000eaa80000,0x00000000ee880000)
  from space 5120K, 99% used [0x00000000eed80000,0x00000000ef27c030,0x00000000ef280000)
  to   space 5120K, 0% used [0x00000000ee880000,0x00000000ee880000,0x00000000eed80000)
 ParOldGen       total 83968K, used 7507K [0x00000000c0000000, 0x00000000c5200000, 0x00000000eaa80000)
  object space 83968K, 8% used [0x00000000c0000000,0x00000000c0754c20,0x00000000c5200000)
 PSPermGen       total 21504K, used 20380K [0x00000000b0000000, 0x00000000b1500000, 0x00000000c0000000)
  object space 21504K, 94% used [0x00000000b0000000,0x00000000b13e7290,0x00000000b1500000)
}
Event: 4,775 GC heap before
{Heap before GC invocations=5 (full 0):
 PSYoungGen      total 68608K, used 68592K [0x00000000eaa80000, 0x00000000ef280000, 0x0000000100000000)
  eden space 63488K, 100% used [0x00000000eaa80000,0x00000000ee880000,0x00000000ee880000)
  from space 5120K, 99% used [0x00000000eed80000,0x00000000ef27c030,0x00000000ef280000)
  to   space 5120K, 0% used [0x00000000ee880000,0x00000000ee880000,0x00000000eed80000)
 ParOldGen       total 83968K, used 7507K [0x00000000c0000000, 0x00000000c5200000, 0x00000000eaa80000)
  object space 83968K, 8% used [0x00000000c0000000,0x00000000c0754c20,0x00000000c5200000)
 PSPermGen       total 26624K, used 26396K [0x00000000b0000000, 0x00000000b1a00000, 0x00000000c0000000)
  object space 26624K, 99% used [0x00000000b0000000,0x00000000b19c7278,0x00000000b1a00000)
Event: 4,808 GC heap after
Heap after GC invocations=5 (full 0):
 PSYoungGen      total 68608K, used 5104K [0x00000000eaa80000, 0x00000000f4080000, 0x0000000100000000)
  eden space 63488K, 0% used [0x00000000eaa80000,0x00000000eaa80000,0x00000000ee880000)
  from space 5120K, 99% used [0x00000000ee880000,0x00000000eed7c010,0x00000000eed80000)
  to   space 13312K, 0% used [0x00000000f3380000,0x00000000f3380000,0x00000000f4080000)
 ParOldGen       total 83968K, used 13833K [0x00000000c0000000, 0x00000000c5200000, 0x00000000eaa80000)
  object space 83968K, 16% used [0x00000000c0000000,0x00000000c0d825b0,0x00000000c5200000)
 PSPermGen       total 26624K, used 26396K [0x00000000b0000000, 0x00000000b1a00000, 0x00000000c0000000)
  object space 26624K, 99% used [0x00000000b0000000,0x00000000b19c7278,0x00000000b1a00000)
}
Event: 7,193 GC heap before
{Heap before GC invocations=6 (full 0):
 PSYoungGen      total 68608K, used 68592K [0x00000000eaa80000, 0x00000000f4080000, 0x0000000100000000)
  eden space 63488K, 100% used [0x00000000eaa80000,0x00000000ee880000,0x00000000ee880000)
  from space 5120K, 99% used [0x00000000ee880000,0x00000000eed7c010,0x00000000eed80000)
  to   space 13312K, 0% used [0x00000000f3380000,0x00000000f3380000,0x00000000f4080000)
 ParOldGen       total 83968K, used 13833K [0x00000000c0000000, 0x00000000c5200000, 0x00000000eaa80000)
  object space 83968K, 16% used [0x00000000c0000000,0x00000000c0d825b0,0x00000000c5200000)
 PSPermGen       total 27648K, used 27630K [0x00000000b0000000, 0x00000000b1b00000, 0x00000000c0000000)
  object space 27648K, 99% used [0x00000000b0000000,0x00000000b1afba00,0x00000000b1b00000)
Event: 7,221 GC heap after
Heap after GC invocations=6 (full 0):
 PSYoungGen      total 139776K, used 9510K [0x00000000eaa80000, 0x00000000f4180000, 0x0000000100000000)
  eden space 126464K, 0% used [0x00000000eaa80000,0x00000000eaa80000,0x00000000f2600000)
  from space 13312K, 71% used [0x00000000f3380000,0x00000000f3cc9bd8,0x00000000f4080000)
  to   space 13824K, 0% used [0x00000000f2600000,0x00000000f2600000,0x00000000f3380000)
 ParOldGen       total 83968K, used 13833K [0x00000000c0000000, 0x00000000c5200000, 0x00000000eaa80000)
  object space 83968K, 16% used [0x00000000c0000000,0x00000000c0d825b0,0x00000000c5200000)
 PSPermGen       total 27648K, used 27630K [0x00000000b0000000, 0x00000000b1b00000, 0x00000000c0000000)
  object space 27648K, 99% used [0x00000000b0000000,0x00000000b1afba00,0x00000000b1b00000)
}
Event: 11,358 GC heap before
{Heap before GC invocations=7 (full 0):
 PSYoungGen      total 139776K, used 135974K [0x00000000eaa80000, 0x00000000f4180000, 0x0000000100000000)
  eden space 126464K, 100% used [0x00000000eaa80000,0x00000000f2600000,0x00000000f2600000)
  from space 13312K, 71% used [0x00000000f3380000,0x00000000f3cc9bd8,0x00000000f4080000)
  to   space 13824K, 0% used [0x00000000f2600000,0x00000000f2600000,0x00000000f3380000)
 ParOldGen       total 83968K, used 13833K [0x00000000c0000000, 0x00000000c5200000, 0x00000000eaa80000)
  object space 83968K, 16% used [0x00000000c0000000,0x00000000c0d825b0,0x00000000c5200000)
 PSPermGen       total 37888K, used 37385K [0x00000000b0000000, 0x00000000b2500000, 0x00000000c0000000)
  object space 37888K, 98% used [0x00000000b0000000,0x00000000b24824a8,0x00000000b2500000)
Event: 11,443 GC heap after
Heap after GC invocations=7 (full 0):
 PSYoungGen      total 140288K, used 13798K [0x00000000eaa80000, 0x00000000fca80000, 0x0000000100000000)
  eden space 126464K, 0% used [0x00000000eaa80000,0x00000000eaa80000,0x00000000f2600000)
  from space 13824K, 99% used [0x00000000f2600000,0x00000000f3379b78,0x00000000f3380000)
  to   space 20992K, 0% used [0x00000000fb600000,0x00000000fb600000,0x00000000fca80000)
 ParOldGen       total 83968K, used 24486K [0x00000000c0000000, 0x00000000c5200000, 0x00000000eaa80000)
  object space 83968K, 29% used [0x00000000c0000000,0x00000000c17e9bf8,0x00000000c5200000)
 PSPermGen       total 37888K, used 37385K [0x00000000b0000000, 0x00000000b2500000, 0x00000000c0000000)
  object space 37888K, 98% used [0x00000000b0000000,0x00000000b24824a8,0x00000000b2500000)
}
Event: 17,505 GC heap before
{Heap before GC invocations=8 (full 0):
 PSYoungGen      total 140288K, used 140262K [0x00000000eaa80000, 0x00000000fca80000, 0x0000000100000000)
  eden space 126464K, 100% used [0x00000000eaa80000,0x00000000f2600000,0x00000000f2600000)
  from space 13824K, 99% used [0x00000000f2600000,0x00000000f3379b78,0x00000000f3380000)
  to   space 20992K, 0% used [0x00000000fb600000,0x00000000fb600000,0x00000000fca80000)
 ParOldGen       total 83968K, used 24486K [0x00000000c0000000, 0x00000000c5200000, 0x00000000eaa80000)
  object space 83968K, 29% used [0x00000000c0000000,0x00000000c17e9bf8,0x00000000c5200000)
 PSPermGen       total 40448K, used 40045K [0x00000000b0000000, 0x00000000b2780000, 0x00000000c0000000)
  object space 40448K, 99% used [0x00000000b0000000,0x00000000b271b5a0,0x00000000b2780000)
Event: 17,651 GC heap after
Heap after GC invocations=8 (full 0):
 PSYoungGen      total 268288K, used 20978K [0x00000000eaa80000, 0x00000000fd580000, 0x0000000100000000)
  eden space 247296K, 0% used [0x00000000eaa80000,0x00000000eaa80000,0x00000000f9c00000)
  from space 20992K, 99% used [0x00000000fb600000,0x00000000fca7cb68,0x00000000fca80000)
  to   space 26624K, 0% used [0x00000000f9c00000,0x00000000f9c00000,0x00000000fb600000)
 ParOldGen       total 83968K, used 29636K [0x00000000c0000000, 0x00000000c5200000, 0x00000000eaa80000)
  object space 83968K, 35% used [0x00000000c0000000,0x00000000c1cf1340,0x00000000c5200000)
 PSPermGen       total 40448K, used 40045K [0x00000000b0000000, 0x00000000b2780000, 0x00000000c0000000)
  object space 40448K, 99% used [0x00000000b0000000,0x00000000b271b5a0,0x00000000b2780000)
}

