# JRE version: OpenJDK Runtime Environment (7.0_95) (build 1.7.0_95-b00)
# Java VM: OpenJDK 64-Bit Server VM (24.95-b01 mixed mode linux-amd64 compressed oops)
Heap
 PSYoungGen      total 314368K, used 128227K [0x00000000eaa80000, 0x0000000100000000, 0x0000000100000000)
  eden space 279040K, 45% used [0x00000000eaa80000,0x00000000f27b8cd0,0x00000000fbb00000)
  from space 35328K, 0% used [0x00000000fbb00000,0x00000000fbb00000,0x00000000fdd80000)
  to   space 35328K, 0% used [0x00000000fdd80000,0x00000000fdd80000,0x0000000100000000)
 ParOldGen       total 130560K, used 61808K [0x00000000c0000000, 0x00000000c7f80000, 0x00000000eaa80000)
  object space 130560K, 47% used [0x00000000c0000000,0x00000000c3c5c010,0x00000000c7f80000)
 PSPermGen       total 99840K, used 50678K [0x00000000b0000000, 0x00000000b6180000, 0x00000000c0000000)
  object space 99840K, 50% used [0x00000000b0000000,0x00000000b317d9c0,0x00000000b6180000)
GC Heap History (10 events):
Event: 21,383 GC heap before
{Heap before GC invocations=8 (full 0):
 PSYoungGen      total 139776K, used 139763K [0x00000000eaa80000, 0x00000000fc780000, 0x0000000100000000)
  eden space 126976K, 100% used [0x00000000eaa80000,0x00000000f2680000,0x00000000f2680000)
  from space 12800K, 99% used [0x00000000f2680000,0x00000000f32fce38,0x00000000f3300000)
  to   space 18944K, 0% used [0x00000000fb500000,0x00000000fb500000,0x00000000fc780000)
 ParOldGen       total 83968K, used 21096K [0x00000000c0000000, 0x00000000c5200000, 0x00000000eaa80000)
  object space 83968K, 25% used [0x00000000c0000000,0x00000000c149a2c8,0x00000000c5200000)
 PSPermGen       total 38912K, used 38843K [0x00000000b0000000, 0x00000000b2600000, 0x00000000c0000000)
  object space 38912K, 99% used [0x00000000b0000000,0x00000000b25eeff8,0x00000000b2600000)
Event: 21,547 GC heap after
Heap after GC invocations=8 (full 0):
 PSYoungGen      total 266752K, used 18941K [0x00000000eaa80000, 0x00000000fd380000, 0x0000000100000000)
  eden space 247808K, 0% used [0x00000000eaa80000,0x00000000eaa80000,0x00000000f9c80000)
  from space 18944K, 99% used [0x00000000fb500000,0x00000000fc77f5a8,0x00000000fc780000)
  to   space 25088K, 0% used [0x00000000f9c80000,0x00000000f9c80000,0x00000000fb500000)
 ParOldGen       total 83968K, used 28437K [0x00000000c0000000, 0x00000000c5200000, 0x00000000eaa80000)
  object space 83968K, 33% used [0x00000000c0000000,0x00000000c1bc5680,0x00000000c5200000)
 PSPermGen       total 38912K, used 38843K [0x00000000b0000000, 0x00000000b2600000, 0x00000000c0000000)
  object space 38912K, 99% used [0x00000000b0000000,0x00000000b25eeff8,0x00000000b2600000)
}
Event: 29,059 GC heap before
{Heap before GC invocations=9 (full 0):
 PSYoungGen      total 266752K, used 266749K [0x00000000eaa80000, 0x00000000fd380000, 0x0000000100000000)
  eden space 247808K, 100% used [0x00000000eaa80000,0x00000000f9c80000,0x00000000f9c80000)
  from space 18944K, 99% used [0x00000000fb500000,0x00000000fc77f5a8,0x00000000fc780000)
  to   space 25088K, 0% used [0x00000000f9c80000,0x00000000f9c80000,0x00000000fb500000)
 ParOldGen       total 83968K, used 28437K [0x00000000c0000000, 0x00000000c5200000, 0x00000000eaa80000)
  object space 83968K, 33% used [0x00000000c0000000,0x00000000c1bc5680,0x00000000c5200000)
 PSPermGen       total 43520K, used 43233K [0x00000000b0000000, 0x00000000b2a80000, 0x00000000c0000000)
  object space 43520K, 99% used [0x00000000b0000000,0x00000000b2a387c8,0x00000000b2a80000)
Event: 29,130 GC heap after
Heap after GC invocations=9 (full 0):
 PSYoungGen      total 272896K, used 25057K [0x00000000eaa80000, 0x0000000100000000, 0x0000000100000000)
  eden space 247808K, 0% used [0x00000000eaa80000,0x00000000eaa80000,0x00000000f9c80000)
  from space 25088K, 99% used [0x00000000f9c80000,0x00000000fb4f85f8,0x00000000fb500000)
  to   space 33792K, 0% used [0x00000000fdf00000,0x00000000fdf00000,0x0000000100000000)
 ParOldGen       total 83968K, used 40317K [0x00000000c0000000, 0x00000000c5200000, 0x00000000eaa80000)
  object space 83968K, 48% used [0x00000000c0000000,0x00000000c275f718,0x00000000c5200000)
 PSPermGen       total 43520K, used 43233K [0x00000000b0000000, 0x00000000b2a80000, 0x00000000c0000000)
  object space 43520K, 99% used [0x00000000b0000000,0x00000000b2a387c8,0x00000000b2a80000)
}
Event: 36,295 GC heap before
{Heap before GC invocations=10 (full 0):
 PSYoungGen      total 272896K, used 272865K [0x00000000eaa80000, 0x0000000100000000, 0x0000000100000000)
  eden space 247808K, 100% used [0x00000000eaa80000,0x00000000f9c80000,0x00000000f9c80000)
  from space 25088K, 99% used [0x00000000f9c80000,0x00000000fb4f85f8,0x00000000fb500000)
  to   space 33792K, 0% used [0x00000000fdf00000,0x00000000fdf00000,0x0000000100000000)
 ParOldGen       total 83968K, used 40317K [0x00000000c0000000, 0x00000000c5200000, 0x00000000eaa80000)
  object space 83968K, 48% used [0x00000000c0000000,0x00000000c275f718,0x00000000c5200000)
 PSPermGen       total 49152K, used 48665K [0x00000000b0000000, 0x00000000b3000000, 0x00000000c0000000)
  object space 49152K, 99% used [0x00000000b0000000,0x00000000b2f86570,0x00000000b3000000)
Event: 36,369 GC heap after
Heap after GC invocations=10 (full 0):
 PSYoungGen      total 312832K, used 23674K [0x00000000eaa80000, 0x0000000100000000, 0x0000000100000000)
  eden space 279040K, 0% used [0x00000000eaa80000,0x00000000eaa80000,0x00000000fbb00000)
  from space 33792K, 70% used [0x00000000fdf00000,0x00000000ff61ebb8,0x0000000100000000)
  to   space 35328K, 0% used [0x00000000fbb00000,0x00000000fbb00000,0x00000000fdd80000)
 ParOldGen       total 83968K, used 48675K [0x00000000c0000000, 0x00000000c5200000, 0x00000000eaa80000)
  object space 83968K, 57% used [0x00000000c0000000,0x00000000c2f88cf8,0x00000000c5200000)
 PSPermGen       total 49152K, used 48665K [0x00000000b0000000, 0x00000000b3000000, 0x00000000c0000000)
  object space 49152K, 99% used [0x00000000b0000000,0x00000000b2f86570,0x00000000b3000000)
}
Event: 42,538 GC heap before
{Heap before GC invocations=11 (full 0):
 PSYoungGen      total 312832K, used 302714K [0x00000000eaa80000, 0x0000000100000000, 0x0000000100000000)
  eden space 279040K, 100% used [0x00000000eaa80000,0x00000000fbb00000,0x00000000fbb00000)
  from space 33792K, 70% used [0x00000000fdf00000,0x00000000ff61ebb8,0x0000000100000000)
  to   space 35328K, 0% used [0x00000000fbb00000,0x00000000fbb00000,0x00000000fdd80000)
 ParOldGen       total 83968K, used 48675K [0x00000000c0000000, 0x00000000c5200000, 0x00000000eaa80000)
  object space 83968K, 57% used [0x00000000c0000000,0x00000000c2f88cf8,0x00000000c5200000)
 PSPermGen       total 50176K, used 49840K [0x00000000b0000000, 0x00000000b3100000, 0x00000000c0000000)
  object space 50176K, 99% used [0x00000000b0000000,0x00000000b30ac3c0,0x00000000b3100000)
Event: 42,674 GC heap after
Heap after GC invocations=11 (full 0):
 PSYoungGen      total 314368K, used 20802K [0x00000000eaa80000, 0x0000000100000000, 0x0000000100000000)
  eden space 279040K, 0% used [0x00000000eaa80000,0x00000000eaa80000,0x00000000fbb00000)
  from space 35328K, 58% used [0x00000000fbb00000,0x00000000fcf50910,0x00000000fdd80000)
  to   space 35328K, 0% used [0x00000000fdd80000,0x00000000fdd80000,0x0000000100000000)
 ParOldGen       total 83968K, used 67295K [0x00000000c0000000, 0x00000000c5200000, 0x00000000eaa80000)
  object space 83968K, 80% used [0x00000000c0000000,0x00000000c41b7e38,0x00000000c5200000)
 PSPermGen       total 50176K, used 49840K [0x00000000b0000000, 0x00000000b3100000, 0x00000000c0000000)
  object space 50176K, 99% used [0x00000000b0000000,0x00000000b30ac3c0,0x00000000b3100000)
}
Event: 42,674 GC heap before
{Heap before GC invocations=12 (full 1):
 PSYoungGen      total 314368K, used 20802K [0x00000000eaa80000, 0x0000000100000000, 0x0000000100000000)
  eden space 279040K, 0% used [0x00000000eaa80000,0x00000000eaa80000,0x00000000fbb00000)
  from space 35328K, 58% used [0x00000000fbb00000,0x00000000fcf50910,0x00000000fdd80000)
  to   space 35328K, 0% used [0x00000000fdd80000,0x00000000fdd80000,0x0000000100000000)
 ParOldGen       total 83968K, used 67295K [0x00000000c0000000, 0x00000000c5200000, 0x00000000eaa80000)
  object space 83968K, 80% used [0x00000000c0000000,0x00000000c41b7e38,0x00000000c5200000)
 PSPermGen       total 50176K, used 49840K [0x00000000b0000000, 0x00000000b3100000, 0x00000000c0000000)
  object space 50176K, 99% used [0x00000000b0000000,0x00000000b30ac3c0,0x00000000b3100000)
Event: 43,690 GC heap after
Heap after GC invocations=12 (full 1):
 PSYoungGen      total 314368K, used 0K [0x00000000eaa80000, 0x0000000100000000, 0x0000000100000000)
  eden space 279040K, 0% used [0x00000000eaa80000,0x00000000eaa80000,0x00000000fbb00000)
  from space 35328K, 0% used [0x00000000fbb00000,0x00000000fbb00000,0x00000000fdd80000)
  to   space 35328K, 0% used [0x00000000fdd80000,0x00000000fdd80000,0x0000000100000000)
 ParOldGen       total 130560K, used 61808K [0x00000000c0000000, 0x00000000c7f80000, 0x00000000eaa80000)
  object space 130560K, 47% used [0x00000000c0000000,0x00000000c3c5c010,0x00000000c7f80000)
 PSPermGen       total 99840K, used 49811K [0x00000000b0000000, 0x00000000b6180000, 0x00000000c0000000)
  object space 99840K, 49% used [0x00000000b0000000,0x00000000b30a4eb8,0x00000000b6180000)
}

