# JRE version: Java(TM) SE Runtime Environment (8.0_92-b14) (build 1.8.0_92-b14)
# Java VM: Java HotSpot(TM) 64-Bit Server VM (25.92-b14 mixed mode linux-amd64 compressed oops)
Heap:
 PSYoungGen      total 106496K, used 80434K [0x00000000eab00000, 0x00000000f1e80000, 0x0000000100000000)
  eden space 97792K, 75% used [0x00000000eab00000,0x00000000ef348890,0x00000000f0a80000)
  from space 8704K, 73% used [0x00000000f1600000,0x00000000f1c440b8,0x00000000f1e80000)
  to   space 10240K, 0% used [0x00000000f0a80000,0x00000000f0a80000,0x00000000f1480000)
 ParOldGen       total 60416K, used 11515K [0x00000000c0000000, 0x00000000c3b00000, 0x00000000eab00000)
  object space 60416K, 19% used [0x00000000c0000000,0x00000000c0b3eed8,0x00000000c3b00000)
 Metaspace       used 32606K, capacity 33356K, committed 33664K, reserved 1079296K
  class space    used 4419K, capacity 4611K, committed 4736K, reserved 1048576K
GC Heap History (10 events):
Event: 10,969 GC heap before
{Heap before GC invocations=3 (full 0):
 PSYoungGen      total 36864K, used 36841K [0x00000000eab00000, 0x00000000ef300000, 0x0000000100000000)
  eden space 31744K, 100% used [0x00000000eab00000,0x00000000eca00000,0x00000000eca00000)
  from space 5120K, 99% used [0x00000000ecf00000,0x00000000ed3fa550,0x00000000ed400000)
  to   space 5120K, 0% used [0x00000000eca00000,0x00000000eca00000,0x00000000ecf00000)
 ParOldGen       total 84992K, used 1483K [0x00000000c0000000, 0x00000000c5300000, 0x00000000eab00000)
  object space 84992K, 1% used [0x00000000c0000000,0x00000000c0172d00,0x00000000c5300000)
 Metaspace       used 17826K, capacity 18162K, committed 18304K, reserved 1064960K
  class space    used 2466K, capacity 2595K, committed 2688K, reserved 1048576K
Event: 11,029 GC heap after
Heap after GC invocations=3 (full 0):
 PSYoungGen      total 36864K, used 5104K [0x00000000eab00000, 0x00000000ef300000, 0x0000000100000000)
  eden space 31744K, 0% used [0x00000000eab00000,0x00000000eab00000,0x00000000eca00000)
  from space 5120K, 99% used [0x00000000eca00000,0x00000000ecefc050,0x00000000ecf00000)
  to   space 5120K, 0% used [0x00000000eee00000,0x00000000eee00000,0x00000000ef300000)
 ParOldGen       total 84992K, used 5318K [0x00000000c0000000, 0x00000000c5300000, 0x00000000eab00000)
  object space 84992K, 6% used [0x00000000c0000000,0x00000000c05319b8,0x00000000c5300000)
 Metaspace       used 17826K, capacity 18162K, committed 18304K, reserved 1064960K
  class space    used 2466K, capacity 2595K, committed 2688K, reserved 1048576K
}
Event: 13,294 GC heap before
{Heap before GC invocations=4 (full 0):
 PSYoungGen      total 36864K, used 33704K [0x00000000eab00000, 0x00000000ef300000, 0x0000000100000000)
  eden space 31744K, 90% used [0x00000000eab00000,0x00000000ec6ee130,0x00000000eca00000)
  from space 5120K, 99% used [0x00000000eca00000,0x00000000ecefc050,0x00000000ecf00000)
  to   space 5120K, 0% used [0x00000000eee00000,0x00000000eee00000,0x00000000ef300000)
 ParOldGen       total 84992K, used 5318K [0x00000000c0000000, 0x00000000c5300000, 0x00000000eab00000)
  object space 84992K, 6% used [0x00000000c0000000,0x00000000c05319b8,0x00000000c5300000)
 Metaspace       used 20677K, capacity 21134K, committed 21296K, reserved 1067008K
  class space    used 2811K, capacity 2941K, committed 2944K, reserved 1048576K
Event: 13,335 GC heap after
Heap after GC invocations=4 (full 0):
 PSYoungGen      total 68608K, used 5088K [0x00000000eab00000, 0x00000000ef300000, 0x0000000100000000)
  eden space 63488K, 0% used [0x00000000eab00000,0x00000000eab00000,0x00000000ee900000)
  from space 5120K, 99% used [0x00000000eee00000,0x00000000ef2f8060,0x00000000ef300000)
  to   space 5120K, 0% used [0x00000000ee900000,0x00000000ee900000,0x00000000eee00000)
 ParOldGen       total 84992K, used 9106K [0x00000000c0000000, 0x00000000c5300000, 0x00000000eab00000)
  object space 84992K, 10% used [0x00000000c0000000,0x00000000c08e4828,0x00000000c5300000)
 Metaspace       used 20677K, capacity 21134K, committed 21296K, reserved 1067008K
  class space    used 2811K, capacity 2941K, committed 2944K, reserved 1048576K
}
Event: 13,335 GC heap before
{Heap before GC invocations=5 (full 1):
 PSYoungGen      total 68608K, used 5088K [0x00000000eab00000, 0x00000000ef300000, 0x0000000100000000)
  eden space 63488K, 0% used [0x00000000eab00000,0x00000000eab00000,0x00000000ee900000)
  from space 5120K, 99% used [0x00000000eee00000,0x00000000ef2f8060,0x00000000ef300000)
  to   space 5120K, 0% used [0x00000000ee900000,0x00000000ee900000,0x00000000eee00000)
 ParOldGen       total 84992K, used 9106K [0x00000000c0000000, 0x00000000c5300000, 0x00000000eab00000)
  object space 84992K, 10% used [0x00000000c0000000,0x00000000c08e4828,0x00000000c5300000)
 Metaspace       used 20677K, capacity 21134K, committed 21296K, reserved 1067008K
  class space    used 2811K, capacity 2941K, committed 2944K, reserved 1048576K
Event: 13,467 GC heap after
Heap after GC invocations=5 (full 1):
 PSYoungGen      total 68608K, used 0K [0x00000000eab00000, 0x00000000ef300000, 0x0000000100000000)
  eden space 63488K, 0% used [0x00000000eab00000,0x00000000eab00000,0x00000000ee900000)
  from space 5120K, 0% used [0x00000000eee00000,0x00000000eee00000,0x00000000ef300000)
  to   space 5120K, 0% used [0x00000000ee900000,0x00000000ee900000,0x00000000eee00000)
 ParOldGen       total 60416K, used 9425K [0x00000000c0000000, 0x00000000c3b00000, 0x00000000eab00000)
  object space 60416K, 15% used [0x00000000c0000000,0x00000000c0934588,0x00000000c3b00000)
 Metaspace       used 20677K, capacity 21134K, committed 21296K, reserved 1067008K
  class space    used 2811K, capacity 2941K, committed 2944K, reserved 1048576K
}
Event: 16,066 GC heap before
{Heap before GC invocations=6 (full 1):
 PSYoungGen      total 68608K, used 63488K [0x00000000eab00000, 0x00000000ef300000, 0x0000000100000000)
  eden space 63488K, 100% used [0x00000000eab00000,0x00000000ee900000,0x00000000ee900000)
  from space 5120K, 0% used [0x00000000eee00000,0x00000000eee00000,0x00000000ef300000)
  to   space 5120K, 0% used [0x00000000ee900000,0x00000000ee900000,0x00000000eee00000)
 ParOldGen       total 60416K, used 9425K [0x00000000c0000000, 0x00000000c3b00000, 0x00000000eab00000)
  object space 60416K, 15% used [0x00000000c0000000,0x00000000c0934588,0x00000000c3b00000)
 Metaspace       used 26227K, capacity 26834K, committed 26880K, reserved 1073152K
  class space    used 3658K, capacity 3807K, committed 3840K, reserved 1048576K
Event: 16,085 GC heap after
Heap after GC invocations=6 (full 1):
 PSYoungGen      total 68608K, used 5117K [0x00000000eab00000, 0x00000000f2080000, 0x0000000100000000)
  eden space 63488K, 0% used [0x00000000eab00000,0x00000000eab00000,0x00000000ee900000)
  from space 5120K, 99% used [0x00000000ee900000,0x00000000eedff7c8,0x00000000eee00000)
  to   space 10752K, 0% used [0x00000000f1600000,0x00000000f1600000,0x00000000f2080000)
 ParOldGen       total 60416K, used 11507K [0x00000000c0000000, 0x00000000c3b00000, 0x00000000eab00000)
  object space 60416K, 19% used [0x00000000c0000000,0x00000000c0b3ced8,0x00000000c3b00000)
 Metaspace       used 26227K, capacity 26834K, committed 26880K, reserved 1073152K
  class space    used 3658K, capacity 3807K, committed 3840K, reserved 1048576K
}
Event: 18,567 GC heap before
{Heap before GC invocations=7 (full 1):
 PSYoungGen      total 68608K, used 68605K [0x00000000eab00000, 0x00000000f2080000, 0x0000000100000000)
  eden space 63488K, 100% used [0x00000000eab00000,0x00000000ee900000,0x00000000ee900000)
  from space 5120K, 99% used [0x00000000ee900000,0x00000000eedff7c8,0x00000000eee00000)
  to   space 10752K, 0% used [0x00000000f1600000,0x00000000f1600000,0x00000000f2080000)
 ParOldGen       total 60416K, used 11507K [0x00000000c0000000, 0x00000000c3b00000, 0x00000000eab00000)
  object space 60416K, 19% used [0x00000000c0000000,0x00000000c0b3ced8,0x00000000c3b00000)
 Metaspace       used 28077K, capacity 28900K, committed 29184K, reserved 1075200K
  class space    used 3836K, capacity 4045K, committed 4096K, reserved 1048576K
Event: 18,592 GC heap after
Heap after GC invocations=7 (full 1):
 PSYoungGen      total 106496K, used 6416K [0x00000000eab00000, 0x00000000f1e80000, 0x0000000100000000)
  eden space 97792K, 0% used [0x00000000eab00000,0x00000000eab00000,0x00000000f0a80000)
  from space 8704K, 73% used [0x00000000f1600000,0x00000000f1c440b8,0x00000000f1e80000)
  to   space 10240K, 0% used [0x00000000f0a80000,0x00000000f0a80000,0x00000000f1480000)
 ParOldGen       total 60416K, used 11515K [0x00000000c0000000, 0x00000000c3b00000, 0x00000000eab00000)
  object space 60416K, 19% used [0x00000000c0000000,0x00000000c0b3eed8,0x00000000c3b00000)
 Metaspace       used 28077K, capacity 28900K, committed 29184K, reserved 1075200K
  class space    used 3836K, capacity 4045K, committed 4096K, reserved 1048576K
}

