# JRE version: OpenJDK Runtime Environment (7.0_85-b01) (build 1.7.0_85-b01)
# Java VM: OpenJDK 64-Bit Server VM (24.85-b03 mixed mode linux-amd64 compressed oops)
Heap
 PSYoungGen      total 251392K, used 205147K [0x00000000eaa80000, 0x0000000100000000, 0x0000000100000000)
  eden space 171008K, 73% used [0x00000000eaa80000,0x00000000f248d938,0x00000000f5180000)
  from space 80384K, 99% used [0x00000000f5180000,0x00000000f9fc9510,0x00000000fa000000)
  to   space 98304K, 0% used [0x00000000fa000000,0x00000000fa000000,0x0000000100000000)
 ParOldGen       total 290304K, used 204154K [0x00000000c0000000, 0x00000000d1b80000, 0x00000000eaa80000)
  object space 290304K, 70% used [0x00000000c0000000,0x00000000cc75e898,0x00000000d1b80000)
 PSPermGen       total 21504K, used 6377K [0x00000000b5a00000, 0x00000000b6f00000, 0x00000000c0000000)
  object space 21504K, 29% used [0x00000000b5a00000,0x00000000b603a438,0x00000000b6f00000)
GC Heap History (10 events):
Event: 19,930 GC heap before
{Heap before GC invocations=11 (full 1):
 PSYoungGen      total 283648K, used 283639K [0x00000000eaa80000, 0x0000000100000000, 0x0000000100000000)
  eden space 217600K, 100% used [0x00000000eaa80000,0x00000000f7f00000,0x00000000f7f00000)
  from space 66048K, 99% used [0x00000000f7f00000,0x00000000fbf7de28,0x00000000fbf80000)
  to   space 66048K, 0% used [0x00000000fbf80000,0x00000000fbf80000,0x0000000100000000)
 ParOldGen       total 166400K, used 112509K [0x00000000c0000000, 0x00000000ca280000, 0x00000000eaa80000)
  object space 166400K, 67% used [0x00000000c0000000,0x00000000c6ddf5b0,0x00000000ca280000)
 PSPermGen       total 21504K, used 6346K [0x00000000b5a00000, 0x00000000b6f00000, 0x00000000c0000000)
  object space 21504K, 29% used [0x00000000b5a00000,0x00000000b6032800,0x00000000b6f00000)
Event: 20,096 GC heap after
Heap after GC invocations=11 (full 1):
 PSYoungGen      total 233472K, used 64184K [0x00000000eaa80000, 0x0000000100000000, 0x0000000100000000)
  eden space 167424K, 0% used [0x00000000eaa80000,0x00000000eaa80000,0x00000000f4e00000)
  from space 66048K, 97% used [0x00000000fbf80000,0x00000000ffe2e098,0x0000000100000000)
  to   space 91136K, 0% used [0x00000000f4e00000,0x00000000f4e00000,0x00000000fa700000)
 ParOldGen       total 166400K, used 149360K [0x00000000c0000000, 0x00000000ca280000, 0x00000000eaa80000)
  object space 166400K, 89% used [0x00000000c0000000,0x00000000c91dc1f0,0x00000000ca280000)
 PSPermGen       total 21504K, used 6346K [0x00000000b5a00000, 0x00000000b6f00000, 0x00000000c0000000)
  object space 21504K, 29% used [0x00000000b5a00000,0x00000000b6032800,0x00000000b6f00000)
}
Event: 20,096 GC heap before
{Heap before GC invocations=12 (full 2):
 PSYoungGen      total 233472K, used 64184K [0x00000000eaa80000, 0x0000000100000000, 0x0000000100000000)
  eden space 167424K, 0% used [0x00000000eaa80000,0x00000000eaa80000,0x00000000f4e00000)
  from space 66048K, 97% used [0x00000000fbf80000,0x00000000ffe2e098,0x0000000100000000)
  to   space 91136K, 0% used [0x00000000f4e00000,0x00000000f4e00000,0x00000000fa700000)
 ParOldGen       total 166400K, used 149360K [0x00000000c0000000, 0x00000000ca280000, 0x00000000eaa80000)
  object space 166400K, 89% used [0x00000000c0000000,0x00000000c91dc1f0,0x00000000ca280000)
 PSPermGen       total 21504K, used 6346K [0x00000000b5a00000, 0x00000000b6f00000, 0x00000000c0000000)
  object space 21504K, 29% used [0x00000000b5a00000,0x00000000b6032800,0x00000000b6f00000)
Event: 21,364 GC heap after
Heap after GC invocations=12 (full 2):
 PSYoungGen      total 233472K, used 38700K [0x00000000eaa80000, 0x0000000100000000, 0x0000000100000000)
  eden space 167424K, 0% used [0x00000000eaa80000,0x00000000eaa80000,0x00000000f4e00000)
  from space 66048K, 58% used [0x00000000fbf80000,0x00000000fe54b158,0x0000000100000000)
  to   space 91136K, 0% used [0x00000000f4e00000,0x00000000f4e00000,0x00000000fa700000)
 ParOldGen       total 290304K, used 166391K [0x00000000c0000000, 0x00000000d1b80000, 0x00000000eaa80000)
  object space 290304K, 57% used [0x00000000c0000000,0x00000000ca27ddc0,0x00000000d1b80000)
 PSPermGen       total 21504K, used 6345K [0x00000000b5a00000, 0x00000000b6f00000, 0x00000000c0000000)
  object space 21504K, 29% used [0x00000000b5a00000,0x00000000b6032440,0x00000000b6f00000)
}
Event: 22,466 GC heap before
{Heap before GC invocations=13 (full 2):
 PSYoungGen      total 233472K, used 206124K [0x00000000eaa80000, 0x0000000100000000, 0x0000000100000000)
  eden space 167424K, 100% used [0x00000000eaa80000,0x00000000f4e00000,0x00000000f4e00000)
  from space 66048K, 58% used [0x00000000fbf80000,0x00000000fe54b158,0x0000000100000000)
  to   space 91136K, 0% used [0x00000000f4e00000,0x00000000f4e00000,0x00000000fa700000)
 ParOldGen       total 290304K, used 166391K [0x00000000c0000000, 0x00000000d1b80000, 0x00000000eaa80000)
  object space 290304K, 57% used [0x00000000c0000000,0x00000000ca27ddc0,0x00000000d1b80000)
 PSPermGen       total 21504K, used 6359K [0x00000000b5a00000, 0x00000000b6f00000, 0x00000000c0000000)
  object space 21504K, 29% used [0x00000000b5a00000,0x00000000b6035e00,0x00000000b6f00000)
Event: 22,646 GC heap after
Heap after GC invocations=13 (full 2):
 PSYoungGen      total 258560K, used 27808K [0x00000000eaa80000, 0x0000000100000000, 0x0000000100000000)
  eden space 167424K, 0% used [0x00000000eaa80000,0x00000000eaa80000,0x00000000f4e00000)
  from space 91136K, 30% used [0x00000000f4e00000,0x00000000f6928000,0x00000000fa700000)
  to   space 87552K, 0% used [0x00000000faa80000,0x00000000faa80000,0x0000000100000000)
 ParOldGen       total 290304K, used 204154K [0x00000000c0000000, 0x00000000d1b80000, 0x00000000eaa80000)
  object space 290304K, 70% used [0x00000000c0000000,0x00000000cc75e898,0x00000000d1b80000)
 PSPermGen       total 21504K, used 6359K [0x00000000b5a00000, 0x00000000b6f00000, 0x00000000c0000000)
  object space 21504K, 29% used [0x00000000b5a00000,0x00000000b6035e00,0x00000000b6f00000)
}
Event: 23,457 GC heap before
{Heap before GC invocations=14 (full 2):
 PSYoungGen      total 258560K, used 195232K [0x00000000eaa80000, 0x0000000100000000, 0x0000000100000000)
  eden space 167424K, 100% used [0x00000000eaa80000,0x00000000f4e00000,0x00000000f4e00000)
  from space 91136K, 30% used [0x00000000f4e00000,0x00000000f6928000,0x00000000fa700000)
  to   space 87552K, 0% used [0x00000000faa80000,0x00000000faa80000,0x0000000100000000)
 ParOldGen       total 290304K, used 204154K [0x00000000c0000000, 0x00000000d1b80000, 0x00000000eaa80000)
  object space 290304K, 70% used [0x00000000c0000000,0x00000000cc75e898,0x00000000d1b80000)
 PSPermGen       total 21504K, used 6368K [0x00000000b5a00000, 0x00000000b6f00000, 0x00000000c0000000)
  object space 21504K, 29% used [0x00000000b5a00000,0x00000000b60380c8,0x00000000b6f00000)
Event: 23,531 GC heap after
Heap after GC invocations=14 (full 2):
 PSYoungGen      total 257024K, used 53553K [0x00000000eaa80000, 0x00000000ffe80000, 0x0000000100000000)
  eden space 171008K, 0% used [0x00000000eaa80000,0x00000000eaa80000,0x00000000f5180000)
  from space 86016K, 62% used [0x00000000faa80000,0x00000000fdecc460,0x00000000ffe80000)
  to   space 88576K, 0% used [0x00000000f5180000,0x00000000f5180000,0x00000000fa800000)
 ParOldGen       total 290304K, used 204154K [0x00000000c0000000, 0x00000000d1b80000, 0x00000000eaa80000)
  object space 290304K, 70% used [0x00000000c0000000,0x00000000cc75e898,0x00000000d1b80000)
 PSPermGen       total 21504K, used 6368K [0x00000000b5a00000, 0x00000000b6f00000, 0x00000000c0000000)
  object space 21504K, 29% used [0x00000000b5a00000,0x00000000b60380c8,0x00000000b6f00000)
}
Event: 24,062 GC heap before
{Heap before GC invocations=15 (full 2):
 PSYoungGen      total 257024K, used 224561K [0x00000000eaa80000, 0x00000000ffe80000, 0x0000000100000000)
  eden space 171008K, 100% used [0x00000000eaa80000,0x00000000f5180000,0x00000000f5180000)
  from space 86016K, 62% used [0x00000000faa80000,0x00000000fdecc460,0x00000000ffe80000)
  to   space 88576K, 0% used [0x00000000f5180000,0x00000000f5180000,0x00000000fa800000)
 ParOldGen       total 290304K, used 204154K [0x00000000c0000000, 0x00000000d1b80000, 0x00000000eaa80000)
  object space 290304K, 70% used [0x00000000c0000000,0x00000000cc75e898,0x00000000d1b80000)
 PSPermGen       total 21504K, used 6373K [0x00000000b5a00000, 0x00000000b6f00000, 0x00000000c0000000)
  object space 21504K, 29% used [0x00000000b5a00000,0x00000000b6039780,0x00000000b6f00000)
Event: 24,184 GC heap after
Heap after GC invocations=15 (full 2):
 PSYoungGen      total 251392K, used 80165K [0x00000000eaa80000, 0x0000000100000000, 0x0000000100000000)
  eden space 171008K, 0% used [0x00000000eaa80000,0x00000000eaa80000,0x00000000f5180000)
  from space 80384K, 99% used [0x00000000f5180000,0x00000000f9fc9510,0x00000000fa000000)
  to   space 98304K, 0% used [0x00000000fa000000,0x00000000fa000000,0x0000000100000000)
 ParOldGen       total 290304K, used 204154K [0x00000000c0000000, 0x00000000d1b80000, 0x00000000eaa80000)
  object space 290304K, 70% used [0x00000000c0000000,0x00000000cc75e898,0x00000000d1b80000)
 PSPermGen       total 21504K, used 6373K [0x00000000b5a00000, 0x00000000b6f00000, 0x00000000c0000000)
  object space 21504K, 29% used [0x00000000b5a00000,0x00000000b6039780,0x00000000b6f00000)
}

