# JRE version: OpenJDK Runtime Environment (7.0_95) (build 1.7.0_95-b00)
# Java VM: OpenJDK 64-Bit Server VM (24.95-b01 mixed mode linux-amd64 compressed oops)
Heap
 PSYoungGen      total 282112K, used 54340K [0x00000000eaa80000, 0x0000000100000000, 0x0000000100000000)
  eden space 249856K, 11% used [0x00000000eaa80000,0x00000000ec6c60f8,0x00000000f9e80000)
  from space 32256K, 78% used [0x00000000f9e80000,0x00000000fb74b158,0x00000000fbe00000)
  to   space 53760K, 0% used [0x00000000fcb80000,0x00000000fcb80000,0x0000000100000000)
 ParOldGen       total 170496K, used 83878K [0x00000000c0000000, 0x00000000ca680000, 0x00000000eaa80000)
  object space 170496K, 49% used [0x00000000c0000000,0x00000000c51e99b8,0x00000000ca680000)
 PSPermGen       total 21504K, used 6310K [0x00000000b5a00000, 0x00000000b6f00000, 0x00000000c0000000)
  object space 21504K, 29% used [0x00000000b5a00000,0x00000000b6029a18,0x00000000b6f00000)
GC Heap History (10 events):
Event: 5,978 GC heap before
{Heap before GC invocations=4 (full 0):
 PSYoungGen      total 68608K, used 68589K [0x00000000eaa80000, 0x00000000f3080000, 0x0000000100000000)
  eden space 63488K, 100% used [0x00000000eaa80000,0x00000000ee880000,0x00000000ee880000)
  from space 5120K, 99% used [0x00000000ee880000,0x00000000eed7b6b0,0x00000000eed80000)
  to   space 5120K, 0% used [0x00000000f2b80000,0x00000000f2b80000,0x00000000f3080000)
 ParOldGen       total 83968K, used 17672K [0x00000000c0000000, 0x00000000c5200000, 0x00000000eaa80000)
  object space 83968K, 21% used [0x00000000c0000000,0x00000000c1142340,0x00000000c5200000)
 PSPermGen       total 21504K, used 6168K [0x00000000b5a00000, 0x00000000b6f00000, 0x00000000c0000000)
  object space 21504K, 28% used [0x00000000b5a00000,0x00000000b60060a0,0x00000000b6f00000)
Event: 6,021 GC heap after
Heap after GC invocations=4 (full 0):
 PSYoungGen      total 132096K, used 5111K [0x00000000eaa80000, 0x00000000f3080000, 0x0000000100000000)
  eden space 126976K, 0% used [0x00000000eaa80000,0x00000000eaa80000,0x00000000f2680000)
  from space 5120K, 99% used [0x00000000f2b80000,0x00000000f307df98,0x00000000f3080000)
  to   space 5120K, 0% used [0x00000000f2680000,0x00000000f2680000,0x00000000f2b80000)
 ParOldGen       total 83968K, used 28969K [0x00000000c0000000, 0x00000000c5200000, 0x00000000eaa80000)
  object space 83968K, 34% used [0x00000000c0000000,0x00000000c1c4a650,0x00000000c5200000)
 PSPermGen       total 21504K, used 6168K [0x00000000b5a00000, 0x00000000b6f00000, 0x00000000c0000000)
  object space 21504K, 28% used [0x00000000b5a00000,0x00000000b60060a0,0x00000000b6f00000)
}
Event: 8,771 GC heap before
{Heap before GC invocations=5 (full 0):
 PSYoungGen      total 132096K, used 132087K [0x00000000eaa80000, 0x00000000f3080000, 0x0000000100000000)
  eden space 126976K, 100% used [0x00000000eaa80000,0x00000000f2680000,0x00000000f2680000)
  from space 5120K, 99% used [0x00000000f2b80000,0x00000000f307df98,0x00000000f3080000)
  to   space 5120K, 0% used [0x00000000f2680000,0x00000000f2680000,0x00000000f2b80000)
 ParOldGen       total 83968K, used 28969K [0x00000000c0000000, 0x00000000c5200000, 0x00000000eaa80000)
  object space 83968K, 34% used [0x00000000c0000000,0x00000000c1c4a650,0x00000000c5200000)
 PSPermGen       total 21504K, used 6266K [0x00000000b5a00000, 0x00000000b6f00000, 0x00000000c0000000)
  object space 21504K, 29% used [0x00000000b5a00000,0x00000000b601e918,0x00000000b6f00000)
Event: 8,855 GC heap after
Heap after GC invocations=5 (full 0):
 PSYoungGen      total 132096K, used 5095K [0x00000000eaa80000, 0x00000000fd980000, 0x0000000100000000)
  eden space 126976K, 0% used [0x00000000eaa80000,0x00000000eaa80000,0x00000000f2680000)
  from space 5120K, 99% used [0x00000000f2680000,0x00000000f2b79f70,0x00000000f2b80000)
  to   space 28160K, 0% used [0x00000000fbe00000,0x00000000fbe00000,0x00000000fd980000)
 ParOldGen       total 83968K, used 50430K [0x00000000c0000000, 0x00000000c5200000, 0x00000000eaa80000)
  object space 83968K, 60% used [0x00000000c0000000,0x00000000c313f968,0x00000000c5200000)
 PSPermGen       total 21504K, used 6266K [0x00000000b5a00000, 0x00000000b6f00000, 0x00000000c0000000)
  object space 21504K, 29% used [0x00000000b5a00000,0x00000000b601e918,0x00000000b6f00000)
}
Event: 10,769 GC heap before
{Heap before GC invocations=6 (full 0):
 PSYoungGen      total 132096K, used 132071K [0x00000000eaa80000, 0x00000000fd980000, 0x0000000100000000)
  eden space 126976K, 100% used [0x00000000eaa80000,0x00000000f2680000,0x00000000f2680000)
  from space 5120K, 99% used [0x00000000f2680000,0x00000000f2b79f70,0x00000000f2b80000)
  to   space 28160K, 0% used [0x00000000fbe00000,0x00000000fbe00000,0x00000000fd980000)
 ParOldGen       total 83968K, used 50430K [0x00000000c0000000, 0x00000000c5200000, 0x00000000eaa80000)
  object space 83968K, 60% used [0x00000000c0000000,0x00000000c313f968,0x00000000c5200000)
 PSPermGen       total 21504K, used 6295K [0x00000000b5a00000, 0x00000000b6f00000, 0x00000000c0000000)
  object space 21504K, 29% used [0x00000000b5a00000,0x00000000b6025fd8,0x00000000b6f00000)
Event: 10,856 GC heap after
Heap after GC invocations=6 (full 0):
 PSYoungGen      total 278016K, used 26246K [0x00000000eaa80000, 0x00000000fe180000, 0x0000000100000000)
  eden space 249856K, 0% used [0x00000000eaa80000,0x00000000eaa80000,0x00000000f9e80000)
  from space 28160K, 93% used [0x00000000fbe00000,0x00000000fd7a1be8,0x00000000fd980000)
  to   space 32256K, 0% used [0x00000000f9e80000,0x00000000f9e80000,0x00000000fbe00000)
 ParOldGen       total 83968K, used 50430K [0x00000000c0000000, 0x00000000c5200000, 0x00000000eaa80000)
  object space 83968K, 60% used [0x00000000c0000000,0x00000000c313f968,0x00000000c5200000)
 PSPermGen       total 21504K, used 6295K [0x00000000b5a00000, 0x00000000b6f00000, 0x00000000c0000000)
  object space 21504K, 29% used [0x00000000b5a00000,0x00000000b6025fd8,0x00000000b6f00000)
}
Event: 13,785 GC heap before
{Heap before GC invocations=7 (full 0):
 PSYoungGen      total 278016K, used 276102K [0x00000000eaa80000, 0x00000000fe180000, 0x0000000100000000)
  eden space 249856K, 100% used [0x00000000eaa80000,0x00000000f9e80000,0x00000000f9e80000)
  from space 28160K, 93% used [0x00000000fbe00000,0x00000000fd7a1be8,0x00000000fd980000)
  to   space 32256K, 0% used [0x00000000f9e80000,0x00000000f9e80000,0x00000000fbe00000)
 ParOldGen       total 83968K, used 50430K [0x00000000c0000000, 0x00000000c5200000, 0x00000000eaa80000)
  object space 83968K, 60% used [0x00000000c0000000,0x00000000c313f968,0x00000000c5200000)
 PSPermGen       total 21504K, used 6314K [0x00000000b5a00000, 0x00000000b6f00000, 0x00000000c0000000)
  object space 21504K, 29% used [0x00000000b5a00000,0x00000000b602aad8,0x00000000b6f00000)
Event: 13,968 GC heap after
Heap after GC invocations=7 (full 0):
 PSYoungGen      total 282112K, used 32245K [0x00000000eaa80000, 0x0000000100000000, 0x0000000100000000)
  eden space 249856K, 0% used [0x00000000eaa80000,0x00000000eaa80000,0x00000000f9e80000)
  from space 32256K, 99% used [0x00000000f9e80000,0x00000000fbdfd518,0x00000000fbe00000)
  to   space 53760K, 0% used [0x00000000fcb80000,0x00000000fcb80000,0x0000000100000000)
 ParOldGen       total 83968K, used 81554K [0x00000000c0000000, 0x00000000c5200000, 0x00000000eaa80000)
  object space 83968K, 97% used [0x00000000c0000000,0x00000000c4fa48d8,0x00000000c5200000)
 PSPermGen       total 21504K, used 6314K [0x00000000b5a00000, 0x00000000b6f00000, 0x00000000c0000000)
  object space 21504K, 29% used [0x00000000b5a00000,0x00000000b602aad8,0x00000000b6f00000)
}
Event: 13,968 GC heap before
{Heap before GC invocations=8 (full 1):
 PSYoungGen      total 282112K, used 32245K [0x00000000eaa80000, 0x0000000100000000, 0x0000000100000000)
  eden space 249856K, 0% used [0x00000000eaa80000,0x00000000eaa80000,0x00000000f9e80000)
  from space 32256K, 99% used [0x00000000f9e80000,0x00000000fbdfd518,0x00000000fbe00000)
  to   space 53760K, 0% used [0x00000000fcb80000,0x00000000fcb80000,0x0000000100000000)
 ParOldGen       total 83968K, used 81554K [0x00000000c0000000, 0x00000000c5200000, 0x00000000eaa80000)
  object space 83968K, 97% used [0x00000000c0000000,0x00000000c4fa48d8,0x00000000c5200000)
 PSPermGen       total 21504K, used 6314K [0x00000000b5a00000, 0x00000000b6f00000, 0x00000000c0000000)
  object space 21504K, 29% used [0x00000000b5a00000,0x00000000b602aad8,0x00000000b6f00000)
Event: 15,426 GC heap after
Heap after GC invocations=8 (full 1):
 PSYoungGen      total 282112K, used 25388K [0x00000000eaa80000, 0x0000000100000000, 0x0000000100000000)
  eden space 249856K, 0% used [0x00000000eaa80000,0x00000000eaa80000,0x00000000f9e80000)
  from space 32256K, 78% used [0x00000000f9e80000,0x00000000fb74b158,0x00000000fbe00000)
  to   space 53760K, 0% used [0x00000000fcb80000,0x00000000fcb80000,0x0000000100000000)
 ParOldGen       total 170496K, used 83878K [0x00000000c0000000, 0x00000000ca680000, 0x00000000eaa80000)
  object space 170496K, 49% used [0x00000000c0000000,0x00000000c51e99b8,0x00000000ca680000)
 PSPermGen       total 21504K, used 6309K [0x00000000b5a00000, 0x00000000b6f00000, 0x00000000c0000000)
  object space 21504K, 29% used [0x00000000b5a00000,0x00000000b6029548,0x00000000b6f00000)
}

