# JRE version: OpenJDK Runtime Environment (7.0_95) (build 1.7.0_95-b00)
# Java VM: OpenJDK 64-Bit Server VM (24.95-b01 mixed mode linux-amd64 compressed oops)
Heap
 PSYoungGen      total 233472K, used 74137K [0x00000000eaa80000, 0x0000000100000000, 0x0000000100000000)
  eden space 117248K, 29% used [0x00000000eaa80000,0x00000000ecc785e8,0x00000000f1d00000)
  from space 116224K, 33% used [0x00000000f1d00000,0x00000000f436e110,0x00000000f8e80000)
  to   space 116224K, 0% used [0x00000000f8e80000,0x00000000f8e80000,0x0000000100000000)
 ParOldGen       total 461824K, used 309672K [0x00000000c0000000, 0x00000000dc300000, 0x00000000eaa80000)
  object space 461824K, 67% used [0x00000000c0000000,0x00000000d2e6a320,0x00000000dc300000)
 PSPermGen       total 21504K, used 6384K [0x00000000b5a00000, 0x00000000b6f00000, 0x00000000c0000000)
  object space 21504K, 29% used [0x00000000b5a00000,0x00000000b603c3b8,0x00000000b6f00000)
GC Heap History (10 events):
Event: 28,175 GC heap before
{Heap before GC invocations=16 (full 2):
 PSYoungGen      total 240128K, used 208790K [0x00000000eaa80000, 0x0000000100000000, 0x0000000100000000)
  eden space 142336K, 100% used [0x00000000eaa80000,0x00000000f3580000,0x00000000f3580000)
  from space 97792K, 67% used [0x00000000f3580000,0x00000000f7665898,0x00000000f9500000)
  to   space 101888K, 0% used [0x00000000f9c80000,0x00000000f9c80000,0x0000000100000000)
 ParOldGen       total 296960K, used 207310K [0x00000000c0000000, 0x00000000d2200000, 0x00000000eaa80000)
  object space 296960K, 69% used [0x00000000c0000000,0x00000000cca73920,0x00000000d2200000)
 PSPermGen       total 21504K, used 6373K [0x00000000b5a00000, 0x00000000b6f00000, 0x00000000c0000000)
  object space 21504K, 29% used [0x00000000b5a00000,0x00000000b60394b0,0x00000000b6f00000)
Event: 28,369 GC heap after
Heap after GC invocations=16 (full 2):
 PSYoungGen      total 223232K, used 91434K [0x00000000eaa80000, 0x0000000100000000, 0x0000000100000000)
  eden space 121344K, 0% used [0x00000000eaa80000,0x00000000eaa80000,0x00000000f2100000)
  from space 101888K, 89% used [0x00000000f9c80000,0x00000000ff5ca928,0x0000000100000000)
  to   space 114176K, 0% used [0x00000000f2100000,0x00000000f2100000,0x00000000f9080000)
 ParOldGen       total 296960K, used 207310K [0x00000000c0000000, 0x00000000d2200000, 0x00000000eaa80000)
  object space 296960K, 69% used [0x00000000c0000000,0x00000000cca73920,0x00000000d2200000)
 PSPermGen       total 21504K, used 6373K [0x00000000b5a00000, 0x00000000b6f00000, 0x00000000c0000000)
  object space 21504K, 29% used [0x00000000b5a00000,0x00000000b60394b0,0x00000000b6f00000)
}
Event: 29,078 GC heap before
{Heap before GC invocations=17 (full 2):
 PSYoungGen      total 223232K, used 212778K [0x00000000eaa80000, 0x0000000100000000, 0x0000000100000000)
  eden space 121344K, 100% used [0x00000000eaa80000,0x00000000f2100000,0x00000000f2100000)
  from space 101888K, 89% used [0x00000000f9c80000,0x00000000ff5ca928,0x0000000100000000)
  to   space 114176K, 0% used [0x00000000f2100000,0x00000000f2100000,0x00000000f9080000)
 ParOldGen       total 296960K, used 207310K [0x00000000c0000000, 0x00000000d2200000, 0x00000000eaa80000)
  object space 296960K, 69% used [0x00000000c0000000,0x00000000cca73920,0x00000000d2200000)
 PSPermGen       total 21504K, used 6376K [0x00000000b5a00000, 0x00000000b6f00000, 0x00000000c0000000)
  object space 21504K, 29% used [0x00000000b5a00000,0x00000000b603a288,0x00000000b6f00000)
Event: 29,289 GC heap after
Heap after GC invocations=17 (full 2):
 PSYoungGen      total 230912K, used 109076K [0x00000000eaa80000, 0x0000000100000000, 0x0000000100000000)
  eden space 121344K, 0% used [0x00000000eaa80000,0x00000000eaa80000,0x00000000f2100000)
  from space 109568K, 99% used [0x00000000f2100000,0x00000000f8b851b8,0x00000000f8c00000)
  to   space 116224K, 0% used [0x00000000f8e80000,0x00000000f8e80000,0x0000000100000000)
 ParOldGen       total 296960K, used 207310K [0x00000000c0000000, 0x00000000d2200000, 0x00000000eaa80000)
  object space 296960K, 69% used [0x00000000c0000000,0x00000000cca73920,0x00000000d2200000)
 PSPermGen       total 21504K, used 6376K [0x00000000b5a00000, 0x00000000b6f00000, 0x00000000c0000000)
  object space 21504K, 29% used [0x00000000b5a00000,0x00000000b603a288,0x00000000b6f00000)
}
Event: 29,635 GC heap before
{Heap before GC invocations=18 (full 2):
 PSYoungGen      total 230912K, used 230420K [0x00000000eaa80000, 0x0000000100000000, 0x0000000100000000)
  eden space 121344K, 100% used [0x00000000eaa80000,0x00000000f2100000,0x00000000f2100000)
  from space 109568K, 99% used [0x00000000f2100000,0x00000000f8b851b8,0x00000000f8c00000)
  to   space 116224K, 0% used [0x00000000f8e80000,0x00000000f8e80000,0x0000000100000000)
 ParOldGen       total 296960K, used 207310K [0x00000000c0000000, 0x00000000d2200000, 0x00000000eaa80000)
  object space 296960K, 69% used [0x00000000c0000000,0x00000000cca73920,0x00000000d2200000)
 PSPermGen       total 21504K, used 6383K [0x00000000b5a00000, 0x00000000b6f00000, 0x00000000c0000000)
  object space 21504K, 29% used [0x00000000b5a00000,0x00000000b603bd38,0x00000000b6f00000)
Event: 29,910 GC heap after
Heap after GC invocations=18 (full 2):
 PSYoungGen      total 233472K, used 84424K [0x00000000eaa80000, 0x0000000100000000, 0x0000000100000000)
  eden space 117248K, 0% used [0x00000000eaa80000,0x00000000eaa80000,0x00000000f1d00000)
  from space 116224K, 72% used [0x00000000f8e80000,0x00000000fe0f2168,0x0000000100000000)
  to   space 116224K, 0% used [0x00000000f1d00000,0x00000000f1d00000,0x00000000f8e80000)
 ParOldGen       total 296960K, used 249808K [0x00000000c0000000, 0x00000000d2200000, 0x00000000eaa80000)
  object space 296960K, 84% used [0x00000000c0000000,0x00000000cf3f4378,0x00000000d2200000)
 PSPermGen       total 21504K, used 6383K [0x00000000b5a00000, 0x00000000b6f00000, 0x00000000c0000000)
  object space 21504K, 29% used [0x00000000b5a00000,0x00000000b603bd38,0x00000000b6f00000)
}
Event: 29,910 GC heap before
{Heap before GC invocations=19 (full 3):
 PSYoungGen      total 233472K, used 84424K [0x00000000eaa80000, 0x0000000100000000, 0x0000000100000000)
  eden space 117248K, 0% used [0x00000000eaa80000,0x00000000eaa80000,0x00000000f1d00000)
  from space 116224K, 72% used [0x00000000f8e80000,0x00000000fe0f2168,0x0000000100000000)
  to   space 116224K, 0% used [0x00000000f1d00000,0x00000000f1d00000,0x00000000f8e80000)
 ParOldGen       total 296960K, used 249808K [0x00000000c0000000, 0x00000000d2200000, 0x00000000eaa80000)
  object space 296960K, 84% used [0x00000000c0000000,0x00000000cf3f4378,0x00000000d2200000)
 PSPermGen       total 21504K, used 6383K [0x00000000b5a00000, 0x00000000b6f00000, 0x00000000c0000000)
  object space 21504K, 29% used [0x00000000b5a00000,0x00000000b603bd38,0x00000000b6f00000)
Event: 32,194 GC heap after
Heap after GC invocations=19 (full 3):
 PSYoungGen      total 233472K, used 33550K [0x00000000eaa80000, 0x0000000100000000, 0x0000000100000000)
  eden space 117248K, 0% used [0x00000000eaa80000,0x00000000eaa80000,0x00000000f1d00000)
  from space 116224K, 28% used [0x00000000f8e80000,0x00000000faf43820,0x0000000100000000)
  to   space 116224K, 0% used [0x00000000f1d00000,0x00000000f1d00000,0x00000000f8e80000)
 ParOldGen       total 461824K, used 296672K [0x00000000c0000000, 0x00000000dc300000, 0x00000000eaa80000)
  object space 461824K, 64% used [0x00000000c0000000,0x00000000d21b8320,0x00000000dc300000)
 PSPermGen       total 21504K, used 6382K [0x00000000b5a00000, 0x00000000b6f00000, 0x00000000c0000000)
  object space 21504K, 29% used [0x00000000b5a00000,0x00000000b603bb78,0x00000000b6f00000)
}
Event: 32,578 GC heap before
{Heap before GC invocations=20 (full 3):
 PSYoungGen      total 233472K, used 150798K [0x00000000eaa80000, 0x0000000100000000, 0x0000000100000000)
  eden space 117248K, 100% used [0x00000000eaa80000,0x00000000f1d00000,0x00000000f1d00000)
  from space 116224K, 28% used [0x00000000f8e80000,0x00000000faf43820,0x0000000100000000)
  to   space 116224K, 0% used [0x00000000f1d00000,0x00000000f1d00000,0x00000000f8e80000)
 ParOldGen       total 461824K, used 296672K [0x00000000c0000000, 0x00000000dc300000, 0x00000000eaa80000)
  object space 461824K, 64% used [0x00000000c0000000,0x00000000d21b8320,0x00000000dc300000)
 PSPermGen       total 21504K, used 6384K [0x00000000b5a00000, 0x00000000b6f00000, 0x00000000c0000000)
  object space 21504K, 29% used [0x00000000b5a00000,0x00000000b603c168,0x00000000b6f00000)
Event: 32,956 GC heap after
Heap after GC invocations=20 (full 3):
 PSYoungGen      total 233472K, used 39352K [0x00000000eaa80000, 0x0000000100000000, 0x0000000100000000)
  eden space 117248K, 0% used [0x00000000eaa80000,0x00000000eaa80000,0x00000000f1d00000)
  from space 116224K, 33% used [0x00000000f1d00000,0x00000000f436e110,0x00000000f8e80000)
  to   space 116224K, 0% used [0x00000000f8e80000,0x00000000f8e80000,0x0000000100000000)
 ParOldGen       total 461824K, used 309672K [0x00000000c0000000, 0x00000000dc300000, 0x00000000eaa80000)
  object space 461824K, 67% used [0x00000000c0000000,0x00000000d2e6a320,0x00000000dc300000)
 PSPermGen       total 21504K, used 6384K [0x00000000b5a00000, 0x00000000b6f00000, 0x00000000c0000000)
  object space 21504K, 29% used [0x00000000b5a00000,0x00000000b603c168,0x00000000b6f00000)
}

