# JRE version: OpenJDK Runtime Environment (7.0_95) (build 1.7.0_95-b00)
# Java VM: OpenJDK 64-Bit Server VM (24.95-b01 mixed mode linux-amd64 compressed oops)
Heap
 PSYoungGen      total 233472K, used 140635K [0x00000000eaa80000, 0x0000000100000000, 0x0000000100000000)
  eden space 117248K, 87% used [0x00000000eaa80000,0x00000000f0ea87f0,0x00000000f1d00000)
  from space 116224K, 32% used [0x00000000f8e80000,0x00000000fb3ae748,0x0000000100000000)
  to   space 116224K, 0% used [0x00000000f1d00000,0x00000000f1d00000,0x00000000f8e80000)
 ParOldGen       total 636928K, used 559037K [0x00000000c0000000, 0x00000000e6e00000, 0x00000000eaa80000)
  object space 636928K, 87% used [0x00000000c0000000,0x00000000e21ef7c0,0x00000000e6e00000)
 PSPermGen       total 21504K, used 6491K [0x00000000b5a00000, 0x00000000b6f00000, 0x00000000c0000000)
  object space 21504K, 30% used [0x00000000b5a00000,0x00000000b6056c28,0x00000000b6f00000)
GC Heap History (10 events):
Event: 30,010 GC heap before
{Heap before GC invocations=30 (full 4):
 PSYoungGen      total 229888K, used 181497K [0x00000000eaa80000, 0x00000000ffe80000, 0x0000000100000000)
  eden space 126464K, 100% used [0x00000000eaa80000,0x00000000f2600000,0x00000000f2600000)
  from space 103424K, 53% used [0x00000000f2600000,0x00000000f5bbe6a0,0x00000000f8b00000)
  to   space 102912K, 0% used [0x00000000f9a00000,0x00000000f9a00000,0x00000000ffe80000)
 ParOldGen       total 636928K, used 442599K [0x00000000c0000000, 0x00000000e6e00000, 0x00000000eaa80000)
  object space 636928K, 69% used [0x00000000c0000000,0x00000000db039d18,0x00000000e6e00000)
 PSPermGen       total 21504K, used 6455K [0x00000000b5a00000, 0x00000000b6f00000, 0x00000000c0000000)
  object space 21504K, 30% used [0x00000000b5a00000,0x00000000b604de58,0x00000000b6f00000)
Event: 30,099 GC heap after
Heap after GC invocations=30 (full 4):
 PSYoungGen      total 234496K, used 74262K [0x00000000eaa80000, 0x0000000100000000, 0x0000000100000000)
  eden space 131584K, 0% used [0x00000000eaa80000,0x00000000eaa80000,0x00000000f2b00000)
  from space 102912K, 72% used [0x00000000f9a00000,0x00000000fe285818,0x00000000ffe80000)
  to   space 109056K, 0% used [0x00000000f2b00000,0x00000000f2b00000,0x00000000f9580000)
 ParOldGen       total 636928K, used 442599K [0x00000000c0000000, 0x00000000e6e00000, 0x00000000eaa80000)
  object space 636928K, 69% used [0x00000000c0000000,0x00000000db039d18,0x00000000e6e00000)
 PSPermGen       total 21504K, used 6455K [0x00000000b5a00000, 0x00000000b6f00000, 0x00000000c0000000)
  object space 21504K, 30% used [0x00000000b5a00000,0x00000000b604de58,0x00000000b6f00000)
}
Event: 30,372 GC heap before
{Heap before GC invocations=31 (full 4):
 PSYoungGen      total 234496K, used 205846K [0x00000000eaa80000, 0x0000000100000000, 0x0000000100000000)
  eden space 131584K, 100% used [0x00000000eaa80000,0x00000000f2b00000,0x00000000f2b00000)
  from space 102912K, 72% used [0x00000000f9a00000,0x00000000fe285818,0x00000000ffe80000)
  to   space 109056K, 0% used [0x00000000f2b00000,0x00000000f2b00000,0x00000000f9580000)
 ParOldGen       total 636928K, used 442599K [0x00000000c0000000, 0x00000000e6e00000, 0x00000000eaa80000)
  object space 636928K, 69% used [0x00000000c0000000,0x00000000db039d18,0x00000000e6e00000)
 PSPermGen       total 21504K, used 6459K [0x00000000b5a00000, 0x00000000b6f00000, 0x00000000c0000000)
  object space 21504K, 30% used [0x00000000b5a00000,0x00000000b604ef18,0x00000000b6f00000)
Event: 30,484 GC heap after
Heap after GC invocations=31 (full 4):
 PSYoungGen      total 228352K, used 96582K [0x00000000eaa80000, 0x0000000100000000, 0x0000000100000000)
  eden space 131584K, 0% used [0x00000000eaa80000,0x00000000eaa80000,0x00000000f2b00000)
  from space 96768K, 99% used [0x00000000f2b00000,0x00000000f8951a30,0x00000000f8980000)
  to   space 116224K, 0% used [0x00000000f8e80000,0x00000000f8e80000,0x0000000100000000)
 ParOldGen       total 636928K, used 442599K [0x00000000c0000000, 0x00000000e6e00000, 0x00000000eaa80000)
  object space 636928K, 69% used [0x00000000c0000000,0x00000000db039d18,0x00000000e6e00000)
 PSPermGen       total 21504K, used 6459K [0x00000000b5a00000, 0x00000000b6f00000, 0x00000000c0000000)
  object space 21504K, 30% used [0x00000000b5a00000,0x00000000b604ef18,0x00000000b6f00000)
}
Event: 30,722 GC heap before
{Heap before GC invocations=32 (full 4):
 PSYoungGen      total 228352K, used 228166K [0x00000000eaa80000, 0x0000000100000000, 0x0000000100000000)
  eden space 131584K, 100% used [0x00000000eaa80000,0x00000000f2b00000,0x00000000f2b00000)
  from space 96768K, 99% used [0x00000000f2b00000,0x00000000f8951a30,0x00000000f8980000)
  to   space 116224K, 0% used [0x00000000f8e80000,0x00000000f8e80000,0x0000000100000000)
 ParOldGen       total 636928K, used 442599K [0x00000000c0000000, 0x00000000e6e00000, 0x00000000eaa80000)
  object space 636928K, 69% used [0x00000000c0000000,0x00000000db039d18,0x00000000e6e00000)
 PSPermGen       total 21504K, used 6461K [0x00000000b5a00000, 0x00000000b6f00000, 0x00000000c0000000)
  object space 21504K, 30% used [0x00000000b5a00000,0x00000000b604f480,0x00000000b6f00000)
Event: 30,868 GC heap after
Heap after GC invocations=32 (full 4):
 PSYoungGen      total 233472K, used 81797K [0x00000000eaa80000, 0x0000000100000000, 0x0000000100000000)
  eden space 117248K, 0% used [0x00000000eaa80000,0x00000000eaa80000,0x00000000f1d00000)
  from space 116224K, 70% used [0x00000000f8e80000,0x00000000fde615a0,0x0000000100000000)
  to   space 116224K, 0% used [0x00000000f1d00000,0x00000000f1d00000,0x00000000f8e80000)
 ParOldGen       total 636928K, used 477812K [0x00000000c0000000, 0x00000000e6e00000, 0x00000000eaa80000)
  object space 636928K, 75% used [0x00000000c0000000,0x00000000dd29d0b8,0x00000000e6e00000)
 PSPermGen       total 21504K, used 6461K [0x00000000b5a00000, 0x00000000b6f00000, 0x00000000c0000000)
  object space 21504K, 30% used [0x00000000b5a00000,0x00000000b604f480,0x00000000b6f00000)
}
Event: 31,060 GC heap before
{Heap before GC invocations=33 (full 4):
 PSYoungGen      total 233472K, used 199045K [0x00000000eaa80000, 0x0000000100000000, 0x0000000100000000)
  eden space 117248K, 100% used [0x00000000eaa80000,0x00000000f1d00000,0x00000000f1d00000)
  from space 116224K, 70% used [0x00000000f8e80000,0x00000000fde615a0,0x0000000100000000)
  to   space 116224K, 0% used [0x00000000f1d00000,0x00000000f1d00000,0x00000000f8e80000)
 ParOldGen       total 636928K, used 477814K [0x00000000c0000000, 0x00000000e6e00000, 0x00000000eaa80000)
  object space 636928K, 75% used [0x00000000c0000000,0x00000000dd29d8a0,0x00000000e6e00000)
 PSPermGen       total 21504K, used 6462K [0x00000000b5a00000, 0x00000000b6f00000, 0x00000000c0000000)
  object space 21504K, 30% used [0x00000000b5a00000,0x00000000b604f860,0x00000000b6f00000)
Event: 31,195 GC heap after
Heap after GC invocations=33 (full 4):
 PSYoungGen      total 233472K, used 61063K [0x00000000eaa80000, 0x0000000100000000, 0x0000000100000000)
  eden space 117248K, 0% used [0x00000000eaa80000,0x00000000eaa80000,0x00000000f1d00000)
  from space 116224K, 52% used [0x00000000f1d00000,0x00000000f58a1e48,0x00000000f8e80000)
  to   space 116224K, 0% used [0x00000000f8e80000,0x00000000f8e80000,0x0000000100000000)
 ParOldGen       total 636928K, used 516519K [0x00000000c0000000, 0x00000000e6e00000, 0x00000000eaa80000)
  object space 636928K, 81% used [0x00000000c0000000,0x00000000df869e38,0x00000000e6e00000)
 PSPermGen       total 21504K, used 6462K [0x00000000b5a00000, 0x00000000b6f00000, 0x00000000c0000000)
  object space 21504K, 30% used [0x00000000b5a00000,0x00000000b604f860,0x00000000b6f00000)
}
Event: 31,408 GC heap before
{Heap before GC invocations=34 (full 4):
 PSYoungGen      total 233472K, used 178311K [0x00000000eaa80000, 0x0000000100000000, 0x0000000100000000)
  eden space 117248K, 100% used [0x00000000eaa80000,0x00000000f1d00000,0x00000000f1d00000)
  from space 116224K, 52% used [0x00000000f1d00000,0x00000000f58a1e48,0x00000000f8e80000)
  to   space 116224K, 0% used [0x00000000f8e80000,0x00000000f8e80000,0x0000000100000000)
 ParOldGen       total 636928K, used 516522K [0x00000000c0000000, 0x00000000e6e00000, 0x00000000eaa80000)
  object space 636928K, 81% used [0x00000000c0000000,0x00000000df86a828,0x00000000e6e00000)
 PSPermGen       total 21504K, used 6462K [0x00000000b5a00000, 0x00000000b6f00000, 0x00000000c0000000)
  object space 21504K, 30% used [0x00000000b5a00000,0x00000000b604f860,0x00000000b6f00000)
Event: 31,520 GC heap after
Heap after GC invocations=34 (full 4):
 PSYoungGen      total 233472K, used 38073K [0x00000000eaa80000, 0x0000000100000000, 0x0000000100000000)
  eden space 117248K, 0% used [0x00000000eaa80000,0x00000000eaa80000,0x00000000f1d00000)
  from space 116224K, 32% used [0x00000000f8e80000,0x00000000fb3ae748,0x0000000100000000)
  to   space 116224K, 0% used [0x00000000f1d00000,0x00000000f1d00000,0x00000000f8e80000)
 ParOldGen       total 636928K, used 559037K [0x00000000c0000000, 0x00000000e6e00000, 0x00000000eaa80000)
  object space 636928K, 87% used [0x00000000c0000000,0x00000000e21ef7c0,0x00000000e6e00000)
 PSPermGen       total 21504K, used 6462K [0x00000000b5a00000, 0x00000000b6f00000, 0x00000000c0000000)
  object space 21504K, 30% used [0x00000000b5a00000,0x00000000b604f860,0x00000000b6f00000)
}

