# JRE version: OpenJDK Runtime Environment (7.0_95) (build 1.7.0_95-b00)
# Java VM: OpenJDK 64-Bit Server VM (24.95-b01 mixed mode linux-amd64 compressed oops)
Heap
 PSYoungGen      total 281088K, used 223824K [0x00000000eaa80000, 0x0000000100000000, 0x0000000100000000)
  eden space 249344K, 79% used [0x00000000eaa80000,0x00000000f6d2f080,0x00000000f9e00000)
  from space 31744K, 77% used [0x00000000f9e00000,0x00000000fb5e5020,0x00000000fbd00000)
  to   space 52736K, 0% used [0x00000000fcc80000,0x00000000fcc80000,0x0000000100000000)
 ParOldGen       total 167424K, used 83512K [0x00000000c0000000, 0x00000000ca380000, 0x00000000eaa80000)
  object space 167424K, 49% used [0x00000000c0000000,0x00000000c518e318,0x00000000ca380000)
 PSPermGen       total 21504K, used 6321K [0x00000000b5a00000, 0x00000000b6f00000, 0x00000000c0000000)
  object space 21504K, 29% used [0x00000000b5a00000,0x00000000b602c458,0x00000000b6f00000)
GC Heap History (10 events):
Event: 5,482 GC heap before
{Heap before GC invocations=4 (full 0):
 PSYoungGen      total 68608K, used 68583K [0x00000000eaa80000, 0x00000000f3080000, 0x0000000100000000)
  eden space 63488K, 100% used [0x00000000eaa80000,0x00000000ee880000,0x00000000ee880000)
  from space 5120K, 99% used [0x00000000ee880000,0x00000000eed79d80,0x00000000eed80000)
  to   space 5120K, 0% used [0x00000000f2b80000,0x00000000f2b80000,0x00000000f3080000)
 ParOldGen       total 83968K, used 18366K [0x00000000c0000000, 0x00000000c5200000, 0x00000000eaa80000)
  object space 83968K, 21% used [0x00000000c0000000,0x00000000c11ef9f0,0x00000000c5200000)
 PSPermGen       total 21504K, used 6167K [0x00000000b5a00000, 0x00000000b6f00000, 0x00000000c0000000)
  object space 21504K, 28% used [0x00000000b5a00000,0x00000000b6005e10,0x00000000b6f00000)
Event: 5,546 GC heap after
Heap after GC invocations=4 (full 0):
 PSYoungGen      total 132096K, used 5105K [0x00000000eaa80000, 0x00000000f3080000, 0x0000000100000000)
  eden space 126976K, 0% used [0x00000000eaa80000,0x00000000eaa80000,0x00000000f2680000)
  from space 5120K, 99% used [0x00000000f2b80000,0x00000000f307c4e8,0x00000000f3080000)
  to   space 5120K, 0% used [0x00000000f2680000,0x00000000f2680000,0x00000000f2b80000)
 ParOldGen       total 83968K, used 28849K [0x00000000c0000000, 0x00000000c5200000, 0x00000000eaa80000)
  object space 83968K, 34% used [0x00000000c0000000,0x00000000c1c2c768,0x00000000c5200000)
 PSPermGen       total 21504K, used 6167K [0x00000000b5a00000, 0x00000000b6f00000, 0x00000000c0000000)
  object space 21504K, 28% used [0x00000000b5a00000,0x00000000b6005e10,0x00000000b6f00000)
}
Event: 8,418 GC heap before
{Heap before GC invocations=5 (full 0):
 PSYoungGen      total 132096K, used 132081K [0x00000000eaa80000, 0x00000000f3080000, 0x0000000100000000)
  eden space 126976K, 100% used [0x00000000eaa80000,0x00000000f2680000,0x00000000f2680000)
  from space 5120K, 99% used [0x00000000f2b80000,0x00000000f307c4e8,0x00000000f3080000)
  to   space 5120K, 0% used [0x00000000f2680000,0x00000000f2680000,0x00000000f2b80000)
 ParOldGen       total 83968K, used 28849K [0x00000000c0000000, 0x00000000c5200000, 0x00000000eaa80000)
  object space 83968K, 34% used [0x00000000c0000000,0x00000000c1c2c768,0x00000000c5200000)
 PSPermGen       total 21504K, used 6251K [0x00000000b5a00000, 0x00000000b6f00000, 0x00000000c0000000)
  object space 21504K, 29% used [0x00000000b5a00000,0x00000000b601ad00,0x00000000b6f00000)
Event: 8,486 GC heap after
Heap after GC invocations=5 (full 0):
 PSYoungGen      total 132096K, used 5093K [0x00000000eaa80000, 0x00000000fd780000, 0x0000000100000000)
  eden space 126976K, 0% used [0x00000000eaa80000,0x00000000eaa80000,0x00000000f2680000)
  from space 5120K, 99% used [0x00000000f2680000,0x00000000f2b79530,0x00000000f2b80000)
  to   space 27136K, 0% used [0x00000000fbd00000,0x00000000fbd00000,0x00000000fd780000)
 ParOldGen       total 83968K, used 49738K [0x00000000c0000000, 0x00000000c5200000, 0x00000000eaa80000)
  object space 83968K, 59% used [0x00000000c0000000,0x00000000c3092ab0,0x00000000c5200000)
 PSPermGen       total 21504K, used 6251K [0x00000000b5a00000, 0x00000000b6f00000, 0x00000000c0000000)
  object space 21504K, 29% used [0x00000000b5a00000,0x00000000b601ad00,0x00000000b6f00000)
}
Event: 10,527 GC heap before
{Heap before GC invocations=6 (full 0):
 PSYoungGen      total 132096K, used 132069K [0x00000000eaa80000, 0x00000000fd780000, 0x0000000100000000)
  eden space 126976K, 100% used [0x00000000eaa80000,0x00000000f2680000,0x00000000f2680000)
  from space 5120K, 99% used [0x00000000f2680000,0x00000000f2b79530,0x00000000f2b80000)
  to   space 27136K, 0% used [0x00000000fbd00000,0x00000000fbd00000,0x00000000fd780000)
 ParOldGen       total 83968K, used 49738K [0x00000000c0000000, 0x00000000c5200000, 0x00000000eaa80000)
  object space 83968K, 59% used [0x00000000c0000000,0x00000000c3092ab0,0x00000000c5200000)
 PSPermGen       total 21504K, used 6298K [0x00000000b5a00000, 0x00000000b6f00000, 0x00000000c0000000)
  object space 21504K, 29% used [0x00000000b5a00000,0x00000000b60268e0,0x00000000b6f00000)
Event: 10,625 GC heap after
Heap after GC invocations=6 (full 0):
 PSYoungGen      total 276480K, used 26626K [0x00000000eaa80000, 0x00000000fe080000, 0x0000000100000000)
  eden space 249344K, 0% used [0x00000000eaa80000,0x00000000eaa80000,0x00000000f9e00000)
  from space 27136K, 98% used [0x00000000fbd00000,0x00000000fd700850,0x00000000fd780000)
  to   space 31744K, 0% used [0x00000000f9e00000,0x00000000f9e00000,0x00000000fbd00000)
 ParOldGen       total 83968K, used 49738K [0x00000000c0000000, 0x00000000c5200000, 0x00000000eaa80000)
  object space 83968K, 59% used [0x00000000c0000000,0x00000000c3092ab0,0x00000000c5200000)
 PSPermGen       total 21504K, used 6298K [0x00000000b5a00000, 0x00000000b6f00000, 0x00000000c0000000)
  object space 21504K, 29% used [0x00000000b5a00000,0x00000000b60268e0,0x00000000b6f00000)
}
Event: 13,072 GC heap before
{Heap before GC invocations=7 (full 0):
 PSYoungGen      total 276480K, used 275970K [0x00000000eaa80000, 0x00000000fe080000, 0x0000000100000000)
  eden space 249344K, 100% used [0x00000000eaa80000,0x00000000f9e00000,0x00000000f9e00000)
  from space 27136K, 98% used [0x00000000fbd00000,0x00000000fd700850,0x00000000fd780000)
  to   space 31744K, 0% used [0x00000000f9e00000,0x00000000f9e00000,0x00000000fbd00000)
 ParOldGen       total 83968K, used 49738K [0x00000000c0000000, 0x00000000c5200000, 0x00000000eaa80000)
  object space 83968K, 59% used [0x00000000c0000000,0x00000000c3092ab0,0x00000000c5200000)
 PSPermGen       total 21504K, used 6314K [0x00000000b5a00000, 0x00000000b6f00000, 0x00000000c0000000)
  object space 21504K, 29% used [0x00000000b5a00000,0x00000000b602a940,0x00000000b6f00000)
Event: 13,310 GC heap after
Heap after GC invocations=7 (full 0):
 PSYoungGen      total 281088K, used 31716K [0x00000000eaa80000, 0x0000000100000000, 0x0000000100000000)
  eden space 249344K, 0% used [0x00000000eaa80000,0x00000000eaa80000,0x00000000f9e00000)
  from space 31744K, 99% used [0x00000000f9e00000,0x00000000fbcf92a0,0x00000000fbd00000)
  to   space 52736K, 0% used [0x00000000fcc80000,0x00000000fcc80000,0x0000000100000000)
 ParOldGen       total 83968K, used 80899K [0x00000000c0000000, 0x00000000c5200000, 0x00000000eaa80000)
  object space 83968K, 96% used [0x00000000c0000000,0x00000000c4f00df0,0x00000000c5200000)
 PSPermGen       total 21504K, used 6314K [0x00000000b5a00000, 0x00000000b6f00000, 0x00000000c0000000)
  object space 21504K, 29% used [0x00000000b5a00000,0x00000000b602a940,0x00000000b6f00000)
}
Event: 13,310 GC heap before
{Heap before GC invocations=8 (full 1):
 PSYoungGen      total 281088K, used 31716K [0x00000000eaa80000, 0x0000000100000000, 0x0000000100000000)
  eden space 249344K, 0% used [0x00000000eaa80000,0x00000000eaa80000,0x00000000f9e00000)
  from space 31744K, 99% used [0x00000000f9e00000,0x00000000fbcf92a0,0x00000000fbd00000)
  to   space 52736K, 0% used [0x00000000fcc80000,0x00000000fcc80000,0x0000000100000000)
 ParOldGen       total 83968K, used 80899K [0x00000000c0000000, 0x00000000c5200000, 0x00000000eaa80000)
  object space 83968K, 96% used [0x00000000c0000000,0x00000000c4f00df0,0x00000000c5200000)
 PSPermGen       total 21504K, used 6314K [0x00000000b5a00000, 0x00000000b6f00000, 0x00000000c0000000)
  object space 21504K, 29% used [0x00000000b5a00000,0x00000000b602a940,0x00000000b6f00000)
Event: 14,781 GC heap after
Heap after GC invocations=8 (full 1):
 PSYoungGen      total 281088K, used 24468K [0x00000000eaa80000, 0x0000000100000000, 0x0000000100000000)
  eden space 249344K, 0% used [0x00000000eaa80000,0x00000000eaa80000,0x00000000f9e00000)
  from space 31744K, 77% used [0x00000000f9e00000,0x00000000fb5e5020,0x00000000fbd00000)
  to   space 52736K, 0% used [0x00000000fcc80000,0x00000000fcc80000,0x0000000100000000)
 ParOldGen       total 167424K, used 83512K [0x00000000c0000000, 0x00000000ca380000, 0x00000000eaa80000)
  object space 167424K, 49% used [0x00000000c0000000,0x00000000c518e318,0x00000000ca380000)
 PSPermGen       total 21504K, used 6309K [0x00000000b5a00000, 0x00000000b6f00000, 0x00000000c0000000)
  object space 21504K, 29% used [0x00000000b5a00000,0x00000000b60297f0,0x00000000b6f00000)
}

