# JRE version: OpenJDK Runtime Environment (7.0_85-b01) (build 1.7.0_85-b01)
# Java VM: OpenJDK 64-Bit Server VM (24.85-b03 mixed mode linux-amd64 compressed oops)
Heap
 PSYoungGen      total 233472K, used 106863K [0x00000000eaa80000, 0x0000000100000000, 0x0000000100000000)
  eden space 117248K, 53% used [0x00000000eaa80000,0x00000000ee763e50,0x00000000f1d00000)
  from space 116224K, 38% used [0x00000000f1d00000,0x00000000f4878010,0x00000000f8e80000)
  to   space 116224K, 0% used [0x00000000f8e80000,0x00000000f8e80000,0x0000000100000000)
 ParOldGen       total 456192K, used 306077K [0x00000000c0000000, 0x00000000dbd80000, 0x00000000eaa80000)
  object space 456192K, 67% used [0x00000000c0000000,0x00000000d2ae7618,0x00000000dbd80000)
 PSPermGen       total 21504K, used 6386K [0x00000000b5a00000, 0x00000000b6f00000, 0x00000000c0000000)
  object space 21504K, 29% used [0x00000000b5a00000,0x00000000b603caa8,0x00000000b6f00000)
GC Heap History (10 events):
Event: 20,446 GC heap before
{Heap before GC invocations=16 (full 2):
 PSYoungGen      total 238080K, used 205670K [0x00000000eaa80000, 0x0000000100000000, 0x0000000100000000)
  eden space 139776K, 100% used [0x00000000eaa80000,0x00000000f3300000,0x00000000f3300000)
  from space 98304K, 67% used [0x00000000f3300000,0x00000000f73598b8,0x00000000f9300000)
  to   space 101888K, 0% used [0x00000000f9c80000,0x00000000f9c80000,0x0000000100000000)
 ParOldGen       total 294912K, used 209136K [0x00000000c0000000, 0x00000000d2000000, 0x00000000eaa80000)
  object space 294912K, 70% used [0x00000000c0000000,0x00000000ccc3c240,0x00000000d2000000)
 PSPermGen       total 21504K, used 6370K [0x00000000b5a00000, 0x00000000b6f00000, 0x00000000c0000000)
  object space 21504K, 29% used [0x00000000b5a00000,0x00000000b6038bb0,0x00000000b6f00000)
Event: 20,620 GC heap after
Heap after GC invocations=16 (full 2):
 PSYoungGen      total 224256K, used 89504K [0x00000000eaa80000, 0x0000000100000000, 0x0000000100000000)
  eden space 122368K, 0% used [0x00000000eaa80000,0x00000000eaa80000,0x00000000f2200000)
  from space 101888K, 87% used [0x00000000f9c80000,0x00000000ff3e8148,0x0000000100000000)
  to   space 113664K, 0% used [0x00000000f2200000,0x00000000f2200000,0x00000000f9100000)
 ParOldGen       total 294912K, used 209136K [0x00000000c0000000, 0x00000000d2000000, 0x00000000eaa80000)
  object space 294912K, 70% used [0x00000000c0000000,0x00000000ccc3c240,0x00000000d2000000)
 PSPermGen       total 21504K, used 6370K [0x00000000b5a00000, 0x00000000b6f00000, 0x00000000c0000000)
  object space 21504K, 29% used [0x00000000b5a00000,0x00000000b6038bb0,0x00000000b6f00000)
}
Event: 20,956 GC heap before
{Heap before GC invocations=17 (full 2):
 PSYoungGen      total 224256K, used 211872K [0x00000000eaa80000, 0x0000000100000000, 0x0000000100000000)
  eden space 122368K, 100% used [0x00000000eaa80000,0x00000000f2200000,0x00000000f2200000)
  from space 101888K, 87% used [0x00000000f9c80000,0x00000000ff3e8148,0x0000000100000000)
  to   space 113664K, 0% used [0x00000000f2200000,0x00000000f2200000,0x00000000f9100000)
 ParOldGen       total 294912K, used 209136K [0x00000000c0000000, 0x00000000d2000000, 0x00000000eaa80000)
  object space 294912K, 70% used [0x00000000c0000000,0x00000000ccc3c240,0x00000000d2000000)
 PSPermGen       total 21504K, used 6379K [0x00000000b5a00000, 0x00000000b6f00000, 0x00000000c0000000)
  object space 21504K, 29% used [0x00000000b5a00000,0x00000000b603aef0,0x00000000b6f00000)
Event: 21,105 GC heap after
Heap after GC invocations=17 (full 2):
 PSYoungGen      total 230912K, used 108347K [0x00000000eaa80000, 0x0000000100000000, 0x0000000100000000)
  eden space 122368K, 0% used [0x00000000eaa80000,0x00000000eaa80000,0x00000000f2200000)
  from space 108544K, 99% used [0x00000000f2200000,0x00000000f8bcecb0,0x00000000f8c00000)
  to   space 116224K, 0% used [0x00000000f8e80000,0x00000000f8e80000,0x0000000100000000)
 ParOldGen       total 294912K, used 209136K [0x00000000c0000000, 0x00000000d2000000, 0x00000000eaa80000)
  object space 294912K, 70% used [0x00000000c0000000,0x00000000ccc3c240,0x00000000d2000000)
 PSPermGen       total 21504K, used 6379K [0x00000000b5a00000, 0x00000000b6f00000, 0x00000000c0000000)
  object space 21504K, 29% used [0x00000000b5a00000,0x00000000b603aef0,0x00000000b6f00000)
}
Event: 21,480 GC heap before
{Heap before GC invocations=18 (full 2):
 PSYoungGen      total 230912K, used 230715K [0x00000000eaa80000, 0x0000000100000000, 0x0000000100000000)
  eden space 122368K, 100% used [0x00000000eaa80000,0x00000000f2200000,0x00000000f2200000)
  from space 108544K, 99% used [0x00000000f2200000,0x00000000f8bcecb0,0x00000000f8c00000)
  to   space 116224K, 0% used [0x00000000f8e80000,0x00000000f8e80000,0x0000000100000000)
 ParOldGen       total 294912K, used 209136K [0x00000000c0000000, 0x00000000d2000000, 0x00000000eaa80000)
  object space 294912K, 70% used [0x00000000c0000000,0x00000000ccc3c240,0x00000000d2000000)
 PSPermGen       total 21504K, used 6383K [0x00000000b5a00000, 0x00000000b6f00000, 0x00000000c0000000)
  object space 21504K, 29% used [0x00000000b5a00000,0x00000000b603bcc0,0x00000000b6f00000)
Event: 21,672 GC heap after
Heap after GC invocations=18 (full 2):
 PSYoungGen      total 233472K, used 86448K [0x00000000eaa80000, 0x0000000100000000, 0x0000000100000000)
  eden space 117248K, 0% used [0x00000000eaa80000,0x00000000eaa80000,0x00000000f1d00000)
  from space 116224K, 74% used [0x00000000f8e80000,0x00000000fe2ec118,0x0000000100000000)
  to   space 116224K, 0% used [0x00000000f1d00000,0x00000000f1d00000,0x00000000f8e80000)
 ParOldGen       total 294912K, used 250529K [0x00000000c0000000, 0x00000000d2000000, 0x00000000eaa80000)
  object space 294912K, 84% used [0x00000000c0000000,0x00000000cf4a8600,0x00000000d2000000)
 PSPermGen       total 21504K, used 6383K [0x00000000b5a00000, 0x00000000b6f00000, 0x00000000c0000000)
  object space 21504K, 29% used [0x00000000b5a00000,0x00000000b603bcc0,0x00000000b6f00000)
}
Event: 21,672 GC heap before
{Heap before GC invocations=19 (full 3):
 PSYoungGen      total 233472K, used 86448K [0x00000000eaa80000, 0x0000000100000000, 0x0000000100000000)
  eden space 117248K, 0% used [0x00000000eaa80000,0x00000000eaa80000,0x00000000f1d00000)
  from space 116224K, 74% used [0x00000000f8e80000,0x00000000fe2ec118,0x0000000100000000)
  to   space 116224K, 0% used [0x00000000f1d00000,0x00000000f1d00000,0x00000000f8e80000)
 ParOldGen       total 294912K, used 250529K [0x00000000c0000000, 0x00000000d2000000, 0x00000000eaa80000)
  object space 294912K, 84% used [0x00000000c0000000,0x00000000cf4a8600,0x00000000d2000000)
 PSPermGen       total 21504K, used 6383K [0x00000000b5a00000, 0x00000000b6f00000, 0x00000000c0000000)
  object space 21504K, 29% used [0x00000000b5a00000,0x00000000b603bcc0,0x00000000b6f00000)
Event: 23,323 GC heap after
Heap after GC invocations=19 (full 3):
 PSYoungGen      total 233472K, used 38666K [0x00000000eaa80000, 0x0000000100000000, 0x0000000100000000)
  eden space 117248K, 0% used [0x00000000eaa80000,0x00000000eaa80000,0x00000000f1d00000)
  from space 116224K, 33% used [0x00000000f8e80000,0x00000000fb442b58,0x0000000100000000)
  to   space 116224K, 0% used [0x00000000f1d00000,0x00000000f1d00000,0x00000000f8e80000)
 ParOldGen       total 456192K, used 294429K [0x00000000c0000000, 0x00000000dbd80000, 0x00000000eaa80000)
  object space 456192K, 64% used [0x00000000c0000000,0x00000000d1f87618,0x00000000dbd80000)
 PSPermGen       total 21504K, used 6382K [0x00000000b5a00000, 0x00000000b6f00000, 0x00000000c0000000)
  object space 21504K, 29% used [0x00000000b5a00000,0x00000000b603b9e0,0x00000000b6f00000)
}
Event: 23,537 GC heap before
{Heap before GC invocations=20 (full 3):
 PSYoungGen      total 233472K, used 155914K [0x00000000eaa80000, 0x0000000100000000, 0x0000000100000000)
  eden space 117248K, 100% used [0x00000000eaa80000,0x00000000f1d00000,0x00000000f1d00000)
  from space 116224K, 33% used [0x00000000f8e80000,0x00000000fb442b58,0x0000000100000000)
  to   space 116224K, 0% used [0x00000000f1d00000,0x00000000f1d00000,0x00000000f8e80000)
 ParOldGen       total 456192K, used 294429K [0x00000000c0000000, 0x00000000dbd80000, 0x00000000eaa80000)
  object space 456192K, 64% used [0x00000000c0000000,0x00000000d1f87618,0x00000000dbd80000)
 PSPermGen       total 21504K, used 6383K [0x00000000b5a00000, 0x00000000b6f00000, 0x00000000c0000000)
  object space 21504K, 29% used [0x00000000b5a00000,0x00000000b603be30,0x00000000b6f00000)
Event: 23,728 GC heap after
Heap after GC invocations=20 (full 3):
 PSYoungGen      total 233472K, used 44512K [0x00000000eaa80000, 0x0000000100000000, 0x0000000100000000)
  eden space 117248K, 0% used [0x00000000eaa80000,0x00000000eaa80000,0x00000000f1d00000)
  from space 116224K, 38% used [0x00000000f1d00000,0x00000000f4878010,0x00000000f8e80000)
  to   space 116224K, 0% used [0x00000000f8e80000,0x00000000f8e80000,0x0000000100000000)
 ParOldGen       total 456192K, used 306077K [0x00000000c0000000, 0x00000000dbd80000, 0x00000000eaa80000)
  object space 456192K, 67% used [0x00000000c0000000,0x00000000d2ae7618,0x00000000dbd80000)
 PSPermGen       total 21504K, used 6383K [0x00000000b5a00000, 0x00000000b6f00000, 0x00000000c0000000)
  object space 21504K, 29% used [0x00000000b5a00000,0x00000000b603be30,0x00000000b6f00000)
}

