# JRE version: OpenJDK Runtime Environment (7.0_85-b01) (build 1.7.0_85-b01)
# Java VM: OpenJDK 64-Bit Server VM (24.85-b03 mixed mode linux-amd64 compressed oops)
Heap
 PSYoungGen      total 211968K, used 211952K [0x00000000eaa80000, 0x0000000100000000, 0x0000000100000000)
  eden space 117248K, 100% used [0x00000000eaa80000,0x00000000f1d00000,0x00000000f1d00000)
  from space 94720K, 99% used [0x00000000fa380000,0x00000000ffffc080,0x0000000100000000)
  to   space 116224K, 0% used [0x00000000f1d00000,0x00000000f1d00000,0x00000000f8e80000)
 ParOldGen       total 294912K, used 220082K [0x00000000c0000000, 0x00000000d2000000, 0x00000000eaa80000)
  object space 294912K, 74% used [0x00000000c0000000,0x00000000cd6ecbb8,0x00000000d2000000)
 PSPermGen       total 21504K, used 6384K [0x00000000b5a00000, 0x00000000b6f00000, 0x00000000c0000000)
  object space 21504K, 29% used [0x00000000b5a00000,0x00000000b603c108,0x00000000b6f00000)
GC Heap History (10 events):
Event: 21,467 GC heap before
{Heap before GC invocations=12 (full 2):
 PSYoungGen      total 234496K, used 60378K [0x00000000eaa80000, 0x0000000100000000, 0x0000000100000000)
  eden space 169472K, 0% used [0x00000000eaa80000,0x00000000eaa80000,0x00000000f5000000)
  from space 65024K, 92% used [0x00000000fc080000,0x00000000ffb76ad8,0x0000000100000000)
  to   space 90112K, 0% used [0x00000000f5000000,0x00000000f5000000,0x00000000fa800000)
 ParOldGen       total 167424K, used 153169K [0x00000000c0000000, 0x00000000ca380000, 0x00000000eaa80000)
  object space 167424K, 91% used [0x00000000c0000000,0x00000000c9594778,0x00000000ca380000)
 PSPermGen       total 21504K, used 6342K [0x00000000b5a00000, 0x00000000b6f00000, 0x00000000c0000000)
  object space 21504K, 29% used [0x00000000b5a00000,0x00000000b6031a80,0x00000000b6f00000)
Event: 22,986 GC heap after
Heap after GC invocations=12 (full 2):
 PSYoungGen      total 234496K, used 39648K [0x00000000eaa80000, 0x0000000100000000, 0x0000000100000000)
  eden space 169472K, 0% used [0x00000000eaa80000,0x00000000eaa80000,0x00000000f5000000)
  from space 65024K, 60% used [0x00000000fc080000,0x00000000fe738208,0x0000000100000000)
  to   space 90112K, 0% used [0x00000000f5000000,0x00000000f5000000,0x00000000fa800000)
 ParOldGen       total 294912K, used 167322K [0x00000000c0000000, 0x00000000d2000000, 0x00000000eaa80000)
  object space 294912K, 56% used [0x00000000c0000000,0x00000000ca366a78,0x00000000d2000000)
 PSPermGen       total 21504K, used 6341K [0x00000000b5a00000, 0x00000000b6f00000, 0x00000000c0000000)
  object space 21504K, 29% used [0x00000000b5a00000,0x00000000b6031660,0x00000000b6f00000)
}
Event: 24,065 GC heap before
{Heap before GC invocations=13 (full 2):
 PSYoungGen      total 234496K, used 209120K [0x00000000eaa80000, 0x0000000100000000, 0x0000000100000000)
  eden space 169472K, 100% used [0x00000000eaa80000,0x00000000f5000000,0x00000000f5000000)
  from space 65024K, 60% used [0x00000000fc080000,0x00000000fe738208,0x0000000100000000)
  to   space 90112K, 0% used [0x00000000f5000000,0x00000000f5000000,0x00000000fa800000)
 ParOldGen       total 294912K, used 167322K [0x00000000c0000000, 0x00000000d2000000, 0x00000000eaa80000)
  object space 294912K, 56% used [0x00000000c0000000,0x00000000ca366a78,0x00000000d2000000)
 PSPermGen       total 21504K, used 6365K [0x00000000b5a00000, 0x00000000b6f00000, 0x00000000c0000000)
  object space 21504K, 29% used [0x00000000b5a00000,0x00000000b6037740,0x00000000b6f00000)
Event: 24,298 GC heap after
Heap after GC invocations=13 (full 2):
 PSYoungGen      total 259584K, used 27424K [0x00000000eaa80000, 0x0000000100000000, 0x0000000100000000)
  eden space 169472K, 0% used [0x00000000eaa80000,0x00000000eaa80000,0x00000000f5000000)
  from space 90112K, 30% used [0x00000000f5000000,0x00000000f6ac8000,0x00000000fa800000)
  to   space 86528K, 0% used [0x00000000fab80000,0x00000000fab80000,0x0000000100000000)
 ParOldGen       total 294912K, used 206139K [0x00000000c0000000, 0x00000000d2000000, 0x00000000eaa80000)
  object space 294912K, 69% used [0x00000000c0000000,0x00000000cc94ef50,0x00000000d2000000)
 PSPermGen       total 21504K, used 6365K [0x00000000b5a00000, 0x00000000b6f00000, 0x00000000c0000000)
  object space 21504K, 29% used [0x00000000b5a00000,0x00000000b6037740,0x00000000b6f00000)
}
Event: 25,324 GC heap before
{Heap before GC invocations=14 (full 2):
 PSYoungGen      total 259584K, used 196896K [0x00000000eaa80000, 0x0000000100000000, 0x0000000100000000)
  eden space 169472K, 100% used [0x00000000eaa80000,0x00000000f5000000,0x00000000f5000000)
  from space 90112K, 30% used [0x00000000f5000000,0x00000000f6ac8000,0x00000000fa800000)
  to   space 86528K, 0% used [0x00000000fab80000,0x00000000fab80000,0x0000000100000000)
 ParOldGen       total 294912K, used 206139K [0x00000000c0000000, 0x00000000d2000000, 0x00000000eaa80000)
  object space 294912K, 69% used [0x00000000c0000000,0x00000000cc94ef50,0x00000000d2000000)
 PSPermGen       total 21504K, used 6367K [0x00000000b5a00000, 0x00000000b6f00000, 0x00000000c0000000)
  object space 21504K, 29% used [0x00000000b5a00000,0x00000000b6037c78,0x00000000b6f00000)
Event: 25,432 GC heap after
Heap after GC invocations=14 (full 2):
 PSYoungGen      total 258048K, used 52869K [0x00000000eaa80000, 0x00000000ffe80000, 0x0000000100000000)
  eden space 173056K, 0% used [0x00000000eaa80000,0x00000000eaa80000,0x00000000f5380000)
  from space 84992K, 62% used [0x00000000fab80000,0x00000000fdf214f8,0x00000000ffe80000)
  to   space 87552K, 0% used [0x00000000f5380000,0x00000000f5380000,0x00000000fa900000)
 ParOldGen       total 294912K, used 206139K [0x00000000c0000000, 0x00000000d2000000, 0x00000000eaa80000)
  object space 294912K, 69% used [0x00000000c0000000,0x00000000cc94ef50,0x00000000d2000000)
 PSPermGen       total 21504K, used 6367K [0x00000000b5a00000, 0x00000000b6f00000, 0x00000000c0000000)
  object space 21504K, 29% used [0x00000000b5a00000,0x00000000b6037c78,0x00000000b6f00000)
}
Event: 26,364 GC heap before
{Heap before GC invocations=15 (full 2):
 PSYoungGen      total 258048K, used 225925K [0x00000000eaa80000, 0x00000000ffe80000, 0x0000000100000000)
  eden space 173056K, 100% used [0x00000000eaa80000,0x00000000f5380000,0x00000000f5380000)
  from space 84992K, 62% used [0x00000000fab80000,0x00000000fdf214f8,0x00000000ffe80000)
  to   space 87552K, 0% used [0x00000000f5380000,0x00000000f5380000,0x00000000fa900000)
 ParOldGen       total 294912K, used 206139K [0x00000000c0000000, 0x00000000d2000000, 0x00000000eaa80000)
  object space 294912K, 69% used [0x00000000c0000000,0x00000000cc94ef50,0x00000000d2000000)
 PSPermGen       total 21504K, used 6369K [0x00000000b5a00000, 0x00000000b6f00000, 0x00000000c0000000)
  object space 21504K, 29% used [0x00000000b5a00000,0x00000000b6038720,0x00000000b6f00000)
Event: 26,507 GC heap after
Heap after GC invocations=15 (full 2):
 PSYoungGen      total 254976K, used 81807K [0x00000000eaa80000, 0x0000000100000000, 0x0000000100000000)
  eden space 173056K, 0% used [0x00000000eaa80000,0x00000000eaa80000,0x00000000f5380000)
  from space 81920K, 99% used [0x00000000f5380000,0x00000000fa363c58,0x00000000fa380000)
  to   space 94720K, 0% used [0x00000000fa380000,0x00000000fa380000,0x0000000100000000)
 ParOldGen       total 294912K, used 206139K [0x00000000c0000000, 0x00000000d2000000, 0x00000000eaa80000)
  object space 294912K, 69% used [0x00000000c0000000,0x00000000cc94ef50,0x00000000d2000000)
 PSPermGen       total 21504K, used 6369K [0x00000000b5a00000, 0x00000000b6f00000, 0x00000000c0000000)
  object space 21504K, 29% used [0x00000000b5a00000,0x00000000b6038720,0x00000000b6f00000)
}
Event: 27,355 GC heap before
{Heap before GC invocations=16 (full 2):
 PSYoungGen      total 254976K, used 254863K [0x00000000eaa80000, 0x0000000100000000, 0x0000000100000000)
  eden space 173056K, 100% used [0x00000000eaa80000,0x00000000f5380000,0x00000000f5380000)
  from space 81920K, 99% used [0x00000000f5380000,0x00000000fa363c58,0x00000000fa380000)
  to   space 94720K, 0% used [0x00000000fa380000,0x00000000fa380000,0x0000000100000000)
 ParOldGen       total 294912K, used 206139K [0x00000000c0000000, 0x00000000d2000000, 0x00000000eaa80000)
  object space 294912K, 69% used [0x00000000c0000000,0x00000000cc94ef50,0x00000000d2000000)
 PSPermGen       total 21504K, used 6374K [0x00000000b5a00000, 0x00000000b6f00000, 0x00000000c0000000)
  object space 21504K, 29% used [0x00000000b5a00000,0x00000000b6039aa0,0x00000000b6f00000)
Event: 27,557 GC heap after
Heap after GC invocations=16 (full 2):
 PSYoungGen      total 211968K, used 94704K [0x00000000eaa80000, 0x0000000100000000, 0x0000000100000000)
  eden space 117248K, 0% used [0x00000000eaa80000,0x00000000eaa80000,0x00000000f1d00000)
  from space 94720K, 99% used [0x00000000fa380000,0x00000000ffffc080,0x0000000100000000)
  to   space 116224K, 0% used [0x00000000f1d00000,0x00000000f1d00000,0x00000000f8e80000)
 ParOldGen       total 294912K, used 220082K [0x00000000c0000000, 0x00000000d2000000, 0x00000000eaa80000)
  object space 294912K, 74% used [0x00000000c0000000,0x00000000cd6ecbb8,0x00000000d2000000)
 PSPermGen       total 21504K, used 6374K [0x00000000b5a00000, 0x00000000b6f00000, 0x00000000c0000000)
  object space 21504K, 29% used [0x00000000b5a00000,0x00000000b6039aa0,0x00000000b6f00000)
}

