# JRE version: OpenJDK Runtime Environment (7.0_95) (build 1.7.0_95-b00)
# Java VM: OpenJDK 64-Bit Server VM (24.95-b01 mixed mode linux-amd64 compressed oops)
Heap
 PSYoungGen      total 166400K, used 87243K [0x00000000eaa80000, 0x00000000ff680000, 0x0000000100000000)
  eden space 125952K, 66% used [0x00000000eaa80000,0x00000000efc5a168,0x00000000f2580000)
  from space 40448K, 8% used [0x00000000f2580000,0x00000000f28d8be0,0x00000000f4d00000)
  to   space 107008K, 0% used [0x00000000f8e00000,0x00000000f8e00000,0x00000000ff680000)
 ParOldGen       total 656384K, used 458362K [0x00000000c0000000, 0x00000000e8100000, 0x00000000eaa80000)
  object space 656384K, 69% used [0x00000000c0000000,0x00000000dbf9e950,0x00000000e8100000)
 PSPermGen       total 21504K, used 6446K [0x00000000b5a00000, 0x00000000b6f00000, 0x00000000c0000000)
  object space 21504K, 29% used [0x00000000b5a00000,0x00000000b604b950,0x00000000b6f00000)
GC Heap History (10 events):
Event: 30,289 GC heap before
{Heap before GC invocations=23 (full 3):
 PSYoungGen      total 230400K, used 192414K [0x00000000eaa80000, 0x00000000ffd00000, 0x0000000100000000)
  eden space 123392K, 100% used [0x00000000eaa80000,0x00000000f2300000,0x00000000f2300000)
  from space 107008K, 64% used [0x00000000f2300000,0x00000000f6667b70,0x00000000f8b80000)
  to   space 108544K, 0% used [0x00000000f9300000,0x00000000f9300000,0x00000000ffd00000)
 ParOldGen       total 458752K, used 316258K [0x00000000c0000000, 0x00000000dc000000, 0x00000000eaa80000)
  object space 458752K, 68% used [0x00000000c0000000,0x00000000d34d8b88,0x00000000dc000000)
 PSPermGen       total 21504K, used 6433K [0x00000000b5a00000, 0x00000000b6f00000, 0x00000000c0000000)
  object space 21504K, 29% used [0x00000000b5a00000,0x00000000b6048770,0x00000000b6f00000)
Event: 30,561 GC heap after
Heap after GC invocations=23 (full 3):
 PSYoungGen      total 235008K, used 75283K [0x00000000eaa80000, 0x0000000100000000, 0x0000000100000000)
  eden space 126464K, 0% used [0x00000000eaa80000,0x00000000eaa80000,0x00000000f2600000)
  from space 108544K, 69% used [0x00000000f9300000,0x00000000fdc84e38,0x00000000ffd00000)
  to   space 111616K, 0% used [0x00000000f2600000,0x00000000f2600000,0x00000000f9300000)
 ParOldGen       total 458752K, used 329137K [0x00000000c0000000, 0x00000000dc000000, 0x00000000eaa80000)
  object space 458752K, 71% used [0x00000000c0000000,0x00000000d416c590,0x00000000dc000000)
 PSPermGen       total 21504K, used 6433K [0x00000000b5a00000, 0x00000000b6f00000, 0x00000000c0000000)
  object space 21504K, 29% used [0x00000000b5a00000,0x00000000b6048770,0x00000000b6f00000)
}
Event: 31,161 GC heap before
{Heap before GC invocations=24 (full 3):
 PSYoungGen      total 235008K, used 201747K [0x00000000eaa80000, 0x0000000100000000, 0x0000000100000000)
  eden space 126464K, 100% used [0x00000000eaa80000,0x00000000f2600000,0x00000000f2600000)
  from space 108544K, 69% used [0x00000000f9300000,0x00000000fdc84e38,0x00000000ffd00000)
  to   space 111616K, 0% used [0x00000000f2600000,0x00000000f2600000,0x00000000f9300000)
 ParOldGen       total 458752K, used 329137K [0x00000000c0000000, 0x00000000dc000000, 0x00000000eaa80000)
  object space 458752K, 71% used [0x00000000c0000000,0x00000000d416c590,0x00000000dc000000)
 PSPermGen       total 21504K, used 6444K [0x00000000b5a00000, 0x00000000b6f00000, 0x00000000c0000000)
  object space 21504K, 29% used [0x00000000b5a00000,0x00000000b604b250,0x00000000b6f00000)
Event: 31,526 GC heap after
Heap after GC invocations=24 (full 3):
 PSYoungGen      total 202752K, used 76116K [0x00000000eaa80000, 0x0000000100000000, 0x0000000100000000)
  eden space 126464K, 0% used [0x00000000eaa80000,0x00000000eaa80000,0x00000000f2600000)
  from space 76288K, 99% used [0x00000000f2600000,0x00000000f70552f8,0x00000000f7080000)
  to   space 114176K, 0% used [0x00000000f9080000,0x00000000f9080000,0x0000000100000000)
 ParOldGen       total 458752K, used 347833K [0x00000000c0000000, 0x00000000dc000000, 0x00000000eaa80000)
  object space 458752K, 75% used [0x00000000c0000000,0x00000000d53ae798,0x00000000dc000000)
 PSPermGen       total 21504K, used 6444K [0x00000000b5a00000, 0x00000000b6f00000, 0x00000000c0000000)
  object space 21504K, 29% used [0x00000000b5a00000,0x00000000b604b250,0x00000000b6f00000)
}
Event: 32,203 GC heap before
{Heap before GC invocations=25 (full 3):
 PSYoungGen      total 202752K, used 202580K [0x00000000eaa80000, 0x0000000100000000, 0x0000000100000000)
  eden space 126464K, 100% used [0x00000000eaa80000,0x00000000f2600000,0x00000000f2600000)
  from space 76288K, 99% used [0x00000000f2600000,0x00000000f70552f8,0x00000000f7080000)
  to   space 114176K, 0% used [0x00000000f9080000,0x00000000f9080000,0x0000000100000000)
 ParOldGen       total 458752K, used 347833K [0x00000000c0000000, 0x00000000dc000000, 0x00000000eaa80000)
  object space 458752K, 75% used [0x00000000c0000000,0x00000000d53ae798,0x00000000dc000000)
 PSPermGen       total 21504K, used 6445K [0x00000000b5a00000, 0x00000000b6f00000, 0x00000000c0000000)
  object space 21504K, 29% used [0x00000000b5a00000,0x00000000b604b610,0x00000000b6f00000)
Event: 32,535 GC heap after
Heap after GC invocations=25 (full 3):
 PSYoungGen      total 240128K, used 60084K [0x00000000eaa80000, 0x0000000100000000, 0x0000000100000000)
  eden space 125952K, 0% used [0x00000000eaa80000,0x00000000eaa80000,0x00000000f2580000)
  from space 114176K, 52% used [0x00000000f9080000,0x00000000fcb2d078,0x0000000100000000)
  to   space 109568K, 0% used [0x00000000f2580000,0x00000000f2580000,0x00000000f9080000)
 ParOldGen       total 458752K, used 384764K [0x00000000c0000000, 0x00000000dc000000, 0x00000000eaa80000)
  object space 458752K, 83% used [0x00000000c0000000,0x00000000d77bf168,0x00000000dc000000)
 PSPermGen       total 21504K, used 6445K [0x00000000b5a00000, 0x00000000b6f00000, 0x00000000c0000000)
  object space 21504K, 29% used [0x00000000b5a00000,0x00000000b604b610,0x00000000b6f00000)
}
Event: 33,062 GC heap before
{Heap before GC invocations=26 (full 3):
 PSYoungGen      total 240128K, used 186036K [0x00000000eaa80000, 0x0000000100000000, 0x0000000100000000)
  eden space 125952K, 100% used [0x00000000eaa80000,0x00000000f2580000,0x00000000f2580000)
  from space 114176K, 52% used [0x00000000f9080000,0x00000000fcb2d078,0x0000000100000000)
  to   space 109568K, 0% used [0x00000000f2580000,0x00000000f2580000,0x00000000f9080000)
 ParOldGen       total 458752K, used 384764K [0x00000000c0000000, 0x00000000dc000000, 0x00000000eaa80000)
  object space 458752K, 83% used [0x00000000c0000000,0x00000000d77bf168,0x00000000dc000000)
 PSPermGen       total 21504K, used 6445K [0x00000000b5a00000, 0x00000000b6f00000, 0x00000000c0000000)
  object space 21504K, 29% used [0x00000000b5a00000,0x00000000b604b610,0x00000000b6f00000)
Event: 33,297 GC heap after
Heap after GC invocations=26 (full 3):
 PSYoungGen      total 166400K, used 40403K [0x00000000eaa80000, 0x00000000ff680000, 0x0000000100000000)
  eden space 125952K, 0% used [0x00000000eaa80000,0x00000000eaa80000,0x00000000f2580000)
  from space 40448K, 99% used [0x00000000f2580000,0x00000000f4cf4cf0,0x00000000f4d00000)
  to   space 107008K, 0% used [0x00000000f8e00000,0x00000000f8e00000,0x00000000ff680000)
 ParOldGen       total 458752K, used 423307K [0x00000000c0000000, 0x00000000dc000000, 0x00000000eaa80000)
  object space 458752K, 92% used [0x00000000c0000000,0x00000000d9d62cf0,0x00000000dc000000)
 PSPermGen       total 21504K, used 6445K [0x00000000b5a00000, 0x00000000b6f00000, 0x00000000c0000000)
  object space 21504K, 29% used [0x00000000b5a00000,0x00000000b604b610,0x00000000b6f00000)
}
Event: 33,297 GC heap before
{Heap before GC invocations=27 (full 4):
 PSYoungGen      total 166400K, used 40403K [0x00000000eaa80000, 0x00000000ff680000, 0x0000000100000000)
  eden space 125952K, 0% used [0x00000000eaa80000,0x00000000eaa80000,0x00000000f2580000)
  from space 40448K, 99% used [0x00000000f2580000,0x00000000f4cf4cf0,0x00000000f4d00000)
  to   space 107008K, 0% used [0x00000000f8e00000,0x00000000f8e00000,0x00000000ff680000)
 ParOldGen       total 458752K, used 423307K [0x00000000c0000000, 0x00000000dc000000, 0x00000000eaa80000)
  object space 458752K, 92% used [0x00000000c0000000,0x00000000d9d62cf0,0x00000000dc000000)
 PSPermGen       total 21504K, used 6445K [0x00000000b5a00000, 0x00000000b6f00000, 0x00000000c0000000)
  object space 21504K, 29% used [0x00000000b5a00000,0x00000000b604b610,0x00000000b6f00000)
Event: 36,477 GC heap after
Heap after GC invocations=27 (full 4):
 PSYoungGen      total 166400K, used 3426K [0x00000000eaa80000, 0x00000000ff680000, 0x0000000100000000)
  eden space 125952K, 0% used [0x00000000eaa80000,0x00000000eaa80000,0x00000000f2580000)
  from space 40448K, 8% used [0x00000000f2580000,0x00000000f28d8be0,0x00000000f4d00000)
  to   space 107008K, 0% used [0x00000000f8e00000,0x00000000f8e00000,0x00000000ff680000)
 ParOldGen       total 656384K, used 458362K [0x00000000c0000000, 0x00000000e8100000, 0x00000000eaa80000)
  object space 656384K, 69% used [0x00000000c0000000,0x00000000dbf9e950,0x00000000e8100000)
 PSPermGen       total 21504K, used 6445K [0x00000000b5a00000, 0x00000000b6f00000, 0x00000000c0000000)
  object space 21504K, 29% used [0x00000000b5a00000,0x00000000b604b5d0,0x00000000b6f00000)
}

