# JRE version: OpenJDK Runtime Environment (7.0_95) (build 1.7.0_95-b00)
# Java VM: OpenJDK 64-Bit Server VM (24.95-b01 mixed mode linux-amd64 compressed oops)
Heap
 PSYoungGen      total 280576K, used 214326K [0x00000000eaa80000, 0x0000000100000000, 0x0000000100000000)
  eden space 248832K, 76% used [0x00000000eaa80000,0x00000000f635d0e8,0x00000000f9d80000)
  from space 31744K, 78% used [0x00000000f9d80000,0x00000000fb5f0818,0x00000000fbc80000)
  to   space 53248K, 0% used [0x00000000fcc00000,0x00000000fcc00000,0x0000000100000000)
 ParOldGen       total 168448K, used 83576K [0x00000000c0000000, 0x00000000ca480000, 0x00000000eaa80000)
  object space 168448K, 49% used [0x00000000c0000000,0x00000000c519e300,0x00000000ca480000)
 PSPermGen       total 21504K, used 6324K [0x00000000b5a00000, 0x00000000b6f00000, 0x00000000c0000000)
  object space 21504K, 29% used [0x00000000b5a00000,0x00000000b602d260,0x00000000b6f00000)
GC Heap History (10 events):
Event: 8,132 GC heap before
{Heap before GC invocations=4 (full 0):
 PSYoungGen      total 68608K, used 68600K [0x00000000eaa80000, 0x00000000f3080000, 0x0000000100000000)
  eden space 63488K, 100% used [0x00000000eaa80000,0x00000000ee880000,0x00000000ee880000)
  from space 5120K, 99% used [0x00000000ee880000,0x00000000eed7e210,0x00000000eed80000)
  to   space 5120K, 0% used [0x00000000f2b80000,0x00000000f2b80000,0x00000000f3080000)
 ParOldGen       total 83968K, used 18518K [0x00000000c0000000, 0x00000000c5200000, 0x00000000eaa80000)
  object space 83968K, 22% used [0x00000000c0000000,0x00000000c1215bb0,0x00000000c5200000)
 PSPermGen       total 21504K, used 6168K [0x00000000b5a00000, 0x00000000b6f00000, 0x00000000c0000000)
  object space 21504K, 28% used [0x00000000b5a00000,0x00000000b6006178,0x00000000b6f00000)
Event: 8,173 GC heap after
Heap after GC invocations=4 (full 0):
 PSYoungGen      total 132096K, used 5108K [0x00000000eaa80000, 0x00000000f3080000, 0x0000000100000000)
  eden space 126976K, 0% used [0x00000000eaa80000,0x00000000eaa80000,0x00000000f2680000)
  from space 5120K, 99% used [0x00000000f2b80000,0x00000000f307d338,0x00000000f3080000)
  to   space 5120K, 0% used [0x00000000f2680000,0x00000000f2680000,0x00000000f2b80000)
 ParOldGen       total 83968K, used 28761K [0x00000000c0000000, 0x00000000c5200000, 0x00000000eaa80000)
  object space 83968K, 34% used [0x00000000c0000000,0x00000000c1c165a0,0x00000000c5200000)
 PSPermGen       total 21504K, used 6168K [0x00000000b5a00000, 0x00000000b6f00000, 0x00000000c0000000)
  object space 21504K, 28% used [0x00000000b5a00000,0x00000000b6006178,0x00000000b6f00000)
}
Event: 10,879 GC heap before
{Heap before GC invocations=5 (full 0):
 PSYoungGen      total 132096K, used 132084K [0x00000000eaa80000, 0x00000000f3080000, 0x0000000100000000)
  eden space 126976K, 100% used [0x00000000eaa80000,0x00000000f2680000,0x00000000f2680000)
  from space 5120K, 99% used [0x00000000f2b80000,0x00000000f307d338,0x00000000f3080000)
  to   space 5120K, 0% used [0x00000000f2680000,0x00000000f2680000,0x00000000f2b80000)
 ParOldGen       total 83968K, used 28761K [0x00000000c0000000, 0x00000000c5200000, 0x00000000eaa80000)
  object space 83968K, 34% used [0x00000000c0000000,0x00000000c1c165a0,0x00000000c5200000)
 PSPermGen       total 21504K, used 6247K [0x00000000b5a00000, 0x00000000b6f00000, 0x00000000c0000000)
  object space 21504K, 29% used [0x00000000b5a00000,0x00000000b6019ed8,0x00000000b6f00000)
Event: 10,955 GC heap after
Heap after GC invocations=5 (full 0):
 PSYoungGen      total 132096K, used 5118K [0x00000000eaa80000, 0x00000000fd680000, 0x0000000100000000)
  eden space 126976K, 0% used [0x00000000eaa80000,0x00000000eaa80000,0x00000000f2680000)
  from space 5120K, 99% used [0x00000000f2680000,0x00000000f2b7f9d8,0x00000000f2b80000)
  to   space 26624K, 0% used [0x00000000fbc80000,0x00000000fbc80000,0x00000000fd680000)
 ParOldGen       total 83968K, used 49683K [0x00000000c0000000, 0x00000000c5200000, 0x00000000eaa80000)
  object space 83968K, 59% used [0x00000000c0000000,0x00000000c3084f40,0x00000000c5200000)
 PSPermGen       total 21504K, used 6247K [0x00000000b5a00000, 0x00000000b6f00000, 0x00000000c0000000)
  object space 21504K, 29% used [0x00000000b5a00000,0x00000000b6019ed8,0x00000000b6f00000)
}
Event: 13,226 GC heap before
{Heap before GC invocations=6 (full 0):
 PSYoungGen      total 132096K, used 132094K [0x00000000eaa80000, 0x00000000fd680000, 0x0000000100000000)
  eden space 126976K, 100% used [0x00000000eaa80000,0x00000000f2680000,0x00000000f2680000)
  from space 5120K, 99% used [0x00000000f2680000,0x00000000f2b7f9d8,0x00000000f2b80000)
  to   space 26624K, 0% used [0x00000000fbc80000,0x00000000fbc80000,0x00000000fd680000)
 ParOldGen       total 83968K, used 49683K [0x00000000c0000000, 0x00000000c5200000, 0x00000000eaa80000)
  object space 83968K, 59% used [0x00000000c0000000,0x00000000c3084f40,0x00000000c5200000)
 PSPermGen       total 21504K, used 6298K [0x00000000b5a00000, 0x00000000b6f00000, 0x00000000c0000000)
  object space 21504K, 29% used [0x00000000b5a00000,0x00000000b6026b98,0x00000000b6f00000)
Event: 13,293 GC heap after
Heap after GC invocations=6 (full 0):
 PSYoungGen      total 275456K, used 26594K [0x00000000eaa80000, 0x00000000fe080000, 0x0000000100000000)
  eden space 248832K, 0% used [0x00000000eaa80000,0x00000000eaa80000,0x00000000f9d80000)
  from space 26624K, 99% used [0x00000000fbc80000,0x00000000fd678aa0,0x00000000fd680000)
  to   space 31744K, 0% used [0x00000000f9d80000,0x00000000f9d80000,0x00000000fbc80000)
 ParOldGen       total 83968K, used 50187K [0x00000000c0000000, 0x00000000c5200000, 0x00000000eaa80000)
  object space 83968K, 59% used [0x00000000c0000000,0x00000000c3102c70,0x00000000c5200000)
 PSPermGen       total 21504K, used 6298K [0x00000000b5a00000, 0x00000000b6f00000, 0x00000000c0000000)
  object space 21504K, 29% used [0x00000000b5a00000,0x00000000b6026b98,0x00000000b6f00000)
}
Event: 16,329 GC heap before
{Heap before GC invocations=7 (full 0):
 PSYoungGen      total 275456K, used 275426K [0x00000000eaa80000, 0x00000000fe080000, 0x0000000100000000)
  eden space 248832K, 100% used [0x00000000eaa80000,0x00000000f9d80000,0x00000000f9d80000)
  from space 26624K, 99% used [0x00000000fbc80000,0x00000000fd678aa0,0x00000000fd680000)
  to   space 31744K, 0% used [0x00000000f9d80000,0x00000000f9d80000,0x00000000fbc80000)
 ParOldGen       total 83968K, used 50187K [0x00000000c0000000, 0x00000000c5200000, 0x00000000eaa80000)
  object space 83968K, 59% used [0x00000000c0000000,0x00000000c3102c70,0x00000000c5200000)
 PSPermGen       total 21504K, used 6318K [0x00000000b5a00000, 0x00000000b6f00000, 0x00000000c0000000)
  object space 21504K, 29% used [0x00000000b5a00000,0x00000000b602b818,0x00000000b6f00000)
Event: 16,506 GC heap after
Heap after GC invocations=7 (full 0):
 PSYoungGen      total 280576K, used 31736K [0x00000000eaa80000, 0x0000000100000000, 0x0000000100000000)
  eden space 248832K, 0% used [0x00000000eaa80000,0x00000000eaa80000,0x00000000f9d80000)
  from space 31744K, 99% used [0x00000000f9d80000,0x00000000fbc7e120,0x00000000fbc80000)
  to   space 53248K, 0% used [0x00000000fcc00000,0x00000000fcc00000,0x0000000100000000)
 ParOldGen       total 83968K, used 82173K [0x00000000c0000000, 0x00000000c5200000, 0x00000000eaa80000)
  object space 83968K, 97% used [0x00000000c0000000,0x00000000c503f6a8,0x00000000c5200000)
 PSPermGen       total 21504K, used 6318K [0x00000000b5a00000, 0x00000000b6f00000, 0x00000000c0000000)
  object space 21504K, 29% used [0x00000000b5a00000,0x00000000b602b818,0x00000000b6f00000)
}
Event: 16,506 GC heap before
{Heap before GC invocations=8 (full 1):
 PSYoungGen      total 280576K, used 31736K [0x00000000eaa80000, 0x0000000100000000, 0x0000000100000000)
  eden space 248832K, 0% used [0x00000000eaa80000,0x00000000eaa80000,0x00000000f9d80000)
  from space 31744K, 99% used [0x00000000f9d80000,0x00000000fbc7e120,0x00000000fbc80000)
  to   space 53248K, 0% used [0x00000000fcc00000,0x00000000fcc00000,0x0000000100000000)
 ParOldGen       total 83968K, used 82173K [0x00000000c0000000, 0x00000000c5200000, 0x00000000eaa80000)
  object space 83968K, 97% used [0x00000000c0000000,0x00000000c503f6a8,0x00000000c5200000)
 PSPermGen       total 21504K, used 6318K [0x00000000b5a00000, 0x00000000b6f00000, 0x00000000c0000000)
  object space 21504K, 29% used [0x00000000b5a00000,0x00000000b602b818,0x00000000b6f00000)
Event: 17,578 GC heap after
Heap after GC invocations=8 (full 1):
 PSYoungGen      total 280576K, used 25026K [0x00000000eaa80000, 0x0000000100000000, 0x0000000100000000)
  eden space 248832K, 0% used [0x00000000eaa80000,0x00000000eaa80000,0x00000000f9d80000)
  from space 31744K, 78% used [0x00000000f9d80000,0x00000000fb5f0818,0x00000000fbc80000)
  to   space 53248K, 0% used [0x00000000fcc00000,0x00000000fcc00000,0x0000000100000000)
 ParOldGen       total 168448K, used 83576K [0x00000000c0000000, 0x00000000ca480000, 0x00000000eaa80000)
  object space 168448K, 49% used [0x00000000c0000000,0x00000000c519e300,0x00000000ca480000)
 PSPermGen       total 21504K, used 6313K [0x00000000b5a00000, 0x00000000b6f00000, 0x00000000c0000000)
  object space 21504K, 29% used [0x00000000b5a00000,0x00000000b602a4e8,0x00000000b6f00000)
}

