# JRE version: OpenJDK Runtime Environment (7.0_95) (build 1.7.0_95-b00)
# Java VM: OpenJDK 64-Bit Server VM (24.95-b01 mixed mode linux-amd64 compressed oops)
Heap
 PSYoungGen      total 233472K, used 72590K [0x00000000eaa80000, 0x0000000100000000, 0x0000000100000000)
  eden space 117248K, 0% used [0x00000000eaa80000,0x00000000eaa80000,0x00000000f1d00000)
  from space 116224K, 62% used [0x00000000f1d00000,0x00000000f63e3a90,0x00000000f8e80000)
  to   space 116224K, 0% used [0x00000000f8e80000,0x00000000f8e80000,0x0000000100000000)
 ParOldGen       total 292352K, used 265053K [0x00000000c0000000, 0x00000000d1d80000, 0x00000000eaa80000)
  object space 292352K, 90% used [0x00000000c0000000,0x00000000d02d76c0,0x00000000d1d80000)
 PSPermGen       total 21504K, used 6394K [0x00000000b5a00000, 0x00000000b6f00000, 0x00000000c0000000)
  object space 21504K, 29% used [0x00000000b5a00000,0x00000000b603e8c0,0x00000000b6f00000)
GC Heap History (10 events):
Event: 22,994 GC heap after
Heap after GC invocations=13 (full 2):
 PSYoungGen      total 261632K, used 29879K [0x00000000eaa80000, 0x0000000100000000, 0x0000000100000000)
  eden space 173568K, 0% used [0x00000000eaa80000,0x00000000eaa80000,0x00000000f5400000)
  from space 88064K, 33% used [0x00000000f5400000,0x00000000f712df08,0x00000000faa00000)
  to   space 83968K, 0% used [0x00000000fae00000,0x00000000fae00000,0x0000000100000000)
 ParOldGen       total 292352K, used 205513K [0x00000000c0000000, 0x00000000d1d80000, 0x00000000eaa80000)
  object space 292352K, 70% used [0x00000000c0000000,0x00000000cc8b2668,0x00000000d1d80000)
 PSPermGen       total 21504K, used 6375K [0x00000000b5a00000, 0x00000000b6f00000, 0x00000000c0000000)
  object space 21504K, 29% used [0x00000000b5a00000,0x00000000b6039e78,0x00000000b6f00000)
}
Event: 24,009 GC heap before
{Heap before GC invocations=14 (full 2):
 PSYoungGen      total 261632K, used 203447K [0x00000000eaa80000, 0x0000000100000000, 0x0000000100000000)
  eden space 173568K, 100% used [0x00000000eaa80000,0x00000000f5400000,0x00000000f5400000)
  from space 88064K, 33% used [0x00000000f5400000,0x00000000f712df08,0x00000000faa00000)
  to   space 83968K, 0% used [0x00000000fae00000,0x00000000fae00000,0x0000000100000000)
 ParOldGen       total 292352K, used 205513K [0x00000000c0000000, 0x00000000d1d80000, 0x00000000eaa80000)
  object space 292352K, 70% used [0x00000000c0000000,0x00000000cc8b2668,0x00000000d1d80000)
 PSPermGen       total 21504K, used 6383K [0x00000000b5a00000, 0x00000000b6f00000, 0x00000000c0000000)
  object space 21504K, 29% used [0x00000000b5a00000,0x00000000b603bfd8,0x00000000b6f00000)
Event: 24,082 GC heap after
Heap after GC invocations=14 (full 2):
 PSYoungGen      total 260608K, used 56307K [0x00000000eaa80000, 0x0000000100000000, 0x0000000100000000)
  eden space 176640K, 0% used [0x00000000eaa80000,0x00000000eaa80000,0x00000000f5700000)
  from space 83968K, 67% used [0x00000000fae00000,0x00000000fe4fcce8,0x0000000100000000)
  to   space 86528K, 0% used [0x00000000f5700000,0x00000000f5700000,0x00000000fab80000)
 ParOldGen       total 292352K, used 205513K [0x00000000c0000000, 0x00000000d1d80000, 0x00000000eaa80000)
  object space 292352K, 70% used [0x00000000c0000000,0x00000000cc8b2668,0x00000000d1d80000)
 PSPermGen       total 21504K, used 6383K [0x00000000b5a00000, 0x00000000b6f00000, 0x00000000c0000000)
  object space 21504K, 29% used [0x00000000b5a00000,0x00000000b603bfd8,0x00000000b6f00000)
}
Event: 24,983 GC heap before
{Heap before GC invocations=15 (full 2):
 PSYoungGen      total 260608K, used 232947K [0x00000000eaa80000, 0x0000000100000000, 0x0000000100000000)
  eden space 176640K, 100% used [0x00000000eaa80000,0x00000000f5700000,0x00000000f5700000)
  from space 83968K, 67% used [0x00000000fae00000,0x00000000fe4fcce8,0x0000000100000000)
  to   space 86528K, 0% used [0x00000000f5700000,0x00000000f5700000,0x00000000fab80000)
 ParOldGen       total 292352K, used 205513K [0x00000000c0000000, 0x00000000d1d80000, 0x00000000eaa80000)
  object space 292352K, 70% used [0x00000000c0000000,0x00000000cc8b2668,0x00000000d1d80000)
 PSPermGen       total 21504K, used 6387K [0x00000000b5a00000, 0x00000000b6f00000, 0x00000000c0000000)
  object space 21504K, 29% used [0x00000000b5a00000,0x00000000b603ccd0,0x00000000b6f00000)
Event: 25,168 GC heap after
Heap after GC invocations=15 (full 2):
 PSYoungGen      total 262656K, used 85755K [0x00000000eaa80000, 0x0000000100000000, 0x0000000100000000)
  eden space 176640K, 0% used [0x00000000eaa80000,0x00000000eaa80000,0x00000000f5700000)
  from space 86016K, 99% used [0x00000000f5700000,0x00000000faabec28,0x00000000fab00000)
  to   space 87040K, 0% used [0x00000000fab00000,0x00000000fab00000,0x0000000100000000)
 ParOldGen       total 292352K, used 205513K [0x00000000c0000000, 0x00000000d1d80000, 0x00000000eaa80000)
  object space 292352K, 70% used [0x00000000c0000000,0x00000000cc8b2668,0x00000000d1d80000)
 PSPermGen       total 21504K, used 6387K [0x00000000b5a00000, 0x00000000b6f00000, 0x00000000c0000000)
  object space 21504K, 29% used [0x00000000b5a00000,0x00000000b603ccd0,0x00000000b6f00000)
}
Event: 26,064 GC heap before
{Heap before GC invocations=16 (full 2):
 PSYoungGen      total 262656K, used 262395K [0x00000000eaa80000, 0x0000000100000000, 0x0000000100000000)
  eden space 176640K, 100% used [0x00000000eaa80000,0x00000000f5700000,0x00000000f5700000)
  from space 86016K, 99% used [0x00000000f5700000,0x00000000faabec28,0x00000000fab00000)
  to   space 87040K, 0% used [0x00000000fab00000,0x00000000fab00000,0x0000000100000000)
 ParOldGen       total 292352K, used 205513K [0x00000000c0000000, 0x00000000d1d80000, 0x00000000eaa80000)
  object space 292352K, 70% used [0x00000000c0000000,0x00000000cc8b2668,0x00000000d1d80000)
 PSPermGen       total 21504K, used 6389K [0x00000000b5a00000, 0x00000000b6f00000, 0x00000000c0000000)
  object space 21504K, 29% used [0x00000000b5a00000,0x00000000b603d6f8,0x00000000b6f00000)
Event: 26,299 GC heap after
Heap after GC invocations=16 (full 2):
 PSYoungGen      total 204288K, used 87018K [0x00000000eaa80000, 0x0000000100000000, 0x0000000100000000)
  eden space 117248K, 0% used [0x00000000eaa80000,0x00000000eaa80000,0x00000000f1d00000)
  from space 87040K, 99% used [0x00000000fab00000,0x00000000ffffa948,0x0000000100000000)
  to   space 116224K, 0% used [0x00000000f1d00000,0x00000000f1d00000,0x00000000f8e80000)
 ParOldGen       total 292352K, used 231799K [0x00000000c0000000, 0x00000000d1d80000, 0x00000000eaa80000)
  object space 292352K, 79% used [0x00000000c0000000,0x00000000ce25df08,0x00000000d1d80000)
 PSPermGen       total 21504K, used 6389K [0x00000000b5a00000, 0x00000000b6f00000, 0x00000000c0000000)
  object space 21504K, 29% used [0x00000000b5a00000,0x00000000b603d6f8,0x00000000b6f00000)
}
Event: 26,569 GC heap before
{Heap before GC invocations=17 (full 2):
 PSYoungGen      total 204288K, used 204266K [0x00000000eaa80000, 0x0000000100000000, 0x0000000100000000)
  eden space 117248K, 100% used [0x00000000eaa80000,0x00000000f1d00000,0x00000000f1d00000)
  from space 87040K, 99% used [0x00000000fab00000,0x00000000ffffa948,0x0000000100000000)
  to   space 116224K, 0% used [0x00000000f1d00000,0x00000000f1d00000,0x00000000f8e80000)
 ParOldGen       total 292352K, used 231799K [0x00000000c0000000, 0x00000000d1d80000, 0x00000000eaa80000)
  object space 292352K, 79% used [0x00000000c0000000,0x00000000ce25df08,0x00000000d1d80000)
 PSPermGen       total 21504K, used 6394K [0x00000000b5a00000, 0x00000000b6f00000, 0x00000000c0000000)
  object space 21504K, 29% used [0x00000000b5a00000,0x00000000b603e8c0,0x00000000b6f00000)
Event: 26,750 GC heap after
Heap after GC invocations=17 (full 2):
 PSYoungGen      total 233472K, used 72590K [0x00000000eaa80000, 0x0000000100000000, 0x0000000100000000)
  eden space 117248K, 0% used [0x00000000eaa80000,0x00000000eaa80000,0x00000000f1d00000)
  from space 116224K, 62% used [0x00000000f1d00000,0x00000000f63e3a90,0x00000000f8e80000)
  to   space 116224K, 0% used [0x00000000f8e80000,0x00000000f8e80000,0x0000000100000000)
 ParOldGen       total 292352K, used 265053K [0x00000000c0000000, 0x00000000d1d80000, 0x00000000eaa80000)
  object space 292352K, 90% used [0x00000000c0000000,0x00000000d02d76c0,0x00000000d1d80000)
 PSPermGen       total 21504K, used 6394K [0x00000000b5a00000, 0x00000000b6f00000, 0x00000000c0000000)
  object space 21504K, 29% used [0x00000000b5a00000,0x00000000b603e8c0,0x00000000b6f00000)
}
Event: 26,750 GC heap before
{Heap before GC invocations=18 (full 3):
 PSYoungGen      total 233472K, used 72590K [0x00000000eaa80000, 0x0000000100000000, 0x0000000100000000)
  eden space 117248K, 0% used [0x00000000eaa80000,0x00000000eaa80000,0x00000000f1d00000)
  from space 116224K, 62% used [0x00000000f1d00000,0x00000000f63e3a90,0x00000000f8e80000)
  to   space 116224K, 0% used [0x00000000f8e80000,0x00000000f8e80000,0x0000000100000000)
 ParOldGen       total 292352K, used 265053K [0x00000000c0000000, 0x00000000d1d80000, 0x00000000eaa80000)
  object space 292352K, 90% used [0x00000000c0000000,0x00000000d02d76c0,0x00000000d1d80000)
 PSPermGen       total 21504K, used 6394K [0x00000000b5a00000, 0x00000000b6f00000, 0x00000000c0000000)
  object space 21504K, 29% used [0x00000000b5a00000,0x00000000b603e8c0,0x00000000b6f00000)

