# JRE version: OpenJDK Runtime Environment (7.0_95) (build 1.7.0_95-b00)
# Java VM: OpenJDK 64-Bit Server VM (24.95-b01 mixed mode linux-amd64 compressed oops)
Heap
 PSYoungGen      total 231424K, used 132526K [0x00000000eaa80000, 0x00000000ffa00000, 0x0000000100000000)
  eden space 122368K, 93% used [0x00000000eaa80000,0x00000000f1a218b0,0x00000000f2200000)
  from space 109056K, 16% used [0x00000000f8f80000,0x00000000fa149fe0,0x00000000ffa00000)
  to   space 110592K, 0% used [0x00000000f2200000,0x00000000f2200000,0x00000000f8e00000)
 ParOldGen       total 462336K, used 358285K [0x00000000c0000000, 0x00000000dc380000, 0x00000000eaa80000)
  object space 462336K, 77% used [0x00000000c0000000,0x00000000d5de3790,0x00000000dc380000)
 PSPermGen       total 21504K, used 6443K [0x00000000b5a00000, 0x00000000b6f00000, 0x00000000c0000000)
  object space 21504K, 29% used [0x00000000b5a00000,0x00000000b604aee8,0x00000000b6f00000)
GC Heap History (10 events):
Event: 22,487 GC heap before
{Heap before GC invocations=17 (full 2):
 PSYoungGen      total 219648K, used 190704K [0x00000000eaa80000, 0x0000000100000000, 0x0000000100000000)
  eden space 117248K, 100% used [0x00000000eaa80000,0x00000000f1d00000,0x00000000f1d00000)
  from space 102400K, 71% used [0x00000000f9c00000,0x00000000fe3bc0b8,0x0000000100000000)
  to   space 116224K, 0% used [0x00000000f1d00000,0x00000000f1d00000,0x00000000f8e80000)
 ParOldGen       total 292352K, used 232450K [0x00000000c0000000, 0x00000000d1d80000, 0x00000000eaa80000)
  object space 292352K, 79% used [0x00000000c0000000,0x00000000ce300b88,0x00000000d1d80000)
 PSPermGen       total 21504K, used 6386K [0x00000000b5a00000, 0x00000000b6f00000, 0x00000000c0000000)
  object space 21504K, 29% used [0x00000000b5a00000,0x00000000b603c848,0x00000000b6f00000)
Event: 22,625 GC heap after
Heap after GC invocations=17 (full 2):
 PSYoungGen      total 233472K, used 43775K [0x00000000eaa80000, 0x0000000100000000, 0x0000000100000000)
  eden space 117248K, 0% used [0x00000000eaa80000,0x00000000eaa80000,0x00000000f1d00000)
  from space 116224K, 37% used [0x00000000f1d00000,0x00000000f47bfff0,0x00000000f8e80000)
  to   space 115712K, 0% used [0x00000000f8f00000,0x00000000f8f00000,0x0000000100000000)
 ParOldGen       total 292352K, used 280811K [0x00000000c0000000, 0x00000000d1d80000, 0x00000000eaa80000)
  object space 292352K, 96% used [0x00000000c0000000,0x00000000d123ad90,0x00000000d1d80000)
 PSPermGen       total 21504K, used 6386K [0x00000000b5a00000, 0x00000000b6f00000, 0x00000000c0000000)
  object space 21504K, 29% used [0x00000000b5a00000,0x00000000b603c848,0x00000000b6f00000)
}
Event: 22,625 GC heap before
{Heap before GC invocations=18 (full 3):
 PSYoungGen      total 233472K, used 43775K [0x00000000eaa80000, 0x0000000100000000, 0x0000000100000000)
  eden space 117248K, 0% used [0x00000000eaa80000,0x00000000eaa80000,0x00000000f1d00000)
  from space 116224K, 37% used [0x00000000f1d00000,0x00000000f47bfff0,0x00000000f8e80000)
  to   space 115712K, 0% used [0x00000000f8f00000,0x00000000f8f00000,0x0000000100000000)
 ParOldGen       total 292352K, used 280811K [0x00000000c0000000, 0x00000000d1d80000, 0x00000000eaa80000)
  object space 292352K, 96% used [0x00000000c0000000,0x00000000d123ad90,0x00000000d1d80000)
 PSPermGen       total 21504K, used 6386K [0x00000000b5a00000, 0x00000000b6f00000, 0x00000000c0000000)
  object space 21504K, 29% used [0x00000000b5a00000,0x00000000b603c848,0x00000000b6f00000)
Event: 24,450 GC heap after
Heap after GC invocations=18 (full 3):
 PSYoungGen      total 233472K, used 28694K [0x00000000eaa80000, 0x0000000100000000, 0x0000000100000000)
  eden space 117248K, 0% used [0x00000000eaa80000,0x00000000eaa80000,0x00000000f1d00000)
  from space 116224K, 24% used [0x00000000f1d00000,0x00000000f3905bd8,0x00000000f8e80000)
  to   space 115712K, 0% used [0x00000000f8f00000,0x00000000f8f00000,0x0000000100000000)
 ParOldGen       total 462336K, used 292276K [0x00000000c0000000, 0x00000000dc380000, 0x00000000eaa80000)
  object space 462336K, 63% used [0x00000000c0000000,0x00000000d1d6d328,0x00000000dc380000)
 PSPermGen       total 21504K, used 6385K [0x00000000b5a00000, 0x00000000b6f00000, 0x00000000c0000000)
  object space 21504K, 29% used [0x00000000b5a00000,0x00000000b603c688,0x00000000b6f00000)
}
Event: 24,722 GC heap before
{Heap before GC invocations=19 (full 3):
 PSYoungGen      total 233472K, used 145942K [0x00000000eaa80000, 0x0000000100000000, 0x0000000100000000)
  eden space 117248K, 100% used [0x00000000eaa80000,0x00000000f1d00000,0x00000000f1d00000)
  from space 116224K, 24% used [0x00000000f1d00000,0x00000000f3905bd8,0x00000000f8e80000)
  to   space 115712K, 0% used [0x00000000f8f00000,0x00000000f8f00000,0x0000000100000000)
 ParOldGen       total 462336K, used 292627K [0x00000000c0000000, 0x00000000dc380000, 0x00000000eaa80000)
  object space 462336K, 63% used [0x00000000c0000000,0x00000000d1dc4f50,0x00000000dc380000)
 PSPermGen       total 21504K, used 6392K [0x00000000b5a00000, 0x00000000b6f00000, 0x00000000c0000000)
  object space 21504K, 29% used [0x00000000b5a00000,0x00000000b603e3e8,0x00000000b6f00000)
Event: 24,982 GC heap after
Heap after GC invocations=19 (full 3):
 PSYoungGen      total 230912K, used 19747K [0x00000000eaa80000, 0x00000000ffd80000, 0x0000000100000000)
  eden space 117760K, 0% used [0x00000000eaa80000,0x00000000eaa80000,0x00000000f1d80000)
  from space 113152K, 17% used [0x00000000f8f00000,0x00000000fa248d20,0x00000000ffd80000)
  to   space 114688K, 0% used [0x00000000f1d80000,0x00000000f1d80000,0x00000000f8d80000)
 ParOldGen       total 462336K, used 320736K [0x00000000c0000000, 0x00000000dc380000, 0x00000000eaa80000)
  object space 462336K, 69% used [0x00000000c0000000,0x00000000d39382d8,0x00000000dc380000)
 PSPermGen       total 21504K, used 6392K [0x00000000b5a00000, 0x00000000b6f00000, 0x00000000c0000000)
  object space 21504K, 29% used [0x00000000b5a00000,0x00000000b603e3e8,0x00000000b6f00000)
}
Event: 25,224 GC heap before
{Heap before GC invocations=20 (full 3):
 PSYoungGen      total 230912K, used 137507K [0x00000000eaa80000, 0x00000000ffd80000, 0x0000000100000000)
  eden space 117760K, 100% used [0x00000000eaa80000,0x00000000f1d80000,0x00000000f1d80000)
  from space 113152K, 17% used [0x00000000f8f00000,0x00000000fa248d20,0x00000000ffd80000)
  to   space 114688K, 0% used [0x00000000f1d80000,0x00000000f1d80000,0x00000000f8d80000)
 ParOldGen       total 462336K, used 320743K [0x00000000c0000000, 0x00000000dc380000, 0x00000000eaa80000)
  object space 462336K, 69% used [0x00000000c0000000,0x00000000d3939df0,0x00000000dc380000)
 PSPermGen       total 21504K, used 6396K [0x00000000b5a00000, 0x00000000b6f00000, 0x00000000c0000000)
  object space 21504K, 29% used [0x00000000b5a00000,0x00000000b603f350,0x00000000b6f00000)
Event: 25,301 GC heap after
Heap after GC invocations=20 (full 3):
 PSYoungGen      total 232448K, used 19494K [0x00000000eaa80000, 0x00000000ffd80000, 0x0000000100000000)
  eden space 117760K, 0% used [0x00000000eaa80000,0x00000000eaa80000,0x00000000f1d80000)
  from space 114688K, 16% used [0x00000000f1d80000,0x00000000f3089990,0x00000000f8d80000)
  to   space 112640K, 0% used [0x00000000f8f80000,0x00000000f8f80000,0x00000000ffd80000)
 ParOldGen       total 462336K, used 339761K [0x00000000c0000000, 0x00000000dc380000, 0x00000000eaa80000)
  object space 462336K, 73% used [0x00000000c0000000,0x00000000d4bcc528,0x00000000dc380000)
 PSPermGen       total 21504K, used 6396K [0x00000000b5a00000, 0x00000000b6f00000, 0x00000000c0000000)
  object space 21504K, 29% used [0x00000000b5a00000,0x00000000b603f350,0x00000000b6f00000)
}
Event: 25,520 GC heap before
{Heap before GC invocations=21 (full 3):
 PSYoungGen      total 232448K, used 137254K [0x00000000eaa80000, 0x00000000ffd80000, 0x0000000100000000)
  eden space 117760K, 100% used [0x00000000eaa80000,0x00000000f1d80000,0x00000000f1d80000)
  from space 114688K, 16% used [0x00000000f1d80000,0x00000000f3089990,0x00000000f8d80000)
  to   space 112640K, 0% used [0x00000000f8f80000,0x00000000f8f80000,0x00000000ffd80000)
 ParOldGen       total 462336K, used 339761K [0x00000000c0000000, 0x00000000dc380000, 0x00000000eaa80000)
  object space 462336K, 73% used [0x00000000c0000000,0x00000000d4bcc528,0x00000000dc380000)
 PSPermGen       total 21504K, used 6434K [0x00000000b5a00000, 0x00000000b6f00000, 0x00000000c0000000)
  object space 21504K, 29% used [0x00000000b5a00000,0x00000000b6048ba8,0x00000000b6f00000)
Event: 25,584 GC heap after
Heap after GC invocations=21 (full 3):
 PSYoungGen      total 231424K, used 18215K [0x00000000eaa80000, 0x00000000ffa00000, 0x0000000100000000)
  eden space 122368K, 0% used [0x00000000eaa80000,0x00000000eaa80000,0x00000000f2200000)
  from space 109056K, 16% used [0x00000000f8f80000,0x00000000fa149fe0,0x00000000ffa00000)
  to   space 110592K, 0% used [0x00000000f2200000,0x00000000f2200000,0x00000000f8e00000)
 ParOldGen       total 462336K, used 358285K [0x00000000c0000000, 0x00000000dc380000, 0x00000000eaa80000)
  object space 462336K, 77% used [0x00000000c0000000,0x00000000d5de3790,0x00000000dc380000)
 PSPermGen       total 21504K, used 6434K [0x00000000b5a00000, 0x00000000b6f00000, 0x00000000c0000000)
  object space 21504K, 29% used [0x00000000b5a00000,0x00000000b6048ba8,0x00000000b6f00000)
}

