# JRE version: OpenJDK Runtime Environment (7.0_95) (build 1.7.0_95-b00)
# Java VM: OpenJDK 64-Bit Server VM (24.95-b01 mixed mode linux-amd64 compressed oops)
Heap
 PSYoungGen      total 273408K, used 259005K [0x00000000eaa80000, 0x0000000100000000, 0x0000000100000000)
  eden space 221696K, 93% used [0x00000000eaa80000,0x00000000f74f4760,0x00000000f8300000)
  from space 51712K, 99% used [0x00000000fcd80000,0x00000000ffffaeb0,0x0000000100000000)
  to   space 64000K, 0% used [0x00000000f8300000,0x00000000f8300000,0x00000000fc180000)
 ParOldGen       total 169472K, used 91220K [0x00000000c0000000, 0x00000000ca580000, 0x00000000eaa80000)
  object space 169472K, 53% used [0x00000000c0000000,0x00000000c5915318,0x00000000ca580000)
 PSPermGen       total 21504K, used 6344K [0x00000000b5a00000, 0x00000000b6f00000, 0x00000000c0000000)
  object space 21504K, 29% used [0x00000000b5a00000,0x00000000b6032040,0x00000000b6f00000)
GC Heap History (10 events):
Event: 10,766 GC heap before
{Heap before GC invocations=5 (full 0):
 PSYoungGen      total 132096K, used 132073K [0x00000000eaa80000, 0x00000000f3080000, 0x0000000100000000)
  eden space 126976K, 100% used [0x00000000eaa80000,0x00000000f2680000,0x00000000f2680000)
  from space 5120K, 99% used [0x00000000f2b80000,0x00000000f307a720,0x00000000f3080000)
  to   space 5120K, 0% used [0x00000000f2680000,0x00000000f2680000,0x00000000f2b80000)
 ParOldGen       total 83968K, used 29212K [0x00000000c0000000, 0x00000000c5200000, 0x00000000eaa80000)
  object space 83968K, 34% used [0x00000000c0000000,0x00000000c1c87170,0x00000000c5200000)
 PSPermGen       total 21504K, used 6252K [0x00000000b5a00000, 0x00000000b6f00000, 0x00000000c0000000)
  object space 21504K, 29% used [0x00000000b5a00000,0x00000000b601b1c8,0x00000000b6f00000)
Event: 10,828 GC heap after
Heap after GC invocations=5 (full 0):
 PSYoungGen      total 132096K, used 5114K [0x00000000eaa80000, 0x00000000fd580000, 0x0000000100000000)
  eden space 126976K, 0% used [0x00000000eaa80000,0x00000000eaa80000,0x00000000f2680000)
  from space 5120K, 99% used [0x00000000f2680000,0x00000000f2b7e8a0,0x00000000f2b80000)
  to   space 26112K, 0% used [0x00000000fbc00000,0x00000000fbc00000,0x00000000fd580000)
 ParOldGen       total 83968K, used 49577K [0x00000000c0000000, 0x00000000c5200000, 0x00000000eaa80000)
  object space 83968K, 59% used [0x00000000c0000000,0x00000000c306a750,0x00000000c5200000)
 PSPermGen       total 21504K, used 6252K [0x00000000b5a00000, 0x00000000b6f00000, 0x00000000c0000000)
  object space 21504K, 29% used [0x00000000b5a00000,0x00000000b601b1c8,0x00000000b6f00000)
}
Event: 13,005 GC heap before
{Heap before GC invocations=6 (full 0):
 PSYoungGen      total 132096K, used 132090K [0x00000000eaa80000, 0x00000000fd580000, 0x0000000100000000)
  eden space 126976K, 100% used [0x00000000eaa80000,0x00000000f2680000,0x00000000f2680000)
  from space 5120K, 99% used [0x00000000f2680000,0x00000000f2b7e8a0,0x00000000f2b80000)
  to   space 26112K, 0% used [0x00000000fbc00000,0x00000000fbc00000,0x00000000fd580000)
 ParOldGen       total 83968K, used 49577K [0x00000000c0000000, 0x00000000c5200000, 0x00000000eaa80000)
  object space 83968K, 59% used [0x00000000c0000000,0x00000000c306a750,0x00000000c5200000)
 PSPermGen       total 21504K, used 6294K [0x00000000b5a00000, 0x00000000b6f00000, 0x00000000c0000000)
  object space 21504K, 29% used [0x00000000b5a00000,0x00000000b6025af0,0x00000000b6f00000)
Event: 13,106 GC heap after
Heap after GC invocations=6 (full 0):
 PSYoungGen      total 275456K, used 26110K [0x00000000eaa80000, 0x00000000fde80000, 0x0000000100000000)
  eden space 249344K, 0% used [0x00000000eaa80000,0x00000000eaa80000,0x00000000f9e00000)
  from space 26112K, 99% used [0x00000000fbc00000,0x00000000fd57f9c8,0x00000000fd580000)
  to   space 30720K, 0% used [0x00000000f9e00000,0x00000000f9e00000,0x00000000fbc00000)
 ParOldGen       total 83968K, used 49784K [0x00000000c0000000, 0x00000000c5200000, 0x00000000eaa80000)
  object space 83968K, 59% used [0x00000000c0000000,0x00000000c309e070,0x00000000c5200000)
 PSPermGen       total 21504K, used 6294K [0x00000000b5a00000, 0x00000000b6f00000, 0x00000000c0000000)
  object space 21504K, 29% used [0x00000000b5a00000,0x00000000b6025af0,0x00000000b6f00000)
}
Event: 16,414 GC heap before
{Heap before GC invocations=7 (full 0):
 PSYoungGen      total 275456K, used 275454K [0x00000000eaa80000, 0x00000000fde80000, 0x0000000100000000)
  eden space 249344K, 100% used [0x00000000eaa80000,0x00000000f9e00000,0x00000000f9e00000)
  from space 26112K, 99% used [0x00000000fbc00000,0x00000000fd57f9c8,0x00000000fd580000)
  to   space 30720K, 0% used [0x00000000f9e00000,0x00000000f9e00000,0x00000000fbc00000)
 ParOldGen       total 83968K, used 49784K [0x00000000c0000000, 0x00000000c5200000, 0x00000000eaa80000)
  object space 83968K, 59% used [0x00000000c0000000,0x00000000c309e070,0x00000000c5200000)
 PSPermGen       total 21504K, used 6317K [0x00000000b5a00000, 0x00000000b6f00000, 0x00000000c0000000)
  object space 21504K, 29% used [0x00000000b5a00000,0x00000000b602b600,0x00000000b6f00000)
Event: 16,570 GC heap after
Heap after GC invocations=7 (full 0):
 PSYoungGen      total 280064K, used 30698K [0x00000000eaa80000, 0x0000000100000000, 0x0000000100000000)
  eden space 249344K, 0% used [0x00000000eaa80000,0x00000000eaa80000,0x00000000f9e00000)
  from space 30720K, 99% used [0x00000000f9e00000,0x00000000fbbfabd8,0x00000000fbc00000)
  to   space 51712K, 0% used [0x00000000fcd80000,0x00000000fcd80000,0x0000000100000000)
 ParOldGen       total 83968K, used 81686K [0x00000000c0000000, 0x00000000c5200000, 0x00000000eaa80000)
  object space 83968K, 97% used [0x00000000c0000000,0x00000000c4fc58b0,0x00000000c5200000)
 PSPermGen       total 21504K, used 6317K [0x00000000b5a00000, 0x00000000b6f00000, 0x00000000c0000000)
  object space 21504K, 29% used [0x00000000b5a00000,0x00000000b602b600,0x00000000b6f00000)
}
Event: 16,570 GC heap before
{Heap before GC invocations=8 (full 1):
 PSYoungGen      total 280064K, used 30698K [0x00000000eaa80000, 0x0000000100000000, 0x0000000100000000)
  eden space 249344K, 0% used [0x00000000eaa80000,0x00000000eaa80000,0x00000000f9e00000)
  from space 30720K, 99% used [0x00000000f9e00000,0x00000000fbbfabd8,0x00000000fbc00000)
  to   space 51712K, 0% used [0x00000000fcd80000,0x00000000fcd80000,0x0000000100000000)
 ParOldGen       total 83968K, used 81686K [0x00000000c0000000, 0x00000000c5200000, 0x00000000eaa80000)
  object space 83968K, 97% used [0x00000000c0000000,0x00000000c4fc58b0,0x00000000c5200000)
 PSPermGen       total 21504K, used 6317K [0x00000000b5a00000, 0x00000000b6f00000, 0x00000000c0000000)
  object space 21504K, 29% used [0x00000000b5a00000,0x00000000b602b600,0x00000000b6f00000)
Event: 17,824 GC heap after
Heap after GC invocations=8 (full 1):
 PSYoungGen      total 280064K, used 23975K [0x00000000eaa80000, 0x0000000100000000, 0x0000000100000000)
  eden space 249344K, 0% used [0x00000000eaa80000,0x00000000eaa80000,0x00000000f9e00000)
  from space 30720K, 78% used [0x00000000f9e00000,0x00000000fb569e10,0x00000000fbc00000)
  to   space 51712K, 0% used [0x00000000fcd80000,0x00000000fcd80000,0x0000000100000000)
 ParOldGen       total 169472K, used 83855K [0x00000000c0000000, 0x00000000ca580000, 0x00000000eaa80000)
  object space 169472K, 49% used [0x00000000c0000000,0x00000000c51e3e40,0x00000000ca580000)
 PSPermGen       total 21504K, used 6312K [0x00000000b5a00000, 0x00000000b6f00000, 0x00000000c0000000)
  object space 21504K, 29% used [0x00000000b5a00000,0x00000000b602a310,0x00000000b6f00000)
}
Event: 19,511 GC heap before
{Heap before GC invocations=9 (full 1):
 PSYoungGen      total 280064K, used 273319K [0x00000000eaa80000, 0x0000000100000000, 0x0000000100000000)
  eden space 249344K, 100% used [0x00000000eaa80000,0x00000000f9e00000,0x00000000f9e00000)
  from space 30720K, 78% used [0x00000000f9e00000,0x00000000fb569e10,0x00000000fbc00000)
  to   space 51712K, 0% used [0x00000000fcd80000,0x00000000fcd80000,0x0000000100000000)
 ParOldGen       total 169472K, used 83855K [0x00000000c0000000, 0x00000000ca580000, 0x00000000eaa80000)
  object space 169472K, 49% used [0x00000000c0000000,0x00000000c51e3e40,0x00000000ca580000)
 PSPermGen       total 21504K, used 6326K [0x00000000b5a00000, 0x00000000b6f00000, 0x00000000c0000000)
  object space 21504K, 29% used [0x00000000b5a00000,0x00000000b602d990,0x00000000b6f00000)
Event: 19,661 GC heap after
Heap after GC invocations=9 (full 1):
 PSYoungGen      total 273408K, used 51691K [0x00000000eaa80000, 0x0000000100000000, 0x0000000100000000)
  eden space 221696K, 0% used [0x00000000eaa80000,0x00000000eaa80000,0x00000000f8300000)
  from space 51712K, 99% used [0x00000000fcd80000,0x00000000ffffaeb0,0x0000000100000000)
  to   space 64000K, 0% used [0x00000000f8300000,0x00000000f8300000,0x00000000fc180000)
 ParOldGen       total 169472K, used 91220K [0x00000000c0000000, 0x00000000ca580000, 0x00000000eaa80000)
  object space 169472K, 53% used [0x00000000c0000000,0x00000000c5915318,0x00000000ca580000)
 PSPermGen       total 21504K, used 6326K [0x00000000b5a00000, 0x00000000b6f00000, 0x00000000c0000000)
  object space 21504K, 29% used [0x00000000b5a00000,0x00000000b602d990,0x00000000b6f00000)
}

