# JRE version: OpenJDK Runtime Environment (7.0_95) (build 1.7.0_95-b00)
# Java VM: OpenJDK 64-Bit Server VM (24.95-b01 mixed mode linux-amd64 compressed oops)
Heap
 PSYoungGen      total 283136K, used 237609K [0x00000000eaa80000, 0x0000000100000000, 0x0000000100000000)
  eden space 216576K, 100% used [0x00000000eaa80000,0x00000000f7e00000,0x00000000f7e00000)
  from space 66560K, 31% used [0x00000000fbf00000,0x00000000fd38a668,0x0000000100000000)
  to   space 66560K, 14% used [0x00000000f7e00000,0x00000000f8749e10,0x00000000fbf00000)
 ParOldGen       total 275968K, used 164248K [0x00000000c0000000, 0x00000000d0d80000, 0x00000000eaa80000)
  object space 275968K, 59% used [0x00000000c0000000,0x00000000ca066268,0x00000000d0d80000)
 PSPermGen       total 21504K, used 6354K [0x00000000b5a00000, 0x00000000b6f00000, 0x00000000c0000000)
  object space 21504K, 29% used [0x00000000b5a00000,0x00000000b60348f8,0x00000000b6f00000)
GC Heap History (10 events):
Event: 17,186 GC heap after
Heap after GC invocations=10 (full 1):
 PSYoungGen      total 278528K, used 30580K [0x00000000eaa80000, 0x0000000100000000, 0x0000000100000000)
  eden space 241664K, 0% used [0x00000000eaa80000,0x00000000eaa80000,0x00000000f9680000)
  from space 36864K, 82% used [0x00000000f9680000,0x00000000fb45d2a8,0x00000000fba80000)
  to   space 54272K, 0% used [0x00000000fcb00000,0x00000000fcb00000,0x0000000100000000)
 ParOldGen       total 162304K, used 86163K [0x00000000c0000000, 0x00000000c9e80000, 0x00000000eaa80000)
  object space 162304K, 53% used [0x00000000c0000000,0x00000000c5424f78,0x00000000c9e80000)
 PSPermGen       total 21504K, used 6310K [0x00000000b5a00000, 0x00000000b6f00000, 0x00000000c0000000)
  object space 21504K, 29% used [0x00000000b5a00000,0x00000000b6029b30,0x00000000b6f00000)
}
Event: 18,918 GC heap before
{Heap before GC invocations=11 (full 1):
 PSYoungGen      total 278528K, used 272244K [0x00000000eaa80000, 0x0000000100000000, 0x0000000100000000)
  eden space 241664K, 100% used [0x00000000eaa80000,0x00000000f9680000,0x00000000f9680000)
  from space 36864K, 82% used [0x00000000f9680000,0x00000000fb45d2a8,0x00000000fba80000)
  to   space 54272K, 0% used [0x00000000fcb00000,0x00000000fcb00000,0x0000000100000000)
 ParOldGen       total 162304K, used 86165K [0x00000000c0000000, 0x00000000c9e80000, 0x00000000eaa80000)
  object space 162304K, 53% used [0x00000000c0000000,0x00000000c54257c0,0x00000000c9e80000)
 PSPermGen       total 21504K, used 6325K [0x00000000b5a00000, 0x00000000b6f00000, 0x00000000c0000000)
  object space 21504K, 29% used [0x00000000b5a00000,0x00000000b602d7e0,0x00000000b6f00000)
Event: 19,068 GC heap after
Heap after GC invocations=11 (full 1):
 PSYoungGen      total 281088K, used 50295K [0x00000000eaa80000, 0x0000000100000000, 0x0000000100000000)
  eden space 226816K, 0% used [0x00000000eaa80000,0x00000000eaa80000,0x00000000f8800000)
  from space 54272K, 92% used [0x00000000fcb00000,0x00000000ffc1dc78,0x0000000100000000)
  to   space 61440K, 0% used [0x00000000f8800000,0x00000000f8800000,0x00000000fc400000)
 ParOldGen       total 162304K, used 102001K [0x00000000c0000000, 0x00000000c9e80000, 0x00000000eaa80000)
  object space 162304K, 62% used [0x00000000c0000000,0x00000000c639c7a0,0x00000000c9e80000)
 PSPermGen       total 21504K, used 6325K [0x00000000b5a00000, 0x00000000b6f00000, 0x00000000c0000000)
  object space 21504K, 29% used [0x00000000b5a00000,0x00000000b602d7e0,0x00000000b6f00000)
}
Event: 19,073 GC heap before
{Heap before GC invocations=12 (full 1):
 PSYoungGen      total 281088K, used 52042K [0x00000000eaa80000, 0x0000000100000000, 0x0000000100000000)
  eden space 226816K, 0% used [0x00000000eaa80000,0x00000000eac34c80,0x00000000f8800000)
  from space 54272K, 92% used [0x00000000fcb00000,0x00000000ffc1dc78,0x0000000100000000)
  to   space 61440K, 0% used [0x00000000f8800000,0x00000000f8800000,0x00000000fc400000)
 ParOldGen       total 162304K, used 102001K [0x00000000c0000000, 0x00000000c9e80000, 0x00000000eaa80000)
  object space 162304K, 62% used [0x00000000c0000000,0x00000000c639c7a0,0x00000000c9e80000)
 PSPermGen       total 21504K, used 6325K [0x00000000b5a00000, 0x00000000b6f00000, 0x00000000c0000000)
  object space 21504K, 29% used [0x00000000b5a00000,0x00000000b602d7e0,0x00000000b6f00000)
Event: 19,143 GC heap after
Heap after GC invocations=12 (full 1):
 PSYoungGen      total 277504K, used 50220K [0x00000000eaa80000, 0x0000000100000000, 0x0000000100000000)
  eden space 226816K, 0% used [0x00000000eaa80000,0x00000000eaa80000,0x00000000f8800000)
  from space 50688K, 99% used [0x00000000f8800000,0x00000000fb90b3a8,0x00000000fb980000)
  to   space 66560K, 0% used [0x00000000fbf00000,0x00000000fbf00000,0x0000000100000000)
 ParOldGen       total 162304K, used 102001K [0x00000000c0000000, 0x00000000c9e80000, 0x00000000eaa80000)
  object space 162304K, 62% used [0x00000000c0000000,0x00000000c639c7a0,0x00000000c9e80000)
 PSPermGen       total 21504K, used 6325K [0x00000000b5a00000, 0x00000000b6f00000, 0x00000000c0000000)
  object space 21504K, 29% used [0x00000000b5a00000,0x00000000b602d7e0,0x00000000b6f00000)
}
Event: 20,403 GC heap before
{Heap before GC invocations=13 (full 1):
 PSYoungGen      total 277504K, used 277036K [0x00000000eaa80000, 0x0000000100000000, 0x0000000100000000)
  eden space 226816K, 100% used [0x00000000eaa80000,0x00000000f8800000,0x00000000f8800000)
  from space 50688K, 99% used [0x00000000f8800000,0x00000000fb90b3a8,0x00000000fb980000)
  to   space 66560K, 0% used [0x00000000fbf00000,0x00000000fbf00000,0x0000000100000000)
 ParOldGen       total 162304K, used 102001K [0x00000000c0000000, 0x00000000c9e80000, 0x00000000eaa80000)
  object space 162304K, 62% used [0x00000000c0000000,0x00000000c639c7a0,0x00000000c9e80000)
 PSPermGen       total 21504K, used 6343K [0x00000000b5a00000, 0x00000000b6f00000, 0x00000000c0000000)
  object space 21504K, 29% used [0x00000000b5a00000,0x00000000b6031e98,0x00000000b6f00000)
Event: 20,587 GC heap after
Heap after GC invocations=13 (full 1):
 PSYoungGen      total 283136K, used 38143K [0x00000000eaa80000, 0x0000000100000000, 0x0000000100000000)
  eden space 216576K, 0% used [0x00000000eaa80000,0x00000000eaa80000,0x00000000f7e00000)
  from space 66560K, 57% used [0x00000000fbf00000,0x00000000fe43fc50,0x0000000100000000)
  to   space 66560K, 0% used [0x00000000f7e00000,0x00000000f7e00000,0x00000000fbf00000)
 ParOldGen       total 162304K, used 151401K [0x00000000c0000000, 0x00000000c9e80000, 0x00000000eaa80000)
  object space 162304K, 93% used [0x00000000c0000000,0x00000000c93da520,0x00000000c9e80000)
 PSPermGen       total 21504K, used 6343K [0x00000000b5a00000, 0x00000000b6f00000, 0x00000000c0000000)
  object space 21504K, 29% used [0x00000000b5a00000,0x00000000b6031e98,0x00000000b6f00000)
}
Event: 20,587 GC heap before
{Heap before GC invocations=14 (full 2):
 PSYoungGen      total 283136K, used 38143K [0x00000000eaa80000, 0x0000000100000000, 0x0000000100000000)
  eden space 216576K, 0% used [0x00000000eaa80000,0x00000000eaa80000,0x00000000f7e00000)
  from space 66560K, 57% used [0x00000000fbf00000,0x00000000fe43fc50,0x0000000100000000)
  to   space 66560K, 0% used [0x00000000f7e00000,0x00000000f7e00000,0x00000000fbf00000)
 ParOldGen       total 162304K, used 151401K [0x00000000c0000000, 0x00000000c9e80000, 0x00000000eaa80000)
  object space 162304K, 93% used [0x00000000c0000000,0x00000000c93da520,0x00000000c9e80000)
 PSPermGen       total 21504K, used 6343K [0x00000000b5a00000, 0x00000000b6f00000, 0x00000000c0000000)
  object space 21504K, 29% used [0x00000000b5a00000,0x00000000b6031e98,0x00000000b6f00000)
Event: 22,125 GC heap after
Heap after GC invocations=14 (full 2):
 PSYoungGen      total 283136K, used 21033K [0x00000000eaa80000, 0x0000000100000000, 0x0000000100000000)
  eden space 216576K, 0% used [0x00000000eaa80000,0x00000000eaa80000,0x00000000f7e00000)
  from space 66560K, 31% used [0x00000000fbf00000,0x00000000fd38a668,0x0000000100000000)
  to   space 66560K, 0% used [0x00000000f7e00000,0x00000000f7e00000,0x00000000fbf00000)
 ParOldGen       total 275968K, used 161840K [0x00000000c0000000, 0x00000000d0d80000, 0x00000000eaa80000)
  object space 275968K, 58% used [0x00000000c0000000,0x00000000c9e0c340,0x00000000d0d80000)
 PSPermGen       total 21504K, used 6342K [0x00000000b5a00000, 0x00000000b6f00000, 0x00000000c0000000)
  object space 21504K, 29% used [0x00000000b5a00000,0x00000000b6031bb8,0x00000000b6f00000)
}
Event: 23,532 GC heap before
{Heap before GC invocations=15 (full 2):
 PSYoungGen      total 283136K, used 237609K [0x00000000eaa80000, 0x0000000100000000, 0x0000000100000000)
  eden space 216576K, 100% used [0x00000000eaa80000,0x00000000f7e00000,0x00000000f7e00000)
  from space 66560K, 31% used [0x00000000fbf00000,0x00000000fd38a668,0x0000000100000000)
  to   space 66560K, 0% used [0x00000000f7e00000,0x00000000f7e00000,0x00000000fbf00000)
 ParOldGen       total 275968K, used 161840K [0x00000000c0000000, 0x00000000d0d80000, 0x00000000eaa80000)
  object space 275968K, 58% used [0x00000000c0000000,0x00000000c9e0c340,0x00000000d0d80000)
 PSPermGen       total 21504K, used 6354K [0x00000000b5a00000, 0x00000000b6f00000, 0x00000000c0000000)
  object space 21504K, 29% used [0x00000000b5a00000,0x00000000b60348f8,0x00000000b6f00000)

