# JRE version: OpenJDK Runtime Environment (7.0_95) (build 1.7.0_95-b00)
# Java VM: OpenJDK 64-Bit Server VM (24.95-b01 mixed mode linux-amd64 compressed oops)
Heap
 PSYoungGen      total 281088K, used 175187K [0x00000000eaa80000, 0x0000000100000000, 0x0000000100000000)
  eden space 248832K, 60% used [0x00000000eaa80000,0x00000000f3d32b60,0x00000000f9d80000)
  from space 32256K, 77% used [0x00000000f9d80000,0x00000000fb5e2138,0x00000000fbd00000)
  to   space 53248K, 0% used [0x00000000fcc00000,0x00000000fcc00000,0x0000000100000000)
 ParOldGen       total 169984K, used 83527K [0x00000000c0000000, 0x00000000ca600000, 0x00000000eaa80000)
  object space 169984K, 49% used [0x00000000c0000000,0x00000000c5191e80,0x00000000ca600000)
 PSPermGen       total 21504K, used 6320K [0x00000000b5a00000, 0x00000000b6f00000, 0x00000000c0000000)
  object space 21504K, 29% used [0x00000000b5a00000,0x00000000b602c380,0x00000000b6f00000)
GC Heap History (10 events):
Event: 6,362 GC heap before
{Heap before GC invocations=4 (full 0):
 PSYoungGen      total 68608K, used 68605K [0x00000000eaa80000, 0x00000000f3080000, 0x0000000100000000)
  eden space 63488K, 100% used [0x00000000eaa80000,0x00000000ee880000,0x00000000ee880000)
  from space 5120K, 99% used [0x00000000ee880000,0x00000000eed7f4e0,0x00000000eed80000)
  to   space 5120K, 0% used [0x00000000f2b80000,0x00000000f2b80000,0x00000000f3080000)
 ParOldGen       total 83968K, used 18905K [0x00000000c0000000, 0x00000000c5200000, 0x00000000eaa80000)
  object space 83968K, 22% used [0x00000000c0000000,0x00000000c12765d8,0x00000000c5200000)
 PSPermGen       total 21504K, used 6169K [0x00000000b5a00000, 0x00000000b6f00000, 0x00000000c0000000)
  object space 21504K, 28% used [0x00000000b5a00000,0x00000000b6006630,0x00000000b6f00000)
Event: 6,421 GC heap after
Heap after GC invocations=4 (full 0):
 PSYoungGen      total 132096K, used 5100K [0x00000000eaa80000, 0x00000000f3080000, 0x0000000100000000)
  eden space 126976K, 0% used [0x00000000eaa80000,0x00000000eaa80000,0x00000000f2680000)
  from space 5120K, 99% used [0x00000000f2b80000,0x00000000f307b3d0,0x00000000f3080000)
  to   space 5120K, 0% used [0x00000000f2680000,0x00000000f2680000,0x00000000f2b80000)
 ParOldGen       total 83968K, used 29129K [0x00000000c0000000, 0x00000000c5200000, 0x00000000eaa80000)
  object space 83968K, 34% used [0x00000000c0000000,0x00000000c1c725b0,0x00000000c5200000)
 PSPermGen       total 21504K, used 6169K [0x00000000b5a00000, 0x00000000b6f00000, 0x00000000c0000000)
  object space 21504K, 28% used [0x00000000b5a00000,0x00000000b6006630,0x00000000b6f00000)
}
Event: 10,650 GC heap before
{Heap before GC invocations=5 (full 0):
 PSYoungGen      total 132096K, used 132076K [0x00000000eaa80000, 0x00000000f3080000, 0x0000000100000000)
  eden space 126976K, 100% used [0x00000000eaa80000,0x00000000f2680000,0x00000000f2680000)
  from space 5120K, 99% used [0x00000000f2b80000,0x00000000f307b3d0,0x00000000f3080000)
  to   space 5120K, 0% used [0x00000000f2680000,0x00000000f2680000,0x00000000f2b80000)
 ParOldGen       total 83968K, used 29129K [0x00000000c0000000, 0x00000000c5200000, 0x00000000eaa80000)
  object space 83968K, 34% used [0x00000000c0000000,0x00000000c1c725b0,0x00000000c5200000)
 PSPermGen       total 21504K, used 6245K [0x00000000b5a00000, 0x00000000b6f00000, 0x00000000c0000000)
  object space 21504K, 29% used [0x00000000b5a00000,0x00000000b6019618,0x00000000b6f00000)
Event: 10,736 GC heap after
Heap after GC invocations=5 (full 0):
 PSYoungGen      total 132096K, used 5114K [0x00000000eaa80000, 0x00000000fd780000, 0x0000000100000000)
  eden space 126976K, 0% used [0x00000000eaa80000,0x00000000eaa80000,0x00000000f2680000)
  from space 5120K, 99% used [0x00000000f2680000,0x00000000f2b7eab0,0x00000000f2b80000)
  to   space 27136K, 0% used [0x00000000fbd00000,0x00000000fbd00000,0x00000000fd780000)
 ParOldGen       total 83968K, used 49452K [0x00000000c0000000, 0x00000000c5200000, 0x00000000eaa80000)
  object space 83968K, 58% used [0x00000000c0000000,0x00000000c304b258,0x00000000c5200000)
 PSPermGen       total 21504K, used 6245K [0x00000000b5a00000, 0x00000000b6f00000, 0x00000000c0000000)
  object space 21504K, 29% used [0x00000000b5a00000,0x00000000b6019618,0x00000000b6f00000)
}
Event: 13,813 GC heap before
{Heap before GC invocations=6 (full 0):
 PSYoungGen      total 132096K, used 132090K [0x00000000eaa80000, 0x00000000fd780000, 0x0000000100000000)
  eden space 126976K, 100% used [0x00000000eaa80000,0x00000000f2680000,0x00000000f2680000)
  from space 5120K, 99% used [0x00000000f2680000,0x00000000f2b7eab0,0x00000000f2b80000)
  to   space 27136K, 0% used [0x00000000fbd00000,0x00000000fbd00000,0x00000000fd780000)
 ParOldGen       total 83968K, used 49452K [0x00000000c0000000, 0x00000000c5200000, 0x00000000eaa80000)
  object space 83968K, 58% used [0x00000000c0000000,0x00000000c304b258,0x00000000c5200000)
 PSPermGen       total 21504K, used 6295K [0x00000000b5a00000, 0x00000000b6f00000, 0x00000000c0000000)
  object space 21504K, 29% used [0x00000000b5a00000,0x00000000b6025fb8,0x00000000b6f00000)
Event: 13,948 GC heap after
Heap after GC invocations=6 (full 0):
 PSYoungGen      total 275968K, used 27101K [0x00000000eaa80000, 0x00000000fe180000, 0x0000000100000000)
  eden space 248832K, 0% used [0x00000000eaa80000,0x00000000eaa80000,0x00000000f9d80000)
  from space 27136K, 99% used [0x00000000fbd00000,0x00000000fd7777b0,0x00000000fd780000)
  to   space 32256K, 0% used [0x00000000f9d80000,0x00000000f9d80000,0x00000000fbd00000)
 ParOldGen       total 83968K, used 49491K [0x00000000c0000000, 0x00000000c5200000, 0x00000000eaa80000)
  object space 83968K, 58% used [0x00000000c0000000,0x00000000c3054c88,0x00000000c5200000)
 PSPermGen       total 21504K, used 6295K [0x00000000b5a00000, 0x00000000b6f00000, 0x00000000c0000000)
  object space 21504K, 29% used [0x00000000b5a00000,0x00000000b6025fb8,0x00000000b6f00000)
}
Event: 17,943 GC heap before
{Heap before GC invocations=7 (full 0):
 PSYoungGen      total 275968K, used 275933K [0x00000000eaa80000, 0x00000000fe180000, 0x0000000100000000)
  eden space 248832K, 100% used [0x00000000eaa80000,0x00000000f9d80000,0x00000000f9d80000)
  from space 27136K, 99% used [0x00000000fbd00000,0x00000000fd7777b0,0x00000000fd780000)
  to   space 32256K, 0% used [0x00000000f9d80000,0x00000000f9d80000,0x00000000fbd00000)
 ParOldGen       total 83968K, used 49491K [0x00000000c0000000, 0x00000000c5200000, 0x00000000eaa80000)
  object space 83968K, 58% used [0x00000000c0000000,0x00000000c3054c88,0x00000000c5200000)
 PSPermGen       total 21504K, used 6315K [0x00000000b5a00000, 0x00000000b6f00000, 0x00000000c0000000)
  object space 21504K, 29% used [0x00000000b5a00000,0x00000000b602aee8,0x00000000b6f00000)
Event: 18,111 GC heap after
Heap after GC invocations=7 (full 0):
 PSYoungGen      total 281088K, used 32249K [0x00000000eaa80000, 0x0000000100000000, 0x0000000100000000)
  eden space 248832K, 0% used [0x00000000eaa80000,0x00000000eaa80000,0x00000000f9d80000)
  from space 32256K, 99% used [0x00000000f9d80000,0x00000000fbcfe5e8,0x00000000fbd00000)
  to   space 53248K, 0% used [0x00000000fcc00000,0x00000000fcc00000,0x0000000100000000)
 ParOldGen       total 83968K, used 80646K [0x00000000c0000000, 0x00000000c5200000, 0x00000000eaa80000)
  object space 83968K, 96% used [0x00000000c0000000,0x00000000c4ec1b68,0x00000000c5200000)
 PSPermGen       total 21504K, used 6315K [0x00000000b5a00000, 0x00000000b6f00000, 0x00000000c0000000)
  object space 21504K, 29% used [0x00000000b5a00000,0x00000000b602aee8,0x00000000b6f00000)
}
Event: 18,111 GC heap before
{Heap before GC invocations=8 (full 1):
 PSYoungGen      total 281088K, used 32249K [0x00000000eaa80000, 0x0000000100000000, 0x0000000100000000)
  eden space 248832K, 0% used [0x00000000eaa80000,0x00000000eaa80000,0x00000000f9d80000)
  from space 32256K, 99% used [0x00000000f9d80000,0x00000000fbcfe5e8,0x00000000fbd00000)
  to   space 53248K, 0% used [0x00000000fcc00000,0x00000000fcc00000,0x0000000100000000)
 ParOldGen       total 83968K, used 80646K [0x00000000c0000000, 0x00000000c5200000, 0x00000000eaa80000)
  object space 83968K, 96% used [0x00000000c0000000,0x00000000c4ec1b68,0x00000000c5200000)
 PSPermGen       total 21504K, used 6315K [0x00000000b5a00000, 0x00000000b6f00000, 0x00000000c0000000)
  object space 21504K, 29% used [0x00000000b5a00000,0x00000000b602aee8,0x00000000b6f00000)
Event: 19,522 GC heap after
Heap after GC invocations=8 (full 1):
 PSYoungGen      total 281088K, used 24968K [0x00000000eaa80000, 0x0000000100000000, 0x0000000100000000)
  eden space 248832K, 0% used [0x00000000eaa80000,0x00000000eaa80000,0x00000000f9d80000)
  from space 32256K, 77% used [0x00000000f9d80000,0x00000000fb5e2138,0x00000000fbd00000)
  to   space 53248K, 0% used [0x00000000fcc00000,0x00000000fcc00000,0x0000000100000000)
 ParOldGen       total 169984K, used 83527K [0x00000000c0000000, 0x00000000ca600000, 0x00000000eaa80000)
  object space 169984K, 49% used [0x00000000c0000000,0x00000000c5191e80,0x00000000ca600000)
 PSPermGen       total 21504K, used 6311K [0x00000000b5a00000, 0x00000000b6f00000, 0x00000000c0000000)
  object space 21504K, 29% used [0x00000000b5a00000,0x00000000b6029cb8,0x00000000b6f00000)
}

