# JRE version: OpenJDK Runtime Environment (7.0_85-b01) (build 1.7.0_85-b01)
# Java VM: OpenJDK 64-Bit Server VM (24.85-b03 mixed mode linux-amd64 compressed oops)
Heap
 PSYoungGen      total 228864K, used 144661K [0x00000000eaa80000, 0x00000000ff680000, 0x0000000100000000)
  eden space 123904K, 100% used [0x00000000eaa80000,0x00000000f2380000,0x00000000f2380000)
  from space 104960K, 19% used [0x00000000f9000000,0x00000000fa445720,0x00000000ff680000)
  to   space 108032K, 13% used [0x00000000f2380000,0x00000000f3214800,0x00000000f8d00000)
 ParOldGen       total 444928K, used 420257K [0x00000000c0000000, 0x00000000db280000, 0x00000000eaa80000)
  object space 444928K, 94% used [0x00000000c0000000,0x00000000d9a68540,0x00000000db280000)
 PSPermGen       total 21504K, used 6434K [0x00000000b5a00000, 0x00000000b6f00000, 0x00000000c0000000)
  object space 21504K, 29% used [0x00000000b5a00000,0x00000000b6048968,0x00000000b6f00000)
GC Heap History (10 events):
Event: 30,983 GC heap after
Heap after GC invocations=19 (full 3):
 PSYoungGen      total 233472K, used 31778K [0x00000000eaa80000, 0x0000000100000000, 0x0000000100000000)
  eden space 117248K, 0% used [0x00000000eaa80000,0x00000000eaa80000,0x00000000f1d00000)
  from space 116224K, 27% used [0x00000000f8e80000,0x00000000fad88ae8,0x0000000100000000)
  to   space 116224K, 0% used [0x00000000f1d00000,0x00000000f1d00000,0x00000000f8e80000)
 ParOldGen       total 444928K, used 319407K [0x00000000c0000000, 0x00000000db280000, 0x00000000eaa80000)
  object space 444928K, 71% used [0x00000000c0000000,0x00000000d37ebea0,0x00000000db280000)
 PSPermGen       total 21504K, used 6383K [0x00000000b5a00000, 0x00000000b6f00000, 0x00000000c0000000)
  object space 21504K, 29% used [0x00000000b5a00000,0x00000000b603bd98,0x00000000b6f00000)
}
Event: 31,197 GC heap before
{Heap before GC invocations=20 (full 3):
 PSYoungGen      total 233472K, used 149026K [0x00000000eaa80000, 0x0000000100000000, 0x0000000100000000)
  eden space 117248K, 100% used [0x00000000eaa80000,0x00000000f1d00000,0x00000000f1d00000)
  from space 116224K, 27% used [0x00000000f8e80000,0x00000000fad88ae8,0x0000000100000000)
  to   space 116224K, 0% used [0x00000000f1d00000,0x00000000f1d00000,0x00000000f8e80000)
 ParOldGen       total 444928K, used 319407K [0x00000000c0000000, 0x00000000db280000, 0x00000000eaa80000)
  object space 444928K, 71% used [0x00000000c0000000,0x00000000d37ebea0,0x00000000db280000)
 PSPermGen       total 21504K, used 6391K [0x00000000b5a00000, 0x00000000b6f00000, 0x00000000c0000000)
  object space 21504K, 29% used [0x00000000b5a00000,0x00000000b603def8,0x00000000b6f00000)
Event: 31,274 GC heap after
Heap after GC invocations=20 (full 3):
 PSYoungGen      total 233472K, used 17999K [0x00000000eaa80000, 0x0000000100000000, 0x0000000100000000)
  eden space 117248K, 0% used [0x00000000eaa80000,0x00000000eaa80000,0x00000000f1d00000)
  from space 116224K, 15% used [0x00000000f1d00000,0x00000000f2e93f40,0x00000000f8e80000)
  to   space 116224K, 0% used [0x00000000f8e80000,0x00000000f8e80000,0x0000000100000000)
 ParOldGen       total 444928K, used 348981K [0x00000000c0000000, 0x00000000db280000, 0x00000000eaa80000)
  object space 444928K, 78% used [0x00000000c0000000,0x00000000d54cd7d8,0x00000000db280000)
 PSPermGen       total 21504K, used 6391K [0x00000000b5a00000, 0x00000000b6f00000, 0x00000000c0000000)
  object space 21504K, 29% used [0x00000000b5a00000,0x00000000b603def8,0x00000000b6f00000)
}
Event: 31,488 GC heap before
{Heap before GC invocations=21 (full 3):
 PSYoungGen      total 233472K, used 135247K [0x00000000eaa80000, 0x0000000100000000, 0x0000000100000000)
  eden space 117248K, 100% used [0x00000000eaa80000,0x00000000f1d00000,0x00000000f1d00000)
  from space 116224K, 15% used [0x00000000f1d00000,0x00000000f2e93f40,0x00000000f8e80000)
  to   space 116224K, 0% used [0x00000000f8e80000,0x00000000f8e80000,0x0000000100000000)
 ParOldGen       total 444928K, used 348981K [0x00000000c0000000, 0x00000000db280000, 0x00000000eaa80000)
  object space 444928K, 78% used [0x00000000c0000000,0x00000000d54cd7d8,0x00000000db280000)
 PSPermGen       total 21504K, used 6410K [0x00000000b5a00000, 0x00000000b6f00000, 0x00000000c0000000)
  object space 21504K, 29% used [0x00000000b5a00000,0x00000000b60428d8,0x00000000b6f00000)
Event: 31,549 GC heap after
Heap after GC invocations=21 (full 3):
 PSYoungGen      total 229376K, used 18884K [0x00000000eaa80000, 0x00000000ffc00000, 0x0000000100000000)
  eden space 117248K, 0% used [0x00000000eaa80000,0x00000000eaa80000,0x00000000f1d00000)
  from space 112128K, 16% used [0x00000000f8e80000,0x00000000fa0f1370,0x00000000ffc00000)
  to   space 114176K, 0% used [0x00000000f1d00000,0x00000000f1d00000,0x00000000f8c80000)
 ParOldGen       total 444928K, used 366217K [0x00000000c0000000, 0x00000000db280000, 0x00000000eaa80000)
  object space 444928K, 82% used [0x00000000c0000000,0x00000000d65a2410,0x00000000db280000)
 PSPermGen       total 21504K, used 6410K [0x00000000b5a00000, 0x00000000b6f00000, 0x00000000c0000000)
  object space 21504K, 29% used [0x00000000b5a00000,0x00000000b60428d8,0x00000000b6f00000)
}
Event: 31,855 GC heap before
{Heap before GC invocations=22 (full 3):
 PSYoungGen      total 229376K, used 136132K [0x00000000eaa80000, 0x00000000ffc00000, 0x0000000100000000)
  eden space 117248K, 100% used [0x00000000eaa80000,0x00000000f1d00000,0x00000000f1d00000)
  from space 112128K, 16% used [0x00000000f8e80000,0x00000000fa0f1370,0x00000000ffc00000)
  to   space 114176K, 0% used [0x00000000f1d00000,0x00000000f1d00000,0x00000000f8c80000)
 ParOldGen       total 444928K, used 366217K [0x00000000c0000000, 0x00000000db280000, 0x00000000eaa80000)
  object space 444928K, 82% used [0x00000000c0000000,0x00000000d65a2410,0x00000000db280000)
 PSPermGen       total 21504K, used 6425K [0x00000000b5a00000, 0x00000000b6f00000, 0x00000000c0000000)
  object space 21504K, 29% used [0x00000000b5a00000,0x00000000b6046560,0x00000000b6f00000)
Event: 31,941 GC heap after
Heap after GC invocations=22 (full 3):
 PSYoungGen      total 231424K, used 18143K [0x00000000eaa80000, 0x00000000ffd00000, 0x0000000100000000)
  eden space 117248K, 0% used [0x00000000eaa80000,0x00000000eaa80000,0x00000000f1d00000)
  from space 114176K, 15% used [0x00000000f1d00000,0x00000000f2eb7d40,0x00000000f8c80000)
  to   space 111616K, 0% used [0x00000000f9000000,0x00000000f9000000,0x00000000ffd00000)
 ParOldGen       total 444928K, used 384355K [0x00000000c0000000, 0x00000000db280000, 0x00000000eaa80000)
  object space 444928K, 86% used [0x00000000c0000000,0x00000000d7758ef8,0x00000000db280000)
 PSPermGen       total 21504K, used 6425K [0x00000000b5a00000, 0x00000000b6f00000, 0x00000000c0000000)
  object space 21504K, 29% used [0x00000000b5a00000,0x00000000b6046560,0x00000000b6f00000)
}
Event: 32,147 GC heap before
{Heap before GC invocations=23 (full 3):
 PSYoungGen      total 231424K, used 135391K [0x00000000eaa80000, 0x00000000ffd00000, 0x0000000100000000)
  eden space 117248K, 100% used [0x00000000eaa80000,0x00000000f1d00000,0x00000000f1d00000)
  from space 114176K, 15% used [0x00000000f1d00000,0x00000000f2eb7d40,0x00000000f8c80000)
  to   space 111616K, 0% used [0x00000000f9000000,0x00000000f9000000,0x00000000ffd00000)
 ParOldGen       total 444928K, used 384355K [0x00000000c0000000, 0x00000000db280000, 0x00000000eaa80000)
  object space 444928K, 86% used [0x00000000c0000000,0x00000000d7758ef8,0x00000000db280000)
 PSPermGen       total 21504K, used 6432K [0x00000000b5a00000, 0x00000000b6f00000, 0x00000000c0000000)
  object space 21504K, 29% used [0x00000000b5a00000,0x00000000b6048248,0x00000000b6f00000)
Event: 32,210 GC heap after
Heap after GC invocations=23 (full 3):
 PSYoungGen      total 228864K, used 20757K [0x00000000eaa80000, 0x00000000ff680000, 0x0000000100000000)
  eden space 123904K, 0% used [0x00000000eaa80000,0x00000000eaa80000,0x00000000f2380000)
  from space 104960K, 19% used [0x00000000f9000000,0x00000000fa445720,0x00000000ff680000)
  to   space 108032K, 0% used [0x00000000f2380000,0x00000000f2380000,0x00000000f8d00000)
 ParOldGen       total 444928K, used 401568K [0x00000000c0000000, 0x00000000db280000, 0x00000000eaa80000)
  object space 444928K, 90% used [0x00000000c0000000,0x00000000d8828118,0x00000000db280000)
 PSPermGen       total 21504K, used 6432K [0x00000000b5a00000, 0x00000000b6f00000, 0x00000000c0000000)
  object space 21504K, 29% used [0x00000000b5a00000,0x00000000b6048248,0x00000000b6f00000)
}
Event: 32,392 GC heap before
{Heap before GC invocations=24 (full 3):
 PSYoungGen      total 228864K, used 144661K [0x00000000eaa80000, 0x00000000ff680000, 0x0000000100000000)
  eden space 123904K, 100% used [0x00000000eaa80000,0x00000000f2380000,0x00000000f2380000)
  from space 104960K, 19% used [0x00000000f9000000,0x00000000fa445720,0x00000000ff680000)
  to   space 108032K, 0% used [0x00000000f2380000,0x00000000f2380000,0x00000000f8d00000)
 ParOldGen       total 444928K, used 401568K [0x00000000c0000000, 0x00000000db280000, 0x00000000eaa80000)
  object space 444928K, 90% used [0x00000000c0000000,0x00000000d8828118,0x00000000db280000)
 PSPermGen       total 21504K, used 6434K [0x00000000b5a00000, 0x00000000b6f00000, 0x00000000c0000000)
  object space 21504K, 29% used [0x00000000b5a00000,0x00000000b6048968,0x00000000b6f00000)

