# JRE version: OpenJDK Runtime Environment (7.0_95) (build 1.7.0_95-b00)
# Java VM: OpenJDK 64-Bit Server VM (24.95-b01 mixed mode linux-amd64 compressed oops)
Heap
 PSYoungGen      total 253952K, used 253925K [0x00000000eaa80000, 0x0000000100000000, 0x0000000100000000)
  eden space 158208K, 100% used [0x00000000eaa80000,0x00000000f4500000,0x00000000f4500000)
  from space 95744K, 99% used [0x00000000f4500000,0x00000000fa2797c0,0x00000000fa280000)
  to   space 95744K, 58% used [0x00000000fa280000,0x00000000fd8cc398,0x0000000100000000)
 ParOldGen       total 292352K, used 227942K [0x00000000c0000000, 0x00000000d1d80000, 0x00000000eaa80000)
  object space 292352K, 77% used [0x00000000c0000000,0x00000000cde99ba0,0x00000000d1d80000)
 PSPermGen       total 21504K, used 6390K [0x00000000b5a00000, 0x00000000b6f00000, 0x00000000c0000000)
  object space 21504K, 29% used [0x00000000b5a00000,0x00000000b603dbf0,0x00000000b6f00000)
GC Heap History (10 events):
Event: 22,215 GC heap after
Heap after GC invocations=11 (full 1):
 PSYoungGen      total 233472K, used 64403K [0x00000000eaa80000, 0x0000000100000000, 0x0000000100000000)
  eden space 167424K, 0% used [0x00000000eaa80000,0x00000000eaa80000,0x00000000f4e00000)
  from space 66048K, 97% used [0x00000000fbf80000,0x00000000ffe64dc0,0x0000000100000000)
  to   space 91136K, 0% used [0x00000000f4e00000,0x00000000f4e00000,0x00000000fa700000)
 ParOldGen       total 167424K, used 147009K [0x00000000c0000000, 0x00000000ca380000, 0x00000000eaa80000)
  object space 167424K, 87% used [0x00000000c0000000,0x00000000c8f906a8,0x00000000ca380000)
 PSPermGen       total 21504K, used 6356K [0x00000000b5a00000, 0x00000000b6f00000, 0x00000000c0000000)
  object space 21504K, 29% used [0x00000000b5a00000,0x00000000b6035250,0x00000000b6f00000)
}
Event: 22,215 GC heap before
{Heap before GC invocations=12 (full 2):
 PSYoungGen      total 233472K, used 64403K [0x00000000eaa80000, 0x0000000100000000, 0x0000000100000000)
  eden space 167424K, 0% used [0x00000000eaa80000,0x00000000eaa80000,0x00000000f4e00000)
  from space 66048K, 97% used [0x00000000fbf80000,0x00000000ffe64dc0,0x0000000100000000)
  to   space 91136K, 0% used [0x00000000f4e00000,0x00000000f4e00000,0x00000000fa700000)
 ParOldGen       total 167424K, used 147009K [0x00000000c0000000, 0x00000000ca380000, 0x00000000eaa80000)
  object space 167424K, 87% used [0x00000000c0000000,0x00000000c8f906a8,0x00000000ca380000)
 PSPermGen       total 21504K, used 6356K [0x00000000b5a00000, 0x00000000b6f00000, 0x00000000c0000000)
  object space 21504K, 29% used [0x00000000b5a00000,0x00000000b6035250,0x00000000b6f00000)
Event: 23,419 GC heap after
Heap after GC invocations=12 (full 2):
 PSYoungGen      total 233472K, used 37017K [0x00000000eaa80000, 0x0000000100000000, 0x0000000100000000)
  eden space 167424K, 0% used [0x00000000eaa80000,0x00000000eaa80000,0x00000000f4e00000)
  from space 66048K, 56% used [0x00000000fbf80000,0x00000000fe3a6580,0x0000000100000000)
  to   space 91136K, 0% used [0x00000000f4e00000,0x00000000f4e00000,0x00000000fa700000)
 ParOldGen       total 292352K, used 167088K [0x00000000c0000000, 0x00000000d1d80000, 0x00000000eaa80000)
  object space 292352K, 57% used [0x00000000c0000000,0x00000000ca32c240,0x00000000d1d80000)
 PSPermGen       total 21504K, used 6355K [0x00000000b5a00000, 0x00000000b6f00000, 0x00000000c0000000)
  object space 21504K, 29% used [0x00000000b5a00000,0x00000000b6034ed0,0x00000000b6f00000)
}
Event: 24,707 GC heap before
{Heap before GC invocations=13 (full 2):
 PSYoungGen      total 233472K, used 204441K [0x00000000eaa80000, 0x0000000100000000, 0x0000000100000000)
  eden space 167424K, 100% used [0x00000000eaa80000,0x00000000f4e00000,0x00000000f4e00000)
  from space 66048K, 56% used [0x00000000fbf80000,0x00000000fe3a6580,0x0000000100000000)
  to   space 91136K, 0% used [0x00000000f4e00000,0x00000000f4e00000,0x00000000fa700000)
 ParOldGen       total 292352K, used 167088K [0x00000000c0000000, 0x00000000d1d80000, 0x00000000eaa80000)
  object space 292352K, 57% used [0x00000000c0000000,0x00000000ca32c240,0x00000000d1d80000)
 PSPermGen       total 21504K, used 6368K [0x00000000b5a00000, 0x00000000b6f00000, 0x00000000c0000000)
  object space 21504K, 29% used [0x00000000b5a00000,0x00000000b60381f0,0x00000000b6f00000)
Event: 24,983 GC heap after
Heap after GC invocations=13 (full 2):
 PSYoungGen      total 258560K, used 44665K [0x00000000eaa80000, 0x0000000100000000, 0x0000000100000000)
  eden space 167424K, 0% used [0x00000000eaa80000,0x00000000eaa80000,0x00000000f4e00000)
  from space 91136K, 49% used [0x00000000f4e00000,0x00000000f799e610,0x00000000fa700000)
  to   space 88576K, 0% used [0x00000000fa980000,0x00000000fa980000,0x0000000100000000)
 ParOldGen       total 292352K, used 186837K [0x00000000c0000000, 0x00000000d1d80000, 0x00000000eaa80000)
  object space 292352K, 63% used [0x00000000c0000000,0x00000000cb675450,0x00000000d1d80000)
 PSPermGen       total 21504K, used 6368K [0x00000000b5a00000, 0x00000000b6f00000, 0x00000000c0000000)
  object space 21504K, 29% used [0x00000000b5a00000,0x00000000b60381f0,0x00000000b6f00000)
}
Event: 26,155 GC heap before
{Heap before GC invocations=14 (full 2):
 PSYoungGen      total 258560K, used 212089K [0x00000000eaa80000, 0x0000000100000000, 0x0000000100000000)
  eden space 167424K, 100% used [0x00000000eaa80000,0x00000000f4e00000,0x00000000f4e00000)
  from space 91136K, 49% used [0x00000000f4e00000,0x00000000f799e610,0x00000000fa700000)
  to   space 88576K, 0% used [0x00000000fa980000,0x00000000fa980000,0x0000000100000000)
 ParOldGen       total 292352K, used 186837K [0x00000000c0000000, 0x00000000d1d80000, 0x00000000eaa80000)
  object space 292352K, 63% used [0x00000000c0000000,0x00000000cb675450,0x00000000d1d80000)
 PSPermGen       total 21504K, used 6385K [0x00000000b5a00000, 0x00000000b6f00000, 0x00000000c0000000)
  object space 21504K, 29% used [0x00000000b5a00000,0x00000000b603c650,0x00000000b6f00000)
Event: 26,264 GC heap after
Heap after GC invocations=14 (full 2):
 PSYoungGen      total 246784K, used 71590K [0x00000000eaa80000, 0x0000000100000000, 0x0000000100000000)
  eden space 158208K, 0% used [0x00000000eaa80000,0x00000000eaa80000,0x00000000f4500000)
  from space 88576K, 80% used [0x00000000fa980000,0x00000000fef69b38,0x0000000100000000)
  to   space 95744K, 0% used [0x00000000f4500000,0x00000000f4500000,0x00000000fa280000)
 ParOldGen       total 292352K, used 186837K [0x00000000c0000000, 0x00000000d1d80000, 0x00000000eaa80000)
  object space 292352K, 63% used [0x00000000c0000000,0x00000000cb675450,0x00000000d1d80000)
 PSPermGen       total 21504K, used 6385K [0x00000000b5a00000, 0x00000000b6f00000, 0x00000000c0000000)
  object space 21504K, 29% used [0x00000000b5a00000,0x00000000b603c650,0x00000000b6f00000)
}
Event: 27,112 GC heap before
{Heap before GC invocations=15 (full 2):
 PSYoungGen      total 246784K, used 229798K [0x00000000eaa80000, 0x0000000100000000, 0x0000000100000000)
  eden space 158208K, 100% used [0x00000000eaa80000,0x00000000f4500000,0x00000000f4500000)
  from space 88576K, 80% used [0x00000000fa980000,0x00000000fef69b38,0x0000000100000000)
  to   space 95744K, 0% used [0x00000000f4500000,0x00000000f4500000,0x00000000fa280000)
 ParOldGen       total 292352K, used 186837K [0x00000000c0000000, 0x00000000d1d80000, 0x00000000eaa80000)
  object space 292352K, 63% used [0x00000000c0000000,0x00000000cb675450,0x00000000d1d80000)
 PSPermGen       total 21504K, used 6390K [0x00000000b5a00000, 0x00000000b6f00000, 0x00000000c0000000)
  object space 21504K, 29% used [0x00000000b5a00000,0x00000000b603d940,0x00000000b6f00000)
Event: 27,281 GC heap after
Heap after GC invocations=15 (full 2):
 PSYoungGen      total 253952K, used 95717K [0x00000000eaa80000, 0x0000000100000000, 0x0000000100000000)
  eden space 158208K, 0% used [0x00000000eaa80000,0x00000000eaa80000,0x00000000f4500000)
  from space 95744K, 99% used [0x00000000f4500000,0x00000000fa2797c0,0x00000000fa280000)
  to   space 95744K, 0% used [0x00000000fa280000,0x00000000fa280000,0x0000000100000000)
 ParOldGen       total 292352K, used 189269K [0x00000000c0000000, 0x00000000d1d80000, 0x00000000eaa80000)
  object space 292352K, 64% used [0x00000000c0000000,0x00000000cb8d57b0,0x00000000d1d80000)
 PSPermGen       total 21504K, used 6390K [0x00000000b5a00000, 0x00000000b6f00000, 0x00000000c0000000)
  object space 21504K, 29% used [0x00000000b5a00000,0x00000000b603d940,0x00000000b6f00000)
}
Event: 27,876 GC heap before
{Heap before GC invocations=16 (full 2):
 PSYoungGen      total 253952K, used 253925K [0x00000000eaa80000, 0x0000000100000000, 0x0000000100000000)
  eden space 158208K, 100% used [0x00000000eaa80000,0x00000000f4500000,0x00000000f4500000)
  from space 95744K, 99% used [0x00000000f4500000,0x00000000fa2797c0,0x00000000fa280000)
  to   space 95744K, 0% used [0x00000000fa280000,0x00000000fa280000,0x0000000100000000)
 ParOldGen       total 292352K, used 189269K [0x00000000c0000000, 0x00000000d1d80000, 0x00000000eaa80000)
  object space 292352K, 64% used [0x00000000c0000000,0x00000000cb8d57b0,0x00000000d1d80000)
 PSPermGen       total 21504K, used 6390K [0x00000000b5a00000, 0x00000000b6f00000, 0x00000000c0000000)
  object space 21504K, 29% used [0x00000000b5a00000,0x00000000b603dbf0,0x00000000b6f00000)

