# JRE version: Java(TM) SE Runtime Environment (8.0_92-b14) (build 1.8.0_92-b14)
# Java VM: Java HotSpot(TM) 64-Bit Server VM (25.92-b14 mixed mode linux-amd64 compressed oops)
Heap:
 PSYoungGen      total 677376K, used 335597K [0x000000076ab00000, 0x00000007a3600000, 0x00000007c0000000)
  eden space 555520K, 55% used [0x000000076ab00000,0x000000077d6f5178,0x000000078c980000)
  from space 121856K, 23% used [0x000000078c980000,0x000000078e546348,0x0000000794080000)
  to   space 130048K, 0% used [0x000000079b700000,0x000000079b700000,0x00000007a3600000)
 ParOldGen       total 481792K, used 291913K [0x00000006c0000000, 0x00000006dd680000, 0x000000076ab00000)
  object space 481792K, 60% used [0x00000006c0000000,0x00000006d1d126d8,0x00000006dd680000)
 Metaspace       used 6596K, capacity 7320K, committed 7680K, reserved 1056768K
  class space    used 616K, capacity 656K, committed 768K, reserved 1048576K
GC Heap History (10 events):
Event: 11,057 GC heap before
{Heap before GC invocations=10 (full 1):
 PSYoungGen      total 530944K, used 512321K [0x000000076ab00000, 0x0000000791100000, 0x00000007c0000000)
  eden space 482304K, 100% used [0x000000076ab00000,0x0000000788200000,0x0000000788200000)
  from space 48640K, 61% used [0x000000078c180000,0x000000078ded0730,0x000000078f100000)
  to   space 65024K, 0% used [0x0000000788200000,0x0000000788200000,0x000000078c180000)
 ParOldGen       total 162816K, used 84851K [0x00000006c0000000, 0x00000006c9f00000, 0x000000076ab00000)
  object space 162816K, 52% used [0x00000006c0000000,0x00000006c52dcf28,0x00000006c9f00000)
 Metaspace       used 6558K, capacity 7320K, committed 7680K, reserved 1056768K
  class space    used 616K, capacity 656K, committed 768K, reserved 1048576K
Event: 11,263 GC heap after
Heap after GC invocations=10 (full 1):
 PSYoungGen      total 547328K, used 65009K [0x000000076ab00000, 0x0000000799680000, 0x00000007c0000000)
  eden space 482304K, 0% used [0x000000076ab00000,0x000000076ab00000,0x0000000788200000)
  from space 65024K, 99% used [0x0000000788200000,0x000000078c17c538,0x000000078c180000)
  to   space 88064K, 0% used [0x0000000794080000,0x0000000794080000,0x0000000799680000)
 ParOldGen       total 162816K, used 110847K [0x00000006c0000000, 0x00000006c9f00000, 0x000000076ab00000)
  object space 162816K, 68% used [0x00000006c0000000,0x00000006c6c3fe30,0x00000006c9f00000)
 Metaspace       used 6558K, capacity 7320K, committed 7680K, reserved 1056768K
  class space    used 616K, capacity 656K, committed 768K, reserved 1048576K
}
Event: 14,433 GC heap before
{Heap before GC invocations=11 (full 1):
 PSYoungGen      total 547328K, used 547313K [0x000000076ab00000, 0x0000000799680000, 0x00000007c0000000)
  eden space 482304K, 100% used [0x000000076ab00000,0x0000000788200000,0x0000000788200000)
  from space 65024K, 99% used [0x0000000788200000,0x000000078c17c538,0x000000078c180000)
  to   space 88064K, 0% used [0x0000000794080000,0x0000000794080000,0x0000000799680000)
 ParOldGen       total 162816K, used 110847K [0x00000006c0000000, 0x00000006c9f00000, 0x000000076ab00000)
  object space 162816K, 68% used [0x00000006c0000000,0x00000006c6c3fe30,0x00000006c9f00000)
 Metaspace       used 6574K, capacity 7320K, committed 7680K, reserved 1056768K
  class space    used 616K, capacity 656K, committed 768K, reserved 1048576K
Event: 14,840 GC heap after
Heap after GC invocations=11 (full 1):
 PSYoungGen      total 643584K, used 88047K [0x000000076ab00000, 0x000000079e100000, 0x00000007c0000000)
  eden space 555520K, 0% used [0x000000076ab00000,0x000000076ab00000,0x000000078c980000)
  from space 88064K, 99% used [0x0000000794080000,0x000000079967bd60,0x0000000799680000)
  to   space 121856K, 0% used [0x000000078c980000,0x000000078c980000,0x0000000794080000)
 ParOldGen       total 162816K, used 161220K [0x00000006c0000000, 0x00000006c9f00000, 0x000000076ab00000)
  object space 162816K, 99% used [0x00000006c0000000,0x00000006c9d71020,0x00000006c9f00000)
 Metaspace       used 6574K, capacity 7320K, committed 7680K, reserved 1056768K
  class space    used 616K, capacity 656K, committed 768K, reserved 1048576K
}
Event: 14,841 GC heap before
{Heap before GC invocations=12 (full 2):
 PSYoungGen      total 643584K, used 88047K [0x000000076ab00000, 0x000000079e100000, 0x00000007c0000000)
  eden space 555520K, 0% used [0x000000076ab00000,0x000000076ab00000,0x000000078c980000)
  from space 88064K, 99% used [0x0000000794080000,0x000000079967bd60,0x0000000799680000)
  to   space 121856K, 0% used [0x000000078c980000,0x000000078c980000,0x0000000794080000)
 ParOldGen       total 162816K, used 161220K [0x00000006c0000000, 0x00000006c9f00000, 0x000000076ab00000)
  object space 162816K, 99% used [0x00000006c0000000,0x00000006c9d71020,0x00000006c9f00000)
 Metaspace       used 6574K, capacity 7320K, committed 7680K, reserved 1056768K
  class space    used 616K, capacity 656K, committed 768K, reserved 1048576K
Event: 16,439 GC heap after
Heap after GC invocations=12 (full 2):
 PSYoungGen      total 643584K, used 78933K [0x000000076ab00000, 0x000000079e100000, 0x00000007c0000000)
  eden space 555520K, 0% used [0x000000076ab00000,0x000000076ab00000,0x000000078c980000)
  from space 88064K, 89% used [0x0000000794080000,0x0000000798d95788,0x0000000799680000)
  to   space 121856K, 0% used [0x000000078c980000,0x000000078c980000,0x0000000794080000)
 ParOldGen       total 292352K, used 162343K [0x00000006c0000000, 0x00000006d1d80000, 0x000000076ab00000)
  object space 292352K, 55% used [0x00000006c0000000,0x00000006c9e89c70,0x00000006d1d80000)
 Metaspace       used 6574K, capacity 7320K, committed 7680K, reserved 1056768K
  class space    used 616K, capacity 656K, committed 768K, reserved 1048576K
}
Event: 19,358 GC heap before
{Heap before GC invocations=13 (full 2):
 PSYoungGen      total 643584K, used 634453K [0x000000076ab00000, 0x000000079e100000, 0x00000007c0000000)
  eden space 555520K, 100% used [0x000000076ab00000,0x000000078c980000,0x000000078c980000)
  from space 88064K, 89% used [0x0000000794080000,0x0000000798d95788,0x0000000799680000)
  to   space 121856K, 0% used [0x000000078c980000,0x000000078c980000,0x0000000794080000)
 ParOldGen       total 292352K, used 162343K [0x00000006c0000000, 0x00000006d1d80000, 0x000000076ab00000)
  object space 292352K, 55% used [0x00000006c0000000,0x00000006c9e89c70,0x00000006d1d80000)
 Metaspace       used 6594K, capacity 7320K, committed 7680K, reserved 1056768K
  class space    used 616K, capacity 656K, committed 768K, reserved 1048576K
Event: 19,795 GC heap after
Heap after GC invocations=13 (full 2):
 PSYoungGen      total 677376K, used 84540K [0x000000076ab00000, 0x00000007a3600000, 0x00000007c0000000)
  eden space 555520K, 0% used [0x000000076ab00000,0x000000076ab00000,0x000000078c980000)
  from space 121856K, 69% used [0x000000078c980000,0x0000000791c0f280,0x0000000794080000)
  to   space 130048K, 0% used [0x000000079b700000,0x000000079b700000,0x00000007a3600000)
 ParOldGen       total 292352K, used 240604K [0x00000006c0000000, 0x00000006d1d80000, 0x000000076ab00000)
  object space 292352K, 82% used [0x00000006c0000000,0x00000006ceaf7340,0x00000006d1d80000)
 Metaspace       used 6594K, capacity 7320K, committed 7680K, reserved 1056768K
  class space    used 616K, capacity 656K, committed 768K, reserved 1048576K
}
Event: 19,795 GC heap before
{Heap before GC invocations=14 (full 3):
 PSYoungGen      total 677376K, used 84540K [0x000000076ab00000, 0x00000007a3600000, 0x00000007c0000000)
  eden space 555520K, 0% used [0x000000076ab00000,0x000000076ab00000,0x000000078c980000)
  from space 121856K, 69% used [0x000000078c980000,0x0000000791c0f280,0x0000000794080000)
  to   space 130048K, 0% used [0x000000079b700000,0x000000079b700000,0x00000007a3600000)
 ParOldGen       total 292352K, used 240604K [0x00000006c0000000, 0x00000006d1d80000, 0x000000076ab00000)
  object space 292352K, 82% used [0x00000006c0000000,0x00000006ceaf7340,0x00000006d1d80000)
 Metaspace       used 6594K, capacity 7320K, committed 7680K, reserved 1056768K
  class space    used 616K, capacity 656K, committed 768K, reserved 1048576K
Event: 22,796 GC heap after
Heap after GC invocations=14 (full 3):
 PSYoungGen      total 677376K, used 28440K [0x000000076ab00000, 0x00000007a3600000, 0x00000007c0000000)
  eden space 555520K, 0% used [0x000000076ab00000,0x000000076ab00000,0x000000078c980000)
  from space 121856K, 23% used [0x000000078c980000,0x000000078e546348,0x0000000794080000)
  to   space 130048K, 0% used [0x000000079b700000,0x000000079b700000,0x00000007a3600000)
 ParOldGen       total 481792K, used 291913K [0x00000006c0000000, 0x00000006dd680000, 0x000000076ab00000)
  object space 481792K, 60% used [0x00000006c0000000,0x00000006d1d126d8,0x00000006dd680000)
 Metaspace       used 6594K, capacity 7320K, committed 7680K, reserved 1056768K
  class space    used 616K, capacity 656K, committed 768K, reserved 1048576K
}

