# JRE version: OpenJDK Runtime Environment (7.0_95) (build 1.7.0_95-b00)
# Java VM: OpenJDK 64-Bit Server VM (24.95-b01 mixed mode linux-amd64 compressed oops)
Heap
 PSYoungGen      total 250880K, used 241219K [0x00000000eaa80000, 0x0000000100000000, 0x0000000100000000)
  eden space 152064K, 93% used [0x00000000eaa80000,0x00000000f35ad800,0x00000000f3f00000)
  from space 98816K, 99% used [0x00000000f3f00000,0x00000000f9f63720,0x00000000f9f80000)
  to   space 98816K, 0% used [0x00000000f9f80000,0x00000000f9f80000,0x0000000100000000)
 ParOldGen       total 295424K, used 187191K [0x00000000c0000000, 0x00000000d2080000, 0x00000000eaa80000)
  object space 295424K, 63% used [0x00000000c0000000,0x00000000cb6cdde0,0x00000000d2080000)
 PSPermGen       total 21504K, used 6371K [0x00000000b5a00000, 0x00000000b6f00000, 0x00000000c0000000)
  object space 21504K, 29% used [0x00000000b5a00000,0x00000000b6038eb0,0x00000000b6f00000)
GC Heap History (10 events):
Event: 18,909 GC heap before
{Heap before GC invocations=11 (full 1):
 PSYoungGen      total 282624K, used 282621K [0x00000000eaa80000, 0x0000000100000000, 0x0000000100000000)
  eden space 215552K, 100% used [0x00000000eaa80000,0x00000000f7d00000,0x00000000f7d00000)
  from space 67072K, 99% used [0x00000000f7d00000,0x00000000fbe7f598,0x00000000fbe80000)
  to   space 67072K, 0% used [0x00000000fbe80000,0x00000000fbe80000,0x0000000100000000)
 ParOldGen       total 169472K, used 113641K [0x00000000c0000000, 0x00000000ca580000, 0x00000000eaa80000)
  object space 169472K, 67% used [0x00000000c0000000,0x00000000c6efa6a8,0x00000000ca580000)
 PSPermGen       total 21504K, used 6355K [0x00000000b5a00000, 0x00000000b6f00000, 0x00000000c0000000)
  object space 21504K, 29% used [0x00000000b5a00000,0x00000000b6034c30,0x00000000b6f00000)
Event: 19,442 GC heap after
Heap after GC invocations=11 (full 1):
 PSYoungGen      total 231424K, used 66084K [0x00000000eaa80000, 0x0000000100000000, 0x0000000100000000)
  eden space 164352K, 0% used [0x00000000eaa80000,0x00000000eaa80000,0x00000000f4b00000)
  from space 67072K, 98% used [0x00000000fbe80000,0x00000000fff09360,0x0000000100000000)
  to   space 92672K, 0% used [0x00000000f4b00000,0x00000000f4b00000,0x00000000fa580000)
 ParOldGen       total 169472K, used 151858K [0x00000000c0000000, 0x00000000ca580000, 0x00000000eaa80000)
  object space 169472K, 89% used [0x00000000c0000000,0x00000000c944cb88,0x00000000ca580000)
 PSPermGen       total 21504K, used 6355K [0x00000000b5a00000, 0x00000000b6f00000, 0x00000000c0000000)
  object space 21504K, 29% used [0x00000000b5a00000,0x00000000b6034c30,0x00000000b6f00000)
}
Event: 19,442 GC heap before
{Heap before GC invocations=12 (full 2):
 PSYoungGen      total 231424K, used 66084K [0x00000000eaa80000, 0x0000000100000000, 0x0000000100000000)
  eden space 164352K, 0% used [0x00000000eaa80000,0x00000000eaa80000,0x00000000f4b00000)
  from space 67072K, 98% used [0x00000000fbe80000,0x00000000fff09360,0x0000000100000000)
  to   space 92672K, 0% used [0x00000000f4b00000,0x00000000f4b00000,0x00000000fa580000)
 ParOldGen       total 169472K, used 151858K [0x00000000c0000000, 0x00000000ca580000, 0x00000000eaa80000)
  object space 169472K, 89% used [0x00000000c0000000,0x00000000c944cb88,0x00000000ca580000)
 PSPermGen       total 21504K, used 6355K [0x00000000b5a00000, 0x00000000b6f00000, 0x00000000c0000000)
  object space 21504K, 29% used [0x00000000b5a00000,0x00000000b6034c30,0x00000000b6f00000)
Event: 21,449 GC heap after
Heap after GC invocations=12 (full 2):
 PSYoungGen      total 231424K, used 40625K [0x00000000eaa80000, 0x0000000100000000, 0x0000000100000000)
  eden space 164352K, 0% used [0x00000000eaa80000,0x00000000eaa80000,0x00000000f4b00000)
  from space 67072K, 60% used [0x00000000fbe80000,0x00000000fe62c480,0x0000000100000000)
  to   space 92672K, 0% used [0x00000000f4b00000,0x00000000f4b00000,0x00000000fa580000)
 ParOldGen       total 295424K, used 169154K [0x00000000c0000000, 0x00000000d2080000, 0x00000000eaa80000)
  object space 295424K, 57% used [0x00000000c0000000,0x00000000ca530838,0x00000000d2080000)
 PSPermGen       total 21504K, used 6354K [0x00000000b5a00000, 0x00000000b6f00000, 0x00000000c0000000)
  object space 21504K, 29% used [0x00000000b5a00000,0x00000000b6034ab0,0x00000000b6f00000)
}
Event: 22,771 GC heap before
{Heap before GC invocations=13 (full 2):
 PSYoungGen      total 231424K, used 204977K [0x00000000eaa80000, 0x0000000100000000, 0x0000000100000000)
  eden space 164352K, 100% used [0x00000000eaa80000,0x00000000f4b00000,0x00000000f4b00000)
  from space 67072K, 60% used [0x00000000fbe80000,0x00000000fe62c480,0x0000000100000000)
  to   space 92672K, 0% used [0x00000000f4b00000,0x00000000f4b00000,0x00000000fa580000)
 ParOldGen       total 295424K, used 169154K [0x00000000c0000000, 0x00000000d2080000, 0x00000000eaa80000)
  object space 295424K, 57% used [0x00000000c0000000,0x00000000ca530838,0x00000000d2080000)
 PSPermGen       total 21504K, used 6368K [0x00000000b5a00000, 0x00000000b6f00000, 0x00000000c0000000)
  object space 21504K, 29% used [0x00000000b5a00000,0x00000000b6038020,0x00000000b6f00000)
Event: 23,149 GC heap after
Heap after GC invocations=13 (full 2):
 PSYoungGen      total 257024K, used 48131K [0x00000000eaa80000, 0x0000000100000000, 0x0000000100000000)
  eden space 164352K, 0% used [0x00000000eaa80000,0x00000000eaa80000,0x00000000f4b00000)
  from space 92672K, 51% used [0x00000000f4b00000,0x00000000f7a00d68,0x00000000fa580000)
  to   space 91136K, 0% used [0x00000000fa700000,0x00000000fa700000,0x0000000100000000)
 ParOldGen       total 295424K, used 187191K [0x00000000c0000000, 0x00000000d2080000, 0x00000000eaa80000)
  object space 295424K, 63% used [0x00000000c0000000,0x00000000cb6cdde0,0x00000000d2080000)
 PSPermGen       total 21504K, used 6368K [0x00000000b5a00000, 0x00000000b6f00000, 0x00000000c0000000)
  object space 21504K, 29% used [0x00000000b5a00000,0x00000000b6038020,0x00000000b6f00000)
}
Event: 24,258 GC heap before
{Heap before GC invocations=14 (full 2):
 PSYoungGen      total 257024K, used 212483K [0x00000000eaa80000, 0x0000000100000000, 0x0000000100000000)
  eden space 164352K, 100% used [0x00000000eaa80000,0x00000000f4b00000,0x00000000f4b00000)
  from space 92672K, 51% used [0x00000000f4b00000,0x00000000f7a00d68,0x00000000fa580000)
  to   space 91136K, 0% used [0x00000000fa700000,0x00000000fa700000,0x0000000100000000)
 ParOldGen       total 295424K, used 187191K [0x00000000c0000000, 0x00000000d2080000, 0x00000000eaa80000)
  object space 295424K, 63% used [0x00000000c0000000,0x00000000cb6cdde0,0x00000000d2080000)
 PSPermGen       total 21504K, used 6368K [0x00000000b5a00000, 0x00000000b6f00000, 0x00000000c0000000)
  object space 21504K, 29% used [0x00000000b5a00000,0x00000000b6038270,0x00000000b6f00000)
Event: 24,379 GC heap after
Heap after GC invocations=14 (full 2):
 PSYoungGen      total 243200K, used 73339K [0x00000000eaa80000, 0x0000000100000000, 0x0000000100000000)
  eden space 152064K, 0% used [0x00000000eaa80000,0x00000000eaa80000,0x00000000f3f00000)
  from space 91136K, 80% used [0x00000000fa700000,0x00000000fee9ecf8,0x0000000100000000)
  to   space 98816K, 0% used [0x00000000f3f00000,0x00000000f3f00000,0x00000000f9f80000)
 ParOldGen       total 295424K, used 187191K [0x00000000c0000000, 0x00000000d2080000, 0x00000000eaa80000)
  object space 295424K, 63% used [0x00000000c0000000,0x00000000cb6cdde0,0x00000000d2080000)
 PSPermGen       total 21504K, used 6368K [0x00000000b5a00000, 0x00000000b6f00000, 0x00000000c0000000)
  object space 21504K, 29% used [0x00000000b5a00000,0x00000000b6038270,0x00000000b6f00000)
}
Event: 25,155 GC heap before
{Heap before GC invocations=15 (full 2):
 PSYoungGen      total 243200K, used 225403K [0x00000000eaa80000, 0x0000000100000000, 0x0000000100000000)
  eden space 152064K, 100% used [0x00000000eaa80000,0x00000000f3f00000,0x00000000f3f00000)
  from space 91136K, 80% used [0x00000000fa700000,0x00000000fee9ecf8,0x0000000100000000)
  to   space 98816K, 0% used [0x00000000f3f00000,0x00000000f3f00000,0x00000000f9f80000)
 ParOldGen       total 295424K, used 187191K [0x00000000c0000000, 0x00000000d2080000, 0x00000000eaa80000)
  object space 295424K, 63% used [0x00000000c0000000,0x00000000cb6cdde0,0x00000000d2080000)
 PSPermGen       total 21504K, used 6370K [0x00000000b5a00000, 0x00000000b6f00000, 0x00000000c0000000)
  object space 21504K, 29% used [0x00000000b5a00000,0x00000000b6038a18,0x00000000b6f00000)
Event: 25,327 GC heap after
Heap after GC invocations=15 (full 2):
 PSYoungGen      total 250880K, used 98701K [0x00000000eaa80000, 0x0000000100000000, 0x0000000100000000)
  eden space 152064K, 0% used [0x00000000eaa80000,0x00000000eaa80000,0x00000000f3f00000)
  from space 98816K, 99% used [0x00000000f3f00000,0x00000000f9f63720,0x00000000f9f80000)
  to   space 98816K, 0% used [0x00000000f9f80000,0x00000000f9f80000,0x0000000100000000)
 ParOldGen       total 295424K, used 187191K [0x00000000c0000000, 0x00000000d2080000, 0x00000000eaa80000)
  object space 295424K, 63% used [0x00000000c0000000,0x00000000cb6cdde0,0x00000000d2080000)
 PSPermGen       total 21504K, used 6370K [0x00000000b5a00000, 0x00000000b6f00000, 0x00000000c0000000)
  object space 21504K, 29% used [0x00000000b5a00000,0x00000000b6038a18,0x00000000b6f00000)
}

