# JRE version: OpenJDK Runtime Environment (7.0_95) (build 1.7.0_95-b00)
# Java VM: OpenJDK 64-Bit Server VM (24.95-b01 mixed mode linux-amd64 compressed oops)
Heap
 PSYoungGen      total 203776K, used 146043K [0x00000000eaa80000, 0x0000000100000000, 0x0000000100000000)
  eden space 137728K, 76% used [0x00000000eaa80000,0x00000000f116a2c8,0x00000000f3100000)
  from space 66048K, 61% used [0x00000000fbf80000,0x00000000fe734bb0,0x0000000100000000)
  to   space 105984K, 0% used [0x00000000f3100000,0x00000000f3100000,0x00000000f9880000)
 ParOldGen       total 292352K, used 168908K [0x00000000c0000000, 0x00000000d1d80000, 0x00000000eaa80000)
  object space 292352K, 57% used [0x00000000c0000000,0x00000000ca4f3380,0x00000000d1d80000)
 PSPermGen       total 21504K, used 6369K [0x00000000b5a00000, 0x00000000b6f00000, 0x00000000c0000000)
  object space 21504K, 29% used [0x00000000b5a00000,0x00000000b6038690,0x00000000b6f00000)
GC Heap History (10 events):
Event: 14,148 GC heap before
{Heap before GC invocations=8 (full 1):
 PSYoungGen      total 280064K, used 31218K [0x00000000eaa80000, 0x0000000100000000, 0x0000000100000000)
  eden space 248832K, 0% used [0x00000000eaa80000,0x00000000eaa80000,0x00000000f9d80000)
  from space 31232K, 99% used [0x00000000f9d80000,0x00000000fbbfc848,0x00000000fbc00000)
  to   space 52736K, 0% used [0x00000000fcc80000,0x00000000fcc80000,0x0000000100000000)
 ParOldGen       total 83968K, used 83283K [0x00000000c0000000, 0x00000000c5200000, 0x00000000eaa80000)
  object space 83968K, 99% used [0x00000000c0000000,0x00000000c5154e68,0x00000000c5200000)
 PSPermGen       total 21504K, used 6308K [0x00000000b5a00000, 0x00000000b6f00000, 0x00000000c0000000)
  object space 21504K, 29% used [0x00000000b5a00000,0x00000000b6029298,0x00000000b6f00000)
Event: 15,797 GC heap after
Heap after GC invocations=8 (full 1):
 PSYoungGen      total 280064K, used 25376K [0x00000000eaa80000, 0x0000000100000000, 0x0000000100000000)
  eden space 248832K, 0% used [0x00000000eaa80000,0x00000000eaa80000,0x00000000f9d80000)
  from space 31232K, 81% used [0x00000000f9d80000,0x00000000fb6482a8,0x00000000fbc00000)
  to   space 52736K, 0% used [0x00000000fcc80000,0x00000000fcc80000,0x0000000100000000)
 ParOldGen       total 168960K, used 83517K [0x00000000c0000000, 0x00000000ca500000, 0x00000000eaa80000)
  object space 168960K, 49% used [0x00000000c0000000,0x00000000c518f770,0x00000000ca500000)
 PSPermGen       total 21504K, used 6303K [0x00000000b5a00000, 0x00000000b6f00000, 0x00000000c0000000)
  object space 21504K, 29% used [0x00000000b5a00000,0x00000000b6027d28,0x00000000b6f00000)
}
Event: 18,842 GC heap before
{Heap before GC invocations=9 (full 1):
 PSYoungGen      total 280064K, used 274208K [0x00000000eaa80000, 0x0000000100000000, 0x0000000100000000)
  eden space 248832K, 100% used [0x00000000eaa80000,0x00000000f9d80000,0x00000000f9d80000)
  from space 31232K, 81% used [0x00000000f9d80000,0x00000000fb6482a8,0x00000000fbc00000)
  to   space 52736K, 0% used [0x00000000fcc80000,0x00000000fcc80000,0x0000000100000000)
 ParOldGen       total 168960K, used 83517K [0x00000000c0000000, 0x00000000ca500000, 0x00000000eaa80000)
  object space 168960K, 49% used [0x00000000c0000000,0x00000000c518f770,0x00000000ca500000)
 PSPermGen       total 21504K, used 6320K [0x00000000b5a00000, 0x00000000b6f00000, 0x00000000c0000000)
  object space 21504K, 29% used [0x00000000b5a00000,0x00000000b602c318,0x00000000b6f00000)
Event: 19,127 GC heap after
Heap after GC invocations=9 (full 1):
 PSYoungGen      total 270336K, used 52704K [0x00000000eaa80000, 0x0000000100000000, 0x0000000100000000)
  eden space 217600K, 0% used [0x00000000eaa80000,0x00000000eaa80000,0x00000000f7f00000)
  from space 52736K, 99% used [0x00000000fcc80000,0x00000000ffff8038,0x0000000100000000)
  to   space 66048K, 0% used [0x00000000f7f00000,0x00000000f7f00000,0x00000000fbf80000)
 ParOldGen       total 168960K, used 92754K [0x00000000c0000000, 0x00000000ca500000, 0x00000000eaa80000)
  object space 168960K, 54% used [0x00000000c0000000,0x00000000c5a94b70,0x00000000ca500000)
 PSPermGen       total 21504K, used 6320K [0x00000000b5a00000, 0x00000000b6f00000, 0x00000000c0000000)
  object space 21504K, 29% used [0x00000000b5a00000,0x00000000b602c318,0x00000000b6f00000)
}
Event: 20,931 GC heap before
{Heap before GC invocations=10 (full 1):
 PSYoungGen      total 270336K, used 270304K [0x00000000eaa80000, 0x0000000100000000, 0x0000000100000000)
  eden space 217600K, 100% used [0x00000000eaa80000,0x00000000f7f00000,0x00000000f7f00000)
  from space 52736K, 99% used [0x00000000fcc80000,0x00000000ffff8038,0x0000000100000000)
  to   space 66048K, 0% used [0x00000000f7f00000,0x00000000f7f00000,0x00000000fbf80000)
 ParOldGen       total 168960K, used 92754K [0x00000000c0000000, 0x00000000ca500000, 0x00000000eaa80000)
  object space 168960K, 54% used [0x00000000c0000000,0x00000000c5a94b70,0x00000000ca500000)
 PSPermGen       total 21504K, used 6338K [0x00000000b5a00000, 0x00000000b6f00000, 0x00000000c0000000)
  object space 21504K, 29% used [0x00000000b5a00000,0x00000000b6030b30,0x00000000b6f00000)
Event: 21,392 GC heap after
Heap after GC invocations=10 (full 1):
 PSYoungGen      total 283648K, used 66028K [0x00000000eaa80000, 0x0000000100000000, 0x0000000100000000)
  eden space 217600K, 0% used [0x00000000eaa80000,0x00000000eaa80000,0x00000000f7f00000)
  from space 66048K, 99% used [0x00000000f7f00000,0x00000000fbf7b2d8,0x00000000fbf80000)
  to   space 66048K, 0% used [0x00000000fbf80000,0x00000000fbf80000,0x0000000100000000)
 ParOldGen       total 168960K, used 115426K [0x00000000c0000000, 0x00000000ca500000, 0x00000000eaa80000)
  object space 168960K, 68% used [0x00000000c0000000,0x00000000c70b8be0,0x00000000ca500000)
 PSPermGen       total 21504K, used 6338K [0x00000000b5a00000, 0x00000000b6f00000, 0x00000000c0000000)
  object space 21504K, 29% used [0x00000000b5a00000,0x00000000b6030b30,0x00000000b6f00000)
}
Event: 23,243 GC heap before
{Heap before GC invocations=11 (full 1):
 PSYoungGen      total 283648K, used 283628K [0x00000000eaa80000, 0x0000000100000000, 0x0000000100000000)
  eden space 217600K, 100% used [0x00000000eaa80000,0x00000000f7f00000,0x00000000f7f00000)
  from space 66048K, 99% used [0x00000000f7f00000,0x00000000fbf7b2d8,0x00000000fbf80000)
  to   space 66048K, 0% used [0x00000000fbf80000,0x00000000fbf80000,0x0000000100000000)
 ParOldGen       total 168960K, used 115426K [0x00000000c0000000, 0x00000000ca500000, 0x00000000eaa80000)
  object space 168960K, 68% used [0x00000000c0000000,0x00000000c70b8be0,0x00000000ca500000)
 PSPermGen       total 21504K, used 6361K [0x00000000b5a00000, 0x00000000b6f00000, 0x00000000c0000000)
  object space 21504K, 29% used [0x00000000b5a00000,0x00000000b60367d8,0x00000000b6f00000)
Event: 23,774 GC heap after
Heap after GC invocations=11 (full 1):
 PSYoungGen      total 203776K, used 66026K [0x00000000eaa80000, 0x0000000100000000, 0x0000000100000000)
  eden space 137728K, 0% used [0x00000000eaa80000,0x00000000eaa80000,0x00000000f3100000)
  from space 66048K, 99% used [0x00000000fbf80000,0x00000000ffffabb0,0x0000000100000000)
  to   space 105984K, 0% used [0x00000000f3100000,0x00000000f3100000,0x00000000f9880000)
 ParOldGen       total 168960K, used 151711K [0x00000000c0000000, 0x00000000ca500000, 0x00000000eaa80000)
  object space 168960K, 89% used [0x00000000c0000000,0x00000000c9427e00,0x00000000ca500000)
 PSPermGen       total 21504K, used 6361K [0x00000000b5a00000, 0x00000000b6f00000, 0x00000000c0000000)
  object space 21504K, 29% used [0x00000000b5a00000,0x00000000b60367d8,0x00000000b6f00000)
}
Event: 23,774 GC heap before
{Heap before GC invocations=12 (full 2):
 PSYoungGen      total 203776K, used 66026K [0x00000000eaa80000, 0x0000000100000000, 0x0000000100000000)
  eden space 137728K, 0% used [0x00000000eaa80000,0x00000000eaa80000,0x00000000f3100000)
  from space 66048K, 99% used [0x00000000fbf80000,0x00000000ffffabb0,0x0000000100000000)
  to   space 105984K, 0% used [0x00000000f3100000,0x00000000f3100000,0x00000000f9880000)
 ParOldGen       total 168960K, used 151711K [0x00000000c0000000, 0x00000000ca500000, 0x00000000eaa80000)
  object space 168960K, 89% used [0x00000000c0000000,0x00000000c9427e00,0x00000000ca500000)
 PSPermGen       total 21504K, used 6361K [0x00000000b5a00000, 0x00000000b6f00000, 0x00000000c0000000)
  object space 21504K, 29% used [0x00000000b5a00000,0x00000000b60367d8,0x00000000b6f00000)
Event: 25,949 GC heap after
Heap after GC invocations=12 (full 2):
 PSYoungGen      total 203776K, used 40658K [0x00000000eaa80000, 0x0000000100000000, 0x0000000100000000)
  eden space 137728K, 0% used [0x00000000eaa80000,0x00000000eaa80000,0x00000000f3100000)
  from space 66048K, 61% used [0x00000000fbf80000,0x00000000fe734bb0,0x0000000100000000)
  to   space 105984K, 0% used [0x00000000f3100000,0x00000000f3100000,0x00000000f9880000)
 ParOldGen       total 292352K, used 168908K [0x00000000c0000000, 0x00000000d1d80000, 0x00000000eaa80000)
  object space 292352K, 57% used [0x00000000c0000000,0x00000000ca4f3380,0x00000000d1d80000)
 PSPermGen       total 21504K, used 6361K [0x00000000b5a00000, 0x00000000b6f00000, 0x00000000c0000000)
  object space 21504K, 29% used [0x00000000b5a00000,0x00000000b6036578,0x00000000b6f00000)
}

