# JRE version: OpenJDK Runtime Environment (7.0_95) (build 1.7.0_95-b00)
# Java VM: OpenJDK 64-Bit Server VM (24.95-b01 mixed mode linux-amd64 compressed oops)
Heap
 PSYoungGen      total 233472K, used 135739K [0x00000000eaa80000, 0x0000000100000000, 0x0000000100000000)
  eden space 117248K, 99% used [0x00000000eaa80000,0x00000000f1c64af8,0x00000000f1d00000)
  from space 116224K, 16% used [0x00000000f1d00000,0x00000000f2faa140,0x00000000f8e80000)
  to   space 116224K, 0% used [0x00000000f8e80000,0x00000000f8e80000,0x0000000100000000)
 ParOldGen       total 455680K, used 380523K [0x00000000c0000000, 0x00000000dbd00000, 0x00000000eaa80000)
  object space 455680K, 83% used [0x00000000c0000000,0x00000000d739aec0,0x00000000dbd00000)
 PSPermGen       total 21504K, used 6432K [0x00000000b5a00000, 0x00000000b6f00000, 0x00000000c0000000)
  object space 21504K, 29% used [0x00000000b5a00000,0x00000000b60481e8,0x00000000b6f00000)
GC Heap History (10 events):
Event: 22,598 GC heap before
{Heap before GC invocations=20 (full 2):
 PSYoungGen      total 233472K, used 231382K [0x00000000eaa80000, 0x0000000100000000, 0x0000000100000000)
  eden space 117248K, 100% used [0x00000000eaa80000,0x00000000f1d00000,0x00000000f1d00000)
  from space 116224K, 98% used [0x00000000f1d00000,0x00000000f8c759d0,0x00000000f8e80000)
  to   space 116224K, 0% used [0x00000000f8e80000,0x00000000f8e80000,0x0000000100000000)
 ParOldGen       total 286208K, used 215635K [0x00000000c0000000, 0x00000000d1780000, 0x00000000eaa80000)
  object space 286208K, 75% used [0x00000000c0000000,0x00000000cd294f90,0x00000000d1780000)
 PSPermGen       total 21504K, used 6383K [0x00000000b5a00000, 0x00000000b6f00000, 0x00000000c0000000)
  object space 21504K, 29% used [0x00000000b5a00000,0x00000000b603bf20,0x00000000b6f00000)
Event: 22,812 GC heap after
Heap after GC invocations=20 (full 2):
 PSYoungGen      total 233472K, used 84360K [0x00000000eaa80000, 0x0000000100000000, 0x0000000100000000)
  eden space 117248K, 0% used [0x00000000eaa80000,0x00000000eaa80000,0x00000000f1d00000)
  from space 116224K, 72% used [0x00000000f8e80000,0x00000000fe0e2220,0x0000000100000000)
  to   space 116224K, 0% used [0x00000000f1d00000,0x00000000f1d00000,0x00000000f8e80000)
 ParOldGen       total 286208K, used 263009K [0x00000000c0000000, 0x00000000d1780000, 0x00000000eaa80000)
  object space 286208K, 91% used [0x00000000c0000000,0x00000000d00d87e0,0x00000000d1780000)
 PSPermGen       total 21504K, used 6383K [0x00000000b5a00000, 0x00000000b6f00000, 0x00000000c0000000)
  object space 21504K, 29% used [0x00000000b5a00000,0x00000000b603bf20,0x00000000b6f00000)
}
Event: 22,812 GC heap before
{Heap before GC invocations=21 (full 3):
 PSYoungGen      total 233472K, used 84360K [0x00000000eaa80000, 0x0000000100000000, 0x0000000100000000)
  eden space 117248K, 0% used [0x00000000eaa80000,0x00000000eaa80000,0x00000000f1d00000)
  from space 116224K, 72% used [0x00000000f8e80000,0x00000000fe0e2220,0x0000000100000000)
  to   space 116224K, 0% used [0x00000000f1d00000,0x00000000f1d00000,0x00000000f8e80000)
 ParOldGen       total 286208K, used 263009K [0x00000000c0000000, 0x00000000d1780000, 0x00000000eaa80000)
  object space 286208K, 91% used [0x00000000c0000000,0x00000000d00d87e0,0x00000000d1780000)
 PSPermGen       total 21504K, used 6383K [0x00000000b5a00000, 0x00000000b6f00000, 0x00000000c0000000)
  object space 21504K, 29% used [0x00000000b5a00000,0x00000000b603bf20,0x00000000b6f00000)
Event: 26,975 GC heap after
Heap after GC invocations=21 (full 3):
 PSYoungGen      total 233472K, used 57498K [0x00000000eaa80000, 0x0000000100000000, 0x0000000100000000)
  eden space 117248K, 0% used [0x00000000eaa80000,0x00000000eaa80000,0x00000000f1d00000)
  from space 116224K, 49% used [0x00000000f8e80000,0x00000000fc6a6818,0x0000000100000000)
  to   space 116224K, 0% used [0x00000000f1d00000,0x00000000f1d00000,0x00000000f8e80000)
 ParOldGen       total 455680K, used 286020K [0x00000000c0000000, 0x00000000dbd00000, 0x00000000eaa80000)
  object space 455680K, 62% used [0x00000000c0000000,0x00000000d17512d0,0x00000000dbd00000)
 PSPermGen       total 21504K, used 6383K [0x00000000b5a00000, 0x00000000b6f00000, 0x00000000c0000000)
  object space 21504K, 29% used [0x00000000b5a00000,0x00000000b603bc40,0x00000000b6f00000)
}
Event: 27,546 GC heap before
{Heap before GC invocations=22 (full 3):
 PSYoungGen      total 233472K, used 174746K [0x00000000eaa80000, 0x0000000100000000, 0x0000000100000000)
  eden space 117248K, 100% used [0x00000000eaa80000,0x00000000f1d00000,0x00000000f1d00000)
  from space 116224K, 49% used [0x00000000f8e80000,0x00000000fc6a6818,0x0000000100000000)
  to   space 116224K, 0% used [0x00000000f1d00000,0x00000000f1d00000,0x00000000f8e80000)
 ParOldGen       total 455680K, used 286020K [0x00000000c0000000, 0x00000000dbd00000, 0x00000000eaa80000)
  object space 455680K, 62% used [0x00000000c0000000,0x00000000d17512d0,0x00000000dbd00000)
 PSPermGen       total 21504K, used 6391K [0x00000000b5a00000, 0x00000000b6f00000, 0x00000000c0000000)
  object space 21504K, 29% used [0x00000000b5a00000,0x00000000b603dc60,0x00000000b6f00000)
Event: 28,042 GC heap after
Heap after GC invocations=22 (full 3):
 PSYoungGen      total 233472K, used 47332K [0x00000000eaa80000, 0x0000000100000000, 0x0000000100000000)
  eden space 117248K, 0% used [0x00000000eaa80000,0x00000000eaa80000,0x00000000f1d00000)
  from space 116224K, 40% used [0x00000000f1d00000,0x00000000f4b39320,0x00000000f8e80000)
  to   space 116224K, 0% used [0x00000000f8e80000,0x00000000f8e80000,0x0000000100000000)
 ParOldGen       total 455680K, used 315544K [0x00000000c0000000, 0x00000000dbd00000, 0x00000000eaa80000)
  object space 455680K, 69% used [0x00000000c0000000,0x00000000d3426398,0x00000000dbd00000)
 PSPermGen       total 21504K, used 6391K [0x00000000b5a00000, 0x00000000b6f00000, 0x00000000c0000000)
  object space 21504K, 29% used [0x00000000b5a00000,0x00000000b603dc60,0x00000000b6f00000)
}
Event: 28,541 GC heap before
{Heap before GC invocations=23 (full 3):
 PSYoungGen      total 233472K, used 164580K [0x00000000eaa80000, 0x0000000100000000, 0x0000000100000000)
  eden space 117248K, 100% used [0x00000000eaa80000,0x00000000f1d00000,0x00000000f1d00000)
  from space 116224K, 40% used [0x00000000f1d00000,0x00000000f4b39320,0x00000000f8e80000)
  to   space 116224K, 0% used [0x00000000f8e80000,0x00000000f8e80000,0x0000000100000000)
 ParOldGen       total 455680K, used 315544K [0x00000000c0000000, 0x00000000dbd00000, 0x00000000eaa80000)
  object space 455680K, 69% used [0x00000000c0000000,0x00000000d3426398,0x00000000dbd00000)
 PSPermGen       total 21504K, used 6428K [0x00000000b5a00000, 0x00000000b6f00000, 0x00000000c0000000)
  object space 21504K, 29% used [0x00000000b5a00000,0x00000000b6047378,0x00000000b6f00000)
Event: 28,744 GC heap after
Heap after GC invocations=23 (full 3):
 PSYoungGen      total 233472K, used 37918K [0x00000000eaa80000, 0x0000000100000000, 0x0000000100000000)
  eden space 117248K, 0% used [0x00000000eaa80000,0x00000000eaa80000,0x00000000f1d00000)
  from space 116224K, 32% used [0x00000000f8e80000,0x00000000fb387900,0x0000000100000000)
  to   space 116224K, 0% used [0x00000000f1d00000,0x00000000f1d00000,0x00000000f8e80000)
 ParOldGen       total 455680K, used 343315K [0x00000000c0000000, 0x00000000dbd00000, 0x00000000eaa80000)
  object space 455680K, 75% used [0x00000000c0000000,0x00000000d4f44ed0,0x00000000dbd00000)
 PSPermGen       total 21504K, used 6428K [0x00000000b5a00000, 0x00000000b6f00000, 0x00000000c0000000)
  object space 21504K, 29% used [0x00000000b5a00000,0x00000000b6047378,0x00000000b6f00000)
}
Event: 29,202 GC heap before
{Heap before GC invocations=24 (full 3):
 PSYoungGen      total 233472K, used 155166K [0x00000000eaa80000, 0x0000000100000000, 0x0000000100000000)
  eden space 117248K, 100% used [0x00000000eaa80000,0x00000000f1d00000,0x00000000f1d00000)
  from space 116224K, 32% used [0x00000000f8e80000,0x00000000fb387900,0x0000000100000000)
  to   space 116224K, 0% used [0x00000000f1d00000,0x00000000f1d00000,0x00000000f8e80000)
 ParOldGen       total 455680K, used 343315K [0x00000000c0000000, 0x00000000dbd00000, 0x00000000eaa80000)
  object space 455680K, 75% used [0x00000000c0000000,0x00000000d4f44ed0,0x00000000dbd00000)
 PSPermGen       total 21504K, used 6432K [0x00000000b5a00000, 0x00000000b6f00000, 0x00000000c0000000)
  object space 21504K, 29% used [0x00000000b5a00000,0x00000000b6048000,0x00000000b6f00000)
Event: 29,410 GC heap after
Heap after GC invocations=24 (full 3):
 PSYoungGen      total 233472K, used 19112K [0x00000000eaa80000, 0x0000000100000000, 0x0000000100000000)
  eden space 117248K, 0% used [0x00000000eaa80000,0x00000000eaa80000,0x00000000f1d00000)
  from space 116224K, 16% used [0x00000000f1d00000,0x00000000f2faa140,0x00000000f8e80000)
  to   space 116224K, 0% used [0x00000000f8e80000,0x00000000f8e80000,0x0000000100000000)
 ParOldGen       total 455680K, used 380523K [0x00000000c0000000, 0x00000000dbd00000, 0x00000000eaa80000)
  object space 455680K, 83% used [0x00000000c0000000,0x00000000d739aec0,0x00000000dbd00000)
 PSPermGen       total 21504K, used 6432K [0x00000000b5a00000, 0x00000000b6f00000, 0x00000000c0000000)
  object space 21504K, 29% used [0x00000000b5a00000,0x00000000b6048000,0x00000000b6f00000)
}

