# JRE version: OpenJDK Runtime Environment (7.0_95) (build 1.7.0_95-b00)
# Java VM: OpenJDK 64-Bit Server VM (24.95-b01 mixed mode linux-amd64 compressed oops)
Heap
 PSYoungGen      total 238592K, used 162233K [0x00000000eaa80000, 0x0000000100000000, 0x0000000100000000)
  eden space 122880K, 89% used [0x00000000eaa80000,0x00000000f1565700,0x00000000f2280000)
  from space 115712K, 45% used [0x00000000f8e00000,0x00000000fc188f40,0x00000000fff00000)
  to   space 110080K, 0% used [0x00000000f2280000,0x00000000f2280000,0x00000000f8e00000)
 ParOldGen       total 445952K, used 314846K [0x00000000c0000000, 0x00000000db380000, 0x00000000eaa80000)
  object space 445952K, 70% used [0x00000000c0000000,0x00000000d33779f8,0x00000000db380000)
 PSPermGen       total 21504K, used 6432K [0x00000000b5a00000, 0x00000000b6f00000, 0x00000000c0000000)
  object space 21504K, 29% used [0x00000000b5a00000,0x00000000b6048110,0x00000000b6f00000)
GC Heap History (10 events):
Event: 29,183 GC heap before
{Heap before GC invocations=17 (full 2):
 PSYoungGen      total 224768K, used 214441K [0x00000000eaa80000, 0x0000000100000000, 0x0000000100000000)
  eden space 123392K, 100% used [0x00000000eaa80000,0x00000000f2300000,0x00000000f2300000)
  from space 101376K, 89% used [0x00000000f9d00000,0x00000000ff5ea788,0x0000000100000000)
  to   space 113152K, 0% used [0x00000000f2300000,0x00000000f2300000,0x00000000f9180000)
 ParOldGen       total 286208K, used 206927K [0x00000000c0000000, 0x00000000d1780000, 0x00000000eaa80000)
  object space 286208K, 72% used [0x00000000c0000000,0x00000000cca13c20,0x00000000d1780000)
 PSPermGen       total 21504K, used 6385K [0x00000000b5a00000, 0x00000000b6f00000, 0x00000000c0000000)
  object space 21504K, 29% used [0x00000000b5a00000,0x00000000b603c710,0x00000000b6f00000)
Event: 29,379 GC heap after
Heap after GC invocations=17 (full 2):
 PSYoungGen      total 211968K, used 88500K [0x00000000eaa80000, 0x0000000100000000, 0x0000000100000000)
  eden space 123392K, 0% used [0x00000000eaa80000,0x00000000eaa80000,0x00000000f2300000)
  from space 88576K, 99% used [0x00000000f2300000,0x00000000f796d3f0,0x00000000f7980000)
  to   space 116224K, 0% used [0x00000000f8e80000,0x00000000f8e80000,0x0000000100000000)
 ParOldGen       total 286208K, used 228977K [0x00000000c0000000, 0x00000000d1780000, 0x00000000eaa80000)
  object space 286208K, 80% used [0x00000000c0000000,0x00000000cdf9c768,0x00000000d1780000)
 PSPermGen       total 21504K, used 6385K [0x00000000b5a00000, 0x00000000b6f00000, 0x00000000c0000000)
  object space 21504K, 29% used [0x00000000b5a00000,0x00000000b603c710,0x00000000b6f00000)
}
Event: 29,771 GC heap before
{Heap before GC invocations=18 (full 2):
 PSYoungGen      total 211968K, used 211892K [0x00000000eaa80000, 0x0000000100000000, 0x0000000100000000)
  eden space 123392K, 100% used [0x00000000eaa80000,0x00000000f2300000,0x00000000f2300000)
  from space 88576K, 99% used [0x00000000f2300000,0x00000000f796d3f0,0x00000000f7980000)
  to   space 116224K, 0% used [0x00000000f8e80000,0x00000000f8e80000,0x0000000100000000)
 ParOldGen       total 286208K, used 228977K [0x00000000c0000000, 0x00000000d1780000, 0x00000000eaa80000)
  object space 286208K, 80% used [0x00000000c0000000,0x00000000cdf9c768,0x00000000d1780000)
 PSPermGen       total 21504K, used 6387K [0x00000000b5a00000, 0x00000000b6f00000, 0x00000000c0000000)
  object space 21504K, 29% used [0x00000000b5a00000,0x00000000b603ce20,0x00000000b6f00000)
Event: 30,005 GC heap after
Heap after GC invocations=18 (full 2):
 PSYoungGen      total 233472K, used 64559K [0x00000000eaa80000, 0x0000000100000000, 0x0000000100000000)
  eden space 117248K, 0% used [0x00000000eaa80000,0x00000000eaa80000,0x00000000f1d00000)
  from space 116224K, 55% used [0x00000000f8e80000,0x00000000fcd8bde8,0x0000000100000000)
  to   space 116224K, 0% used [0x00000000f1d00000,0x00000000f1d00000,0x00000000f8e80000)
 ParOldGen       total 286208K, used 272648K [0x00000000c0000000, 0x00000000d1780000, 0x00000000eaa80000)
  object space 286208K, 95% used [0x00000000c0000000,0x00000000d0a42318,0x00000000d1780000)
 PSPermGen       total 21504K, used 6387K [0x00000000b5a00000, 0x00000000b6f00000, 0x00000000c0000000)
  object space 21504K, 29% used [0x00000000b5a00000,0x00000000b603ce20,0x00000000b6f00000)
}
Event: 30,005 GC heap before
{Heap before GC invocations=19 (full 3):
 PSYoungGen      total 233472K, used 64559K [0x00000000eaa80000, 0x0000000100000000, 0x0000000100000000)
  eden space 117248K, 0% used [0x00000000eaa80000,0x00000000eaa80000,0x00000000f1d00000)
  from space 116224K, 55% used [0x00000000f8e80000,0x00000000fcd8bde8,0x0000000100000000)
  to   space 116224K, 0% used [0x00000000f1d00000,0x00000000f1d00000,0x00000000f8e80000)
 ParOldGen       total 286208K, used 272648K [0x00000000c0000000, 0x00000000d1780000, 0x00000000eaa80000)
  object space 286208K, 95% used [0x00000000c0000000,0x00000000d0a42318,0x00000000d1780000)
 PSPermGen       total 21504K, used 6387K [0x00000000b5a00000, 0x00000000b6f00000, 0x00000000c0000000)
  object space 21504K, 29% used [0x00000000b5a00000,0x00000000b603ce20,0x00000000b6f00000)
Event: 32,444 GC heap after
Heap after GC invocations=19 (full 3):
 PSYoungGen      total 233472K, used 46904K [0x00000000eaa80000, 0x0000000100000000, 0x0000000100000000)
  eden space 117248K, 0% used [0x00000000eaa80000,0x00000000eaa80000,0x00000000f1d00000)
  from space 116224K, 40% used [0x00000000f8e80000,0x00000000fbc4e038,0x0000000100000000)
  to   space 116224K, 0% used [0x00000000f1d00000,0x00000000f1d00000,0x00000000f8e80000)
 ParOldGen       total 445952K, used 286000K [0x00000000c0000000, 0x00000000db380000, 0x00000000eaa80000)
  object space 445952K, 64% used [0x00000000c0000000,0x00000000d174c328,0x00000000db380000)
 PSPermGen       total 21504K, used 6387K [0x00000000b5a00000, 0x00000000b6f00000, 0x00000000c0000000)
  object space 21504K, 29% used [0x00000000b5a00000,0x00000000b603cca0,0x00000000b6f00000)
}
Event: 32,679 GC heap before
{Heap before GC invocations=20 (full 3):
 PSYoungGen      total 233472K, used 164152K [0x00000000eaa80000, 0x0000000100000000, 0x0000000100000000)
  eden space 117248K, 100% used [0x00000000eaa80000,0x00000000f1d00000,0x00000000f1d00000)
  from space 116224K, 40% used [0x00000000f8e80000,0x00000000fbc4e038,0x0000000100000000)
  to   space 116224K, 0% used [0x00000000f1d00000,0x00000000f1d00000,0x00000000f8e80000)
 ParOldGen       total 445952K, used 286000K [0x00000000c0000000, 0x00000000db380000, 0x00000000eaa80000)
  object space 445952K, 64% used [0x00000000c0000000,0x00000000d174c328,0x00000000db380000)
 PSPermGen       total 21504K, used 6391K [0x00000000b5a00000, 0x00000000b6f00000, 0x00000000c0000000)
  object space 21504K, 29% used [0x00000000b5a00000,0x00000000b603dc28,0x00000000b6f00000)
Event: 32,892 GC heap after
Heap after GC invocations=20 (full 3):
 PSYoungGen      total 154112K, used 36704K [0x00000000eaa80000, 0x00000000fff00000, 0x0000000100000000)
  eden space 117248K, 0% used [0x00000000eaa80000,0x00000000eaa80000,0x00000000f1d00000)
  from space 36864K, 99% used [0x00000000f1d00000,0x00000000f40d8000,0x00000000f4100000)
  to   space 115712K, 0% used [0x00000000f8e00000,0x00000000f8e00000,0x00000000fff00000)
 ParOldGen       total 445952K, used 314846K [0x00000000c0000000, 0x00000000db380000, 0x00000000eaa80000)
  object space 445952K, 70% used [0x00000000c0000000,0x00000000d33779f8,0x00000000db380000)
 PSPermGen       total 21504K, used 6391K [0x00000000b5a00000, 0x00000000b6f00000, 0x00000000c0000000)
  object space 21504K, 29% used [0x00000000b5a00000,0x00000000b603dc28,0x00000000b6f00000)
}
Event: 33,103 GC heap before
{Heap before GC invocations=21 (full 3):
 PSYoungGen      total 154112K, used 153952K [0x00000000eaa80000, 0x00000000fff00000, 0x0000000100000000)
  eden space 117248K, 100% used [0x00000000eaa80000,0x00000000f1d00000,0x00000000f1d00000)
  from space 36864K, 99% used [0x00000000f1d00000,0x00000000f40d8000,0x00000000f4100000)
  to   space 115712K, 0% used [0x00000000f8e00000,0x00000000f8e00000,0x00000000fff00000)
 ParOldGen       total 445952K, used 314846K [0x00000000c0000000, 0x00000000db380000, 0x00000000eaa80000)
  object space 445952K, 70% used [0x00000000c0000000,0x00000000d33779f8,0x00000000db380000)
 PSPermGen       total 21504K, used 6393K [0x00000000b5a00000, 0x00000000b6f00000, 0x00000000c0000000)
  object space 21504K, 29% used [0x00000000b5a00000,0x00000000b603e478,0x00000000b6f00000)
Event: 33,185 GC heap after
Heap after GC invocations=21 (full 3):
 PSYoungGen      total 238592K, used 52771K [0x00000000eaa80000, 0x0000000100000000, 0x0000000100000000)
  eden space 122880K, 0% used [0x00000000eaa80000,0x00000000eaa80000,0x00000000f2280000)
  from space 115712K, 45% used [0x00000000f8e00000,0x00000000fc188f40,0x00000000fff00000)
  to   space 110080K, 0% used [0x00000000f2280000,0x00000000f2280000,0x00000000f8e00000)
 ParOldGen       total 445952K, used 314846K [0x00000000c0000000, 0x00000000db380000, 0x00000000eaa80000)
  object space 445952K, 70% used [0x00000000c0000000,0x00000000d33779f8,0x00000000db380000)
 PSPermGen       total 21504K, used 6393K [0x00000000b5a00000, 0x00000000b6f00000, 0x00000000c0000000)
  object space 21504K, 29% used [0x00000000b5a00000,0x00000000b603e478,0x00000000b6f00000)
}

