# JRE version: OpenJDK Runtime Environment (7.0_95) (build 1.7.0_95-b00)
# Java VM: OpenJDK 64-Bit Server VM (24.95-b01 mixed mode linux-amd64 compressed oops)
Heap
 PSYoungGen      total 225792K, used 215510K [0x00000000eaa80000, 0x0000000100000000, 0x0000000100000000)
  eden space 125440K, 100% used [0x00000000eaa80000,0x00000000f2500000,0x00000000f2500000)
  from space 100352K, 89% used [0x00000000f9e00000,0x00000000ff5f5960,0x0000000100000000)
  to   space 112128K, 61% used [0x00000000f2500000,0x00000000f6894490,0x00000000f9280000)
 ParOldGen       total 293376K, used 206846K [0x00000000c0000000, 0x00000000d1e80000, 0x00000000eaa80000)
  object space 293376K, 70% used [0x00000000c0000000,0x00000000cc9ff900,0x00000000d1e80000)
 PSPermGen       total 21504K, used 6391K [0x00000000b5a00000, 0x00000000b6f00000, 0x00000000c0000000)
  object space 21504K, 29% used [0x00000000b5a00000,0x00000000b603df38,0x00000000b6f00000)
GC Heap History (10 events):
Event: 23,262 GC heap after
Heap after GC invocations=12 (full 2):
 PSYoungGen      total 205824K, used 40281K [0x00000000eaa80000, 0x0000000100000000, 0x0000000100000000)
  eden space 141824K, 0% used [0x00000000eaa80000,0x00000000eaa80000,0x00000000f3500000)
  from space 64000K, 62% used [0x00000000fc180000,0x00000000fe8d6688,0x0000000100000000)
  to   space 103936K, 0% used [0x00000000f3500000,0x00000000f3500000,0x00000000f9a80000)
 ParOldGen       total 293376K, used 166666K [0x00000000c0000000, 0x00000000d1e80000, 0x00000000eaa80000)
  object space 293376K, 56% used [0x00000000c0000000,0x00000000ca2c2b88,0x00000000d1e80000)
 PSPermGen       total 21504K, used 6357K [0x00000000b5a00000, 0x00000000b6f00000, 0x00000000c0000000)
  object space 21504K, 29% used [0x00000000b5a00000,0x00000000b60357f8,0x00000000b6f00000)
}
Event: 23,858 GC heap before
{Heap before GC invocations=13 (full 2):
 PSYoungGen      total 205824K, used 182105K [0x00000000eaa80000, 0x0000000100000000, 0x0000000100000000)
  eden space 141824K, 100% used [0x00000000eaa80000,0x00000000f3500000,0x00000000f3500000)
  from space 64000K, 62% used [0x00000000fc180000,0x00000000fe8d6688,0x0000000100000000)
  to   space 103936K, 0% used [0x00000000f3500000,0x00000000f3500000,0x00000000f9a80000)
 ParOldGen       total 293376K, used 166666K [0x00000000c0000000, 0x00000000d1e80000, 0x00000000eaa80000)
  object space 293376K, 56% used [0x00000000c0000000,0x00000000ca2c2b88,0x00000000d1e80000)
 PSPermGen       total 21504K, used 6366K [0x00000000b5a00000, 0x00000000b6f00000, 0x00000000c0000000)
  object space 21504K, 29% used [0x00000000b5a00000,0x00000000b6037840,0x00000000b6f00000)
Event: 24,024 GC heap after
Heap after GC invocations=13 (full 2):
 PSYoungGen      total 245760K, used 23181K [0x00000000eaa80000, 0x0000000100000000, 0x0000000100000000)
  eden space 141824K, 0% used [0x00000000eaa80000,0x00000000eaa80000,0x00000000f3500000)
  from space 103936K, 22% used [0x00000000f3500000,0x00000000f4ba36b8,0x00000000f9a80000)
  to   space 100864K, 0% used [0x00000000f9d80000,0x00000000f9d80000,0x0000000100000000)
 ParOldGen       total 293376K, used 206846K [0x00000000c0000000, 0x00000000d1e80000, 0x00000000eaa80000)
  object space 293376K, 70% used [0x00000000c0000000,0x00000000cc9ff900,0x00000000d1e80000)
 PSPermGen       total 21504K, used 6366K [0x00000000b5a00000, 0x00000000b6f00000, 0x00000000c0000000)
  object space 21504K, 29% used [0x00000000b5a00000,0x00000000b6037840,0x00000000b6f00000)
}
Event: 24,527 GC heap before
{Heap before GC invocations=14 (full 2):
 PSYoungGen      total 245760K, used 165005K [0x00000000eaa80000, 0x0000000100000000, 0x0000000100000000)
  eden space 141824K, 100% used [0x00000000eaa80000,0x00000000f3500000,0x00000000f3500000)
  from space 103936K, 22% used [0x00000000f3500000,0x00000000f4ba36b8,0x00000000f9a80000)
  to   space 100864K, 0% used [0x00000000f9d80000,0x00000000f9d80000,0x0000000100000000)
 ParOldGen       total 293376K, used 206846K [0x00000000c0000000, 0x00000000d1e80000, 0x00000000eaa80000)
  object space 293376K, 70% used [0x00000000c0000000,0x00000000cc9ff900,0x00000000d1e80000)
 PSPermGen       total 21504K, used 6379K [0x00000000b5a00000, 0x00000000b6f00000, 0x00000000c0000000)
  object space 21504K, 29% used [0x00000000b5a00000,0x00000000b603afa0,0x00000000b6f00000)
Event: 24,589 GC heap after
Heap after GC invocations=14 (full 2):
 PSYoungGen      total 234496K, used 44342K [0x00000000eaa80000, 0x00000000ff500000, 0x0000000100000000)
  eden space 144896K, 0% used [0x00000000eaa80000,0x00000000eaa80000,0x00000000f3800000)
  from space 89600K, 49% used [0x00000000f9d80000,0x00000000fc8cd9a8,0x00000000ff500000)
  to   space 96768K, 0% used [0x00000000f3800000,0x00000000f3800000,0x00000000f9680000)
 ParOldGen       total 293376K, used 206846K [0x00000000c0000000, 0x00000000d1e80000, 0x00000000eaa80000)
  object space 293376K, 70% used [0x00000000c0000000,0x00000000cc9ff900,0x00000000d1e80000)
 PSPermGen       total 21504K, used 6379K [0x00000000b5a00000, 0x00000000b6f00000, 0x00000000c0000000)
  object space 21504K, 29% used [0x00000000b5a00000,0x00000000b603afa0,0x00000000b6f00000)
}
Event: 25,207 GC heap before
{Heap before GC invocations=15 (full 2):
 PSYoungGen      total 234496K, used 189238K [0x00000000eaa80000, 0x00000000ff500000, 0x0000000100000000)
  eden space 144896K, 100% used [0x00000000eaa80000,0x00000000f3800000,0x00000000f3800000)
  from space 89600K, 49% used [0x00000000f9d80000,0x00000000fc8cd9a8,0x00000000ff500000)
  to   space 96768K, 0% used [0x00000000f3800000,0x00000000f3800000,0x00000000f9680000)
 ParOldGen       total 293376K, used 206846K [0x00000000c0000000, 0x00000000d1e80000, 0x00000000eaa80000)
  object space 293376K, 70% used [0x00000000c0000000,0x00000000cc9ff900,0x00000000d1e80000)
 PSPermGen       total 21504K, used 6385K [0x00000000b5a00000, 0x00000000b6f00000, 0x00000000c0000000)
  object space 21504K, 29% used [0x00000000b5a00000,0x00000000b603c440,0x00000000b6f00000)
Event: 25,302 GC heap after
Heap after GC invocations=15 (full 2):
 PSYoungGen      total 241664K, used 64903K [0x00000000eaa80000, 0x0000000100000000, 0x0000000100000000)
  eden space 144896K, 0% used [0x00000000eaa80000,0x00000000eaa80000,0x00000000f3800000)
  from space 96768K, 67% used [0x00000000f3800000,0x00000000f7761dc0,0x00000000f9680000)
  to   space 100352K, 0% used [0x00000000f9e00000,0x00000000f9e00000,0x0000000100000000)
 ParOldGen       total 293376K, used 206846K [0x00000000c0000000, 0x00000000d1e80000, 0x00000000eaa80000)
  object space 293376K, 70% used [0x00000000c0000000,0x00000000cc9ff900,0x00000000d1e80000)
 PSPermGen       total 21504K, used 6385K [0x00000000b5a00000, 0x00000000b6f00000, 0x00000000c0000000)
  object space 21504K, 29% used [0x00000000b5a00000,0x00000000b603c440,0x00000000b6f00000)
}
Event: 26,083 GC heap before
{Heap before GC invocations=16 (full 2):
 PSYoungGen      total 241664K, used 209799K [0x00000000eaa80000, 0x0000000100000000, 0x0000000100000000)
  eden space 144896K, 100% used [0x00000000eaa80000,0x00000000f3800000,0x00000000f3800000)
  from space 96768K, 67% used [0x00000000f3800000,0x00000000f7761dc0,0x00000000f9680000)
  to   space 100352K, 0% used [0x00000000f9e00000,0x00000000f9e00000,0x0000000100000000)
 ParOldGen       total 293376K, used 206846K [0x00000000c0000000, 0x00000000d1e80000, 0x00000000eaa80000)
  object space 293376K, 70% used [0x00000000c0000000,0x00000000cc9ff900,0x00000000d1e80000)
 PSPermGen       total 21504K, used 6390K [0x00000000b5a00000, 0x00000000b6f00000, 0x00000000c0000000)
  object space 21504K, 29% used [0x00000000b5a00000,0x00000000b603db20,0x00000000b6f00000)
Event: 26,236 GC heap after
Heap after GC invocations=16 (full 2):
 PSYoungGen      total 225792K, used 90070K [0x00000000eaa80000, 0x0000000100000000, 0x0000000100000000)
  eden space 125440K, 0% used [0x00000000eaa80000,0x00000000eaa80000,0x00000000f2500000)
  from space 100352K, 89% used [0x00000000f9e00000,0x00000000ff5f5960,0x0000000100000000)
  to   space 112128K, 0% used [0x00000000f2500000,0x00000000f2500000,0x00000000f9280000)
 ParOldGen       total 293376K, used 206846K [0x00000000c0000000, 0x00000000d1e80000, 0x00000000eaa80000)
  object space 293376K, 70% used [0x00000000c0000000,0x00000000cc9ff900,0x00000000d1e80000)
 PSPermGen       total 21504K, used 6390K [0x00000000b5a00000, 0x00000000b6f00000, 0x00000000c0000000)
  object space 21504K, 29% used [0x00000000b5a00000,0x00000000b603db20,0x00000000b6f00000)
}
Event: 26,626 GC heap before
{Heap before GC invocations=17 (full 2):
 PSYoungGen      total 225792K, used 215510K [0x00000000eaa80000, 0x0000000100000000, 0x0000000100000000)
  eden space 125440K, 100% used [0x00000000eaa80000,0x00000000f2500000,0x00000000f2500000)
  from space 100352K, 89% used [0x00000000f9e00000,0x00000000ff5f5960,0x0000000100000000)
  to   space 112128K, 0% used [0x00000000f2500000,0x00000000f2500000,0x00000000f9280000)
 ParOldGen       total 293376K, used 206846K [0x00000000c0000000, 0x00000000d1e80000, 0x00000000eaa80000)
  object space 293376K, 70% used [0x00000000c0000000,0x00000000cc9ff900,0x00000000d1e80000)
 PSPermGen       total 21504K, used 6391K [0x00000000b5a00000, 0x00000000b6f00000, 0x00000000c0000000)
  object space 21504K, 29% used [0x00000000b5a00000,0x00000000b603df38,0x00000000b6f00000)

