# JRE version: Java(TM) SE Runtime Environment (8.0_92-b14) (build 1.8.0_92-b14)
# Java VM: Java HotSpot(TM) 64-Bit Server VM (25.92-b14 mixed mode linux-amd64 compressed oops)
Heap:
 PSYoungGen      total 793088K, used 299218K [0x000000076ab00000, 0x00000007afe00000, 0x00000007c0000000)
  eden space 648192K, 23% used [0x000000076ab00000,0x00000007741b9ec8,0x0000000792400000)
  from space 144896K, 99% used [0x0000000792400000,0x000000079b17acb8,0x000000079b180000)
  to   space 192000K, 0% used [0x00000007a4280000,0x00000007a4280000,0x00000007afe00000)
 ParOldGen       total 477184K, used 350783K [0x00000006c0000000, 0x00000006dd200000, 0x000000076ab00000)
  object space 477184K, 73% used [0x00000006c0000000,0x00000006d568ff90,0x00000006dd200000)
 Metaspace       used 6599K, capacity 7320K, committed 7680K, reserved 1056768K
  class space    used 616K, capacity 656K, committed 768K, reserved 1048576K
GC Heap History (10 events):
Event: 21,091 GC heap before
{Heap before GC invocations=12 (full 2):
 PSYoungGen      total 656384K, used 88572K [0x000000076ab00000, 0x000000079ec80000, 0x00000007c0000000)
  eden space 567808K, 0% used [0x000000076ab00000,0x000000076ab00000,0x000000078d580000)
  from space 88576K, 99% used [0x0000000794d00000,0x000000079a37f2d0,0x000000079a380000)
  to   space 122368K, 0% used [0x000000078d580000,0x000000078d580000,0x0000000794d00000)
 ParOldGen       total 162816K, used 160785K [0x00000006c0000000, 0x00000006c9f00000, 0x000000076ab00000)
  object space 162816K, 98% used [0x00000006c0000000,0x00000006c9d04520,0x00000006c9f00000)
 Metaspace       used 6581K, capacity 7320K, committed 7680K, reserved 1056768K
  class space    used 616K, capacity 656K, committed 768K, reserved 1048576K
Event: 23,551 GC heap after
Heap after GC invocations=12 (full 2):
 PSYoungGen      total 656384K, used 78468K [0x000000076ab00000, 0x000000079ec80000, 0x00000007c0000000)
  eden space 567808K, 0% used [0x000000076ab00000,0x000000076ab00000,0x000000078d580000)
  from space 88576K, 88% used [0x0000000794d00000,0x00000007999a1340,0x000000079a380000)
  to   space 122368K, 0% used [0x000000078d580000,0x000000078d580000,0x0000000794d00000)
 ParOldGen       total 290816K, used 162573K [0x00000006c0000000, 0x00000006d1c00000, 0x000000076ab00000)
  object space 290816K, 55% used [0x00000006c0000000,0x00000006c9ec3628,0x00000006d1c00000)
 Metaspace       used 6581K, capacity 7320K, committed 7680K, reserved 1056768K
  class space    used 616K, capacity 656K, committed 768K, reserved 1048576K
}
Event: 28,449 GC heap before
{Heap before GC invocations=13 (full 2):
 PSYoungGen      total 656384K, used 646276K [0x000000076ab00000, 0x000000079ec80000, 0x00000007c0000000)
  eden space 567808K, 100% used [0x000000076ab00000,0x000000078d580000,0x000000078d580000)
  from space 88576K, 88% used [0x0000000794d00000,0x00000007999a1340,0x000000079a380000)
  to   space 122368K, 0% used [0x000000078d580000,0x000000078d580000,0x0000000794d00000)
 ParOldGen       total 290816K, used 162573K [0x00000006c0000000, 0x00000006d1c00000, 0x000000076ab00000)
  object space 290816K, 55% used [0x00000006c0000000,0x00000006c9ec3628,0x00000006d1c00000)
 Metaspace       used 6589K, capacity 7320K, committed 7680K, reserved 1056768K
  class space    used 616K, capacity 656K, committed 768K, reserved 1048576K
Event: 29,043 GC heap after
Heap after GC invocations=13 (full 2):
 PSYoungGen      total 690176K, used 83685K [0x000000076ab00000, 0x00000007a4380000, 0x00000007c0000000)
  eden space 567808K, 0% used [0x000000076ab00000,0x000000076ab00000,0x000000078d580000)
  from space 122368K, 68% used [0x000000078d580000,0x0000000792739638,0x0000000794d00000)
  to   space 130048K, 0% used [0x000000079c480000,0x000000079c480000,0x00000007a4380000)
 ParOldGen       total 290816K, used 241626K [0x00000006c0000000, 0x00000006d1c00000, 0x000000076ab00000)
  object space 290816K, 83% used [0x00000006c0000000,0x00000006cebf68f0,0x00000006d1c00000)
 Metaspace       used 6589K, capacity 7320K, committed 7680K, reserved 1056768K
  class space    used 616K, capacity 656K, committed 768K, reserved 1048576K
}
Event: 29,043 GC heap before
{Heap before GC invocations=14 (full 3):
 PSYoungGen      total 690176K, used 83685K [0x000000076ab00000, 0x00000007a4380000, 0x00000007c0000000)
  eden space 567808K, 0% used [0x000000076ab00000,0x000000076ab00000,0x000000078d580000)
  from space 122368K, 68% used [0x000000078d580000,0x0000000792739638,0x0000000794d00000)
  to   space 130048K, 0% used [0x000000079c480000,0x000000079c480000,0x00000007a4380000)
 ParOldGen       total 290816K, used 241626K [0x00000006c0000000, 0x00000006d1c00000, 0x000000076ab00000)
  object space 290816K, 83% used [0x00000006c0000000,0x00000006cebf68f0,0x00000006d1c00000)
 Metaspace       used 6589K, capacity 7320K, committed 7680K, reserved 1056768K
  class space    used 616K, capacity 656K, committed 768K, reserved 1048576K
Event: 32,582 GC heap after
Heap after GC invocations=14 (full 3):
 PSYoungGen      total 690176K, used 28492K [0x000000076ab00000, 0x00000007a4380000, 0x00000007c0000000)
  eden space 567808K, 0% used [0x000000076ab00000,0x000000076ab00000,0x000000078d580000)
  from space 122368K, 23% used [0x000000078d580000,0x000000078f153158,0x0000000794d00000)
  to   space 130048K, 0% used [0x000000079c480000,0x000000079c480000,0x00000007a4380000)
 ParOldGen       total 477184K, used 290657K [0x00000006c0000000, 0x00000006dd200000, 0x000000076ab00000)
  object space 477184K, 60% used [0x00000006c0000000,0x00000006d1bd8768,0x00000006dd200000)
 Metaspace       used 6589K, capacity 7320K, committed 7680K, reserved 1056768K
  class space    used 616K, capacity 656K, committed 768K, reserved 1048576K
}
Event: 37,773 GC heap before
{Heap before GC invocations=15 (full 3):
 PSYoungGen      total 690176K, used 596300K [0x000000076ab00000, 0x00000007a4380000, 0x00000007c0000000)
  eden space 567808K, 100% used [0x000000076ab00000,0x000000078d580000,0x000000078d580000)
  from space 122368K, 23% used [0x000000078d580000,0x000000078f153158,0x0000000794d00000)
  to   space 130048K, 0% used [0x000000079c480000,0x000000079c480000,0x00000007a4380000)
 ParOldGen       total 477184K, used 290657K [0x00000006c0000000, 0x00000006dd200000, 0x000000076ab00000)
  object space 477184K, 60% used [0x00000006c0000000,0x00000006d1bd8768,0x00000006dd200000)
 Metaspace       used 6595K, capacity 7320K, committed 7680K, reserved 1056768K
  class space    used 616K, capacity 656K, committed 768K, reserved 1048576K
Event: 38,206 GC heap after
Heap after GC invocations=15 (full 3):
 PSYoungGen      total 773632K, used 108736K [0x000000076ab00000, 0x00000007a3f00000, 0x00000007c0000000)
  eden space 648192K, 0% used [0x000000076ab00000,0x000000076ab00000,0x0000000792400000)
  from space 125440K, 86% used [0x000000079c480000,0x00000007a2eb03d8,0x00000007a3f00000)
  to   space 144896K, 0% used [0x0000000792400000,0x0000000792400000,0x000000079b180000)
 ParOldGen       total 477184K, used 290657K [0x00000006c0000000, 0x00000006dd200000, 0x000000076ab00000)
  object space 477184K, 60% used [0x00000006c0000000,0x00000006d1bd8768,0x00000006dd200000)
 Metaspace       used 6595K, capacity 7320K, committed 7680K, reserved 1056768K
  class space    used 616K, capacity 656K, committed 768K, reserved 1048576K
}
Event: 42,293 GC heap before
{Heap before GC invocations=16 (full 3):
 PSYoungGen      total 773632K, used 756928K [0x000000076ab00000, 0x00000007a3f00000, 0x00000007c0000000)
  eden space 648192K, 100% used [0x000000076ab00000,0x0000000792400000,0x0000000792400000)
  from space 125440K, 86% used [0x000000079c480000,0x00000007a2eb03d8,0x00000007a3f00000)
  to   space 144896K, 0% used [0x0000000792400000,0x0000000792400000,0x000000079b180000)
 ParOldGen       total 477184K, used 290657K [0x00000006c0000000, 0x00000006dd200000, 0x000000076ab00000)
  object space 477184K, 60% used [0x00000006c0000000,0x00000006d1bd8768,0x00000006dd200000)
 Metaspace       used 6599K, capacity 7320K, committed 7680K, reserved 1056768K
  class space    used 616K, capacity 656K, committed 768K, reserved 1048576K
Event: 42,826 GC heap after
Heap after GC invocations=16 (full 3):
 PSYoungGen      total 793088K, used 144875K [0x000000076ab00000, 0x00000007afe00000, 0x00000007c0000000)
  eden space 648192K, 0% used [0x000000076ab00000,0x000000076ab00000,0x0000000792400000)
  from space 144896K, 99% used [0x0000000792400000,0x000000079b17acb8,0x000000079b180000)
  to   space 192000K, 0% used [0x00000007a4280000,0x00000007a4280000,0x00000007afe00000)
 ParOldGen       total 477184K, used 350783K [0x00000006c0000000, 0x00000006dd200000, 0x000000076ab00000)
  object space 477184K, 73% used [0x00000006c0000000,0x00000006d568ff90,0x00000006dd200000)
 Metaspace       used 6599K, capacity 7320K, committed 7680K, reserved 1056768K
  class space    used 616K, capacity 656K, committed 768K, reserved 1048576K
}

