# JRE version: OpenJDK Runtime Environment (7.0_95) (build 1.7.0_95-b00)
# Java VM: OpenJDK 64-Bit Server VM (24.95-b01 mixed mode linux-amd64 compressed oops)
Heap
 PSYoungGen      total 205824K, used 50392K [0x00000000eaa80000, 0x0000000100000000, 0x0000000100000000)
  eden space 140800K, 7% used [0x00000000eaa80000,0x00000000eb4e25b0,0x00000000f3400000)
  from space 65024K, 61% used [0x00000000fc080000,0x00000000fe753c10,0x0000000100000000)
  to   space 104448K, 0% used [0x00000000f3400000,0x00000000f3400000,0x00000000f9a00000)
 ParOldGen       total 294400K, used 167941K [0x00000000c0000000, 0x00000000d1f80000, 0x00000000eaa80000)
  object space 294400K, 57% used [0x00000000c0000000,0x00000000ca401660,0x00000000d1f80000)
 PSPermGen       total 21504K, used 6364K [0x00000000b5a00000, 0x00000000b6f00000, 0x00000000c0000000)
  object space 21504K, 29% used [0x00000000b5a00000,0x00000000b60370f0,0x00000000b6f00000)
GC Heap History (10 events):
Event: 15,572 GC heap before
{Heap before GC invocations=8 (full 1):
 PSYoungGen      total 281088K, used 31733K [0x00000000eaa80000, 0x0000000100000000, 0x0000000100000000)
  eden space 249344K, 0% used [0x00000000eaa80000,0x00000000eaa80000,0x00000000f9e00000)
  from space 31744K, 99% used [0x00000000f9e00000,0x00000000fbcfd498,0x00000000fbd00000)
  to   space 52736K, 0% used [0x00000000fcc80000,0x00000000fcc80000,0x0000000100000000)
 ParOldGen       total 83968K, used 81396K [0x00000000c0000000, 0x00000000c5200000, 0x00000000eaa80000)
  object space 83968K, 96% used [0x00000000c0000000,0x00000000c4f7d170,0x00000000c5200000)
 PSPermGen       total 21504K, used 6320K [0x00000000b5a00000, 0x00000000b6f00000, 0x00000000c0000000)
  object space 21504K, 29% used [0x00000000b5a00000,0x00000000b602c230,0x00000000b6f00000)
Event: 16,759 GC heap after
Heap after GC invocations=8 (full 1):
 PSYoungGen      total 281088K, used 23483K [0x00000000eaa80000, 0x0000000100000000, 0x0000000100000000)
  eden space 249344K, 0% used [0x00000000eaa80000,0x00000000eaa80000,0x00000000f9e00000)
  from space 31744K, 73% used [0x00000000f9e00000,0x00000000fb4eec28,0x00000000fbd00000)
  to   space 52736K, 0% used [0x00000000fcc80000,0x00000000fcc80000,0x0000000100000000)
 ParOldGen       total 168448K, used 83760K [0x00000000c0000000, 0x00000000ca480000, 0x00000000eaa80000)
  object space 168448K, 49% used [0x00000000c0000000,0x00000000c51cc158,0x00000000ca480000)
 PSPermGen       total 21504K, used 6315K [0x00000000b5a00000, 0x00000000b6f00000, 0x00000000c0000000)
  object space 21504K, 29% used [0x00000000b5a00000,0x00000000b602ad80,0x00000000b6f00000)
}
Event: 19,381 GC heap before
{Heap before GC invocations=9 (full 1):
 PSYoungGen      total 281088K, used 272827K [0x00000000eaa80000, 0x0000000100000000, 0x0000000100000000)
  eden space 249344K, 100% used [0x00000000eaa80000,0x00000000f9e00000,0x00000000f9e00000)
  from space 31744K, 73% used [0x00000000f9e00000,0x00000000fb4eec28,0x00000000fbd00000)
  to   space 52736K, 0% used [0x00000000fcc80000,0x00000000fcc80000,0x0000000100000000)
 ParOldGen       total 168448K, used 83760K [0x00000000c0000000, 0x00000000ca480000, 0x00000000eaa80000)
  object space 168448K, 49% used [0x00000000c0000000,0x00000000c51cc158,0x00000000ca480000)
 PSPermGen       total 21504K, used 6331K [0x00000000b5a00000, 0x00000000b6f00000, 0x00000000c0000000)
  object space 21504K, 29% used [0x00000000b5a00000,0x00000000b602edd8,0x00000000b6f00000)
Event: 19,598 GC heap after
Heap after GC invocations=9 (full 1):
 PSYoungGen      total 272384K, used 52706K [0x00000000eaa80000, 0x0000000100000000, 0x0000000100000000)
  eden space 219648K, 0% used [0x00000000eaa80000,0x00000000eaa80000,0x00000000f8100000)
  from space 52736K, 99% used [0x00000000fcc80000,0x00000000ffff8878,0x0000000100000000)
  to   space 65024K, 0% used [0x00000000f8100000,0x00000000f8100000,0x00000000fc080000)
 ParOldGen       total 168448K, used 90423K [0x00000000c0000000, 0x00000000ca480000, 0x00000000eaa80000)
  object space 168448K, 53% used [0x00000000c0000000,0x00000000c584dd28,0x00000000ca480000)
 PSPermGen       total 21504K, used 6331K [0x00000000b5a00000, 0x00000000b6f00000, 0x00000000c0000000)
  object space 21504K, 29% used [0x00000000b5a00000,0x00000000b602edd8,0x00000000b6f00000)
}
Event: 20,604 GC heap before
{Heap before GC invocations=10 (full 1):
 PSYoungGen      total 272384K, used 272354K [0x00000000eaa80000, 0x0000000100000000, 0x0000000100000000)
  eden space 219648K, 100% used [0x00000000eaa80000,0x00000000f8100000,0x00000000f8100000)
  from space 52736K, 99% used [0x00000000fcc80000,0x00000000ffff8878,0x0000000100000000)
  to   space 65024K, 0% used [0x00000000f8100000,0x00000000f8100000,0x00000000fc080000)
 ParOldGen       total 168448K, used 90423K [0x00000000c0000000, 0x00000000ca480000, 0x00000000eaa80000)
  object space 168448K, 53% used [0x00000000c0000000,0x00000000c584dd28,0x00000000ca480000)
 PSPermGen       total 21504K, used 6349K [0x00000000b5a00000, 0x00000000b6f00000, 0x00000000c0000000)
  object space 21504K, 29% used [0x00000000b5a00000,0x00000000b60337f8,0x00000000b6f00000)
Event: 20,769 GC heap after
Heap after GC invocations=10 (full 1):
 PSYoungGen      total 284672K, used 65010K [0x00000000eaa80000, 0x0000000100000000, 0x0000000100000000)
  eden space 219648K, 0% used [0x00000000eaa80000,0x00000000eaa80000,0x00000000f8100000)
  from space 65024K, 99% used [0x00000000f8100000,0x00000000fc07ca28,0x00000000fc080000)
  to   space 65024K, 0% used [0x00000000fc080000,0x00000000fc080000,0x0000000100000000)
 ParOldGen       total 168448K, used 112704K [0x00000000c0000000, 0x00000000ca480000, 0x00000000eaa80000)
  object space 168448K, 66% used [0x00000000c0000000,0x00000000c6e100d0,0x00000000ca480000)
 PSPermGen       total 21504K, used 6349K [0x00000000b5a00000, 0x00000000b6f00000, 0x00000000c0000000)
  object space 21504K, 29% used [0x00000000b5a00000,0x00000000b60337f8,0x00000000b6f00000)
}
Event: 21,840 GC heap before
{Heap before GC invocations=11 (full 1):
 PSYoungGen      total 284672K, used 284658K [0x00000000eaa80000, 0x0000000100000000, 0x0000000100000000)
  eden space 219648K, 100% used [0x00000000eaa80000,0x00000000f8100000,0x00000000f8100000)
  from space 65024K, 99% used [0x00000000f8100000,0x00000000fc07ca28,0x00000000fc080000)
  to   space 65024K, 0% used [0x00000000fc080000,0x00000000fc080000,0x0000000100000000)
 ParOldGen       total 168448K, used 112704K [0x00000000c0000000, 0x00000000ca480000, 0x00000000eaa80000)
  object space 168448K, 66% used [0x00000000c0000000,0x00000000c6e100d0,0x00000000ca480000)
 PSPermGen       total 21504K, used 6360K [0x00000000b5a00000, 0x00000000b6f00000, 0x00000000c0000000)
  object space 21504K, 29% used [0x00000000b5a00000,0x00000000b6036120,0x00000000b6f00000)
Event: 22,096 GC heap after
Heap after GC invocations=11 (full 1):
 PSYoungGen      total 205824K, used 65012K [0x00000000eaa80000, 0x0000000100000000, 0x0000000100000000)
  eden space 140800K, 0% used [0x00000000eaa80000,0x00000000eaa80000,0x00000000f3400000)
  from space 65024K, 99% used [0x00000000fc080000,0x00000000ffffd2b8,0x0000000100000000)
  to   space 104448K, 0% used [0x00000000f3400000,0x00000000f3400000,0x00000000f9a00000)
 ParOldGen       total 168448K, used 148316K [0x00000000c0000000, 0x00000000ca480000, 0x00000000eaa80000)
  object space 168448K, 88% used [0x00000000c0000000,0x00000000c90d70d0,0x00000000ca480000)
 PSPermGen       total 21504K, used 6360K [0x00000000b5a00000, 0x00000000b6f00000, 0x00000000c0000000)
  object space 21504K, 29% used [0x00000000b5a00000,0x00000000b6036120,0x00000000b6f00000)
}
Event: 22,096 GC heap before
{Heap before GC invocations=12 (full 2):
 PSYoungGen      total 205824K, used 65012K [0x00000000eaa80000, 0x0000000100000000, 0x0000000100000000)
  eden space 140800K, 0% used [0x00000000eaa80000,0x00000000eaa80000,0x00000000f3400000)
  from space 65024K, 99% used [0x00000000fc080000,0x00000000ffffd2b8,0x0000000100000000)
  to   space 104448K, 0% used [0x00000000f3400000,0x00000000f3400000,0x00000000f9a00000)
 ParOldGen       total 168448K, used 148316K [0x00000000c0000000, 0x00000000ca480000, 0x00000000eaa80000)
  object space 168448K, 88% used [0x00000000c0000000,0x00000000c90d70d0,0x00000000ca480000)
 PSPermGen       total 21504K, used 6360K [0x00000000b5a00000, 0x00000000b6f00000, 0x00000000c0000000)
  object space 21504K, 29% used [0x00000000b5a00000,0x00000000b6036120,0x00000000b6f00000)
Event: 23,734 GC heap after
Heap after GC invocations=12 (full 2):
 PSYoungGen      total 205824K, used 39759K [0x00000000eaa80000, 0x0000000100000000, 0x0000000100000000)
  eden space 140800K, 0% used [0x00000000eaa80000,0x00000000eaa80000,0x00000000f3400000)
  from space 65024K, 61% used [0x00000000fc080000,0x00000000fe753c10,0x0000000100000000)
  to   space 104448K, 0% used [0x00000000f3400000,0x00000000f3400000,0x00000000f9a00000)
 ParOldGen       total 294400K, used 167941K [0x00000000c0000000, 0x00000000d1f80000, 0x00000000eaa80000)
  object space 294400K, 57% used [0x00000000c0000000,0x00000000ca401660,0x00000000d1f80000)
 PSPermGen       total 21504K, used 6359K [0x00000000b5a00000, 0x00000000b6f00000, 0x00000000c0000000)
  object space 21504K, 29% used [0x00000000b5a00000,0x00000000b6035da0,0x00000000b6f00000)
}

