# JRE version: Java(TM) SE Runtime Environment (8.0_92-b14) (build 1.8.0_92-b14)
# Java VM: Java HotSpot(TM) 64-Bit Server VM (25.92-b14 mixed mode linux-amd64 compressed oops)
Heap:
 PSYoungGen      total 545792K, used 540262K [0x000000076ab00000, 0x0000000798d00000, 0x00000007c0000000)
  eden space 480768K, 98% used [0x000000076ab00000,0x0000000787b1fc00,0x0000000788080000)
  from space 65024K, 99% used [0x0000000788080000,0x000000078bff9ce8,0x000000078c000000)
  to   space 88064K, 0% used [0x0000000793700000,0x0000000793700000,0x0000000798d00000)
 ParOldGen       total 165376K, used 111521K [0x00000006c0000000, 0x00000006ca180000, 0x000000076ab00000)
  object space 165376K, 67% used [0x00000006c0000000,0x00000006c6ce8410,0x00000006ca180000)
 Metaspace       used 6578K, capacity 7320K, committed 7680K, reserved 1056768K
  class space    used 616K, capacity 656K, committed 768K, reserved 1048576K
GC Heap History (10 events):
Event: 5,787 GC heap before
{Heap before GC invocations=6 (full 0):
 PSYoungGen      total 132096K, used 132076K [0x000000076ab00000, 0x000000077d400000, 0x00000007c0000000)
  eden space 126976K, 100% used [0x000000076ab00000,0x0000000772700000,0x0000000772700000)
  from space 5120K, 99% used [0x0000000772700000,0x0000000772bfb250,0x0000000772c00000)
  to   space 25088K, 0% used [0x000000077bb80000,0x000000077bb80000,0x000000077d400000)
 ParOldGen       total 84992K, used 30464K [0x00000006c0000000, 0x00000006c5300000, 0x000000076ab00000)
  object space 84992K, 35% used [0x00000006c0000000,0x00000006c1dc01f0,0x00000006c5300000)
 Metaspace       used 6330K, capacity 7192K, committed 7424K, reserved 1056768K
  class space    used 615K, capacity 656K, committed 768K, reserved 1048576K
Event: 5,886 GC heap after
Heap after GC invocations=6 (full 0):
 PSYoungGen      total 274432K, used 22618K [0x000000076ab00000, 0x000000077dd00000, 0x00000007c0000000)
  eden space 249344K, 0% used [0x000000076ab00000,0x000000076ab00000,0x0000000779e80000)
  from space 25088K, 90% used [0x000000077bb80000,0x000000077d196ae8,0x000000077d400000)
  to   space 29696K, 0% used [0x0000000779e80000,0x0000000779e80000,0x000000077bb80000)
 ParOldGen       total 84992K, used 30472K [0x00000006c0000000, 0x00000006c5300000, 0x000000076ab00000)
  object space 84992K, 35% used [0x00000006c0000000,0x00000006c1dc21f0,0x00000006c5300000)
 Metaspace       used 6330K, capacity 7192K, committed 7424K, reserved 1056768K
  class space    used 615K, capacity 656K, committed 768K, reserved 1048576K
}
Event: 9,481 GC heap before
{Heap before GC invocations=7 (full 0):
 PSYoungGen      total 274432K, used 271962K [0x000000076ab00000, 0x000000077dd00000, 0x00000007c0000000)
  eden space 249344K, 100% used [0x000000076ab00000,0x0000000779e80000,0x0000000779e80000)
  from space 25088K, 90% used [0x000000077bb80000,0x000000077d196ae8,0x000000077d400000)
  to   space 29696K, 0% used [0x0000000779e80000,0x0000000779e80000,0x000000077bb80000)
 ParOldGen       total 84992K, used 30472K [0x00000006c0000000, 0x00000006c5300000, 0x000000076ab00000)
  object space 84992K, 35% used [0x00000006c0000000,0x00000006c1dc21f0,0x00000006c5300000)
 Metaspace       used 6415K, capacity 7256K, committed 7424K, reserved 1056768K
  class space    used 615K, capacity 656K, committed 768K, reserved 1048576K
Event: 9,803 GC heap after
Heap after GC invocations=7 (full 0):
 PSYoungGen      total 279040K, used 29685K [0x000000076ab00000, 0x000000078ee00000, 0x00000007c0000000)
  eden space 249344K, 0% used [0x000000076ab00000,0x000000076ab00000,0x0000000779e80000)
  from space 29696K, 99% used [0x0000000779e80000,0x000000077bb7d5e0,0x000000077bb80000)
  to   space 47104K, 0% used [0x000000078c000000,0x000000078c000000,0x000000078ee00000)
 ParOldGen       total 84992K, used 51749K [0x00000006c0000000, 0x00000006c5300000, 0x000000076ab00000)
  object space 84992K, 60% used [0x00000006c0000000,0x00000006c3289508,0x00000006c5300000)
 Metaspace       used 6415K, capacity 7256K, committed 7424K, reserved 1056768K
  class space    used 615K, capacity 656K, committed 768K, reserved 1048576K
}
Event: 12,592 GC heap before
{Heap before GC invocations=8 (full 0):
 PSYoungGen      total 279040K, used 279029K [0x000000076ab00000, 0x000000078ee00000, 0x00000007c0000000)
  eden space 249344K, 100% used [0x000000076ab00000,0x0000000779e80000,0x0000000779e80000)
  from space 29696K, 99% used [0x0000000779e80000,0x000000077bb7d5e0,0x000000077bb80000)
  to   space 47104K, 0% used [0x000000078c000000,0x000000078c000000,0x000000078ee00000)
 ParOldGen       total 84992K, used 51749K [0x00000006c0000000, 0x00000006c5300000, 0x000000076ab00000)
  object space 84992K, 60% used [0x00000006c0000000,0x00000006c3289508,0x00000006c5300000)
 Metaspace       used 6497K, capacity 7256K, committed 7424K, reserved 1056768K
  class space    used 616K, capacity 656K, committed 768K, reserved 1048576K
Event: 12,831 GC heap after
Heap after GC invocations=8 (full 0):
 PSYoungGen      total 527872K, used 47100K [0x000000076ab00000, 0x0000000791100000, 0x00000007c0000000)
  eden space 480768K, 0% used [0x000000076ab00000,0x000000076ab00000,0x0000000788080000)
  from space 47104K, 99% used [0x000000078c000000,0x000000078edff240,0x000000078ee00000)
  to   space 65024K, 0% used [0x0000000788080000,0x0000000788080000,0x000000078c000000)
 ParOldGen       total 84992K, used 72130K [0x00000006c0000000, 0x00000006c5300000, 0x000000076ab00000)
  object space 84992K, 84% used [0x00000006c0000000,0x00000006c4670908,0x00000006c5300000)
 Metaspace       used 6497K, capacity 7256K, committed 7424K, reserved 1056768K
  class space    used 616K, capacity 656K, committed 768K, reserved 1048576K
}
Event: 12,831 GC heap before
{Heap before GC invocations=9 (full 1):
 PSYoungGen      total 527872K, used 47100K [0x000000076ab00000, 0x0000000791100000, 0x00000007c0000000)
  eden space 480768K, 0% used [0x000000076ab00000,0x000000076ab00000,0x0000000788080000)
  from space 47104K, 99% used [0x000000078c000000,0x000000078edff240,0x000000078ee00000)
  to   space 65024K, 0% used [0x0000000788080000,0x0000000788080000,0x000000078c000000)
 ParOldGen       total 84992K, used 72130K [0x00000006c0000000, 0x00000006c5300000, 0x000000076ab00000)
  object space 84992K, 84% used [0x00000006c0000000,0x00000006c4670908,0x00000006c5300000)
 Metaspace       used 6497K, capacity 7256K, committed 7424K, reserved 1056768K
  class space    used 616K, capacity 656K, committed 768K, reserved 1048576K
Event: 14,741 GC heap after
Heap after GC invocations=9 (full 1):
 PSYoungGen      total 527872K, used 30615K [0x000000076ab00000, 0x0000000791100000, 0x00000007c0000000)
  eden space 480768K, 0% used [0x000000076ab00000,0x000000076ab00000,0x0000000788080000)
  from space 47104K, 64% used [0x000000078c000000,0x000000078dde5e80,0x000000078ee00000)
  to   space 65024K, 0% used [0x0000000788080000,0x0000000788080000,0x000000078c000000)
 ParOldGen       total 165376K, used 84814K [0x00000006c0000000, 0x00000006ca180000, 0x000000076ab00000)
  object space 165376K, 51% used [0x00000006c0000000,0x00000006c52d3b38,0x00000006ca180000)
 Metaspace       used 6497K, capacity 7256K, committed 7424K, reserved 1056768K
  class space    used 616K, capacity 656K, committed 768K, reserved 1048576K
}
Event: 18,077 GC heap before
{Heap before GC invocations=10 (full 1):
 PSYoungGen      total 527872K, used 511383K [0x000000076ab00000, 0x0000000791100000, 0x00000007c0000000)
  eden space 480768K, 100% used [0x000000076ab00000,0x0000000788080000,0x0000000788080000)
  from space 47104K, 64% used [0x000000078c000000,0x000000078dde5e80,0x000000078ee00000)
  to   space 65024K, 0% used [0x0000000788080000,0x0000000788080000,0x000000078c000000)
 ParOldGen       total 165376K, used 84814K [0x00000006c0000000, 0x00000006ca180000, 0x000000076ab00000)
  object space 165376K, 51% used [0x00000006c0000000,0x00000006c52d3b38,0x00000006ca180000)
 Metaspace       used 6545K, capacity 7320K, committed 7680K, reserved 1056768K
  class space    used 616K, capacity 656K, committed 768K, reserved 1048576K
Event: 18,398 GC heap after
Heap after GC invocations=10 (full 1):
 PSYoungGen      total 545792K, used 64999K [0x000000076ab00000, 0x0000000798d00000, 0x00000007c0000000)
  eden space 480768K, 0% used [0x000000076ab00000,0x000000076ab00000,0x0000000788080000)
  from space 65024K, 99% used [0x0000000788080000,0x000000078bff9ce8,0x000000078c000000)
  to   space 88064K, 0% used [0x0000000793700000,0x0000000793700000,0x0000000798d00000)
 ParOldGen       total 165376K, used 111521K [0x00000006c0000000, 0x00000006ca180000, 0x000000076ab00000)
  object space 165376K, 67% used [0x00000006c0000000,0x00000006c6ce8410,0x00000006ca180000)
 Metaspace       used 6545K, capacity 7320K, committed 7680K, reserved 1056768K
  class space    used 616K, capacity 656K, committed 768K, reserved 1048576K
}

