# JRE version: OpenJDK Runtime Environment (7.0_95) (build 1.7.0_95-b00)
# Java VM: OpenJDK 64-Bit Server VM (24.95-b01 mixed mode linux-amd64 compressed oops)
Heap
 PSYoungGen      total 233472K, used 32378K [0x00000000eaa80000, 0x0000000100000000, 0x0000000100000000)
  eden space 117248K, 1% used [0x00000000eaa80000,0x00000000eac58970,0x00000000f1d00000)
  from space 116224K, 26% used [0x00000000f8e80000,0x00000000fac46200,0x0000000100000000)
  to   space 116224K, 0% used [0x00000000f1d00000,0x00000000f1d00000,0x00000000f8e80000)
 ParOldGen       total 456192K, used 314389K [0x00000000c0000000, 0x00000000dbd80000, 0x00000000eaa80000)
  object space 456192K, 68% used [0x00000000c0000000,0x00000000d3305550,0x00000000dbd80000)
 PSPermGen       total 21504K, used 6396K [0x00000000b5a00000, 0x00000000b6f00000, 0x00000000c0000000)
  object space 21504K, 29% used [0x00000000b5a00000,0x00000000b603f238,0x00000000b6f00000)
GC Heap History (10 events):
Event: 35,428 GC heap after
Heap after GC invocations=14 (full 2):
 PSYoungGen      total 259072K, used 53995K [0x00000000eaa80000, 0x00000000fff80000, 0x0000000100000000)
  eden space 173056K, 0% used [0x00000000eaa80000,0x00000000eaa80000,0x00000000f5380000)
  from space 86016K, 62% used [0x00000000fab80000,0x00000000fe03af80,0x00000000fff80000)
  to   space 88064K, 0% used [0x00000000f5380000,0x00000000f5380000,0x00000000fa980000)
 ParOldGen       total 293888K, used 203757K [0x00000000c0000000, 0x00000000d1f00000, 0x00000000eaa80000)
  object space 293888K, 69% used [0x00000000c0000000,0x00000000cc6fb4c8,0x00000000d1f00000)
 PSPermGen       total 21504K, used 6379K [0x00000000b5a00000, 0x00000000b6f00000, 0x00000000c0000000)
  object space 21504K, 29% used [0x00000000b5a00000,0x00000000b603af10,0x00000000b6f00000)
}
Event: 37,085 GC heap before
{Heap before GC invocations=15 (full 2):
 PSYoungGen      total 259072K, used 227051K [0x00000000eaa80000, 0x00000000fff80000, 0x0000000100000000)
  eden space 173056K, 100% used [0x00000000eaa80000,0x00000000f5380000,0x00000000f5380000)
  from space 86016K, 62% used [0x00000000fab80000,0x00000000fe03af80,0x00000000fff80000)
  to   space 88064K, 0% used [0x00000000f5380000,0x00000000f5380000,0x00000000fa980000)
 ParOldGen       total 293888K, used 203757K [0x00000000c0000000, 0x00000000d1f00000, 0x00000000eaa80000)
  object space 293888K, 69% used [0x00000000c0000000,0x00000000cc6fb4c8,0x00000000d1f00000)
 PSPermGen       total 21504K, used 6387K [0x00000000b5a00000, 0x00000000b6f00000, 0x00000000c0000000)
  object space 21504K, 29% used [0x00000000b5a00000,0x00000000b603ce08,0x00000000b6f00000)
Event: 37,464 GC heap after
Heap after GC invocations=15 (full 2):
 PSYoungGen      total 256512K, used 82954K [0x00000000eaa80000, 0x0000000100000000, 0x0000000100000000)
  eden space 173056K, 0% used [0x00000000eaa80000,0x00000000eaa80000,0x00000000f5380000)
  from space 83456K, 99% used [0x00000000f5380000,0x00000000fa482bc0,0x00000000fa500000)
  to   space 93184K, 0% used [0x00000000fa500000,0x00000000fa500000,0x0000000100000000)
 ParOldGen       total 293888K, used 203757K [0x00000000c0000000, 0x00000000d1f00000, 0x00000000eaa80000)
  object space 293888K, 69% used [0x00000000c0000000,0x00000000cc6fb4c8,0x00000000d1f00000)
 PSPermGen       total 21504K, used 6387K [0x00000000b5a00000, 0x00000000b6f00000, 0x00000000c0000000)
  object space 21504K, 29% used [0x00000000b5a00000,0x00000000b603ce08,0x00000000b6f00000)
}
Event: 39,116 GC heap before
{Heap before GC invocations=16 (full 2):
 PSYoungGen      total 256512K, used 256010K [0x00000000eaa80000, 0x0000000100000000, 0x0000000100000000)
  eden space 173056K, 100% used [0x00000000eaa80000,0x00000000f5380000,0x00000000f5380000)
  from space 83456K, 99% used [0x00000000f5380000,0x00000000fa482bc0,0x00000000fa500000)
  to   space 93184K, 0% used [0x00000000fa500000,0x00000000fa500000,0x0000000100000000)
 ParOldGen       total 293888K, used 203757K [0x00000000c0000000, 0x00000000d1f00000, 0x00000000eaa80000)
  object space 293888K, 69% used [0x00000000c0000000,0x00000000cc6fb4c8,0x00000000d1f00000)
 PSPermGen       total 21504K, used 6388K [0x00000000b5a00000, 0x00000000b6f00000, 0x00000000c0000000)
  object space 21504K, 29% used [0x00000000b5a00000,0x00000000b603d2b0,0x00000000b6f00000)
Event: 39,536 GC heap after
Heap after GC invocations=16 (full 2):
 PSYoungGen      total 210432K, used 93172K [0x00000000eaa80000, 0x0000000100000000, 0x0000000100000000)
  eden space 117248K, 0% used [0x00000000eaa80000,0x00000000eaa80000,0x00000000f1d00000)
  from space 93184K, 99% used [0x00000000fa500000,0x00000000ffffd3e8,0x0000000100000000)
  to   space 116224K, 0% used [0x00000000f1d00000,0x00000000f1d00000,0x00000000f8e80000)
 ParOldGen       total 293888K, used 221194K [0x00000000c0000000, 0x00000000d1f00000, 0x00000000eaa80000)
  object space 293888K, 75% used [0x00000000c0000000,0x00000000cd8028f8,0x00000000d1f00000)
 PSPermGen       total 21504K, used 6388K [0x00000000b5a00000, 0x00000000b6f00000, 0x00000000c0000000)
  object space 21504K, 29% used [0x00000000b5a00000,0x00000000b603d2b0,0x00000000b6f00000)
}
Event: 40,457 GC heap before
{Heap before GC invocations=17 (full 2):
 PSYoungGen      total 210432K, used 210420K [0x00000000eaa80000, 0x0000000100000000, 0x0000000100000000)
  eden space 117248K, 100% used [0x00000000eaa80000,0x00000000f1d00000,0x00000000f1d00000)
  from space 93184K, 99% used [0x00000000fa500000,0x00000000ffffd3e8,0x0000000100000000)
  to   space 116224K, 0% used [0x00000000f1d00000,0x00000000f1d00000,0x00000000f8e80000)
 ParOldGen       total 293888K, used 221194K [0x00000000c0000000, 0x00000000d1f00000, 0x00000000eaa80000)
  object space 293888K, 75% used [0x00000000c0000000,0x00000000cd8028f8,0x00000000d1f00000)
 PSPermGen       total 21504K, used 6389K [0x00000000b5a00000, 0x00000000b6f00000, 0x00000000c0000000)
  object space 21504K, 29% used [0x00000000b5a00000,0x00000000b603d618,0x00000000b6f00000)
Event: 40,861 GC heap after
Heap after GC invocations=17 (full 2):
 PSYoungGen      total 233472K, used 72108K [0x00000000eaa80000, 0x0000000100000000, 0x0000000100000000)
  eden space 117248K, 0% used [0x00000000eaa80000,0x00000000eaa80000,0x00000000f1d00000)
  from space 116224K, 62% used [0x00000000f1d00000,0x00000000f636b0a0,0x00000000f8e80000)
  to   space 116224K, 0% used [0x00000000f8e80000,0x00000000f8e80000,0x0000000100000000)
 ParOldGen       total 293888K, used 258296K [0x00000000c0000000, 0x00000000d1f00000, 0x00000000eaa80000)
  object space 293888K, 87% used [0x00000000c0000000,0x00000000cfc3e1f8,0x00000000d1f00000)
 PSPermGen       total 21504K, used 6389K [0x00000000b5a00000, 0x00000000b6f00000, 0x00000000c0000000)
  object space 21504K, 29% used [0x00000000b5a00000,0x00000000b603d618,0x00000000b6f00000)
}
Event: 40,861 GC heap before
{Heap before GC invocations=18 (full 3):
 PSYoungGen      total 233472K, used 72108K [0x00000000eaa80000, 0x0000000100000000, 0x0000000100000000)
  eden space 117248K, 0% used [0x00000000eaa80000,0x00000000eaa80000,0x00000000f1d00000)
  from space 116224K, 62% used [0x00000000f1d00000,0x00000000f636b0a0,0x00000000f8e80000)
  to   space 116224K, 0% used [0x00000000f8e80000,0x00000000f8e80000,0x0000000100000000)
 ParOldGen       total 293888K, used 258296K [0x00000000c0000000, 0x00000000d1f00000, 0x00000000eaa80000)
  object space 293888K, 87% used [0x00000000c0000000,0x00000000cfc3e1f8,0x00000000d1f00000)
 PSPermGen       total 21504K, used 6389K [0x00000000b5a00000, 0x00000000b6f00000, 0x00000000c0000000)
  object space 21504K, 29% used [0x00000000b5a00000,0x00000000b603d618,0x00000000b6f00000)
Event: 46,487 GC heap after
Heap after GC invocations=18 (full 3):
 PSYoungGen      total 233472K, used 31974K [0x00000000eaa80000, 0x0000000100000000, 0x0000000100000000)
  eden space 117248K, 0% used [0x00000000eaa80000,0x00000000eaa80000,0x00000000f1d00000)
  from space 116224K, 27% used [0x00000000f1d00000,0x00000000f3c399a8,0x00000000f8e80000)
  to   space 116224K, 0% used [0x00000000f8e80000,0x00000000f8e80000,0x0000000100000000)
 ParOldGen       total 456192K, used 293665K [0x00000000c0000000, 0x00000000dbd80000, 0x00000000eaa80000)
  object space 456192K, 64% used [0x00000000c0000000,0x00000000d1ec8460,0x00000000dbd80000)
 PSPermGen       total 21504K, used 6389K [0x00000000b5a00000, 0x00000000b6f00000, 0x00000000c0000000)
  object space 21504K, 29% used [0x00000000b5a00000,0x00000000b603d478,0x00000000b6f00000)
}
Event: 47,444 GC heap before
{Heap before GC invocations=19 (full 3):
 PSYoungGen      total 233472K, used 149222K [0x00000000eaa80000, 0x0000000100000000, 0x0000000100000000)
  eden space 117248K, 100% used [0x00000000eaa80000,0x00000000f1d00000,0x00000000f1d00000)
  from space 116224K, 27% used [0x00000000f1d00000,0x00000000f3c399a8,0x00000000f8e80000)
  to   space 116224K, 0% used [0x00000000f8e80000,0x00000000f8e80000,0x0000000100000000)
 ParOldGen       total 456192K, used 293665K [0x00000000c0000000, 0x00000000dbd80000, 0x00000000eaa80000)
  object space 456192K, 64% used [0x00000000c0000000,0x00000000d1ec8460,0x00000000dbd80000)
 PSPermGen       total 21504K, used 6396K [0x00000000b5a00000, 0x00000000b6f00000, 0x00000000c0000000)
  object space 21504K, 29% used [0x00000000b5a00000,0x00000000b603f238,0x00000000b6f00000)

