# JRE version: OpenJDK Runtime Environment (7.0_85-b01) (build 1.7.0_85-b01)
# Java VM: OpenJDK 64-Bit Server VM (24.85-b03 mixed mode linux-amd64 compressed oops)
Heap
 PSYoungGen      total 233472K, used 135657K [0x00000000eaa80000, 0x0000000100000000, 0x0000000100000000)
  eden space 117248K, 100% used [0x00000000eaa80000,0x00000000f1d00000,0x00000000f1d00000)
  from space 116224K, 15% used [0x00000000f8e80000,0x00000000fa07a428,0x0000000100000000)
  to   space 116224K, 0% used [0x00000000f1d00000,0x00000000f1d00000,0x00000000f8e80000)
 ParOldGen       total 676352K, used 492882K [0x00000000c0000000, 0x00000000e9480000, 0x00000000eaa80000)
  object space 676352K, 72% used [0x00000000c0000000,0x00000000de154ab8,0x00000000e9480000)
 PSPermGen       total 21504K, used 6439K [0x00000000b5a00000, 0x00000000b6f00000, 0x00000000c0000000)
  object space 21504K, 29% used [0x00000000b5a00000,0x00000000b6049f68,0x00000000b6f00000)
GC Heap History (10 events):
Event: 31,928 GC heap before
{Heap before GC invocations=26 (full 3):
 PSYoungGen      total 233472K, used 198040K [0x00000000eaa80000, 0x0000000100000000, 0x0000000100000000)
  eden space 117248K, 100% used [0x00000000eaa80000,0x00000000f1d00000,0x00000000f1d00000)
  from space 116224K, 69% used [0x00000000f8e80000,0x00000000fdd66118,0x0000000100000000)
  to   space 116224K, 0% used [0x00000000f1d00000,0x00000000f1d00000,0x00000000f8e80000)
 ParOldGen       total 465920K, used 362068K [0x00000000c0000000, 0x00000000dc700000, 0x00000000eaa80000)
  object space 465920K, 77% used [0x00000000c0000000,0x00000000d6195368,0x00000000dc700000)
 PSPermGen       total 21504K, used 6437K [0x00000000b5a00000, 0x00000000b6f00000, 0x00000000c0000000)
  object space 21504K, 29% used [0x00000000b5a00000,0x00000000b6049428,0x00000000b6f00000)
Event: 32,081 GC heap after
Heap after GC invocations=26 (full 3):
 PSYoungGen      total 233472K, used 58162K [0x00000000eaa80000, 0x0000000100000000, 0x0000000100000000)
  eden space 117248K, 0% used [0x00000000eaa80000,0x00000000eaa80000,0x00000000f1d00000)
  from space 116224K, 50% used [0x00000000f1d00000,0x00000000f55ccb90,0x00000000f8e80000)
  to   space 116224K, 0% used [0x00000000f8e80000,0x00000000f8e80000,0x0000000100000000)
 ParOldGen       total 465920K, used 401826K [0x00000000c0000000, 0x00000000dc700000, 0x00000000eaa80000)
  object space 465920K, 86% used [0x00000000c0000000,0x00000000d8868b38,0x00000000dc700000)
 PSPermGen       total 21504K, used 6437K [0x00000000b5a00000, 0x00000000b6f00000, 0x00000000c0000000)
  object space 21504K, 29% used [0x00000000b5a00000,0x00000000b6049428,0x00000000b6f00000)
}
Event: 32,289 GC heap before
{Heap before GC invocations=27 (full 3):
 PSYoungGen      total 233472K, used 175410K [0x00000000eaa80000, 0x0000000100000000, 0x0000000100000000)
  eden space 117248K, 100% used [0x00000000eaa80000,0x00000000f1d00000,0x00000000f1d00000)
  from space 116224K, 50% used [0x00000000f1d00000,0x00000000f55ccb90,0x00000000f8e80000)
  to   space 116224K, 0% used [0x00000000f8e80000,0x00000000f8e80000,0x0000000100000000)
 ParOldGen       total 465920K, used 401826K [0x00000000c0000000, 0x00000000dc700000, 0x00000000eaa80000)
  object space 465920K, 86% used [0x00000000c0000000,0x00000000d8868b38,0x00000000dc700000)
 PSPermGen       total 21504K, used 6437K [0x00000000b5a00000, 0x00000000b6f00000, 0x00000000c0000000)
  object space 21504K, 29% used [0x00000000b5a00000,0x00000000b6049428,0x00000000b6f00000)
Event: 32,413 GC heap after
Heap after GC invocations=27 (full 3):
 PSYoungGen      total 233472K, used 34989K [0x00000000eaa80000, 0x0000000100000000, 0x0000000100000000)
  eden space 117248K, 0% used [0x00000000eaa80000,0x00000000eaa80000,0x00000000f1d00000)
  from space 116224K, 30% used [0x00000000f8e80000,0x00000000fb0ab548,0x0000000100000000)
  to   space 116224K, 0% used [0x00000000f1d00000,0x00000000f1d00000,0x00000000f8e80000)
 ParOldGen       total 465920K, used 442303K [0x00000000c0000000, 0x00000000dc700000, 0x00000000eaa80000)
  object space 465920K, 94% used [0x00000000c0000000,0x00000000dafefeb8,0x00000000dc700000)
 PSPermGen       total 21504K, used 6437K [0x00000000b5a00000, 0x00000000b6f00000, 0x00000000c0000000)
  object space 21504K, 29% used [0x00000000b5a00000,0x00000000b6049428,0x00000000b6f00000)
}
Event: 32,413 GC heap before
{Heap before GC invocations=28 (full 4):
 PSYoungGen      total 233472K, used 34989K [0x00000000eaa80000, 0x0000000100000000, 0x0000000100000000)
  eden space 117248K, 0% used [0x00000000eaa80000,0x00000000eaa80000,0x00000000f1d00000)
  from space 116224K, 30% used [0x00000000f8e80000,0x00000000fb0ab548,0x0000000100000000)
  to   space 116224K, 0% used [0x00000000f1d00000,0x00000000f1d00000,0x00000000f8e80000)
 ParOldGen       total 465920K, used 442303K [0x00000000c0000000, 0x00000000dc700000, 0x00000000eaa80000)
  object space 465920K, 94% used [0x00000000c0000000,0x00000000dafefeb8,0x00000000dc700000)
 PSPermGen       total 21504K, used 6437K [0x00000000b5a00000, 0x00000000b6f00000, 0x00000000c0000000)
  object space 21504K, 29% used [0x00000000b5a00000,0x00000000b6049428,0x00000000b6f00000)
Event: 35,464 GC heap after
Heap after GC invocations=28 (full 4):
 PSYoungGen      total 233472K, used 9695K [0x00000000eaa80000, 0x0000000100000000, 0x0000000100000000)
  eden space 117248K, 0% used [0x00000000eaa80000,0x00000000eaa80000,0x00000000f1d00000)
  from space 116224K, 8% used [0x00000000f8e80000,0x00000000f97f7dd8,0x0000000100000000)
  to   space 116224K, 0% used [0x00000000f1d00000,0x00000000f1d00000,0x00000000f8e80000)
 ParOldGen       total 676352K, used 465468K [0x00000000c0000000, 0x00000000e9480000, 0x00000000eaa80000)
  object space 676352K, 68% used [0x00000000c0000000,0x00000000dc68f178,0x00000000e9480000)
 PSPermGen       total 21504K, used 6436K [0x00000000b5a00000, 0x00000000b6f00000, 0x00000000c0000000)
  object space 21504K, 29% used [0x00000000b5a00000,0x00000000b60493a8,0x00000000b6f00000)
}
Event: 35,709 GC heap before
{Heap before GC invocations=29 (full 4):
 PSYoungGen      total 233472K, used 126943K [0x00000000eaa80000, 0x0000000100000000, 0x0000000100000000)
  eden space 117248K, 100% used [0x00000000eaa80000,0x00000000f1d00000,0x00000000f1d00000)
  from space 116224K, 8% used [0x00000000f8e80000,0x00000000f97f7dd8,0x0000000100000000)
  to   space 116224K, 0% used [0x00000000f1d00000,0x00000000f1d00000,0x00000000f8e80000)
 ParOldGen       total 676352K, used 465468K [0x00000000c0000000, 0x00000000e9480000, 0x00000000eaa80000)
  object space 676352K, 68% used [0x00000000c0000000,0x00000000dc68f178,0x00000000e9480000)
 PSPermGen       total 21504K, used 6439K [0x00000000b5a00000, 0x00000000b6f00000, 0x00000000c0000000)
  object space 21504K, 29% used [0x00000000b5a00000,0x00000000b6049e50,0x00000000b6f00000)
Event: 35,963 GC heap after
Heap after GC invocations=29 (full 4):
 PSYoungGen      total 233472K, used 19456K [0x00000000eaa80000, 0x0000000100000000, 0x0000000100000000)
  eden space 117248K, 0% used [0x00000000eaa80000,0x00000000eaa80000,0x00000000f1d00000)
  from space 116224K, 16% used [0x00000000f1d00000,0x00000000f3000000,0x00000000f8e80000)
  to   space 116224K, 0% used [0x00000000f8e80000,0x00000000f8e80000,0x0000000100000000)
 ParOldGen       total 676352K, used 474564K [0x00000000c0000000, 0x00000000e9480000, 0x00000000eaa80000)
  object space 676352K, 70% used [0x00000000c0000000,0x00000000dcf71180,0x00000000e9480000)
 PSPermGen       total 21504K, used 6439K [0x00000000b5a00000, 0x00000000b6f00000, 0x00000000c0000000)
  object space 21504K, 29% used [0x00000000b5a00000,0x00000000b6049e50,0x00000000b6f00000)
}
Event: 36,203 GC heap before
{Heap before GC invocations=30 (full 4):
 PSYoungGen      total 233472K, used 136704K [0x00000000eaa80000, 0x0000000100000000, 0x0000000100000000)
  eden space 117248K, 100% used [0x00000000eaa80000,0x00000000f1d00000,0x00000000f1d00000)
  from space 116224K, 16% used [0x00000000f1d00000,0x00000000f3000000,0x00000000f8e80000)
  to   space 116224K, 0% used [0x00000000f8e80000,0x00000000f8e80000,0x0000000100000000)
 ParOldGen       total 676352K, used 474564K [0x00000000c0000000, 0x00000000e9480000, 0x00000000eaa80000)
  object space 676352K, 70% used [0x00000000c0000000,0x00000000dcf71180,0x00000000e9480000)
 PSPermGen       total 21504K, used 6439K [0x00000000b5a00000, 0x00000000b6f00000, 0x00000000c0000000)
  object space 21504K, 29% used [0x00000000b5a00000,0x00000000b6049f48,0x00000000b6f00000)
Event: 36,269 GC heap after
Heap after GC invocations=30 (full 4):
 PSYoungGen      total 233472K, used 18409K [0x00000000eaa80000, 0x0000000100000000, 0x0000000100000000)
  eden space 117248K, 0% used [0x00000000eaa80000,0x00000000eaa80000,0x00000000f1d00000)
  from space 116224K, 15% used [0x00000000f8e80000,0x00000000fa07a428,0x0000000100000000)
  to   space 116224K, 0% used [0x00000000f1d00000,0x00000000f1d00000,0x00000000f8e80000)
 ParOldGen       total 676352K, used 492882K [0x00000000c0000000, 0x00000000e9480000, 0x00000000eaa80000)
  object space 676352K, 72% used [0x00000000c0000000,0x00000000de154ab8,0x00000000e9480000)
 PSPermGen       total 21504K, used 6439K [0x00000000b5a00000, 0x00000000b6f00000, 0x00000000c0000000)
  object space 21504K, 29% used [0x00000000b5a00000,0x00000000b6049f48,0x00000000b6f00000)
}

