# JRE version: OpenJDK Runtime Environment (7.0_95) (build 1.7.0_95-b00)
# Java VM: OpenJDK 64-Bit Server VM (24.95-b01 mixed mode linux-amd64 compressed oops)
Heap
 PSYoungGen      total 284160K, used 206419K [0x00000000eaa80000, 0x0000000100000000, 0x0000000100000000)
  eden space 218624K, 64% used [0x00000000eaa80000,0x00000000f341baf0,0x00000000f8000000)
  from space 65536K, 99% used [0x00000000f8000000,0x00000000fbff92b8,0x00000000fc000000)
  to   space 65536K, 0% used [0x00000000fc000000,0x00000000fc000000,0x0000000100000000)
 ParOldGen       total 165888K, used 113255K [0x00000000c0000000, 0x00000000ca200000, 0x00000000eaa80000)
  object space 165888K, 68% used [0x00000000c0000000,0x00000000c6e99e70,0x00000000ca200000)
 PSPermGen       total 21504K, used 6345K [0x00000000b5a00000, 0x00000000b6f00000, 0x00000000c0000000)
  object space 21504K, 29% used [0x00000000b5a00000,0x00000000b6032450,0x00000000b6f00000)
GC Heap History (10 events):
Event: 12,162 GC heap before
{Heap before GC invocations=6 (full 0):
 PSYoungGen      total 132096K, used 132072K [0x00000000eaa80000, 0x00000000fd880000, 0x0000000100000000)
  eden space 126976K, 100% used [0x00000000eaa80000,0x00000000f2680000,0x00000000f2680000)
  from space 5120K, 99% used [0x00000000f2680000,0x00000000f2b7a2a8,0x00000000f2b80000)
  to   space 27648K, 0% used [0x00000000fbd80000,0x00000000fbd80000,0x00000000fd880000)
 ParOldGen       total 83968K, used 50797K [0x00000000c0000000, 0x00000000c5200000, 0x00000000eaa80000)
  object space 83968K, 60% used [0x00000000c0000000,0x00000000c319b698,0x00000000c5200000)
 PSPermGen       total 21504K, used 6292K [0x00000000b5a00000, 0x00000000b6f00000, 0x00000000c0000000)
  object space 21504K, 29% used [0x00000000b5a00000,0x00000000b6025108,0x00000000b6f00000)
Event: 12,238 GC heap after
Heap after GC invocations=6 (full 0):
 PSYoungGen      total 276992K, used 26286K [0x00000000eaa80000, 0x00000000fe180000, 0x0000000100000000)
  eden space 249344K, 0% used [0x00000000eaa80000,0x00000000eaa80000,0x00000000f9e00000)
  from space 27648K, 95% used [0x00000000fbd80000,0x00000000fd72b940,0x00000000fd880000)
  to   space 32256K, 0% used [0x00000000f9e00000,0x00000000f9e00000,0x00000000fbd80000)
 ParOldGen       total 83968K, used 50797K [0x00000000c0000000, 0x00000000c5200000, 0x00000000eaa80000)
  object space 83968K, 60% used [0x00000000c0000000,0x00000000c319b698,0x00000000c5200000)
 PSPermGen       total 21504K, used 6292K [0x00000000b5a00000, 0x00000000b6f00000, 0x00000000c0000000)
  object space 21504K, 29% used [0x00000000b5a00000,0x00000000b6025108,0x00000000b6f00000)
}
Event: 14,482 GC heap before
{Heap before GC invocations=7 (full 0):
 PSYoungGen      total 276992K, used 275630K [0x00000000eaa80000, 0x00000000fe180000, 0x0000000100000000)
  eden space 249344K, 100% used [0x00000000eaa80000,0x00000000f9e00000,0x00000000f9e00000)
  from space 27648K, 95% used [0x00000000fbd80000,0x00000000fd72b940,0x00000000fd880000)
  to   space 32256K, 0% used [0x00000000f9e00000,0x00000000f9e00000,0x00000000fbd80000)
 ParOldGen       total 83968K, used 50797K [0x00000000c0000000, 0x00000000c5200000, 0x00000000eaa80000)
  object space 83968K, 60% used [0x00000000c0000000,0x00000000c319b698,0x00000000c5200000)
 PSPermGen       total 21504K, used 6309K [0x00000000b5a00000, 0x00000000b6f00000, 0x00000000c0000000)
  object space 21504K, 29% used [0x00000000b5a00000,0x00000000b6029548,0x00000000b6f00000)
Event: 14,660 GC heap after
Heap after GC invocations=7 (full 0):
 PSYoungGen      total 281600K, used 32228K [0x00000000eaa80000, 0x0000000100000000, 0x0000000100000000)
  eden space 249344K, 0% used [0x00000000eaa80000,0x00000000eaa80000,0x00000000f9e00000)
  from space 32256K, 99% used [0x00000000f9e00000,0x00000000fbd79320,0x00000000fbd80000)
  to   space 52736K, 0% used [0x00000000fcc80000,0x00000000fcc80000,0x0000000100000000)
 ParOldGen       total 83968K, used 81247K [0x00000000c0000000, 0x00000000c5200000, 0x00000000eaa80000)
  object space 83968K, 96% used [0x00000000c0000000,0x00000000c4f57ec8,0x00000000c5200000)
 PSPermGen       total 21504K, used 6309K [0x00000000b5a00000, 0x00000000b6f00000, 0x00000000c0000000)
  object space 21504K, 29% used [0x00000000b5a00000,0x00000000b6029548,0x00000000b6f00000)
}
Event: 14,660 GC heap before
{Heap before GC invocations=8 (full 1):
 PSYoungGen      total 281600K, used 32228K [0x00000000eaa80000, 0x0000000100000000, 0x0000000100000000)
  eden space 249344K, 0% used [0x00000000eaa80000,0x00000000eaa80000,0x00000000f9e00000)
  from space 32256K, 99% used [0x00000000f9e00000,0x00000000fbd79320,0x00000000fbd80000)
  to   space 52736K, 0% used [0x00000000fcc80000,0x00000000fcc80000,0x0000000100000000)
 ParOldGen       total 83968K, used 81247K [0x00000000c0000000, 0x00000000c5200000, 0x00000000eaa80000)
  object space 83968K, 96% used [0x00000000c0000000,0x00000000c4f57ec8,0x00000000c5200000)
 PSPermGen       total 21504K, used 6309K [0x00000000b5a00000, 0x00000000b6f00000, 0x00000000c0000000)
  object space 21504K, 29% used [0x00000000b5a00000,0x00000000b6029548,0x00000000b6f00000)
Event: 15,740 GC heap after
Heap after GC invocations=8 (full 1):
 PSYoungGen      total 281600K, used 23942K [0x00000000eaa80000, 0x0000000100000000, 0x0000000100000000)
  eden space 249344K, 0% used [0x00000000eaa80000,0x00000000eaa80000,0x00000000f9e00000)
  from space 32256K, 74% used [0x00000000f9e00000,0x00000000fb561bf0,0x00000000fbd80000)
  to   space 52736K, 0% used [0x00000000fcc80000,0x00000000fcc80000,0x0000000100000000)
 ParOldGen       total 165888K, used 83707K [0x00000000c0000000, 0x00000000ca200000, 0x00000000eaa80000)
  object space 165888K, 50% used [0x00000000c0000000,0x00000000c51bef88,0x00000000ca200000)
 PSPermGen       total 21504K, used 6303K [0x00000000b5a00000, 0x00000000b6f00000, 0x00000000c0000000)
  object space 21504K, 29% used [0x00000000b5a00000,0x00000000b6027ed8,0x00000000b6f00000)
}
Event: 17,235 GC heap before
{Heap before GC invocations=9 (full 1):
 PSYoungGen      total 281600K, used 273286K [0x00000000eaa80000, 0x0000000100000000, 0x0000000100000000)
  eden space 249344K, 100% used [0x00000000eaa80000,0x00000000f9e00000,0x00000000f9e00000)
  from space 32256K, 74% used [0x00000000f9e00000,0x00000000fb561bf0,0x00000000fbd80000)
  to   space 52736K, 0% used [0x00000000fcc80000,0x00000000fcc80000,0x0000000100000000)
 ParOldGen       total 165888K, used 83707K [0x00000000c0000000, 0x00000000ca200000, 0x00000000eaa80000)
  object space 165888K, 50% used [0x00000000c0000000,0x00000000c51bef88,0x00000000ca200000)
 PSPermGen       total 21504K, used 6323K [0x00000000b5a00000, 0x00000000b6f00000, 0x00000000c0000000)
  object space 21504K, 29% used [0x00000000b5a00000,0x00000000b602ccf8,0x00000000b6f00000)
Event: 17,403 GC heap after
Heap after GC invocations=9 (full 1):
 PSYoungGen      total 271360K, used 52728K [0x00000000eaa80000, 0x0000000100000000, 0x0000000100000000)
  eden space 218624K, 0% used [0x00000000eaa80000,0x00000000eaa80000,0x00000000f8000000)
  from space 52736K, 99% used [0x00000000fcc80000,0x00000000ffffe1d0,0x0000000100000000)
  to   space 65536K, 0% used [0x00000000f8000000,0x00000000f8000000,0x00000000fc000000)
 ParOldGen       total 165888K, used 91885K [0x00000000c0000000, 0x00000000ca200000, 0x00000000eaa80000)
  object space 165888K, 55% used [0x00000000c0000000,0x00000000c59bb700,0x00000000ca200000)
 PSPermGen       total 21504K, used 6323K [0x00000000b5a00000, 0x00000000b6f00000, 0x00000000c0000000)
  object space 21504K, 29% used [0x00000000b5a00000,0x00000000b602ccf8,0x00000000b6f00000)
}
Event: 18,268 GC heap before
{Heap before GC invocations=10 (full 1):
 PSYoungGen      total 271360K, used 271352K [0x00000000eaa80000, 0x0000000100000000, 0x0000000100000000)
  eden space 218624K, 100% used [0x00000000eaa80000,0x00000000f8000000,0x00000000f8000000)
  from space 52736K, 99% used [0x00000000fcc80000,0x00000000ffffe1d0,0x0000000100000000)
  to   space 65536K, 0% used [0x00000000f8000000,0x00000000f8000000,0x00000000fc000000)
 ParOldGen       total 165888K, used 91885K [0x00000000c0000000, 0x00000000ca200000, 0x00000000eaa80000)
  object space 165888K, 55% used [0x00000000c0000000,0x00000000c59bb700,0x00000000ca200000)
 PSPermGen       total 21504K, used 6338K [0x00000000b5a00000, 0x00000000b6f00000, 0x00000000c0000000)
  object space 21504K, 29% used [0x00000000b5a00000,0x00000000b6030b68,0x00000000b6f00000)
Event: 18,422 GC heap after
Heap after GC invocations=10 (full 1):
 PSYoungGen      total 284160K, used 65508K [0x00000000eaa80000, 0x0000000100000000, 0x0000000100000000)
  eden space 218624K, 0% used [0x00000000eaa80000,0x00000000eaa80000,0x00000000f8000000)
  from space 65536K, 99% used [0x00000000f8000000,0x00000000fbff92b8,0x00000000fc000000)
  to   space 65536K, 0% used [0x00000000fc000000,0x00000000fc000000,0x0000000100000000)
 ParOldGen       total 165888K, used 113255K [0x00000000c0000000, 0x00000000ca200000, 0x00000000eaa80000)
  object space 165888K, 68% used [0x00000000c0000000,0x00000000c6e99e70,0x00000000ca200000)
 PSPermGen       total 21504K, used 6338K [0x00000000b5a00000, 0x00000000b6f00000, 0x00000000c0000000)
  object space 21504K, 29% used [0x00000000b5a00000,0x00000000b6030b68,0x00000000b6f00000)
}

