# JRE version: OpenJDK Runtime Environment (7.0_95) (build 1.7.0_95-b00)
# Java VM: OpenJDK 64-Bit Server VM (24.95-b01 mixed mode linux-amd64 compressed oops)
Heap
 PSYoungGen      total 258048K, used 192525K [0x00000000eaa80000, 0x0000000100000000, 0x0000000100000000)
  eden space 166400K, 98% used [0x00000000eaa80000,0x00000000f4b21340,0x00000000f4d00000)
  from space 91648K, 30% used [0x00000000f4d00000,0x00000000f68622a8,0x00000000fa680000)
  to   space 87552K, 0% used [0x00000000faa80000,0x00000000faa80000,0x0000000100000000)
 ParOldGen       total 291840K, used 207523K [0x00000000c0000000, 0x00000000d1d00000, 0x00000000eaa80000)
  object space 291840K, 71% used [0x00000000c0000000,0x00000000ccaa8f90,0x00000000d1d00000)
 PSPermGen       total 21504K, used 6368K [0x00000000b5a00000, 0x00000000b6f00000, 0x00000000c0000000)
  object space 21504K, 29% used [0x00000000b5a00000,0x00000000b6038268,0x00000000b6f00000)
GC Heap History (10 events):
Event: 14,109 GC heap before
{Heap before GC invocations=9 (full 1):
 PSYoungGen      total 282112K, used 275857K [0x00000000eaa80000, 0x0000000100000000, 0x0000000100000000)
  eden space 249856K, 100% used [0x00000000eaa80000,0x00000000f9e80000,0x00000000f9e80000)
  from space 32256K, 80% used [0x00000000f9e80000,0x00000000fb7e4588,0x00000000fbe00000)
  to   space 53248K, 0% used [0x00000000fcc00000,0x00000000fcc00000,0x0000000100000000)
 ParOldGen       total 166912K, used 83477K [0x00000000c0000000, 0x00000000ca300000, 0x00000000eaa80000)
  object space 166912K, 50% used [0x00000000c0000000,0x00000000c5185468,0x00000000ca300000)
 PSPermGen       total 21504K, used 6316K [0x00000000b5a00000, 0x00000000b6f00000, 0x00000000c0000000)
  object space 21504K, 29% used [0x00000000b5a00000,0x00000000b602b0a0,0x00000000b6f00000)
Event: 14,320 GC heap after
Heap after GC invocations=9 (full 1):
 PSYoungGen      total 269824K, used 53219K [0x00000000eaa80000, 0x0000000100000000, 0x0000000100000000)
  eden space 216576K, 0% used [0x00000000eaa80000,0x00000000eaa80000,0x00000000f7e00000)
  from space 53248K, 99% used [0x00000000fcc00000,0x00000000ffff8d48,0x0000000100000000)
  to   space 66560K, 0% used [0x00000000f7e00000,0x00000000f7e00000,0x00000000fbf00000)
 ParOldGen       total 166912K, used 91934K [0x00000000c0000000, 0x00000000ca300000, 0x00000000eaa80000)
  object space 166912K, 55% used [0x00000000c0000000,0x00000000c59c7b78,0x00000000ca300000)
 PSPermGen       total 21504K, used 6316K [0x00000000b5a00000, 0x00000000b6f00000, 0x00000000c0000000)
  object space 21504K, 29% used [0x00000000b5a00000,0x00000000b602b0a0,0x00000000b6f00000)
}
Event: 15,469 GC heap before
{Heap before GC invocations=10 (full 1):
 PSYoungGen      total 269824K, used 269795K [0x00000000eaa80000, 0x0000000100000000, 0x0000000100000000)
  eden space 216576K, 100% used [0x00000000eaa80000,0x00000000f7e00000,0x00000000f7e00000)
  from space 53248K, 99% used [0x00000000fcc00000,0x00000000ffff8d48,0x0000000100000000)
  to   space 66560K, 0% used [0x00000000f7e00000,0x00000000f7e00000,0x00000000fbf00000)
 ParOldGen       total 166912K, used 91934K [0x00000000c0000000, 0x00000000ca300000, 0x00000000eaa80000)
  object space 166912K, 55% used [0x00000000c0000000,0x00000000c59c7b78,0x00000000ca300000)
 PSPermGen       total 21504K, used 6336K [0x00000000b5a00000, 0x00000000b6f00000, 0x00000000c0000000)
  object space 21504K, 29% used [0x00000000b5a00000,0x00000000b6030358,0x00000000b6f00000)
Event: 15,729 GC heap after
Heap after GC invocations=10 (full 1):
 PSYoungGen      total 283136K, used 66528K [0x00000000eaa80000, 0x0000000100000000, 0x0000000100000000)
  eden space 216576K, 0% used [0x00000000eaa80000,0x00000000eaa80000,0x00000000f7e00000)
  from space 66560K, 99% used [0x00000000f7e00000,0x00000000fbef81c8,0x00000000fbf00000)
  to   space 66560K, 0% used [0x00000000fbf00000,0x00000000fbf00000,0x0000000100000000)
 ParOldGen       total 166912K, used 113623K [0x00000000c0000000, 0x00000000ca300000, 0x00000000eaa80000)
  object space 166912K, 68% used [0x00000000c0000000,0x00000000c6ef5c58,0x00000000ca300000)
 PSPermGen       total 21504K, used 6336K [0x00000000b5a00000, 0x00000000b6f00000, 0x00000000c0000000)
  object space 21504K, 29% used [0x00000000b5a00000,0x00000000b6030358,0x00000000b6f00000)
}
Event: 16,737 GC heap before
{Heap before GC invocations=11 (full 1):
 PSYoungGen      total 283136K, used 283104K [0x00000000eaa80000, 0x0000000100000000, 0x0000000100000000)
  eden space 216576K, 100% used [0x00000000eaa80000,0x00000000f7e00000,0x00000000f7e00000)
  from space 66560K, 99% used [0x00000000f7e00000,0x00000000fbef81c8,0x00000000fbf00000)
  to   space 66560K, 0% used [0x00000000fbf00000,0x00000000fbf00000,0x0000000100000000)
 ParOldGen       total 166912K, used 113623K [0x00000000c0000000, 0x00000000ca300000, 0x00000000eaa80000)
  object space 166912K, 68% used [0x00000000c0000000,0x00000000c6ef5c58,0x00000000ca300000)
 PSPermGen       total 21504K, used 6346K [0x00000000b5a00000, 0x00000000b6f00000, 0x00000000c0000000)
  object space 21504K, 29% used [0x00000000b5a00000,0x00000000b6032bb0,0x00000000b6f00000)
Event: 16,908 GC heap after
Heap after GC invocations=11 (full 1):
 PSYoungGen      total 232960K, used 61853K [0x00000000eaa80000, 0x0000000100000000, 0x0000000100000000)
  eden space 166400K, 0% used [0x00000000eaa80000,0x00000000eaa80000,0x00000000f4d00000)
  from space 66560K, 92% used [0x00000000fbf00000,0x00000000ffb67708,0x0000000100000000)
  to   space 91648K, 0% used [0x00000000f4d00000,0x00000000f4d00000,0x00000000fa680000)
 ParOldGen       total 166912K, used 153529K [0x00000000c0000000, 0x00000000ca300000, 0x00000000eaa80000)
  object space 166912K, 91% used [0x00000000c0000000,0x00000000c95ee590,0x00000000ca300000)
 PSPermGen       total 21504K, used 6346K [0x00000000b5a00000, 0x00000000b6f00000, 0x00000000c0000000)
  object space 21504K, 29% used [0x00000000b5a00000,0x00000000b6032bb0,0x00000000b6f00000)
}
Event: 16,908 GC heap before
{Heap before GC invocations=12 (full 2):
 PSYoungGen      total 232960K, used 61853K [0x00000000eaa80000, 0x0000000100000000, 0x0000000100000000)
  eden space 166400K, 0% used [0x00000000eaa80000,0x00000000eaa80000,0x00000000f4d00000)
  from space 66560K, 92% used [0x00000000fbf00000,0x00000000ffb67708,0x0000000100000000)
  to   space 91648K, 0% used [0x00000000f4d00000,0x00000000f4d00000,0x00000000fa680000)
 ParOldGen       total 166912K, used 153529K [0x00000000c0000000, 0x00000000ca300000, 0x00000000eaa80000)
  object space 166912K, 91% used [0x00000000c0000000,0x00000000c95ee590,0x00000000ca300000)
 PSPermGen       total 21504K, used 6346K [0x00000000b5a00000, 0x00000000b6f00000, 0x00000000c0000000)
  object space 21504K, 29% used [0x00000000b5a00000,0x00000000b6032bb0,0x00000000b6f00000)
Event: 18,234 GC heap after
Heap after GC invocations=12 (full 2):
 PSYoungGen      total 232960K, used 42113K [0x00000000eaa80000, 0x0000000100000000, 0x0000000100000000)
  eden space 166400K, 0% used [0x00000000eaa80000,0x00000000eaa80000,0x00000000f4d00000)
  from space 66560K, 63% used [0x00000000fbf00000,0x00000000fe820530,0x0000000100000000)
  to   space 91648K, 0% used [0x00000000f4d00000,0x00000000f4d00000,0x00000000fa680000)
 ParOldGen       total 291840K, used 166519K [0x00000000c0000000, 0x00000000d1d00000, 0x00000000eaa80000)
  object space 291840K, 57% used [0x00000000c0000000,0x00000000ca29dff8,0x00000000d1d00000)
 PSPermGen       total 21504K, used 6346K [0x00000000b5a00000, 0x00000000b6f00000, 0x00000000c0000000)
  object space 21504K, 29% used [0x00000000b5a00000,0x00000000b6032970,0x00000000b6f00000)
}
Event: 18,991 GC heap before
{Heap before GC invocations=13 (full 2):
 PSYoungGen      total 232960K, used 208513K [0x00000000eaa80000, 0x0000000100000000, 0x0000000100000000)
  eden space 166400K, 100% used [0x00000000eaa80000,0x00000000f4d00000,0x00000000f4d00000)
  from space 66560K, 63% used [0x00000000fbf00000,0x00000000fe820530,0x0000000100000000)
  to   space 91648K, 0% used [0x00000000f4d00000,0x00000000f4d00000,0x00000000fa680000)
 ParOldGen       total 291840K, used 166519K [0x00000000c0000000, 0x00000000d1d00000, 0x00000000eaa80000)
  object space 291840K, 57% used [0x00000000c0000000,0x00000000ca29dff8,0x00000000d1d00000)
 PSPermGen       total 21504K, used 6365K [0x00000000b5a00000, 0x00000000b6f00000, 0x00000000c0000000)
  object space 21504K, 29% used [0x00000000b5a00000,0x00000000b6037450,0x00000000b6f00000)
Event: 19,170 GC heap after
Heap after GC invocations=13 (full 2):
 PSYoungGen      total 258048K, used 28040K [0x00000000eaa80000, 0x0000000100000000, 0x0000000100000000)
  eden space 166400K, 0% used [0x00000000eaa80000,0x00000000eaa80000,0x00000000f4d00000)
  from space 91648K, 30% used [0x00000000f4d00000,0x00000000f68622a8,0x00000000fa680000)
  to   space 87552K, 0% used [0x00000000faa80000,0x00000000faa80000,0x0000000100000000)
 ParOldGen       total 291840K, used 207523K [0x00000000c0000000, 0x00000000d1d00000, 0x00000000eaa80000)
  object space 291840K, 71% used [0x00000000c0000000,0x00000000ccaa8f90,0x00000000d1d00000)
 PSPermGen       total 21504K, used 6365K [0x00000000b5a00000, 0x00000000b6f00000, 0x00000000c0000000)
  object space 21504K, 29% used [0x00000000b5a00000,0x00000000b6037450,0x00000000b6f00000)
}

